DC-Build-Header: cmocka 1.1.1-1 / 2017-08-20 19:14:18 +0000
DC-Task: type:rebuild-binarch-only source:cmocka version:1.1.1-1 chroot:unstable esttime:32 logfile:/tmp/cmocka_1.1.1-1_unstable_clang5.0.log modes:clang50:binarch-only
DC-Sbuild-call: su user42 -c 'sbuild -n --arch-any --apt-update -d unstable -v  --chroot-setup-commands=/tmp/clang50 cmocka_1.1.1-1'
sbuild (Debian sbuild) 0.73.0 (23 Dec 2016) on ip-172-31-39-209.eu-central-1.compute.internal

+==============================================================================+
| cmocka 1.1.1-1 (amd64)                       Sun, 20 Aug 2017 19:14:18 +0000 |
+==============================================================================+

Package: cmocka
Version: 1.1.1-1
Source Version: 1.1.1-1
Distribution: unstable
Machine Architecture: amd64
Host Architecture: amd64
Build Architecture: amd64
Build Type: any

I: NOTICE: Log filtering will replace 'var/run/schroot/mount/unstable-amd64-sbuild-23407ad3-2144-4e36-b725-638fa3244241' with '<<CHROOT>>'

+------------------------------------------------------------------------------+
| Chroot Setup Commands                                                        |
+------------------------------------------------------------------------------+


/tmp/clang50
------------

+ echo 'Entering customization script...'
Entering customization script...
+ CLANG_VERSION=5.0
+ echo 'Install of clang-5.0'
Install of clang-5.0
+ apt-get update
Hit:1 http://127.0.0.1:9999/debian unstable InRelease
Get:2 http://127.0.0.1:9999/debian unstable/main Translation-en [5785 kB]
Fetched 5785 kB in 1s (3964 kB/s)
Reading package lists...
+ apt-get install --yes --no-install-recommends --force-yes clang-5.0
Reading package lists...
Building dependency tree...
Reading state information...
The following additional packages will be installed:
  libasan3 libbsd0 libclang-common-5.0-dev libclang1-5.0 libedit2 libgcc-6-dev
  libjsoncpp1 libllvm5.0 libncurses5 libobjc-6-dev libobjc4 libstdc++-6-dev
Suggested packages:
  gnustep gnustep-devel clang-5.0-doc libomp-dev libstdc++-6-doc
Recommended packages:
  llvm-5.0-dev python libgpm2
The following NEW packages will be installed:
  clang-5.0 libasan3 libbsd0 libclang-common-5.0-dev libclang1-5.0 libedit2
  libgcc-6-dev libjsoncpp1 libllvm5.0 libncurses5 libobjc-6-dev libobjc4
  libstdc++-6-dev
0 upgraded, 13 newly installed, 0 to remove and 0 not upgraded.
Need to get 88.4 MB of archives.
After this operation, 376 MB of additional disk space will be used.
Get:1 http://127.0.0.1:9999/debian unstable/main amd64 libbsd0 amd64 0.8.6-1 [90.3 kB]
Get:2 http://127.0.0.1:9999/debian unstable/main amd64 libncurses5 amd64 6.0+20170715-2 [93.8 kB]
Get:3 http://127.0.0.1:9999/debian unstable/main amd64 libedit2 amd64 3.1-20170329-1 [85.2 kB]
Get:4 http://127.0.0.1:9999/debian unstable/main amd64 libllvm5.0 amd64 1:5.0~+rc2-1 [13.5 MB]
Get:5 http://127.0.0.1:9999/debian unstable/main amd64 libclang1-5.0 amd64 1:5.0~+rc2-1 [6729 kB]
Get:6 http://127.0.0.1:9999/debian unstable/main amd64 libjsoncpp1 amd64 1.7.4-3 [75.6 kB]
Get:7 http://127.0.0.1:9999/debian unstable/main amd64 libasan3 amd64 6.4.0-3 [311 kB]
Get:8 http://127.0.0.1:9999/debian unstable/main amd64 libgcc-6-dev amd64 6.4.0-3 [2296 kB]
Get:9 http://127.0.0.1:9999/debian unstable/main amd64 libstdc++-6-dev amd64 6.4.0-3 [1421 kB]
Get:10 http://127.0.0.1:9999/debian unstable/main amd64 libobjc4 amd64 7.2.0-1 [51.0 kB]
Get:11 http://127.0.0.1:9999/debian unstable/main amd64 libobjc-6-dev amd64 6.4.0-3 [197 kB]
Get:12 http://127.0.0.1:9999/debian unstable/main amd64 libclang-common-5.0-dev amd64 1:5.0~+rc2-1 [1989 kB]
Get:13 http://127.0.0.1:9999/debian unstable/main amd64 clang-5.0 amd64 1:5.0~+rc2-1 [61.6 MB]
debconf: delaying package configuration, since apt-utils is not installed
Fetched 88.4 MB in 0s (94.7 MB/s)
Selecting previously unselected package libbsd0:amd64.
(Reading database ... (Reading database ... 5%(Reading database ... 10%(Reading database ... 15%(Reading database ... 20%(Reading database ... 25%(Reading database ... 30%(Reading database ... 35%(Reading database ... 40%(Reading database ... 45%(Reading database ... 50%(Reading database ... 55%(Reading database ... 60%(Reading database ... 65%(Reading database ... 70%(Reading database ... 75%(Reading database ... 80%(Reading database ... 85%(Reading database ... 90%(Reading database ... 95%(Reading database ... 100%(Reading database ... 9822 files and directories currently installed.)
Preparing to unpack .../00-libbsd0_0.8.6-1_amd64.deb ...
Unpacking libbsd0:amd64 (0.8.6-1) ...
Selecting previously unselected package libncurses5:amd64.
Preparing to unpack .../01-libncurses5_6.0+20170715-2_amd64.deb ...
Unpacking libncurses5:amd64 (6.0+20170715-2) ...
Selecting previously unselected package libedit2:amd64.
Preparing to unpack .../02-libedit2_3.1-20170329-1_amd64.deb ...
Unpacking libedit2:amd64 (3.1-20170329-1) ...
Selecting previously unselected package libllvm5.0:amd64.
Preparing to unpack .../03-libllvm5.0_1%3a5.0~+rc2-1_amd64.deb ...
Unpacking libllvm5.0:amd64 (1:5.0~+rc2-1) ...
Selecting previously unselected package libclang1-5.0:amd64.
Preparing to unpack .../04-libclang1-5.0_1%3a5.0~+rc2-1_amd64.deb ...
Unpacking libclang1-5.0:amd64 (1:5.0~+rc2-1) ...
Selecting previously unselected package libjsoncpp1:amd64.
Preparing to unpack .../05-libjsoncpp1_1.7.4-3_amd64.deb ...
Unpacking libjsoncpp1:amd64 (1.7.4-3) ...
Selecting previously unselected package libasan3:amd64.
Preparing to unpack .../06-libasan3_6.4.0-3_amd64.deb ...
Unpacking libasan3:amd64 (6.4.0-3) ...
Selecting previously unselected package libgcc-6-dev:amd64.
Preparing to unpack .../07-libgcc-6-dev_6.4.0-3_amd64.deb ...
Unpacking libgcc-6-dev:amd64 (6.4.0-3) ...
Selecting previously unselected package libstdc++-6-dev:amd64.
Preparing to unpack .../08-libstdc++-6-dev_6.4.0-3_amd64.deb ...
Unpacking libstdc++-6-dev:amd64 (6.4.0-3) ...
Selecting previously unselected package libobjc4:amd64.
Preparing to unpack .../09-libobjc4_7.2.0-1_amd64.deb ...
Unpacking libobjc4:amd64 (7.2.0-1) ...
Selecting previously unselected package libobjc-6-dev:amd64.
Preparing to unpack .../10-libobjc-6-dev_6.4.0-3_amd64.deb ...
Unpacking libobjc-6-dev:amd64 (6.4.0-3) ...
Selecting previously unselected package libclang-common-5.0-dev.
Preparing to unpack .../11-libclang-common-5.0-dev_1%3a5.0~+rc2-1_amd64.deb ...
Unpacking libclang-common-5.0-dev (1:5.0~+rc2-1) ...
Selecting previously unselected package clang-5.0.
Preparing to unpack .../12-clang-5.0_1%3a5.0~+rc2-1_amd64.deb ...
Unpacking clang-5.0 (1:5.0~+rc2-1) ...
Setting up libncurses5:amd64 (6.0+20170715-2) ...
Setting up libobjc4:amd64 (7.2.0-1) ...
Setting up libasan3:amd64 (6.4.0-3) ...
Setting up libgcc-6-dev:amd64 (6.4.0-3) ...
Setting up libstdc++-6-dev:amd64 (6.4.0-3) ...
Setting up libbsd0:amd64 (0.8.6-1) ...
Processing triggers for libc-bin (2.24-14) ...
Setting up libobjc-6-dev:amd64 (6.4.0-3) ...
Setting up libjsoncpp1:amd64 (1.7.4-3) ...
Setting up libedit2:amd64 (3.1-20170329-1) ...
Setting up libllvm5.0:amd64 (1:5.0~+rc2-1) ...
Setting up libclang1-5.0:amd64 (1:5.0~+rc2-1) ...
Setting up libclang-common-5.0-dev (1:5.0~+rc2-1) ...
Setting up clang-5.0 (1:5.0~+rc2-1) ...
Processing triggers for libc-bin (2.24-14) ...
W: --force-yes is deprecated, use one of the options starting with --allow instead.
+ echo 'Replace gcc, g++ & cpp by clang'
Replace gcc, g++ & cpp by clang
+ VERSIONS='4.6 4.7 4.8 4.9 5 6 7'
+ cd /usr/bin
+ for VERSION in $VERSIONS
+ rm -f g++-4.6 gcc-4.6 cpp-4.6 gcc
+ ln -s clang++-5.0 g++-4.6
+ ln -s clang-5.0 gcc-4.6
+ ln -s clang-5.0 cpp-4.6
+ ln -s clang-5.0 gcc
+ echo 'gcc-4.6 hold'
+ dpkg --set-selections
dpkg: warning: package not in status nor available database at line 1: gcc-4.6
dpkg: warning: found unknown packages; this might mean the available database
is outdated, and needs to be updated through a frontend method;
please see the FAQ <https://wiki.debian.org/Teams/Dpkg/FAQ>
+ echo 'g++-4.6 hold'
+ dpkg --set-selections
dpkg: warning: package not in status nor available database at line 1: g++-4.6
dpkg: warning: found unknown packages; this might mean the available database
is outdated, and needs to be updated through a frontend method;
please see the FAQ <https://wiki.debian.org/Teams/Dpkg/FAQ>
+ for VERSION in $VERSIONS
+ rm -f g++-4.7 gcc-4.7 cpp-4.7 gcc
+ ln -s clang++-5.0 g++-4.7
+ ln -s clang-5.0 gcc-4.7
+ ln -s clang-5.0 cpp-4.7
+ ln -s clang-5.0 gcc
+ echo 'gcc-4.7 hold'
+ dpkg --set-selections
dpkg: warning: package not in status nor available database at line 1: gcc-4.7
dpkg: warning: found unknown packages; this might mean the available database
is outdated, and needs to be updated through a frontend method;
please see the FAQ <https://wiki.debian.org/Teams/Dpkg/FAQ>
+ echo 'g++-4.7 hold'
+ dpkg --set-selections
dpkg: warning: package not in status nor available database at line 1: g++-4.7
dpkg: warning: found unknown packages; this might mean the available database
is outdated, and needs to be updated through a frontend method;
please see the FAQ <https://wiki.debian.org/Teams/Dpkg/FAQ>
+ for VERSION in $VERSIONS
+ rm -f g++-4.8 gcc-4.8 cpp-4.8 gcc
+ ln -s clang++-5.0 g++-4.8
+ ln -s clang-5.0 gcc-4.8
+ ln -s clang-5.0 cpp-4.8
+ ln -s clang-5.0 gcc
+ echo 'gcc-4.8 hold'
+ dpkg --set-selections
dpkg: warning: package not in status nor available database at line 1: gcc-4.8
dpkg: warning: found unknown packages; this might mean the available database
is outdated, and needs to be updated through a frontend method;
please see the FAQ <https://wiki.debian.org/Teams/Dpkg/FAQ>
+ echo 'g++-4.8 hold'
+ dpkg --set-selections
dpkg: warning: package not in status nor available database at line 1: g++-4.8
dpkg: warning: found unknown packages; this might mean the available database
is outdated, and needs to be updated through a frontend method;
please see the FAQ <https://wiki.debian.org/Teams/Dpkg/FAQ>
+ for VERSION in $VERSIONS
+ rm -f g++-4.9 gcc-4.9 cpp-4.9 gcc
+ ln -s clang++-5.0 g++-4.9
+ ln -s clang-5.0 gcc-4.9
+ ln -s clang-5.0 cpp-4.9
+ ln -s clang-5.0 gcc
+ echo 'gcc-4.9 hold'
+ dpkg --set-selections
dpkg: warning: package not in status nor available database at line 1: gcc-4.9
dpkg: warning: found unknown packages; this might mean the available database
is outdated, and needs to be updated through a frontend method;
please see the FAQ <https://wiki.debian.org/Teams/Dpkg/FAQ>
+ echo 'g++-4.9 hold'
+ dpkg --set-selections
dpkg: warning: package not in status nor available database at line 1: g++-4.9
dpkg: warning: found unknown packages; this might mean the available database
is outdated, and needs to be updated through a frontend method;
please see the FAQ <https://wiki.debian.org/Teams/Dpkg/FAQ>
+ for VERSION in $VERSIONS
+ rm -f g++-5 gcc-5 cpp-5 gcc
+ ln -s clang++-5.0 g++-5
+ ln -s clang-5.0 gcc-5
+ ln -s clang-5.0 cpp-5
+ ln -s clang-5.0 gcc
+ echo 'gcc-5 hold'
+ dpkg --set-selections
+ echo 'g++-5 hold'
+ dpkg --set-selections
+ for VERSION in $VERSIONS
+ rm -f g++-6 gcc-6 cpp-6 gcc
+ ln -s clang++-5.0 g++-6
+ ln -s clang-5.0 gcc-6
+ ln -s clang-5.0 cpp-6
+ ln -s clang-5.0 gcc
+ echo 'gcc-6 hold'
+ dpkg --set-selections
dpkg: warning: package not in status nor available database at line 1: gcc-6
dpkg: warning: found unknown packages; this might mean the available database
is outdated, and needs to be updated through a frontend method;
please see the FAQ <https://wiki.debian.org/Teams/Dpkg/FAQ>
+ echo 'g++-6 hold'
+ dpkg --set-selections
dpkg: warning: package not in status nor available database at line 1: g++-6
dpkg: warning: found unknown packages; this might mean the available database
is outdated, and needs to be updated through a frontend method;
please see the FAQ <https://wiki.debian.org/Teams/Dpkg/FAQ>
+ for VERSION in $VERSIONS
+ rm -f g++-7 gcc-7 cpp-7 gcc
+ ln -s clang++-5.0 g++-7
+ ln -s clang-5.0 gcc-7
+ ln -s clang-5.0 cpp-7
+ ln -s clang-5.0 gcc
+ echo 'gcc-7 hold'
+ dpkg --set-selections
+ echo 'g++-7 hold'
+ dpkg --set-selections
+ cd -
/build/cmocka-ee7dp2
+ echo 'Check if gcc, g++ & cpp are actually clang'
Check if gcc, g++ & cpp are actually clang
+ gcc --version
+ grep clang
+ cpp --version
+ grep clang
+ g++ --version
+ grep clang

I: Finished running '/tmp/clang50'.

Finished processing commands.
--------------------------------------------------------------------------------

+------------------------------------------------------------------------------+
| Update chroot                                                                |
+------------------------------------------------------------------------------+

Hit:1 http://127.0.0.1:9999/debian unstable InRelease
Reading package lists...
Reading package lists...
Building dependency tree...
Reading state information...
Calculating upgrade...
0 upgraded, 0 newly installed, 0 to remove and 0 not upgraded.

+------------------------------------------------------------------------------+
| Fetch source files                                                           |
+------------------------------------------------------------------------------+


Check APT
---------

Checking available source versions...

Download source files with APT
------------------------------

Reading package lists...
NOTICE: 'cmocka' packaging is maintained in the 'Git' version control system at:
https://anonscm.debian.org/git/collab-maint/cmocka.git
Please use:
git clone https://anonscm.debian.org/git/collab-maint/cmocka.git
to retrieve the latest (possibly unreleased) updates to the package.
Need to get 95.4 kB of source archives.
Get:1 http://127.0.0.1:9999/debian unstable/main cmocka 1.1.1-1 (dsc) [2022 B]
Get:2 http://127.0.0.1:9999/debian unstable/main cmocka 1.1.1-1 (tar) [85.6 kB]
Get:3 http://127.0.0.1:9999/debian unstable/main cmocka 1.1.1-1 (diff) [7684 B]
Fetched 95.4 kB in 0s (514 kB/s)
Download complete and in download only mode
I: NOTICE: Log filtering will replace 'build/cmocka-ee7dp2/cmocka-1.1.1' with '<<PKGBUILDDIR>>'
I: NOTICE: Log filtering will replace 'build/cmocka-ee7dp2' with '<<BUILDDIR>>'

+------------------------------------------------------------------------------+
| Install build-essential                                                      |
+------------------------------------------------------------------------------+


Setup apt archive
-----------------

Merged Build-Depends: build-essential, fakeroot
Filtered Build-Depends: build-essential, fakeroot
dpkg-deb: building package 'sbuild-build-depends-core-dummy' in '/<<BUILDDIR>>/resolver-09lulo/apt_archive/sbuild-build-depends-core-dummy.deb'.
dpkg-scanpackages: warning: Packages in archive but missing from override file:
dpkg-scanpackages: warning:   sbuild-build-depends-core-dummy
dpkg-scanpackages: info: Wrote 1 entries to output Packages file.
Ign:1 copy:/<<BUILDDIR>>/resolver-09lulo/apt_archive ./ InRelease
Get:2 copy:/<<BUILDDIR>>/resolver-09lulo/apt_archive ./ Release [957 B]
Ign:3 copy:/<<BUILDDIR>>/resolver-09lulo/apt_archive ./ Release.gpg
Get:4 copy:/<<BUILDDIR>>/resolver-09lulo/apt_archive ./ Sources [349 B]
Get:5 copy:/<<BUILDDIR>>/resolver-09lulo/apt_archive ./ Packages [433 B]
Fetched 1739 B in 0s (0 B/s)
Reading package lists...
Reading package lists...

Install core build dependencies (apt-based resolver)
----------------------------------------------------

Installing build dependencies
Reading package lists...
Building dependency tree...
Reading state information...
The following NEW packages will be installed:
  sbuild-build-depends-core-dummy
0 upgraded, 1 newly installed, 0 to remove and 0 not upgraded.
Need to get 784 B of archives.
After this operation, 0 B of additional disk space will be used.
Get:1 copy:/<<BUILDDIR>>/resolver-09lulo/apt_archive ./ sbuild-build-depends-core-dummy 0.invalid.0 [784 B]
debconf: delaying package configuration, since apt-utils is not installed
Fetched 784 B in 0s (0 B/s)
Selecting previously unselected package sbuild-build-depends-core-dummy.
(Reading database ... 11331 files and directories currently installed.)
Preparing to unpack .../sbuild-build-depends-core-dummy_0.invalid.0_amd64.deb ...
Unpacking sbuild-build-depends-core-dummy (0.invalid.0) ...
Setting up sbuild-build-depends-core-dummy (0.invalid.0) ...

+------------------------------------------------------------------------------+
| Check architectures                                                          |
+------------------------------------------------------------------------------+

Arch check ok (amd64 included in any all)

+------------------------------------------------------------------------------+
| Install package build dependencies                                           |
+------------------------------------------------------------------------------+


Setup apt archive
-----------------

Merged Build-Depends: cmake, debhelper (>= 10)
Filtered Build-Depends: cmake, debhelper (>= 10)
dpkg-deb: building package 'sbuild-build-depends-cmocka-dummy' in '/<<BUILDDIR>>/resolver-09lulo/apt_archive/sbuild-build-depends-cmocka-dummy.deb'.
dpkg-scanpackages: warning: Packages in archive but missing from override file:
dpkg-scanpackages: warning:   sbuild-build-depends-cmocka-dummy sbuild-build-depends-core-dummy
dpkg-scanpackages: info: Wrote 2 entries to output Packages file.
Ign:1 copy:/<<BUILDDIR>>/resolver-09lulo/apt_archive ./ InRelease
Get:2 copy:/<<BUILDDIR>>/resolver-09lulo/apt_archive ./ Release [963 B]
Ign:3 copy:/<<BUILDDIR>>/resolver-09lulo/apt_archive ./ Release.gpg
Get:4 copy:/<<BUILDDIR>>/resolver-09lulo/apt_archive ./ Sources [488 B]
Get:5 copy:/<<BUILDDIR>>/resolver-09lulo/apt_archive ./ Packages [568 B]
Fetched 2019 B in 0s (0 B/s)
Reading package lists...
Reading package lists...

Install cmocka build dependencies (apt-based resolver)
------------------------------------------------------

Installing build dependencies
Reading package lists...
Building dependency tree...
Reading state information...
The following additional packages will be installed:
  autoconf automake autopoint autotools-dev bsdmainutils cmake cmake-data
  debhelper dh-autoreconf dh-strip-nondeterminism file gettext gettext-base
  groff-base intltool-debian libarchive-zip-perl libarchive13 libcroco3
  libcurl3 libexpat1 libfile-stripnondeterminism-perl libglib2.0-0
  libgssapi-krb5-2 libicu57 libk5crypto3 libkeyutils1 libkrb5-3
  libkrb5support0 libldap-2.4-2 libldap-common liblzo2-2 libmagic-mgc
  libmagic1 libnghttp2-14 libpipeline1 libprocps6 libpsl5 librhash0 librtmp1
  libsasl2-2 libsasl2-modules-db libsigsegv2 libssh2-1 libssl1.0.2
  libtimedate-perl libtool libuv1 libxml2 lsb-base m4 man-db po-debconf procps
Suggested packages:
  autoconf-archive gnu-standards autoconf-doc wamerican | wordlist whois
  vacation ninja-build dh-make gettext-doc libasprintf-dev libgettextpo-dev
  groff lrzip krb5-doc krb5-user libtool-doc gfortran | fortran95-compiler
  gcj-jdk m4-doc less www-browser libmail-box-perl
Recommended packages:
  curl | wget | lynx-cur ca-certificates libarchive-cpio-perl libglib2.0-data
  shared-mime-info xdg-user-dirs krb5-locales publicsuffix libsasl2-modules
  libltdl-dev xml-core libmail-sendmail-perl psmisc
The following NEW packages will be installed:
  autoconf automake autopoint autotools-dev bsdmainutils cmake cmake-data
  debhelper dh-autoreconf dh-strip-nondeterminism file gettext gettext-base
  groff-base intltool-debian libarchive-zip-perl libarchive13 libcroco3
  libcurl3 libexpat1 libfile-stripnondeterminism-perl libglib2.0-0
  libgssapi-krb5-2 libicu57 libk5crypto3 libkeyutils1 libkrb5-3
  libkrb5support0 libldap-2.4-2 libldap-common liblzo2-2 libmagic-mgc
  libmagic1 libnghttp2-14 libpipeline1 libprocps6 libpsl5 librhash0 librtmp1
  libsasl2-2 libsasl2-modules-db libsigsegv2 libssh2-1 libssl1.0.2
  libtimedate-perl libtool libuv1 libxml2 lsb-base m4 man-db po-debconf procps
  sbuild-build-depends-cmocka-dummy
0 upgraded, 54 newly installed, 0 to remove and 0 not upgraded.
Need to get 27.8 MB of archives.
After this operation, 99.9 MB of additional disk space will be used.
Get:1 copy:/<<BUILDDIR>>/resolver-09lulo/apt_archive ./ sbuild-build-depends-cmocka-dummy 0.invalid.0 [788 B]
Get:2 http://127.0.0.1:9999/debian unstable/main amd64 groff-base amd64 1.22.3-9 [1160 kB]
Get:3 http://127.0.0.1:9999/debian unstable/main amd64 bsdmainutils amd64 9.0.12+nmu1 [186 kB]
Get:4 http://127.0.0.1:9999/debian unstable/main amd64 libpipeline1 amd64 1.4.2-1 [28.3 kB]
Get:5 http://127.0.0.1:9999/debian unstable/main amd64 man-db amd64 2.7.6.1-2 [1044 kB]
Get:6 http://127.0.0.1:9999/debian unstable/main amd64 cmake-data all 3.9.1-1 [1294 kB]
Get:7 http://127.0.0.1:9999/debian unstable/main amd64 libprocps6 amd64 2:3.3.12-3 [58.1 kB]
Get:8 http://127.0.0.1:9999/debian unstable/main amd64 lsb-base all 9.20161125 [27.9 kB]
Get:9 http://127.0.0.1:9999/debian unstable/main amd64 procps amd64 2:3.3.12-3 [249 kB]
Get:10 http://127.0.0.1:9999/debian unstable/main amd64 liblzo2-2 amd64 2.08-1.2+b2 [55.0 kB]
Get:11 http://127.0.0.1:9999/debian unstable/main amd64 libicu57 amd64 57.1-6 [7701 kB]
Get:12 http://127.0.0.1:9999/debian unstable/main amd64 libxml2 amd64 2.9.4+dfsg1-3 [715 kB]
Get:13 http://127.0.0.1:9999/debian unstable/main amd64 libarchive13 amd64 3.2.2-2 [294 kB]
Get:14 http://127.0.0.1:9999/debian unstable/main amd64 libkeyutils1 amd64 1.5.9-9 [12.4 kB]
Get:15 http://127.0.0.1:9999/debian unstable/main amd64 libkrb5support0 amd64 1.15.1-2 [62.2 kB]
Get:16 http://127.0.0.1:9999/debian unstable/main amd64 libk5crypto3 amd64 1.15.1-2 [120 kB]
Get:17 http://127.0.0.1:9999/debian unstable/main amd64 libkrb5-3 amd64 1.15.1-2 [312 kB]
Get:18 http://127.0.0.1:9999/debian unstable/main amd64 libgssapi-krb5-2 amd64 1.15.1-2 [155 kB]
Get:19 http://127.0.0.1:9999/debian unstable/main amd64 libsasl2-modules-db amd64 2.1.27~101-g0780600+dfsg-3 [68.2 kB]
Get:20 http://127.0.0.1:9999/debian unstable/main amd64 libsasl2-2 amd64 2.1.27~101-g0780600+dfsg-3 [105 kB]
Get:21 http://127.0.0.1:9999/debian unstable/main amd64 libldap-common all 2.4.45+dfsg-1 [87.0 kB]
Get:22 http://127.0.0.1:9999/debian unstable/main amd64 libldap-2.4-2 amd64 2.4.45+dfsg-1 [223 kB]
Get:23 http://127.0.0.1:9999/debian unstable/main amd64 libnghttp2-14 amd64 1.24.0-1 [81.6 kB]
Get:24 http://127.0.0.1:9999/debian unstable/main amd64 libpsl5 amd64 0.18.0-2 [43.4 kB]
Get:25 http://127.0.0.1:9999/debian unstable/main amd64 librtmp1 amd64 2.4+20151223.gitfa8646d.1-1+b1 [60.4 kB]
Get:26 http://127.0.0.1:9999/debian unstable/main amd64 libssh2-1 amd64 1.8.0-1 [138 kB]
Get:27 http://127.0.0.1:9999/debian unstable/main amd64 libssl1.0.2 amd64 1.0.2l-2 [1294 kB]
Get:28 http://127.0.0.1:9999/debian unstable/main amd64 libcurl3 amd64 7.55.0-1 [296 kB]
Get:29 http://127.0.0.1:9999/debian unstable/main amd64 libexpat1 amd64 2.2.3-1 [87.5 kB]
Get:30 http://127.0.0.1:9999/debian unstable/main amd64 librhash0 amd64 1.3.4-3 [85.7 kB]
Get:31 http://127.0.0.1:9999/debian unstable/main amd64 libuv1 amd64 1.9.1-3 [84.4 kB]
Get:32 http://127.0.0.1:9999/debian unstable/main amd64 cmake amd64 3.9.1-1 [3122 kB]
Get:33 http://127.0.0.1:9999/debian unstable/main amd64 libmagic-mgc amd64 1:5.31-1 [223 kB]
Get:34 http://127.0.0.1:9999/debian unstable/main amd64 libmagic1 amd64 1:5.31-1 [112 kB]
Get:35 http://127.0.0.1:9999/debian unstable/main amd64 file amd64 1:5.31-1 [64.2 kB]
Get:36 http://127.0.0.1:9999/debian unstable/main amd64 gettext-base amd64 0.19.8.1-2+b1 [122 kB]
Get:37 http://127.0.0.1:9999/debian unstable/main amd64 libsigsegv2 amd64 2.11-1 [29.9 kB]
Get:38 http://127.0.0.1:9999/debian unstable/main amd64 m4 amd64 1.4.18-1 [202 kB]
Get:39 http://127.0.0.1:9999/debian unstable/main amd64 autoconf all 2.69-10 [338 kB]
Get:40 http://127.0.0.1:9999/debian unstable/main amd64 autotools-dev all 20161112.1 [73.4 kB]
Get:41 http://127.0.0.1:9999/debian unstable/main amd64 automake all 1:1.15.1-2 [736 kB]
Get:42 http://127.0.0.1:9999/debian unstable/main amd64 autopoint all 0.19.8.1-2 [433 kB]
Get:43 http://127.0.0.1:9999/debian unstable/main amd64 libtool all 2.4.6-2 [545 kB]
Get:44 http://127.0.0.1:9999/debian unstable/main amd64 dh-autoreconf all 14 [15.9 kB]
Get:45 http://127.0.0.1:9999/debian unstable/main amd64 libarchive-zip-perl all 1.59-1 [95.5 kB]
Get:46 http://127.0.0.1:9999/debian unstable/main amd64 libfile-stripnondeterminism-perl all 0.038-1 [17.6 kB]
Get:47 http://127.0.0.1:9999/debian unstable/main amd64 libtimedate-perl all 2.3000-2 [42.2 kB]
Get:48 http://127.0.0.1:9999/debian unstable/main amd64 dh-strip-nondeterminism all 0.038-1 [11.1 kB]
Get:49 http://127.0.0.1:9999/debian unstable/main amd64 libglib2.0-0 amd64 2.53.4-3 [2796 kB]
Get:50 http://127.0.0.1:9999/debian unstable/main amd64 libcroco3 amd64 0.6.12-1 [144 kB]
Get:51 http://127.0.0.1:9999/debian unstable/main amd64 gettext amd64 0.19.8.1-2+b1 [1301 kB]
Get:52 http://127.0.0.1:9999/debian unstable/main amd64 intltool-debian all 0.35.0+20060710.4 [26.3 kB]
Get:53 http://127.0.0.1:9999/debian unstable/main amd64 po-debconf all 1.0.20 [247 kB]
Get:54 http://127.0.0.1:9999/debian unstable/main amd64 debhelper all 10.7.2 [975 kB]
debconf: delaying package configuration, since apt-utils is not installed
Fetched 27.8 MB in 0s (90.5 MB/s)
Selecting previously unselected package groff-base.
(Reading database ... 11331 files and directories currently installed.)
Preparing to unpack .../00-groff-base_1.22.3-9_amd64.deb ...
Unpacking groff-base (1.22.3-9) ...
Selecting previously unselected package bsdmainutils.
Preparing to unpack .../01-bsdmainutils_9.0.12+nmu1_amd64.deb ...
Unpacking bsdmainutils (9.0.12+nmu1) ...
Selecting previously unselected package libpipeline1:amd64.
Preparing to unpack .../02-libpipeline1_1.4.2-1_amd64.deb ...
Unpacking libpipeline1:amd64 (1.4.2-1) ...
Selecting previously unselected package man-db.
Preparing to unpack .../03-man-db_2.7.6.1-2_amd64.deb ...
Unpacking man-db (2.7.6.1-2) ...
Selecting previously unselected package cmake-data.
Preparing to unpack .../04-cmake-data_3.9.1-1_all.deb ...
Unpacking cmake-data (3.9.1-1) ...
Selecting previously unselected package libprocps6:amd64.
Preparing to unpack .../05-libprocps6_2%3a3.3.12-3_amd64.deb ...
Unpacking libprocps6:amd64 (2:3.3.12-3) ...
Selecting previously unselected package lsb-base.
Preparing to unpack .../06-lsb-base_9.20161125_all.deb ...
Unpacking lsb-base (9.20161125) ...
Selecting previously unselected package procps.
Preparing to unpack .../07-procps_2%3a3.3.12-3_amd64.deb ...
Unpacking procps (2:3.3.12-3) ...
Selecting previously unselected package liblzo2-2:amd64.
Preparing to unpack .../08-liblzo2-2_2.08-1.2+b2_amd64.deb ...
Unpacking liblzo2-2:amd64 (2.08-1.2+b2) ...
Selecting previously unselected package libicu57:amd64.
Preparing to unpack .../09-libicu57_57.1-6_amd64.deb ...
Unpacking libicu57:amd64 (57.1-6) ...
Selecting previously unselected package libxml2:amd64.
Preparing to unpack .../10-libxml2_2.9.4+dfsg1-3_amd64.deb ...
Unpacking libxml2:amd64 (2.9.4+dfsg1-3) ...
Selecting previously unselected package libarchive13:amd64.
Preparing to unpack .../11-libarchive13_3.2.2-2_amd64.deb ...
Unpacking libarchive13:amd64 (3.2.2-2) ...
Selecting previously unselected package libkeyutils1:amd64.
Preparing to unpack .../12-libkeyutils1_1.5.9-9_amd64.deb ...
Unpacking libkeyutils1:amd64 (1.5.9-9) ...
Selecting previously unselected package libkrb5support0:amd64.
Preparing to unpack .../13-libkrb5support0_1.15.1-2_amd64.deb ...
Unpacking libkrb5support0:amd64 (1.15.1-2) ...
Selecting previously unselected package libk5crypto3:amd64.
Preparing to unpack .../14-libk5crypto3_1.15.1-2_amd64.deb ...
Unpacking libk5crypto3:amd64 (1.15.1-2) ...
Selecting previously unselected package libkrb5-3:amd64.
Preparing to unpack .../15-libkrb5-3_1.15.1-2_amd64.deb ...
Unpacking libkrb5-3:amd64 (1.15.1-2) ...
Selecting previously unselected package libgssapi-krb5-2:amd64.
Preparing to unpack .../16-libgssapi-krb5-2_1.15.1-2_amd64.deb ...
Unpacking libgssapi-krb5-2:amd64 (1.15.1-2) ...
Selecting previously unselected package libsasl2-modules-db:amd64.
Preparing to unpack .../17-libsasl2-modules-db_2.1.27~101-g0780600+dfsg-3_amd64.deb ...
Unpacking libsasl2-modules-db:amd64 (2.1.27~101-g0780600+dfsg-3) ...
Selecting previously unselected package libsasl2-2:amd64.
Preparing to unpack .../18-libsasl2-2_2.1.27~101-g0780600+dfsg-3_amd64.deb ...
Unpacking libsasl2-2:amd64 (2.1.27~101-g0780600+dfsg-3) ...
Selecting previously unselected package libldap-common.
Preparing to unpack .../19-libldap-common_2.4.45+dfsg-1_all.deb ...
Unpacking libldap-common (2.4.45+dfsg-1) ...
Selecting previously unselected package libldap-2.4-2:amd64.
Preparing to unpack .../20-libldap-2.4-2_2.4.45+dfsg-1_amd64.deb ...
Unpacking libldap-2.4-2:amd64 (2.4.45+dfsg-1) ...
Selecting previously unselected package libnghttp2-14:amd64.
Preparing to unpack .../21-libnghttp2-14_1.24.0-1_amd64.deb ...
Unpacking libnghttp2-14:amd64 (1.24.0-1) ...
Selecting previously unselected package libpsl5:amd64.
Preparing to unpack .../22-libpsl5_0.18.0-2_amd64.deb ...
Unpacking libpsl5:amd64 (0.18.0-2) ...
Selecting previously unselected package librtmp1:amd64.
Preparing to unpack .../23-librtmp1_2.4+20151223.gitfa8646d.1-1+b1_amd64.deb ...
Unpacking librtmp1:amd64 (2.4+20151223.gitfa8646d.1-1+b1) ...
Selecting previously unselected package libssh2-1:amd64.
Preparing to unpack .../24-libssh2-1_1.8.0-1_amd64.deb ...
Unpacking libssh2-1:amd64 (1.8.0-1) ...
Selecting previously unselected package libssl1.0.2:amd64.
Preparing to unpack .../25-libssl1.0.2_1.0.2l-2_amd64.deb ...
Unpacking libssl1.0.2:amd64 (1.0.2l-2) ...
Selecting previously unselected package libcurl3:amd64.
Preparing to unpack .../26-libcurl3_7.55.0-1_amd64.deb ...
Unpacking libcurl3:amd64 (7.55.0-1) ...
Selecting previously unselected package libexpat1:amd64.
Preparing to unpack .../27-libexpat1_2.2.3-1_amd64.deb ...
Unpacking libexpat1:amd64 (2.2.3-1) ...
Selecting previously unselected package librhash0.
Preparing to unpack .../28-librhash0_1.3.4-3_amd64.deb ...
Unpacking librhash0 (1.3.4-3) ...
Selecting previously unselected package libuv1:amd64.
Preparing to unpack .../29-libuv1_1.9.1-3_amd64.deb ...
Unpacking libuv1:amd64 (1.9.1-3) ...
Selecting previously unselected package cmake.
Preparing to unpack .../30-cmake_3.9.1-1_amd64.deb ...
Unpacking cmake (3.9.1-1) ...
Selecting previously unselected package libmagic-mgc.
Preparing to unpack .../31-libmagic-mgc_1%3a5.31-1_amd64.deb ...
Unpacking libmagic-mgc (1:5.31-1) ...
Selecting previously unselected package libmagic1:amd64.
Preparing to unpack .../32-libmagic1_1%3a5.31-1_amd64.deb ...
Unpacking libmagic1:amd64 (1:5.31-1) ...
Selecting previously unselected package file.
Preparing to unpack .../33-file_1%3a5.31-1_amd64.deb ...
Unpacking file (1:5.31-1) ...
Selecting previously unselected package gettext-base.
Preparing to unpack .../34-gettext-base_0.19.8.1-2+b1_amd64.deb ...
Unpacking gettext-base (0.19.8.1-2+b1) ...
Selecting previously unselected package libsigsegv2:amd64.
Preparing to unpack .../35-libsigsegv2_2.11-1_amd64.deb ...
Unpacking libsigsegv2:amd64 (2.11-1) ...
Selecting previously unselected package m4.
Preparing to unpack .../36-m4_1.4.18-1_amd64.deb ...
Unpacking m4 (1.4.18-1) ...
Selecting previously unselected package autoconf.
Preparing to unpack .../37-autoconf_2.69-10_all.deb ...
Unpacking autoconf (2.69-10) ...
Selecting previously unselected package autotools-dev.
Preparing to unpack .../38-autotools-dev_20161112.1_all.deb ...
Unpacking autotools-dev (20161112.1) ...
Selecting previously unselected package automake.
Preparing to unpack .../39-automake_1%3a1.15.1-2_all.deb ...
Unpacking automake (1:1.15.1-2) ...
Selecting previously unselected package autopoint.
Preparing to unpack .../40-autopoint_0.19.8.1-2_all.deb ...
Unpacking autopoint (0.19.8.1-2) ...
Selecting previously unselected package libtool.
Preparing to unpack .../41-libtool_2.4.6-2_all.deb ...
Unpacking libtool (2.4.6-2) ...
Selecting previously unselected package dh-autoreconf.
Preparing to unpack .../42-dh-autoreconf_14_all.deb ...
Unpacking dh-autoreconf (14) ...
Selecting previously unselected package libarchive-zip-perl.
Preparing to unpack .../43-libarchive-zip-perl_1.59-1_all.deb ...
Unpacking libarchive-zip-perl (1.59-1) ...
Selecting previously unselected package libfile-stripnondeterminism-perl.
Preparing to unpack .../44-libfile-stripnondeterminism-perl_0.038-1_all.deb ...
Unpacking libfile-stripnondeterminism-perl (0.038-1) ...
Selecting previously unselected package libtimedate-perl.
Preparing to unpack .../45-libtimedate-perl_2.3000-2_all.deb ...
Unpacking libtimedate-perl (2.3000-2) ...
Selecting previously unselected package dh-strip-nondeterminism.
Preparing to unpack .../46-dh-strip-nondeterminism_0.038-1_all.deb ...
Unpacking dh-strip-nondeterminism (0.038-1) ...
Selecting previously unselected package libglib2.0-0:amd64.
Preparing to unpack .../47-libglib2.0-0_2.53.4-3_amd64.deb ...
Unpacking libglib2.0-0:amd64 (2.53.4-3) ...
Selecting previously unselected package libcroco3:amd64.
Preparing to unpack .../48-libcroco3_0.6.12-1_amd64.deb ...
Unpacking libcroco3:amd64 (0.6.12-1) ...
Selecting previously unselected package gettext.
Preparing to unpack .../49-gettext_0.19.8.1-2+b1_amd64.deb ...
Unpacking gettext (0.19.8.1-2+b1) ...
Selecting previously unselected package intltool-debian.
Preparing to unpack .../50-intltool-debian_0.35.0+20060710.4_all.deb ...
Unpacking intltool-debian (0.35.0+20060710.4) ...
Selecting previously unselected package po-debconf.
Preparing to unpack .../51-po-debconf_1.0.20_all.deb ...
Unpacking po-debconf (1.0.20) ...
Selecting previously unselected package debhelper.
Preparing to unpack .../52-debhelper_10.7.2_all.deb ...
Unpacking debhelper (10.7.2) ...
Selecting previously unselected package sbuild-build-depends-cmocka-dummy.
Preparing to unpack .../53-sbuild-build-depends-cmocka-dummy_0.invalid.0_amd64.deb ...
Unpacking sbuild-build-depends-cmocka-dummy (0.invalid.0) ...
Setting up libexpat1:amd64 (2.2.3-1) ...
Setting up libarchive-zip-perl (1.59-1) ...
Setting up libnghttp2-14:amd64 (1.24.0-1) ...
Setting up libtimedate-perl (2.3000-2) ...
Setting up libsigsegv2:amd64 (2.11-1) ...
Setting up libldap-common (2.4.45+dfsg-1) ...
Setting up libuv1:amd64 (1.9.1-3) ...
Setting up libpsl5:amd64 (0.18.0-2) ...
Setting up groff-base (1.22.3-9) ...
Setting up libglib2.0-0:amd64 (2.53.4-3) ...
No schema files found: doing nothing.
Setting up libsasl2-modules-db:amd64 (2.1.27~101-g0780600+dfsg-3) ...
Setting up libsasl2-2:amd64 (2.1.27~101-g0780600+dfsg-3) ...
Setting up gettext-base (0.19.8.1-2+b1) ...
Setting up cmake-data (3.9.1-1) ...
Setting up libpipeline1:amd64 (1.4.2-1) ...
Setting up librtmp1:amd64 (2.4+20151223.gitfa8646d.1-1+b1) ...
Setting up m4 (1.4.18-1) ...
Setting up libicu57:amd64 (57.1-6) ...
Setting up libprocps6:amd64 (2:3.3.12-3) ...
Setting up libxml2:amd64 (2.9.4+dfsg1-3) ...
Setting up libmagic-mgc (1:5.31-1) ...
Setting up libmagic1:amd64 (1:5.31-1) ...
Setting up lsb-base (9.20161125) ...
Setting up librhash0 (1.3.4-3) ...
Setting up procps (2:3.3.12-3) ...
update-alternatives: using /usr/bin/w.procps to provide /usr/bin/w (w) in auto mode
Setting up libcroco3:amd64 (0.6.12-1) ...
Setting up libssl1.0.2:amd64 (1.0.2l-2) ...
Setting up libssh2-1:amd64 (1.8.0-1) ...
Processing triggers for libc-bin (2.24-14) ...
Setting up autotools-dev (20161112.1) ...
Setting up libldap-2.4-2:amd64 (2.4.45+dfsg-1) ...
Setting up libkeyutils1:amd64 (1.5.9-9) ...
Setting up bsdmainutils (9.0.12+nmu1) ...
update-alternatives: using /usr/bin/bsd-write to provide /usr/bin/write (write) in auto mode
update-alternatives: using /usr/bin/bsd-from to provide /usr/bin/from (from) in auto mode
Setting up autopoint (0.19.8.1-2) ...
Setting up liblzo2-2:amd64 (2.08-1.2+b2) ...
Setting up libfile-stripnondeterminism-perl (0.038-1) ...
Setting up gettext (0.19.8.1-2+b1) ...
Setting up libarchive13:amd64 (3.2.2-2) ...
Setting up autoconf (2.69-10) ...
Setting up file (1:5.31-1) ...
Setting up libkrb5support0:amd64 (1.15.1-2) ...
Setting up intltool-debian (0.35.0+20060710.4) ...
Setting up automake (1:1.15.1-2) ...
update-alternatives: using /usr/bin/automake-1.15 to provide /usr/bin/automake (automake) in auto mode
Setting up man-db (2.7.6.1-2) ...
Not building database; man-db/auto-update is not 'true'.
Setting up libtool (2.4.6-2) ...
Setting up libk5crypto3:amd64 (1.15.1-2) ...
Setting up po-debconf (1.0.20) ...
Setting up libkrb5-3:amd64 (1.15.1-2) ...
Setting up libgssapi-krb5-2:amd64 (1.15.1-2) ...
Setting up libcurl3:amd64 (7.55.0-1) ...
Setting up cmake (3.9.1-1) ...
Setting up dh-autoreconf (14) ...
Setting up debhelper (10.7.2) ...
Setting up sbuild-build-depends-cmocka-dummy (0.invalid.0) ...
Setting up dh-strip-nondeterminism (0.038-1) ...
Processing triggers for libc-bin (2.24-14) ...

+------------------------------------------------------------------------------+
| Build environment                                                            |
+------------------------------------------------------------------------------+

Kernel: Linux 4.9.0-2-amd64 amd64 (x86_64)
Toolchain package versions: binutils_2.29-4 dpkg-dev_1.18.24 g++-7_7.2.0-1 gcc-7_7.2.0-1 libc6-dev_2.24-14 libstdc++-6-dev_6.4.0-3 libstdc++-7-dev_7.2.0-1 libstdc++6_7.2.0-1 linux-libc-dev_4.12.6-1
Package versions: adduser_3.116 apt_1.5~beta2 autoconf_2.69-10 automake_1:1.15.1-2 autopoint_0.19.8.1-2 autotools-dev_20161112.1 base-files_10 base-passwd_3.5.43 bash_4.4-5 binutils_2.29-4 bsdmainutils_9.0.12+nmu1 bsdutils_1:2.29.2-4 build-essential_12.3 bzip2_1.0.6-8.1 clang-5.0_1:5.0~+rc2-1 cmake_3.9.1-1 cmake-data_3.9.1-1 coreutils_8.26-3 cpp_4:7.1.0-2 cpp-7_7.2.0-1 dash_0.5.8-2.5 debconf_1.5.63 debfoster_2.7-2.1+b1 debhelper_10.7.2 debian-archive-keyring_2017.5 debianutils_4.8.2 dh-autoreconf_14 dh-strip-nondeterminism_0.038-1 diffutils_1:3.6-1 dpkg_1.18.24 dpkg-dev_1.18.24 e2fslibs_1.43.5-1 e2fsprogs_1.43.5-1 eatmydata_105-5 fakeroot_1.22-1 fdisk_2.29.2-4 file_1:5.31-1 findutils_4.6.0+git+20170729-2 g++_4:7.1.0-2 g++-7_7.2.0-1 gcc_4:7.1.0-2 gcc-6-base_6.4.0-3 gcc-7_7.2.0-1 gcc-7-base_7.2.0-1 gettext_0.19.8.1-2+b1 gettext-base_0.19.8.1-2+b1 gpgv_2.1.23-2 grep_3.1-2 groff-base_1.22.3-9 gzip_1.6-5+b1 hostname_3.18+b1 init-system-helpers_1.49 intltool-debian_0.35.0+20060710.4 libacl1_2.2.52-3+b1 libapt-pkg5.0_1.5~beta2 libarchive-zip-perl_1.59-1 libarchive13_3.2.2-2 libasan3_6.4.0-3 libasan4_7.2.0-1 libatomic1_7.2.0-1 libattr1_1:2.4.47-2+b2 libaudit-common_1:2.7.7-1 libaudit1_1:2.7.7-1+b2 libblkid1_2.29.2-4 libbsd0_0.8.6-1 libbz2-1.0_1.0.6-8.1 libc-bin_2.24-14 libc-dev-bin_2.24-14 libc6_2.24-14 libc6-dev_2.24-14 libcap-ng0_0.7.7-3+b1 libcc1-0_7.2.0-1 libcilkrts5_7.2.0-1 libclang-common-5.0-dev_1:5.0~+rc2-1 libclang1-5.0_1:5.0~+rc2-1 libcomerr2_1.43.5-1 libcroco3_0.6.12-1 libcurl3_7.55.0-1 libdb5.3_5.3.28-13 libdebconfclient0_0.229 libdpkg-perl_1.18.24 libeatmydata1_105-5 libedit2_3.1-20170329-1 libexpat1_2.2.3-1 libfakeroot_1.22-1 libfdisk1_2.29.2-4 libffi6_3.2.1-6 libfile-stripnondeterminism-perl_0.038-1 libgc1c2_1:7.4.2-8 libgcc-6-dev_6.4.0-3 libgcc-7-dev_7.2.0-1 libgcc1_1:7.2.0-1 libgcrypt20_1.7.8-2 libgdbm3_1.8.3-14 libglib2.0-0_2.53.4-3 libgmp10_2:6.1.2+dfsg-1 libgnutls30_3.5.14-3 libgomp1_7.2.0-1 libgpg-error0_1.27-3 libgssapi-krb5-2_1.15.1-2 libhogweed4_3.3-1+b1 libicu57_57.1-6 libidn2-0_2.0.2-3 libisl15_0.18-1 libitm1_7.2.0-1 libjsoncpp1_1.7.4-3 libk5crypto3_1.15.1-2 libkeyutils1_1.5.9-9 libkrb5-3_1.15.1-2 libkrb5support0_1.15.1-2 libldap-2.4-2_2.4.45+dfsg-1 libldap-common_2.4.45+dfsg-1 libllvm5.0_1:5.0~+rc2-1 liblsan0_7.2.0-1 liblz4-1_0.0~r131-2+b1 liblzma5_5.2.2-1.3 liblzo2-2_2.08-1.2+b2 libmagic-mgc_1:5.31-1 libmagic1_1:5.31-1 libmount1_2.29.2-4 libmpc3_1.0.3-1+b2 libmpfr4_3.1.5-1 libmpx2_7.2.0-1 libncurses5_6.0+20170715-2 libncursesw5_6.0+20170715-2 libnettle6_3.3-1+b1 libnghttp2-14_1.24.0-1 libobjc-6-dev_6.4.0-3 libobjc4_7.2.0-1 libp11-kit0_0.23.7-3 libpam-modules_1.1.8-3.6 libpam-modules-bin_1.1.8-3.6 libpam-runtime_1.1.8-3.6 libpam0g_1.1.8-3.6 libpcre3_2:8.39-4 libperl5.26_5.26.0-5 libpipeline1_1.4.2-1 libprocps6_2:3.3.12-3 libpsl5_0.18.0-2 libquadmath0_7.2.0-1 librhash0_1.3.4-3 librtmp1_2.4+20151223.gitfa8646d.1-1+b1 libsasl2-2_2.1.27~101-g0780600+dfsg-3 libsasl2-modules-db_2.1.27~101-g0780600+dfsg-3 libselinux1_2.6-3+b2 libsemanage-common_2.6-2 libsemanage1_2.6-2+b1 libsepol1_2.6-2 libsigsegv2_2.11-1 libsmartcols1_2.29.2-4 libss2_1.43.5-1 libssh2-1_1.8.0-1 libssl1.0.2_1.0.2l-2 libstdc++-6-dev_6.4.0-3 libstdc++-7-dev_7.2.0-1 libstdc++6_7.2.0-1 libsystemd0_234-2 libtasn1-6_4.12-2.1 libtimedate-perl_2.3000-2 libtinfo5_6.0+20170715-2 libtool_2.4.6-2 libtsan0_7.2.0-1 libubsan0_7.2.0-1 libudev1_234-2 libunistring2_0.9.7-2 libustr-1.0-1_1.0.4-6 libuuid1_2.29.2-4 libuv1_1.9.1-3 libxml2_2.9.4+dfsg1-3 linux-libc-dev_4.12.6-1 login_1:4.4-4.1 lsb-base_9.20161125 m4_1.4.18-1 make_4.1-9.1 man-db_2.7.6.1-2 mawk_1.3.3-17+b3 mount_2.29.2-4 multiarch-support_2.24-14 ncurses-base_6.0+20170715-2 ncurses-bin_6.0+20170715-2 passwd_1:4.4-4.1 patch_2.7.5-1+b2 perl_5.26.0-5 perl-base_5.26.0-5 perl-modules-5.26_5.26.0-5 po-debconf_1.0.20 procps_2:3.3.12-3 sbuild-build-depends-cmocka-dummy_0.invalid.0 sbuild-build-depends-core-dummy_0.invalid.0 sed_4.4-1 sensible-utils_0.0.10 sysvinit-utils_2.88dsf-59.9 tar_1.29b-2 util-linux_2.29.2-4 xz-utils_5.2.2-1.3 zlib1g_1:1.2.8.dfsg-5

+------------------------------------------------------------------------------+
| Build                                                                        |
+------------------------------------------------------------------------------+


Unpack source
-------------

gpgv: unknown type of key resource 'trustedkeys.kbx'
gpgv: keyblock resource '/sbuild-nonexistent/.gnupg/trustedkeys.kbx': General error
gpgv: Signature made Tue Jul  4 10:25:14 2017 UTC
gpgv:                using RSA key 39EC11A02016B72926491A06E3ADB00850605636
gpgv:                issuer "hefee@debian.org"
gpgv: Can't check signature: No public key
dpkg-source: warning: failed to verify signature on ./cmocka_1.1.1-1.dsc
dpkg-source: info: extracting cmocka in /<<PKGBUILDDIR>>
dpkg-source: info: unpacking cmocka_1.1.1.orig.tar.xz
dpkg-source: info: unpacking cmocka_1.1.1-1.debian.tar.xz

Check disk space
----------------

Sufficient free space for build

User Environment
----------------

APT_CONFIG=/var/lib/sbuild/apt.conf
HOME=/sbuild-nonexistent
LANG=en_US.UTF-8
LC_ALL=POSIX
LOGNAME=user42
PATH=/usr/local/sbin:/usr/local/bin:/usr/sbin:/usr/bin:/sbin:/bin:/usr/games
SCHROOT_ALIAS_NAME=unstable-amd64-sbuild
SCHROOT_CHROOT_NAME=unstable-amd64-sbuild
SCHROOT_COMMAND=env
SCHROOT_GID=1001
SCHROOT_GROUP=user42
SCHROOT_SESSION_ID=unstable-amd64-sbuild-23407ad3-2144-4e36-b725-638fa3244241
SCHROOT_UID=1001
SCHROOT_USER=user42
SHELL=/bin/sh
USER=user42

dpkg-buildpackage
-----------------

dpkg-buildpackage: info: source package cmocka
dpkg-buildpackage: info: source version 1.1.1-1
dpkg-buildpackage: info: source distribution unstable
dpkg-buildpackage: info: source changed by Sandro Knauß <hefee@debian.org>
 dpkg-source --before-build cmocka-1.1.1
dpkg-buildpackage: info: host architecture amd64
 fakeroot debian/rules clean
dh clean --list-missing
   dh_auto_clean -O--list-missing
   dh_autoreconf_clean -O--list-missing
   dh_clean -O--list-missing
 debian/rules build-arch
dh build-arch --list-missing
   dh_update_autotools_config -a -O--list-missing
   dh_autoreconf -a -O--list-missing
   debian/rules override_dh_auto_configure
make[1]: Entering directory '/<<PKGBUILDDIR>>'
dh_auto_configure -- -DLIB_SUFFIX=/x86_64-linux-gnu \
	-DWITH_CMOCKERY_SUPPORT=ON \
	-DUNIT_TESTING=ON
	cmake .. -DCMAKE_INSTALL_PREFIX=/usr -DCMAKE_VERBOSE_MAKEFILE=ON -DCMAKE_BUILD_TYPE=None -DCMAKE_INSTALL_SYSCONFDIR=/etc -DCMAKE_INSTALL_LOCALSTATEDIR=/var -DCMAKE_EXPORT_NO_PACKAGE_REGISTRY=ON -DCMAKE_FIND_PACKAGE_NO_PACKAGE_REGISTRY=ON -DLIB_SUFFIX=/x86_64-linux-gnu -DWITH_CMOCKERY_SUPPORT=ON -DUNIT_TESTING=ON
-- The C compiler identification is Clang 5.0.0
-- Check for working C compiler: /usr/bin/cc
-- Check for working C compiler: /usr/bin/cc -- works
-- Detecting C compiler ABI info
-- Detecting C compiler ABI info - done
-- Detecting C compile features
-- Detecting C compile features - done
-- Performing Test WITH_FPIC
-- Performing Test WITH_FPIC - Success
-- Performing Test WITH_STACK_PROTECTOR
-- Performing Test WITH_STACK_PROTECTOR - Success
-- Looking for assert.h
-- Looking for assert.h - found
-- Looking for inttypes.h
-- Looking for inttypes.h - found
-- Looking for io.h
-- Looking for io.h - not found
-- Looking for malloc.h
-- Looking for malloc.h - found
-- Looking for memory.h
-- Looking for memory.h - found
-- Looking for setjmp.h
-- Looking for setjmp.h - found
-- Looking for signal.h
-- Looking for signal.h - found
-- Looking for stdarg.h
-- Looking for stdarg.h - found
-- Looking for stddef.h
-- Looking for stddef.h - found
-- Looking for stdint.h
-- Looking for stdint.h - found
-- Looking for stdio.h
-- Looking for stdio.h - found
-- Looking for stdlib.h
-- Looking for stdlib.h - found
-- Looking for string.h
-- Looking for string.h - found
-- Looking for strings.h
-- Looking for strings.h - found
-- Looking for sys/stat.h
-- Looking for sys/stat.h - found
-- Looking for sys/types.h
-- Looking for sys/types.h - found
-- Looking for time.h
-- Looking for time.h - found
-- Looking for unistd.h
-- Looking for unistd.h - found
-- Performing Test HAVE_STRUCT_TIMESPEC
-- Performing Test HAVE_STRUCT_TIMESPEC - Success
-- Looking for calloc
-- Looking for calloc - found
-- Looking for exit
-- Looking for exit - found
-- Looking for fprintf
-- Looking for fprintf - found
-- Looking for free
-- Looking for free - found
-- Looking for longjmp
-- Looking for longjmp - found
-- Looking for siglongjmp
-- Looking for siglongjmp - found
-- Looking for malloc
-- Looking for malloc - found
-- Looking for memcpy
-- Looking for memcpy - found
-- Looking for memset
-- Looking for memset - found
-- Looking for printf
-- Looking for printf - found
-- Looking for setjmp
-- Looking for setjmp - found
-- Looking for signal
-- Looking for signal - found
-- Looking for strsignal
-- Looking for strsignal - found
-- Looking for strcmp
-- Looking for strcmp - found
-- Looking for clock_gettime
-- Looking for clock_gettime - found
-- Looking for sprintf
-- Looking for sprintf - found
-- Looking for vsnprintf
-- Looking for vsnprintf - found
-- Performing Test HAVE_GCC_THREAD_LOCAL_STORAGE
-- Performing Test HAVE_GCC_THREAD_LOCAL_STORAGE - Success
-- Performing Test HAVE_CLOCK_REALTIME
-- Performing Test HAVE_CLOCK_REALTIME - Success
-- Check if the system is big endian
-- Searching 16 bit integer
-- Check size of unsigned short
-- Check size of unsigned short - done
-- Using unsigned short
-- Check if the system is big endian - little endian
-- Could NOT find Doxygen (missing: DOXYGEN_EXECUTABLE) 
CMake Deprecation Warning at src/CMakeLists.txt:106 (cmake_policy):
  The OLD behavior for policy CMP0026 will be removed from a future version
  of CMake.

  The cmake-policies(7) manual explains that the OLD behaviors of all
  policies are deprecated and that a policy should be set to OLD only under
  specific short-term circumstances.  Projects should be ported to the NEW
  behavior and not rely on setting a policy to OLD.


-- Configuring done
-- Generating done
CMake Warning:
  Manually-specified variables were not used by the project:

    CMAKE_EXPORT_NO_PACKAGE_REGISTRY
    CMAKE_INSTALL_LOCALSTATEDIR
    CMAKE_INSTALL_SYSCONFDIR


-- Build files have been written to: /<<PKGBUILDDIR>>/obj-x86_64-linux-gnu
make[1]: Leaving directory '/<<PKGBUILDDIR>>'
   dh_auto_build -a -O--list-missing
	make -j16
make[1]: Entering directory '/<<PKGBUILDDIR>>/obj-x86_64-linux-gnu'
/usr/bin/cmake -H/<<PKGBUILDDIR>> -B/<<PKGBUILDDIR>>/obj-x86_64-linux-gnu --check-build-system CMakeFiles/Makefile.cmake 0
/usr/bin/cmake -E cmake_progress_start /<<PKGBUILDDIR>>/obj-x86_64-linux-gnu/CMakeFiles /<<PKGBUILDDIR>>/obj-x86_64-linux-gnu/CMakeFiles/progress.marks
make -f CMakeFiles/Makefile2 all
make[2]: Entering directory '/<<PKGBUILDDIR>>/obj-x86_64-linux-gnu'
make -f src/CMakeFiles/cmocka_shared.dir/build.make src/CMakeFiles/cmocka_shared.dir/depend
make -f src/CMakeFiles/cmocka_static.dir/build.make src/CMakeFiles/cmocka_static.dir/depend
make[3]: Entering directory '/<<PKGBUILDDIR>>/obj-x86_64-linux-gnu'
cd /<<PKGBUILDDIR>>/obj-x86_64-linux-gnu && /usr/bin/cmake -E cmake_depends "Unix Makefiles" /<<PKGBUILDDIR>> /<<PKGBUILDDIR>>/src /<<PKGBUILDDIR>>/obj-x86_64-linux-gnu /<<PKGBUILDDIR>>/obj-x86_64-linux-gnu/src /<<PKGBUILDDIR>>/obj-x86_64-linux-gnu/src/CMakeFiles/cmocka_shared.dir/DependInfo.cmake --color=
make[3]: Entering directory '/<<PKGBUILDDIR>>/obj-x86_64-linux-gnu'
cd /<<PKGBUILDDIR>>/obj-x86_64-linux-gnu && /usr/bin/cmake -E cmake_depends "Unix Makefiles" /<<PKGBUILDDIR>> /<<PKGBUILDDIR>>/src /<<PKGBUILDDIR>>/obj-x86_64-linux-gnu /<<PKGBUILDDIR>>/obj-x86_64-linux-gnu/src /<<PKGBUILDDIR>>/obj-x86_64-linux-gnu/src/CMakeFiles/cmocka_static.dir/DependInfo.cmake --color=
Scanning dependencies of target cmocka_static
make[3]: Leaving directory '/<<PKGBUILDDIR>>/obj-x86_64-linux-gnu'
make -f src/CMakeFiles/cmocka_static.dir/build.make src/CMakeFiles/cmocka_static.dir/build
Scanning dependencies of target cmocka_shared
make[3]: Leaving directory '/<<PKGBUILDDIR>>/obj-x86_64-linux-gnu'
make -f src/CMakeFiles/cmocka_shared.dir/build.make src/CMakeFiles/cmocka_shared.dir/build
make[3]: Entering directory '/<<PKGBUILDDIR>>/obj-x86_64-linux-gnu'
make[3]: Entering directory '/<<PKGBUILDDIR>>/obj-x86_64-linux-gnu'
[  1%] Building C object src/CMakeFiles/cmocka_static.dir/cmocka.c.o
cd /<<PKGBUILDDIR>>/obj-x86_64-linux-gnu/src && /usr/bin/cc -DHAVE_CONFIG_H=1 -I/<<PKGBUILDDIR>>/obj-x86_64-linux-gnu/src -I/<<PKGBUILDDIR>>/src -I/<<PKGBUILDDIR>>/include -I/<<PKGBUILDDIR>>/obj-x86_64-linux-gnu  -g -O2 -fdebug-prefix-map=/<<PKGBUILDDIR>>=. -fstack-protector-strong -Wformat -Werror=format-security -Wdate-time -D_FORTIFY_SOURCE=2 -std=gnu99 -pedantic -pedantic-errors -Wall -Wextra -Wshadow -Wmissing-prototypes -Wdeclaration-after-statement -Wunused -Wfloat-equal -Wpointer-arith -Wwrite-strings -Wformat-security -Wmissing-format-attribute -Wundef -Wstrict-prototypes -fPIC -fstack-protector -D_GNU_SOURCE -D_LARGEFILE64_SOURCE   -o CMakeFiles/cmocka_static.dir/cmocka.c.o   -c /<<PKGBUILDDIR>>/src/cmocka.c
[  3%] Building C object src/CMakeFiles/cmocka_shared.dir/cmocka.c.o
cd /<<PKGBUILDDIR>>/obj-x86_64-linux-gnu/src && /usr/bin/cc -DCMOCKA_EXPORTS -DHAVE_CONFIG_H=1 -I/<<PKGBUILDDIR>>/obj-x86_64-linux-gnu/src -I/<<PKGBUILDDIR>>/src -I/<<PKGBUILDDIR>>/include -I/<<PKGBUILDDIR>>/obj-x86_64-linux-gnu  -g -O2 -fdebug-prefix-map=/<<PKGBUILDDIR>>=. -fstack-protector-strong -Wformat -Werror=format-security -Wdate-time -D_FORTIFY_SOURCE=2 -std=gnu99 -pedantic -pedantic-errors -Wall -Wextra -Wshadow -Wmissing-prototypes -Wdeclaration-after-statement -Wunused -Wfloat-equal -Wpointer-arith -Wwrite-strings -Wformat-security -Wmissing-format-attribute -Wundef -Wstrict-prototypes -fPIC -fstack-protector -D_GNU_SOURCE -D_LARGEFILE64_SOURCE -fPIC   -o CMakeFiles/cmocka_shared.dir/cmocka.c.o   -c /<<PKGBUILDDIR>>/src/cmocka.c
[  6%] Linking C static library libcmocka.a
[  6%] Linking C shared library libcmocka.so
cd /<<PKGBUILDDIR>>/obj-x86_64-linux-gnu/src && /usr/bin/cmake -E cmake_link_script CMakeFiles/cmocka_shared.dir/link.txt --verbose=1
cd /<<PKGBUILDDIR>>/obj-x86_64-linux-gnu/src && /usr/bin/cmake -P CMakeFiles/cmocka_static.dir/cmake_clean_target.cmake
/usr/bin/cc -fPIC -g -O2 -fdebug-prefix-map=/<<PKGBUILDDIR>>=. -fstack-protector-strong -Wformat -Werror=format-security -Wdate-time -D_FORTIFY_SOURCE=2 -std=gnu99 -pedantic -pedantic-errors -Wall -Wextra -Wshadow -Wmissing-prototypes -Wdeclaration-after-statement -Wunused -Wfloat-equal -Wpointer-arith -Wwrite-strings -Wformat-security -Wmissing-format-attribute -Wundef -Wstrict-prototypes -fPIC -fstack-protector -D_GNU_SOURCE -D_LARGEFILE64_SOURCE -Wl,-z,relro -Wl,-z,now -shared -Wl,-soname,libcmocka.so.0 -o libcmocka.so.0.4.1 CMakeFiles/cmocka_shared.dir/cmocka.c.o 
cd /<<PKGBUILDDIR>>/obj-x86_64-linux-gnu/src && /usr/bin/cmake -E cmake_link_script CMakeFiles/cmocka_static.dir/link.txt --verbose=1
/usr/bin/ar qc libcmocka.a  CMakeFiles/cmocka_static.dir/cmocka.c.o
/usr/bin/ranlib libcmocka.a
cd /<<PKGBUILDDIR>>/obj-x86_64-linux-gnu/src && /usr/bin/cmake -E cmake_symlink_library libcmocka.so.0.4.1 libcmocka.so.0 libcmocka.so
make[3]: Leaving directory '/<<PKGBUILDDIR>>/obj-x86_64-linux-gnu'
[  6%] Built target cmocka_static
make -f tests/CMakeFiles/test_cmockery.dir/build.make tests/CMakeFiles/test_cmockery.dir/depend
make -f tests/CMakeFiles/test_group_setup_assert.dir/build.make tests/CMakeFiles/test_group_setup_assert.dir/depend
make -f tests/CMakeFiles/test_group_fixtures.dir/build.make tests/CMakeFiles/test_group_fixtures.dir/depend
make -f tests/CMakeFiles/test_group_setup_fail.dir/build.make tests/CMakeFiles/test_group_setup_fail.dir/depend
make -f tests/CMakeFiles/test_groups.dir/build.make tests/CMakeFiles/test_groups.dir/depend
make -f tests/CMakeFiles/test_basics.dir/build.make tests/CMakeFiles/test_basics.dir/depend
make[3]: Entering directory '/<<PKGBUILDDIR>>/obj-x86_64-linux-gnu'
cd /<<PKGBUILDDIR>>/obj-x86_64-linux-gnu && /usr/bin/cmake -E cmake_depends "Unix Makefiles" /<<PKGBUILDDIR>> /<<PKGBUILDDIR>>/tests /<<PKGBUILDDIR>>/obj-x86_64-linux-gnu /<<PKGBUILDDIR>>/obj-x86_64-linux-gnu/tests /<<PKGBUILDDIR>>/obj-x86_64-linux-gnu/tests/CMakeFiles/test_cmockery.dir/DependInfo.cmake --color=
make -f tests/CMakeFiles/test_returns.dir/build.make tests/CMakeFiles/test_returns.dir/depend
make -f tests/CMakeFiles/test_assert_macros.dir/build.make tests/CMakeFiles/test_assert_macros.dir/depend
make[3]: Entering directory '/<<PKGBUILDDIR>>/obj-x86_64-linux-gnu'
cd /<<PKGBUILDDIR>>/obj-x86_64-linux-gnu && /usr/bin/cmake -E cmake_depends "Unix Makefiles" /<<PKGBUILDDIR>> /<<PKGBUILDDIR>>/tests /<<PKGBUILDDIR>>/obj-x86_64-linux-gnu /<<PKGBUILDDIR>>/obj-x86_64-linux-gnu/tests /<<PKGBUILDDIR>>/obj-x86_64-linux-gnu/tests/CMakeFiles/test_group_setup_assert.dir/DependInfo.cmake --color=
make -f tests/CMakeFiles/test_assert_macros_fail.dir/build.make tests/CMakeFiles/test_assert_macros_fail.dir/depend
make -f tests/CMakeFiles/test_exception_handler.dir/build.make tests/CMakeFiles/test_exception_handler.dir/depend
make -f tests/CMakeFiles/test_fixtures.dir/build.make tests/CMakeFiles/test_fixtures.dir/depend
make -f tests/CMakeFiles/test_alloc.dir/build.make tests/CMakeFiles/test_alloc.dir/depend
make[3]: Entering directory '/<<PKGBUILDDIR>>/obj-x86_64-linux-gnu'
cd /<<PKGBUILDDIR>>/obj-x86_64-linux-gnu && /usr/bin/cmake -E cmake_depends "Unix Makefiles" /<<PKGBUILDDIR>> /<<PKGBUILDDIR>>/tests /<<PKGBUILDDIR>>/obj-x86_64-linux-gnu /<<PKGBUILDDIR>>/obj-x86_64-linux-gnu/tests /<<PKGBUILDDIR>>/obj-x86_64-linux-gnu/tests/CMakeFiles/test_group_fixtures.dir/DependInfo.cmake --color=
make -f tests/CMakeFiles/test_skip.dir/build.make tests/CMakeFiles/test_skip.dir/depend
make[3]: Entering directory '/<<PKGBUILDDIR>>/obj-x86_64-linux-gnu'
cd /<<PKGBUILDDIR>>/obj-x86_64-linux-gnu && /usr/bin/cmake -E cmake_depends "Unix Makefiles" /<<PKGBUILDDIR>> /<<PKGBUILDDIR>>/tests /<<PKGBUILDDIR>>/obj-x86_64-linux-gnu /<<PKGBUILDDIR>>/obj-x86_64-linux-gnu/tests /<<PKGBUILDDIR>>/obj-x86_64-linux-gnu/tests/CMakeFiles/test_group_setup_fail.dir/DependInfo.cmake --color=
make -f tests/CMakeFiles/test_setup_fail.dir/build.make tests/CMakeFiles/test_setup_fail.dir/depend
make[3]: Leaving directory '/<<PKGBUILDDIR>>/obj-x86_64-linux-gnu'
make[3]: Entering directory '/<<PKGBUILDDIR>>/obj-x86_64-linux-gnu'
cd /<<PKGBUILDDIR>>/obj-x86_64-linux-gnu && /usr/bin/cmake -E cmake_depends "Unix Makefiles" /<<PKGBUILDDIR>> /<<PKGBUILDDIR>>/tests /<<PKGBUILDDIR>>/obj-x86_64-linux-gnu /<<PKGBUILDDIR>>/obj-x86_64-linux-gnu/tests /<<PKGBUILDDIR>>/obj-x86_64-linux-gnu/tests/CMakeFiles/test_returns.dir/DependInfo.cmake --color=
make[3]: Entering directory '/<<PKGBUILDDIR>>/obj-x86_64-linux-gnu'
cd /<<PKGBUILDDIR>>/obj-x86_64-linux-gnu && /usr/bin/cmake -E cmake_depends "Unix Makefiles" /<<PKGBUILDDIR>> /<<PKGBUILDDIR>>/tests /<<PKGBUILDDIR>>/obj-x86_64-linux-gnu /<<PKGBUILDDIR>>/obj-x86_64-linux-gnu/tests /<<PKGBUILDDIR>>/obj-x86_64-linux-gnu/tests/CMakeFiles/test_basics.dir/DependInfo.cmake --color=
make -f tests/CMakeFiles/test_ordering_fail.dir/build.make tests/CMakeFiles/test_ordering_fail.dir/depend
make[3]: Entering directory '/<<PKGBUILDDIR>>/obj-x86_64-linux-gnu'
cd /<<PKGBUILDDIR>>/obj-x86_64-linux-gnu && /usr/bin/cmake -E cmake_depends "Unix Makefiles" /<<PKGBUILDDIR>> /<<PKGBUILDDIR>>/tests /<<PKGBUILDDIR>>/obj-x86_64-linux-gnu /<<PKGBUILDDIR>>/obj-x86_64-linux-gnu/tests /<<PKGBUILDDIR>>/obj-x86_64-linux-gnu/tests/CMakeFiles/test_assert_macros_fail.dir/DependInfo.cmake --color=
make[3]: Entering directory '/<<PKGBUILDDIR>>/obj-x86_64-linux-gnu'
cd /<<PKGBUILDDIR>>/obj-x86_64-linux-gnu && /usr/bin/cmake -E cmake_depends "Unix Makefiles" /<<PKGBUILDDIR>> /<<PKGBUILDDIR>>/tests /<<PKGBUILDDIR>>/obj-x86_64-linux-gnu /<<PKGBUILDDIR>>/obj-x86_64-linux-gnu/tests /<<PKGBUILDDIR>>/obj-x86_64-linux-gnu/tests/CMakeFiles/test_exception_handler.dir/DependInfo.cmake --color=
make[3]: Entering directory '/<<PKGBUILDDIR>>/obj-x86_64-linux-gnu'
cd /<<PKGBUILDDIR>>/obj-x86_64-linux-gnu && /usr/bin/cmake -E cmake_depends "Unix Makefiles" /<<PKGBUILDDIR>> /<<PKGBUILDDIR>>/tests /<<PKGBUILDDIR>>/obj-x86_64-linux-gnu /<<PKGBUILDDIR>>/obj-x86_64-linux-gnu/tests /<<PKGBUILDDIR>>/obj-x86_64-linux-gnu/tests/CMakeFiles/test_groups.dir/DependInfo.cmake --color=
make[3]: Entering directory '/<<PKGBUILDDIR>>/obj-x86_64-linux-gnu'
cd /<<PKGBUILDDIR>>/obj-x86_64-linux-gnu && /usr/bin/cmake -E cmake_depends "Unix Makefiles" /<<PKGBUILDDIR>> /<<PKGBUILDDIR>>/tests /<<PKGBUILDDIR>>/obj-x86_64-linux-gnu /<<PKGBUILDDIR>>/obj-x86_64-linux-gnu/tests /<<PKGBUILDDIR>>/obj-x86_64-linux-gnu/tests/CMakeFiles/test_alloc.dir/DependInfo.cmake --color=
make[3]: Entering directory '/<<PKGBUILDDIR>>/obj-x86_64-linux-gnu'
cd /<<PKGBUILDDIR>>/obj-x86_64-linux-gnu && /usr/bin/cmake -E cmake_depends "Unix Makefiles" /<<PKGBUILDDIR>> /<<PKGBUILDDIR>>/tests /<<PKGBUILDDIR>>/obj-x86_64-linux-gnu /<<PKGBUILDDIR>>/obj-x86_64-linux-gnu/tests /<<PKGBUILDDIR>>/obj-x86_64-linux-gnu/tests/CMakeFiles/test_assert_macros.dir/DependInfo.cmake --color=
make[3]: Entering directory '/<<PKGBUILDDIR>>/obj-x86_64-linux-gnu'
cd /<<PKGBUILDDIR>>/obj-x86_64-linux-gnu && /usr/bin/cmake -E cmake_depends "Unix Makefiles" /<<PKGBUILDDIR>> /<<PKGBUILDDIR>>/tests /<<PKGBUILDDIR>>/obj-x86_64-linux-gnu /<<PKGBUILDDIR>>/obj-x86_64-linux-gnu/tests /<<PKGBUILDDIR>>/obj-x86_64-linux-gnu/tests/CMakeFiles/test_ordering_fail.dir/DependInfo.cmake --color=
make[3]: Entering directory '/<<PKGBUILDDIR>>/obj-x86_64-linux-gnu'
cd /<<PKGBUILDDIR>>/obj-x86_64-linux-gnu && /usr/bin/cmake -E cmake_depends "Unix Makefiles" /<<PKGBUILDDIR>> /<<PKGBUILDDIR>>/tests /<<PKGBUILDDIR>>/obj-x86_64-linux-gnu /<<PKGBUILDDIR>>/obj-x86_64-linux-gnu/tests /<<PKGBUILDDIR>>/obj-x86_64-linux-gnu/tests/CMakeFiles/test_fixtures.dir/DependInfo.cmake --color=
make[3]: Entering directory '/<<PKGBUILDDIR>>/obj-x86_64-linux-gnu'
cd /<<PKGBUILDDIR>>/obj-x86_64-linux-gnu && /usr/bin/cmake -E cmake_depends "Unix Makefiles" /<<PKGBUILDDIR>> /<<PKGBUILDDIR>>/tests /<<PKGBUILDDIR>>/obj-x86_64-linux-gnu /<<PKGBUILDDIR>>/obj-x86_64-linux-gnu/tests /<<PKGBUILDDIR>>/obj-x86_64-linux-gnu/tests/CMakeFiles/test_setup_fail.dir/DependInfo.cmake --color=
make[3]: Entering directory '/<<PKGBUILDDIR>>/obj-x86_64-linux-gnu'
cd /<<PKGBUILDDIR>>/obj-x86_64-linux-gnu && /usr/bin/cmake -E cmake_depends "Unix Makefiles" /<<PKGBUILDDIR>> /<<PKGBUILDDIR>>/tests /<<PKGBUILDDIR>>/obj-x86_64-linux-gnu /<<PKGBUILDDIR>>/obj-x86_64-linux-gnu/tests /<<PKGBUILDDIR>>/obj-x86_64-linux-gnu/tests/CMakeFiles/test_skip.dir/DependInfo.cmake --color=
Scanning dependencies of target test_groups
Scanning dependencies of target test_group_fixtures
make[3]: Leaving directory '/<<PKGBUILDDIR>>/obj-x86_64-linux-gnu'
make -f tests/CMakeFiles/test_groups.dir/build.make tests/CMakeFiles/test_groups.dir/build
make[3]: Leaving directory '/<<PKGBUILDDIR>>/obj-x86_64-linux-gnu'
make -f tests/CMakeFiles/test_group_fixtures.dir/build.make tests/CMakeFiles/test_group_fixtures.dir/build
make[3]: Entering directory '/<<PKGBUILDDIR>>/obj-x86_64-linux-gnu'
make[3]: Entering directory '/<<PKGBUILDDIR>>/obj-x86_64-linux-gnu'
Scanning dependencies of target test_exception_handler
Scanning dependencies of target test_returns
make[3]: Leaving directory '/<<PKGBUILDDIR>>/obj-x86_64-linux-gnu'
Scanning dependencies of target test_group_setup_assert
make -f tests/CMakeFiles/test_exception_handler.dir/build.make tests/CMakeFiles/test_exception_handler.dir/build
make[3]: Leaving directory '/<<PKGBUILDDIR>>/obj-x86_64-linux-gnu'
make -f tests/CMakeFiles/test_returns.dir/build.make tests/CMakeFiles/test_returns.dir/build
Scanning dependencies of target test_ordering_fail
make[3]: Leaving directory '/<<PKGBUILDDIR>>/obj-x86_64-linux-gnu'
make -f tests/CMakeFiles/test_group_setup_assert.dir/build.make tests/CMakeFiles/test_group_setup_assert.dir/build
Scanning dependencies of target test_cmockery
Scanning dependencies of target test_assert_macros_fail
make[3]: Leaving directory '/<<PKGBUILDDIR>>/obj-x86_64-linux-gnu'
make -f tests/CMakeFiles/test_ordering_fail.dir/build.make tests/CMakeFiles/test_ordering_fail.dir/build
make[3]: Leaving directory '/<<PKGBUILDDIR>>/obj-x86_64-linux-gnu'
make -f tests/CMakeFiles/test_cmockery.dir/build.make tests/CMakeFiles/test_cmockery.dir/build
make[3]: Leaving directory '/<<PKGBUILDDIR>>/obj-x86_64-linux-gnu'
make[3]: Entering directory '/<<PKGBUILDDIR>>/obj-x86_64-linux-gnu'
make -f tests/CMakeFiles/test_assert_macros_fail.dir/build.make tests/CMakeFiles/test_assert_macros_fail.dir/build
make[3]: Entering directory '/<<PKGBUILDDIR>>/obj-x86_64-linux-gnu'
[  6%] Built target cmocka_shared
make[3]: Entering directory '/<<PKGBUILDDIR>>/obj-x86_64-linux-gnu'
make[3]: Entering directory '/<<PKGBUILDDIR>>/obj-x86_64-linux-gnu'
make -f tests/CMakeFiles/test_ordering.dir/build.make tests/CMakeFiles/test_ordering.dir/depend
make[3]: Entering directory '/<<PKGBUILDDIR>>/obj-x86_64-linux-gnu'
cd /<<PKGBUILDDIR>>/obj-x86_64-linux-gnu && /usr/bin/cmake -E cmake_depends "Unix Makefiles" /<<PKGBUILDDIR>> /<<PKGBUILDDIR>>/tests /<<PKGBUILDDIR>>/obj-x86_64-linux-gnu /<<PKGBUILDDIR>>/obj-x86_64-linux-gnu/tests /<<PKGBUILDDIR>>/obj-x86_64-linux-gnu/tests/CMakeFiles/test_ordering.dir/DependInfo.cmake --color=
[  7%] Building C object tests/CMakeFiles/test_groups.dir/test_groups.c.o
cd /<<PKGBUILDDIR>>/obj-x86_64-linux-gnu/tests && /usr/bin/cc  -I/<<PKGBUILDDIR>>/obj-x86_64-linux-gnu/tests -I/<<PKGBUILDDIR>>/tests -I/<<PKGBUILDDIR>>/obj-x86_64-linux-gnu -I/<<PKGBUILDDIR>>/include  -g -O2 -fdebug-prefix-map=/<<PKGBUILDDIR>>=. -fstack-protector-strong -Wformat -Werror=format-security -Wdate-time -D_FORTIFY_SOURCE=2 -std=gnu99 -pedantic -pedantic-errors -Wall -Wextra -Wshadow -Wmissing-prototypes -Wdeclaration-after-statement -Wunused -Wfloat-equal -Wpointer-arith -Wwrite-strings -Wformat-security -Wmissing-format-attribute -Wundef -Wstrict-prototypes -fPIC -fstack-protector -D_GNU_SOURCE -D_LARGEFILE64_SOURCE   -o CMakeFiles/test_groups.dir/test_groups.c.o   -c /<<PKGBUILDDIR>>/tests/test_groups.c
Scanning dependencies of target test_basics
make[3]: Leaving directory '/<<PKGBUILDDIR>>/obj-x86_64-linux-gnu'
Scanning dependencies of target test_fixtures
make -f tests/CMakeFiles/test_basics.dir/build.make tests/CMakeFiles/test_basics.dir/build
Scanning dependencies of target test_group_setup_fail
[  9%] Building C object tests/CMakeFiles/test_group_fixtures.dir/test_group_fixtures.c.o
Scanning dependencies of target test_skip
make[3]: Leaving directory '/<<PKGBUILDDIR>>/obj-x86_64-linux-gnu'
make -f tests/CMakeFiles/test_fixtures.dir/build.make tests/CMakeFiles/test_fixtures.dir/build
cd /<<PKGBUILDDIR>>/obj-x86_64-linux-gnu/tests && /usr/bin/cc  -I/<<PKGBUILDDIR>>/obj-x86_64-linux-gnu/tests -I/<<PKGBUILDDIR>>/tests -I/<<PKGBUILDDIR>>/obj-x86_64-linux-gnu -I/<<PKGBUILDDIR>>/include  -g -O2 -fdebug-prefix-map=/<<PKGBUILDDIR>>=. -fstack-protector-strong -Wformat -Werror=format-security -Wdate-time -D_FORTIFY_SOURCE=2 -std=gnu99 -pedantic -pedantic-errors -Wall -Wextra -Wshadow -Wmissing-prototypes -Wdeclaration-after-statement -Wunused -Wfloat-equal -Wpointer-arith -Wwrite-strings -Wformat-security -Wmissing-format-attribute -Wundef -Wstrict-prototypes -fPIC -fstack-protector -D_GNU_SOURCE -D_LARGEFILE64_SOURCE   -o CMakeFiles/test_group_fixtures.dir/test_group_fixtures.c.o   -c /<<PKGBUILDDIR>>/tests/test_group_fixtures.c
make[3]: Entering directory '/<<PKGBUILDDIR>>/obj-x86_64-linux-gnu'
make[3]: Leaving directory '/<<PKGBUILDDIR>>/obj-x86_64-linux-gnu'
make[3]: Entering directory '/<<PKGBUILDDIR>>/obj-x86_64-linux-gnu'
[ 10%] Building C object tests/CMakeFiles/test_group_setup_assert.dir/test_group_setup_assert.c.o
make[3]: Leaving directory '/<<PKGBUILDDIR>>/obj-x86_64-linux-gnu'
make -f tests/CMakeFiles/test_group_setup_fail.dir/build.make tests/CMakeFiles/test_group_setup_fail.dir/build
[ 12%] Building C object tests/CMakeFiles/test_ordering_fail.dir/test_ordering_fail.c.o
make -f tests/CMakeFiles/test_skip.dir/build.make tests/CMakeFiles/test_skip.dir/build
cd /<<PKGBUILDDIR>>/obj-x86_64-linux-gnu/tests && /usr/bin/cc  -I/<<PKGBUILDDIR>>/obj-x86_64-linux-gnu/tests -I/<<PKGBUILDDIR>>/tests -I/<<PKGBUILDDIR>>/obj-x86_64-linux-gnu -I/<<PKGBUILDDIR>>/include  -g -O2 -fdebug-prefix-map=/<<PKGBUILDDIR>>=. -fstack-protector-strong -Wformat -Werror=format-security -Wdate-time -D_FORTIFY_SOURCE=2 -std=gnu99 -pedantic -pedantic-errors -Wall -Wextra -Wshadow -Wmissing-prototypes -Wdeclaration-after-statement -Wunused -Wfloat-equal -Wpointer-arith -Wwrite-strings -Wformat-security -Wmissing-format-attribute -Wundef -Wstrict-prototypes -fPIC -fstack-protector -D_GNU_SOURCE -D_LARGEFILE64_SOURCE   -o CMakeFiles/test_group_setup_assert.dir/test_group_setup_assert.c.o   -c /<<PKGBUILDDIR>>/tests/test_group_setup_assert.c
make[3]: Entering directory '/<<PKGBUILDDIR>>/obj-x86_64-linux-gnu'
cd /<<PKGBUILDDIR>>/obj-x86_64-linux-gnu/tests && /usr/bin/cc  -I/<<PKGBUILDDIR>>/obj-x86_64-linux-gnu/tests -I/<<PKGBUILDDIR>>/tests -I/<<PKGBUILDDIR>>/obj-x86_64-linux-gnu -I/<<PKGBUILDDIR>>/include  -g -O2 -fdebug-prefix-map=/<<PKGBUILDDIR>>=. -fstack-protector-strong -Wformat -Werror=format-security -Wdate-time -D_FORTIFY_SOURCE=2 -std=gnu99 -pedantic -pedantic-errors -Wall -Wextra -Wshadow -Wmissing-prototypes -Wdeclaration-after-statement -Wunused -Wfloat-equal -Wpointer-arith -Wwrite-strings -Wformat-security -Wmissing-format-attribute -Wundef -Wstrict-prototypes -fPIC -fstack-protector -D_GNU_SOURCE -D_LARGEFILE64_SOURCE   -o CMakeFiles/test_ordering_fail.dir/test_ordering_fail.c.o   -c /<<PKGBUILDDIR>>/tests/test_ordering_fail.c
Scanning dependencies of target test_setup_fail
Scanning dependencies of target test_alloc
[ 14%] Building C object tests/CMakeFiles/test_cmockery.dir/test_cmockery.c.o
make[3]: Leaving directory '/<<PKGBUILDDIR>>/obj-x86_64-linux-gnu'
make[3]: Leaving directory '/<<PKGBUILDDIR>>/obj-x86_64-linux-gnu'
make -f tests/CMakeFiles/test_setup_fail.dir/build.make tests/CMakeFiles/test_setup_fail.dir/build
make -f tests/CMakeFiles/test_alloc.dir/build.make tests/CMakeFiles/test_alloc.dir/build
Scanning dependencies of target test_assert_macros
cd /<<PKGBUILDDIR>>/obj-x86_64-linux-gnu/tests && /usr/bin/cc  -I/<<PKGBUILDDIR>>/obj-x86_64-linux-gnu/tests -I/<<PKGBUILDDIR>>/tests -I/<<PKGBUILDDIR>>/obj-x86_64-linux-gnu -I/<<PKGBUILDDIR>>/include  -g -O2 -fdebug-prefix-map=/<<PKGBUILDDIR>>=. -fstack-protector-strong -Wformat -Werror=format-security -Wdate-time -D_FORTIFY_SOURCE=2 -std=gnu99 -pedantic -pedantic-errors -Wall -Wextra -Wshadow -Wmissing-prototypes -Wdeclaration-after-statement -Wunused -Wfloat-equal -Wpointer-arith -Wwrite-strings -Wformat-security -Wmissing-format-attribute -Wundef -Wstrict-prototypes -fPIC -fstack-protector -D_GNU_SOURCE -D_LARGEFILE64_SOURCE   -Wno-deprecated-declarations -o CMakeFiles/test_cmockery.dir/test_cmockery.c.o   -c /<<PKGBUILDDIR>>/tests/test_cmockery.c
make[3]: Leaving directory '/<<PKGBUILDDIR>>/obj-x86_64-linux-gnu'
make -f tests/CMakeFiles/test_assert_macros.dir/build.make tests/CMakeFiles/test_assert_macros.dir/build
make[3]: Entering directory '/<<PKGBUILDDIR>>/obj-x86_64-linux-gnu'
make[3]: Entering directory '/<<PKGBUILDDIR>>/obj-x86_64-linux-gnu'
make[3]: Entering directory '/<<PKGBUILDDIR>>/obj-x86_64-linux-gnu'
make[3]: Entering directory '/<<PKGBUILDDIR>>/obj-x86_64-linux-gnu'
make[3]: Entering directory '/<<PKGBUILDDIR>>/obj-x86_64-linux-gnu'
Scanning dependencies of target test_ordering
make[3]: Leaving directory '/<<PKGBUILDDIR>>/obj-x86_64-linux-gnu'
make -f tests/CMakeFiles/test_ordering.dir/build.make tests/CMakeFiles/test_ordering.dir/build
make[3]: Entering directory '/<<PKGBUILDDIR>>/obj-x86_64-linux-gnu'
make[3]: Entering directory '/<<PKGBUILDDIR>>/obj-x86_64-linux-gnu'
[ 15%] Building C object tests/CMakeFiles/test_assert_macros_fail.dir/test_assert_macros_fail.c.o
[ 17%] Building C object tests/CMakeFiles/test_returns.dir/test_returns.c.o
cd /<<PKGBUILDDIR>>/obj-x86_64-linux-gnu/tests && /usr/bin/cc  -I/<<PKGBUILDDIR>>/obj-x86_64-linux-gnu/tests -I/<<PKGBUILDDIR>>/tests -I/<<PKGBUILDDIR>>/obj-x86_64-linux-gnu -I/<<PKGBUILDDIR>>/include  -g -O2 -fdebug-prefix-map=/<<PKGBUILDDIR>>=. -fstack-protector-strong -Wformat -Werror=format-security -Wdate-time -D_FORTIFY_SOURCE=2 -std=gnu99 -pedantic -pedantic-errors -Wall -Wextra -Wshadow -Wmissing-prototypes -Wdeclaration-after-statement -Wunused -Wfloat-equal -Wpointer-arith -Wwrite-strings -Wformat-security -Wmissing-format-attribute -Wundef -Wstrict-prototypes -fPIC -fstack-protector -D_GNU_SOURCE -D_LARGEFILE64_SOURCE   -o CMakeFiles/test_assert_macros_fail.dir/test_assert_macros_fail.c.o   -c /<<PKGBUILDDIR>>/tests/test_assert_macros_fail.c
cd /<<PKGBUILDDIR>>/obj-x86_64-linux-gnu/tests && /usr/bin/cc  -I/<<PKGBUILDDIR>>/obj-x86_64-linux-gnu/tests -I/<<PKGBUILDDIR>>/tests -I/<<PKGBUILDDIR>>/obj-x86_64-linux-gnu -I/<<PKGBUILDDIR>>/include  -g -O2 -fdebug-prefix-map=/<<PKGBUILDDIR>>=. -fstack-protector-strong -Wformat -Werror=format-security -Wdate-time -D_FORTIFY_SOURCE=2 -std=gnu99 -pedantic -pedantic-errors -Wall -Wextra -Wshadow -Wmissing-prototypes -Wdeclaration-after-statement -Wunused -Wfloat-equal -Wpointer-arith -Wwrite-strings -Wformat-security -Wmissing-format-attribute -Wundef -Wstrict-prototypes -fPIC -fstack-protector -D_GNU_SOURCE -D_LARGEFILE64_SOURCE   -o CMakeFiles/test_returns.dir/test_returns.c.o   -c /<<PKGBUILDDIR>>/tests/test_returns.c
[ 18%] Building C object tests/CMakeFiles/test_skip.dir/test_skip.c.o
[ 20%] Building C object tests/CMakeFiles/test_group_setup_fail.dir/test_group_setup_fail.c.o
cd /<<PKGBUILDDIR>>/obj-x86_64-linux-gnu/tests && /usr/bin/cc  -I/<<PKGBUILDDIR>>/obj-x86_64-linux-gnu/tests -I/<<PKGBUILDDIR>>/tests -I/<<PKGBUILDDIR>>/obj-x86_64-linux-gnu -I/<<PKGBUILDDIR>>/include  -g -O2 -fdebug-prefix-map=/<<PKGBUILDDIR>>=. -fstack-protector-strong -Wformat -Werror=format-security -Wdate-time -D_FORTIFY_SOURCE=2 -std=gnu99 -pedantic -pedantic-errors -Wall -Wextra -Wshadow -Wmissing-prototypes -Wdeclaration-after-statement -Wunused -Wfloat-equal -Wpointer-arith -Wwrite-strings -Wformat-security -Wmissing-format-attribute -Wundef -Wstrict-prototypes -fPIC -fstack-protector -D_GNU_SOURCE -D_LARGEFILE64_SOURCE   -o CMakeFiles/test_skip.dir/test_skip.c.o   -c /<<PKGBUILDDIR>>/tests/test_skip.c
[ 21%] Building C object tests/CMakeFiles/test_alloc.dir/test_alloc.c.o
cd /<<PKGBUILDDIR>>/obj-x86_64-linux-gnu/tests && /usr/bin/cc  -I/<<PKGBUILDDIR>>/obj-x86_64-linux-gnu/tests -I/<<PKGBUILDDIR>>/tests -I/<<PKGBUILDDIR>>/obj-x86_64-linux-gnu -I/<<PKGBUILDDIR>>/include  -g -O2 -fdebug-prefix-map=/<<PKGBUILDDIR>>=. -fstack-protector-strong -Wformat -Werror=format-security -Wdate-time -D_FORTIFY_SOURCE=2 -std=gnu99 -pedantic -pedantic-errors -Wall -Wextra -Wshadow -Wmissing-prototypes -Wdeclaration-after-statement -Wunused -Wfloat-equal -Wpointer-arith -Wwrite-strings -Wformat-security -Wmissing-format-attribute -Wundef -Wstrict-prototypes -fPIC -fstack-protector -D_GNU_SOURCE -D_LARGEFILE64_SOURCE   -o CMakeFiles/test_group_setup_fail.dir/test_group_setup_fail.c.o   -c /<<PKGBUILDDIR>>/tests/test_group_setup_fail.c
cd /<<PKGBUILDDIR>>/obj-x86_64-linux-gnu/tests && /usr/bin/cc  -I/<<PKGBUILDDIR>>/obj-x86_64-linux-gnu/tests -I/<<PKGBUILDDIR>>/tests -I/<<PKGBUILDDIR>>/obj-x86_64-linux-gnu -I/<<PKGBUILDDIR>>/include  -g -O2 -fdebug-prefix-map=/<<PKGBUILDDIR>>=. -fstack-protector-strong -Wformat -Werror=format-security -Wdate-time -D_FORTIFY_SOURCE=2 -std=gnu99 -pedantic -pedantic-errors -Wall -Wextra -Wshadow -Wmissing-prototypes -Wdeclaration-after-statement -Wunused -Wfloat-equal -Wpointer-arith -Wwrite-strings -Wformat-security -Wmissing-format-attribute -Wundef -Wstrict-prototypes -fPIC -fstack-protector -D_GNU_SOURCE -D_LARGEFILE64_SOURCE   -o CMakeFiles/test_alloc.dir/test_alloc.c.o   -c /<<PKGBUILDDIR>>/tests/test_alloc.c
[ 23%] Building C object tests/CMakeFiles/test_setup_fail.dir/test_setup_fail.c.o
[ 25%] Building C object tests/CMakeFiles/test_fixtures.dir/test_fixtures.c.o
cd /<<PKGBUILDDIR>>/obj-x86_64-linux-gnu/tests && /usr/bin/cc  -I/<<PKGBUILDDIR>>/obj-x86_64-linux-gnu/tests -I/<<PKGBUILDDIR>>/tests -I/<<PKGBUILDDIR>>/obj-x86_64-linux-gnu -I/<<PKGBUILDDIR>>/include  -g -O2 -fdebug-prefix-map=/<<PKGBUILDDIR>>=. -fstack-protector-strong -Wformat -Werror=format-security -Wdate-time -D_FORTIFY_SOURCE=2 -std=gnu99 -pedantic -pedantic-errors -Wall -Wextra -Wshadow -Wmissing-prototypes -Wdeclaration-after-statement -Wunused -Wfloat-equal -Wpointer-arith -Wwrite-strings -Wformat-security -Wmissing-format-attribute -Wundef -Wstrict-prototypes -fPIC -fstack-protector -D_GNU_SOURCE -D_LARGEFILE64_SOURCE   -o CMakeFiles/test_setup_fail.dir/test_setup_fail.c.o   -c /<<PKGBUILDDIR>>/tests/test_setup_fail.c
cd /<<PKGBUILDDIR>>/obj-x86_64-linux-gnu/tests && /usr/bin/cc  -I/<<PKGBUILDDIR>>/obj-x86_64-linux-gnu/tests -I/<<PKGBUILDDIR>>/tests -I/<<PKGBUILDDIR>>/obj-x86_64-linux-gnu -I/<<PKGBUILDDIR>>/include  -g -O2 -fdebug-prefix-map=/<<PKGBUILDDIR>>=. -fstack-protector-strong -Wformat -Werror=format-security -Wdate-time -D_FORTIFY_SOURCE=2 -std=gnu99 -pedantic -pedantic-errors -Wall -Wextra -Wshadow -Wmissing-prototypes -Wdeclaration-after-statement -Wunused -Wfloat-equal -Wpointer-arith -Wwrite-strings -Wformat-security -Wmissing-format-attribute -Wundef -Wstrict-prototypes -fPIC -fstack-protector -D_GNU_SOURCE -D_LARGEFILE64_SOURCE   -o CMakeFiles/test_fixtures.dir/test_fixtures.c.o   -c /<<PKGBUILDDIR>>/tests/test_fixtures.c
[ 28%] Building C object tests/CMakeFiles/test_basics.dir/test_basics.c.o
[ 28%] Building C object tests/CMakeFiles/test_exception_handler.dir/test_exception_handler.c.o
cd /<<PKGBUILDDIR>>/obj-x86_64-linux-gnu/tests && /usr/bin/cc  -I/<<PKGBUILDDIR>>/obj-x86_64-linux-gnu/tests -I/<<PKGBUILDDIR>>/tests -I/<<PKGBUILDDIR>>/obj-x86_64-linux-gnu -I/<<PKGBUILDDIR>>/include  -g -O2 -fdebug-prefix-map=/<<PKGBUILDDIR>>=. -fstack-protector-strong -Wformat -Werror=format-security -Wdate-time -D_FORTIFY_SOURCE=2 -std=gnu99 -pedantic -pedantic-errors -Wall -Wextra -Wshadow -Wmissing-prototypes -Wdeclaration-after-statement -Wunused -Wfloat-equal -Wpointer-arith -Wwrite-strings -Wformat-security -Wmissing-format-attribute -Wundef -Wstrict-prototypes -fPIC -fstack-protector -D_GNU_SOURCE -D_LARGEFILE64_SOURCE   -o CMakeFiles/test_basics.dir/test_basics.c.o   -c /<<PKGBUILDDIR>>/tests/test_basics.c
cd /<<PKGBUILDDIR>>/obj-x86_64-linux-gnu/tests && /usr/bin/cc  -I/<<PKGBUILDDIR>>/obj-x86_64-linux-gnu/tests -I/<<PKGBUILDDIR>>/tests -I/<<PKGBUILDDIR>>/obj-x86_64-linux-gnu -I/<<PKGBUILDDIR>>/include  -g -O2 -fdebug-prefix-map=/<<PKGBUILDDIR>>=. -fstack-protector-strong -Wformat -Werror=format-security -Wdate-time -D_FORTIFY_SOURCE=2 -std=gnu99 -pedantic -pedantic-errors -Wall -Wextra -Wshadow -Wmissing-prototypes -Wdeclaration-after-statement -Wunused -Wfloat-equal -Wpointer-arith -Wwrite-strings -Wformat-security -Wmissing-format-attribute -Wundef -Wstrict-prototypes -fPIC -fstack-protector -D_GNU_SOURCE -D_LARGEFILE64_SOURCE   -o CMakeFiles/test_exception_handler.dir/test_exception_handler.c.o   -c /<<PKGBUILDDIR>>/tests/test_exception_handler.c
[ 29%] Building C object tests/CMakeFiles/test_assert_macros.dir/test_assert_macros.c.o
cd /<<PKGBUILDDIR>>/obj-x86_64-linux-gnu/tests && /usr/bin/cc  -I/<<PKGBUILDDIR>>/obj-x86_64-linux-gnu/tests -I/<<PKGBUILDDIR>>/tests -I/<<PKGBUILDDIR>>/obj-x86_64-linux-gnu -I/<<PKGBUILDDIR>>/include  -g -O2 -fdebug-prefix-map=/<<PKGBUILDDIR>>=. -fstack-protector-strong -Wformat -Werror=format-security -Wdate-time -D_FORTIFY_SOURCE=2 -std=gnu99 -pedantic -pedantic-errors -Wall -Wextra -Wshadow -Wmissing-prototypes -Wdeclaration-after-statement -Wunused -Wfloat-equal -Wpointer-arith -Wwrite-strings -Wformat-security -Wmissing-format-attribute -Wundef -Wstrict-prototypes -fPIC -fstack-protector -D_GNU_SOURCE -D_LARGEFILE64_SOURCE   -o CMakeFiles/test_assert_macros.dir/test_assert_macros.c.o   -c /<<PKGBUILDDIR>>/tests/test_assert_macros.c
[ 31%] Building C object tests/CMakeFiles/test_ordering.dir/test_ordering.c.o
cd /<<PKGBUILDDIR>>/obj-x86_64-linux-gnu/tests && /usr/bin/cc  -I/<<PKGBUILDDIR>>/obj-x86_64-linux-gnu/tests -I/<<PKGBUILDDIR>>/tests -I/<<PKGBUILDDIR>>/obj-x86_64-linux-gnu -I/<<PKGBUILDDIR>>/include  -g -O2 -fdebug-prefix-map=/<<PKGBUILDDIR>>=. -fstack-protector-strong -Wformat -Werror=format-security -Wdate-time -D_FORTIFY_SOURCE=2 -std=gnu99 -pedantic -pedantic-errors -Wall -Wextra -Wshadow -Wmissing-prototypes -Wdeclaration-after-statement -Wunused -Wfloat-equal -Wpointer-arith -Wwrite-strings -Wformat-security -Wmissing-format-attribute -Wundef -Wstrict-prototypes -fPIC -fstack-protector -D_GNU_SOURCE -D_LARGEFILE64_SOURCE   -o CMakeFiles/test_ordering.dir/test_ordering.c.o   -c /<<PKGBUILDDIR>>/tests/test_ordering.c
[ 32%] Linking C executable test_groups
cd /<<PKGBUILDDIR>>/obj-x86_64-linux-gnu/tests && /usr/bin/cmake -E cmake_link_script CMakeFiles/test_groups.dir/link.txt --verbose=1
[ 35%] Linking C executable test_setup_fail
[ 35%] Linking C executable test_group_setup_assert
cd /<<PKGBUILDDIR>>/obj-x86_64-linux-gnu/tests && /usr/bin/cmake -E cmake_link_script CMakeFiles/test_setup_fail.dir/link.txt --verbose=1
cd /<<PKGBUILDDIR>>/obj-x86_64-linux-gnu/tests && /usr/bin/cmake -E cmake_link_script CMakeFiles/test_group_setup_assert.dir/link.txt --verbose=1
[ 37%] Linking C executable test_group_fixtures
[ 39%] Linking C executable test_basics
cd /<<PKGBUILDDIR>>/obj-x86_64-linux-gnu/tests && /usr/bin/cmake -E cmake_link_script CMakeFiles/test_basics.dir/link.txt --verbose=1
cd /<<PKGBUILDDIR>>/obj-x86_64-linux-gnu/tests && /usr/bin/cmake -E cmake_link_script CMakeFiles/test_group_fixtures.dir/link.txt --verbose=1
[ 40%] Linking C executable test_ordering_fail
[ 42%] Linking C executable test_group_setup_fail
cd /<<PKGBUILDDIR>>/obj-x86_64-linux-gnu/tests && /usr/bin/cmake -E cmake_link_script CMakeFiles/test_ordering_fail.dir/link.txt --verbose=1
/usr/bin/cc -g -O2 -fdebug-prefix-map=/<<PKGBUILDDIR>>=. -fstack-protector-strong -Wformat -Werror=format-security -Wdate-time -D_FORTIFY_SOURCE=2 -std=gnu99 -pedantic -pedantic-errors -Wall -Wextra -Wshadow -Wmissing-prototypes -Wdeclaration-after-statement -Wunused -Wfloat-equal -Wpointer-arith -Wwrite-strings -Wformat-security -Wmissing-format-attribute -Wundef -Wstrict-prototypes -fPIC -fstack-protector -D_GNU_SOURCE -D_LARGEFILE64_SOURCE  -Wl,-z,relro -Wl,-z,now -rdynamic CMakeFiles/test_groups.dir/test_groups.c.o  -o test_groups ../src/libcmocka.a 
cd /<<PKGBUILDDIR>>/obj-x86_64-linux-gnu/tests && /usr/bin/cmake -E cmake_link_script CMakeFiles/test_group_setup_fail.dir/link.txt --verbose=1
[ 43%] Linking C executable test_skip
cd /<<PKGBUILDDIR>>/obj-x86_64-linux-gnu/tests && /usr/bin/cmake -E cmake_link_script CMakeFiles/test_skip.dir/link.txt --verbose=1
/usr/bin/cc -g -O2 -fdebug-prefix-map=/<<PKGBUILDDIR>>=. -fstack-protector-strong -Wformat -Werror=format-security -Wdate-time -D_FORTIFY_SOURCE=2 -std=gnu99 -pedantic -pedantic-errors -Wall -Wextra -Wshadow -Wmissing-prototypes -Wdeclaration-after-statement -Wunused -Wfloat-equal -Wpointer-arith -Wwrite-strings -Wformat-security -Wmissing-format-attribute -Wundef -Wstrict-prototypes -fPIC -fstack-protector -D_GNU_SOURCE -D_LARGEFILE64_SOURCE  -Wl,-z,relro -Wl,-z,now -rdynamic CMakeFiles/test_setup_fail.dir/test_setup_fail.c.o  -o test_setup_fail ../src/libcmocka.a 
[ 45%] Linking C executable test_exception_handler
cd /<<PKGBUILDDIR>>/obj-x86_64-linux-gnu/tests && /usr/bin/cmake -E cmake_link_script CMakeFiles/test_exception_handler.dir/link.txt --verbose=1
/usr/bin/cc -g -O2 -fdebug-prefix-map=/<<PKGBUILDDIR>>=. -fstack-protector-strong -Wformat -Werror=format-security -Wdate-time -D_FORTIFY_SOURCE=2 -std=gnu99 -pedantic -pedantic-errors -Wall -Wextra -Wshadow -Wmissing-prototypes -Wdeclaration-after-statement -Wunused -Wfloat-equal -Wpointer-arith -Wwrite-strings -Wformat-security -Wmissing-format-attribute -Wundef -Wstrict-prototypes -fPIC -fstack-protector -D_GNU_SOURCE -D_LARGEFILE64_SOURCE  -Wl,-z,relro -Wl,-z,now -rdynamic CMakeFiles/test_group_fixtures.dir/test_group_fixtures.c.o  -o test_group_fixtures ../src/libcmocka.a 
/usr/bin/cc -g -O2 -fdebug-prefix-map=/<<PKGBUILDDIR>>=. -fstack-protector-strong -Wformat -Werror=format-security -Wdate-time -D_FORTIFY_SOURCE=2 -std=gnu99 -pedantic -pedantic-errors -Wall -Wextra -Wshadow -Wmissing-prototypes -Wdeclaration-after-statement -Wunused -Wfloat-equal -Wpointer-arith -Wwrite-strings -Wformat-security -Wmissing-format-attribute -Wundef -Wstrict-prototypes -fPIC -fstack-protector -D_GNU_SOURCE -D_LARGEFILE64_SOURCE  -Wl,-z,relro -Wl,-z,now -rdynamic CMakeFiles/test_basics.dir/test_basics.c.o  -o test_basics ../src/libcmocka.a 
/usr/bin/cc -g -O2 -fdebug-prefix-map=/<<PKGBUILDDIR>>=. -fstack-protector-strong -Wformat -Werror=format-security -Wdate-time -D_FORTIFY_SOURCE=2 -std=gnu99 -pedantic -pedantic-errors -Wall -Wextra -Wshadow -Wmissing-prototypes -Wdeclaration-after-statement -Wunused -Wfloat-equal -Wpointer-arith -Wwrite-strings -Wformat-security -Wmissing-format-attribute -Wundef -Wstrict-prototypes -fPIC -fstack-protector -D_GNU_SOURCE -D_LARGEFILE64_SOURCE  -Wl,-z,relro -Wl,-z,now -rdynamic CMakeFiles/test_group_setup_fail.dir/test_group_setup_fail.c.o  -o test_group_setup_fail ../src/libcmocka.a 
/usr/bin/cc -g -O2 -fdebug-prefix-map=/<<PKGBUILDDIR>>=. -fstack-protector-strong -Wformat -Werror=format-security -Wdate-time -D_FORTIFY_SOURCE=2 -std=gnu99 -pedantic -pedantic-errors -Wall -Wextra -Wshadow -Wmissing-prototypes -Wdeclaration-after-statement -Wunused -Wfloat-equal -Wpointer-arith -Wwrite-strings -Wformat-security -Wmissing-format-attribute -Wundef -Wstrict-prototypes -fPIC -fstack-protector -D_GNU_SOURCE -D_LARGEFILE64_SOURCE  -Wl,-z,relro -Wl,-z,now -rdynamic CMakeFiles/test_ordering_fail.dir/test_ordering_fail.c.o  -o test_ordering_fail ../src/libcmocka.a 
/usr/bin/cc -g -O2 -fdebug-prefix-map=/<<PKGBUILDDIR>>=. -fstack-protector-strong -Wformat -Werror=format-security -Wdate-time -D_FORTIFY_SOURCE=2 -std=gnu99 -pedantic -pedantic-errors -Wall -Wextra -Wshadow -Wmissing-prototypes -Wdeclaration-after-statement -Wunused -Wfloat-equal -Wpointer-arith -Wwrite-strings -Wformat-security -Wmissing-format-attribute -Wundef -Wstrict-prototypes -fPIC -fstack-protector -D_GNU_SOURCE -D_LARGEFILE64_SOURCE  -Wl,-z,relro -Wl,-z,now -rdynamic CMakeFiles/test_group_setup_assert.dir/test_group_setup_assert.c.o  -o test_group_setup_assert ../src/libcmocka.a 
[ 46%] Linking C executable test_returns
[ 48%] Linking C executable test_cmockery
cd /<<PKGBUILDDIR>>/obj-x86_64-linux-gnu/tests && /usr/bin/cmake -E cmake_link_script CMakeFiles/test_returns.dir/link.txt --verbose=1
cd /<<PKGBUILDDIR>>/obj-x86_64-linux-gnu/tests && /usr/bin/cmake -E cmake_link_script CMakeFiles/test_cmockery.dir/link.txt --verbose=1
[ 50%] Linking C executable test_assert_macros_fail
[ 51%] Linking C executable test_fixtures
cd /<<PKGBUILDDIR>>/obj-x86_64-linux-gnu/tests && /usr/bin/cmake -E cmake_link_script CMakeFiles/test_fixtures.dir/link.txt --verbose=1
cd /<<PKGBUILDDIR>>/obj-x86_64-linux-gnu/tests && /usr/bin/cmake -E cmake_link_script CMakeFiles/test_assert_macros_fail.dir/link.txt --verbose=1
/usr/bin/cc -g -O2 -fdebug-prefix-map=/<<PKGBUILDDIR>>=. -fstack-protector-strong -Wformat -Werror=format-security -Wdate-time -D_FORTIFY_SOURCE=2 -std=gnu99 -pedantic -pedantic-errors -Wall -Wextra -Wshadow -Wmissing-prototypes -Wdeclaration-after-statement -Wunused -Wfloat-equal -Wpointer-arith -Wwrite-strings -Wformat-security -Wmissing-format-attribute -Wundef -Wstrict-prototypes -fPIC -fstack-protector -D_GNU_SOURCE -D_LARGEFILE64_SOURCE  -Wl,-z,relro -Wl,-z,now -rdynamic CMakeFiles/test_skip.dir/test_skip.c.o  -o test_skip ../src/libcmocka.a 
/usr/bin/cc -g -O2 -fdebug-prefix-map=/<<PKGBUILDDIR>>=. -fstack-protector-strong -Wformat -Werror=format-security -Wdate-time -D_FORTIFY_SOURCE=2 -std=gnu99 -pedantic -pedantic-errors -Wall -Wextra -Wshadow -Wmissing-prototypes -Wdeclaration-after-statement -Wunused -Wfloat-equal -Wpointer-arith -Wwrite-strings -Wformat-security -Wmissing-format-attribute -Wundef -Wstrict-prototypes -fPIC -fstack-protector -D_GNU_SOURCE -D_LARGEFILE64_SOURCE  -Wl,-z,relro -Wl,-z,now -rdynamic CMakeFiles/test_exception_handler.dir/test_exception_handler.c.o  -o test_exception_handler ../src/libcmocka.a 
/usr/bin/cc -g -O2 -fdebug-prefix-map=/<<PKGBUILDDIR>>=. -fstack-protector-strong -Wformat -Werror=format-security -Wdate-time -D_FORTIFY_SOURCE=2 -std=gnu99 -pedantic -pedantic-errors -Wall -Wextra -Wshadow -Wmissing-prototypes -Wdeclaration-after-statement -Wunused -Wfloat-equal -Wpointer-arith -Wwrite-strings -Wformat-security -Wmissing-format-attribute -Wundef -Wstrict-prototypes -fPIC -fstack-protector -D_GNU_SOURCE -D_LARGEFILE64_SOURCE  -Wl,-z,relro -Wl,-z,now -rdynamic CMakeFiles/test_returns.dir/test_returns.c.o  -o test_returns ../src/libcmocka.a 
/usr/bin/cc -g -O2 -fdebug-prefix-map=/<<PKGBUILDDIR>>=. -fstack-protector-strong -Wformat -Werror=format-security -Wdate-time -D_FORTIFY_SOURCE=2 -std=gnu99 -pedantic -pedantic-errors -Wall -Wextra -Wshadow -Wmissing-prototypes -Wdeclaration-after-statement -Wunused -Wfloat-equal -Wpointer-arith -Wwrite-strings -Wformat-security -Wmissing-format-attribute -Wundef -Wstrict-prototypes -fPIC -fstack-protector -D_GNU_SOURCE -D_LARGEFILE64_SOURCE  -Wl,-z,relro -Wl,-z,now -rdynamic CMakeFiles/test_cmockery.dir/test_cmockery.c.o  -o test_cmockery ../src/libcmocka.a 
/usr/bin/cc -g -O2 -fdebug-prefix-map=/<<PKGBUILDDIR>>=. -fstack-protector-strong -Wformat -Werror=format-security -Wdate-time -D_FORTIFY_SOURCE=2 -std=gnu99 -pedantic -pedantic-errors -Wall -Wextra -Wshadow -Wmissing-prototypes -Wdeclaration-after-statement -Wunused -Wfloat-equal -Wpointer-arith -Wwrite-strings -Wformat-security -Wmissing-format-attribute -Wundef -Wstrict-prototypes -fPIC -fstack-protector -D_GNU_SOURCE -D_LARGEFILE64_SOURCE  -Wl,-z,relro -Wl,-z,now -rdynamic CMakeFiles/test_fixtures.dir/test_fixtures.c.o  -o test_fixtures ../src/libcmocka.a 
[ 53%] Linking C executable test_ordering
cd /<<PKGBUILDDIR>>/obj-x86_64-linux-gnu/tests && /usr/bin/cmake -E cmake_link_script CMakeFiles/test_ordering.dir/link.txt --verbose=1
/usr/bin/cc -g -O2 -fdebug-prefix-map=/<<PKGBUILDDIR>>=. -fstack-protector-strong -Wformat -Werror=format-security -Wdate-time -D_FORTIFY_SOURCE=2 -std=gnu99 -pedantic -pedantic-errors -Wall -Wextra -Wshadow -Wmissing-prototypes -Wdeclaration-after-statement -Wunused -Wfloat-equal -Wpointer-arith -Wwrite-strings -Wformat-security -Wmissing-format-attribute -Wundef -Wstrict-prototypes -fPIC -fstack-protector -D_GNU_SOURCE -D_LARGEFILE64_SOURCE  -Wl,-z,relro -Wl,-z,now -rdynamic CMakeFiles/test_assert_macros_fail.dir/test_assert_macros_fail.c.o  -o test_assert_macros_fail ../src/libcmocka.a 
make[3]: Leaving directory '/<<PKGBUILDDIR>>/obj-x86_64-linux-gnu'
[ 54%] Linking C executable test_alloc
cd /<<PKGBUILDDIR>>/obj-x86_64-linux-gnu/tests && /usr/bin/cmake -E cmake_link_script CMakeFiles/test_alloc.dir/link.txt --verbose=1
/usr/bin/cc -g -O2 -fdebug-prefix-map=/<<PKGBUILDDIR>>=. -fstack-protector-strong -Wformat -Werror=format-security -Wdate-time -D_FORTIFY_SOURCE=2 -std=gnu99 -pedantic -pedantic-errors -Wall -Wextra -Wshadow -Wmissing-prototypes -Wdeclaration-after-statement -Wunused -Wfloat-equal -Wpointer-arith -Wwrite-strings -Wformat-security -Wmissing-format-attribute -Wundef -Wstrict-prototypes -fPIC -fstack-protector -D_GNU_SOURCE -D_LARGEFILE64_SOURCE  -Wl,-z,relro -Wl,-z,now -rdynamic CMakeFiles/test_ordering.dir/test_ordering.c.o  -o test_ordering ../src/libcmocka.a 
make[3]: Leaving directory '/<<PKGBUILDDIR>>/obj-x86_64-linux-gnu'
make[3]: Leaving directory '/<<PKGBUILDDIR>>/obj-x86_64-linux-gnu'
make[3]: Leaving directory '/<<PKGBUILDDIR>>/obj-x86_64-linux-gnu'
make[3]: Leaving directory '/<<PKGBUILDDIR>>/obj-x86_64-linux-gnu'
make[3]: Leaving directory '/<<PKGBUILDDIR>>/obj-x86_64-linux-gnu'
[ 56%] Linking C executable test_assert_macros
[ 56%] Built target test_groups
cd /<<PKGBUILDDIR>>/obj-x86_64-linux-gnu/tests && /usr/bin/cmake -E cmake_link_script CMakeFiles/test_assert_macros.dir/link.txt --verbose=1
make -f tests/CMakeFiles/test_returns_fail.dir/build.make tests/CMakeFiles/test_returns_fail.dir/depend
/usr/bin/cc -g -O2 -fdebug-prefix-map=/<<PKGBUILDDIR>>=. -fstack-protector-strong -Wformat -Werror=format-security -Wdate-time -D_FORTIFY_SOURCE=2 -std=gnu99 -pedantic -pedantic-errors -Wall -Wextra -Wshadow -Wmissing-prototypes -Wdeclaration-after-statement -Wunused -Wfloat-equal -Wpointer-arith -Wwrite-strings -Wformat-security -Wmissing-format-attribute -Wundef -Wstrict-prototypes -fPIC -fstack-protector -D_GNU_SOURCE -D_LARGEFILE64_SOURCE  -Wl,-z,relro -Wl,-z,now -rdynamic CMakeFiles/test_alloc.dir/test_alloc.c.o  -o test_alloc ../src/libcmocka.a 
make[3]: Entering directory '/<<PKGBUILDDIR>>/obj-x86_64-linux-gnu'
cd /<<PKGBUILDDIR>>/obj-x86_64-linux-gnu && /usr/bin/cmake -E cmake_depends "Unix Makefiles" /<<PKGBUILDDIR>> /<<PKGBUILDDIR>>/tests /<<PKGBUILDDIR>>/obj-x86_64-linux-gnu /<<PKGBUILDDIR>>/obj-x86_64-linux-gnu/tests /<<PKGBUILDDIR>>/obj-x86_64-linux-gnu/tests/CMakeFiles/test_returns_fail.dir/DependInfo.cmake --color=
[ 56%] Built target test_setup_fail
make[3]: Leaving directory '/<<PKGBUILDDIR>>/obj-x86_64-linux-gnu'
make[3]: Leaving directory '/<<PKGBUILDDIR>>/obj-x86_64-linux-gnu'
[ 56%] Built target test_basics
make -f example/CMakeFiles/customer_database_test.dir/build.make example/CMakeFiles/customer_database_test.dir/depend
make -f example/CMakeFiles/key_value_test.dir/build.make example/CMakeFiles/key_value_test.dir/depend
make[3]: Entering directory '/<<PKGBUILDDIR>>/obj-x86_64-linux-gnu'
cd /<<PKGBUILDDIR>>/obj-x86_64-linux-gnu && /usr/bin/cmake -E cmake_depends "Unix Makefiles" /<<PKGBUILDDIR>> /<<PKGBUILDDIR>>/example /<<PKGBUILDDIR>>/obj-x86_64-linux-gnu /<<PKGBUILDDIR>>/obj-x86_64-linux-gnu/example /<<PKGBUILDDIR>>/obj-x86_64-linux-gnu/example/CMakeFiles/customer_database_test.dir/DependInfo.cmake --color=
make[3]: Leaving directory '/<<PKGBUILDDIR>>/obj-x86_64-linux-gnu'
[ 56%] Built target test_group_setup_assert
make[3]: Entering directory '/<<PKGBUILDDIR>>/obj-x86_64-linux-gnu'
cd /<<PKGBUILDDIR>>/obj-x86_64-linux-gnu && /usr/bin/cmake -E cmake_depends "Unix Makefiles" /<<PKGBUILDDIR>> /<<PKGBUILDDIR>>/example /<<PKGBUILDDIR>>/obj-x86_64-linux-gnu /<<PKGBUILDDIR>>/obj-x86_64-linux-gnu/example /<<PKGBUILDDIR>>/obj-x86_64-linux-gnu/example/CMakeFiles/key_value_test.dir/DependInfo.cmake --color=
make -f example/CMakeFiles/assert_module_test.dir/build.make example/CMakeFiles/assert_module_test.dir/depend
[ 56%] Built target test_group_fixtures
/usr/bin/cc -g -O2 -fdebug-prefix-map=/<<PKGBUILDDIR>>=. -fstack-protector-strong -Wformat -Werror=format-security -Wdate-time -D_FORTIFY_SOURCE=2 -std=gnu99 -pedantic -pedantic-errors -Wall -Wextra -Wshadow -Wmissing-prototypes -Wdeclaration-after-statement -Wunused -Wfloat-equal -Wpointer-arith -Wwrite-strings -Wformat-security -Wmissing-format-attribute -Wundef -Wstrict-prototypes -fPIC -fstack-protector -D_GNU_SOURCE -D_LARGEFILE64_SOURCE  -Wl,-z,relro -Wl,-z,now -rdynamic CMakeFiles/test_assert_macros.dir/test_assert_macros.c.o  -o test_assert_macros ../src/libcmocka.a 
make[3]: Leaving directory '/<<PKGBUILDDIR>>/obj-x86_64-linux-gnu'
make -f example/CMakeFiles/calculator_test.dir/build.make example/CMakeFiles/calculator_test.dir/depend
make[3]: Entering directory '/<<PKGBUILDDIR>>/obj-x86_64-linux-gnu'
cd /<<PKGBUILDDIR>>/obj-x86_64-linux-gnu && /usr/bin/cmake -E cmake_depends "Unix Makefiles" /<<PKGBUILDDIR>> /<<PKGBUILDDIR>>/example /<<PKGBUILDDIR>>/obj-x86_64-linux-gnu /<<PKGBUILDDIR>>/obj-x86_64-linux-gnu/example /<<PKGBUILDDIR>>/obj-x86_64-linux-gnu/example/CMakeFiles/assert_module_test.dir/DependInfo.cmake --color=
make[3]: Entering directory '/<<PKGBUILDDIR>>/obj-x86_64-linux-gnu'
cd /<<PKGBUILDDIR>>/obj-x86_64-linux-gnu && /usr/bin/cmake -E cmake_depends "Unix Makefiles" /<<PKGBUILDDIR>> /<<PKGBUILDDIR>>/example /<<PKGBUILDDIR>>/obj-x86_64-linux-gnu /<<PKGBUILDDIR>>/obj-x86_64-linux-gnu/example /<<PKGBUILDDIR>>/obj-x86_64-linux-gnu/example/CMakeFiles/calculator_test.dir/DependInfo.cmake --color=
Scanning dependencies of target test_returns_fail
make[3]: Leaving directory '/<<PKGBUILDDIR>>/obj-x86_64-linux-gnu'
make[3]: Leaving directory '/<<PKGBUILDDIR>>/obj-x86_64-linux-gnu'
make -f tests/CMakeFiles/test_returns_fail.dir/build.make tests/CMakeFiles/test_returns_fail.dir/build
make[3]: Entering directory '/<<PKGBUILDDIR>>/obj-x86_64-linux-gnu'
[ 56%] Built target test_group_setup_fail
make[3]: Leaving directory '/<<PKGBUILDDIR>>/obj-x86_64-linux-gnu'
make -f example/CMakeFiles/product_database_test.dir/build.make example/CMakeFiles/product_database_test.dir/depend
make[3]: Entering directory '/<<PKGBUILDDIR>>/obj-x86_64-linux-gnu'
cd /<<PKGBUILDDIR>>/obj-x86_64-linux-gnu && /usr/bin/cmake -E cmake_depends "Unix Makefiles" /<<PKGBUILDDIR>> /<<PKGBUILDDIR>>/example /<<PKGBUILDDIR>>/obj-x86_64-linux-gnu /<<PKGBUILDDIR>>/obj-x86_64-linux-gnu/example /<<PKGBUILDDIR>>/obj-x86_64-linux-gnu/example/CMakeFiles/product_database_test.dir/DependInfo.cmake --color=
Scanning dependencies of target customer_database_test
[ 56%] Built target test_returns
make -f example/CMakeFiles/assert_macro_test.dir/build.make example/CMakeFiles/assert_macro_test.dir/depend
make[3]: Leaving directory '/<<PKGBUILDDIR>>/obj-x86_64-linux-gnu'
Scanning dependencies of target key_value_test
make -f example/CMakeFiles/customer_database_test.dir/build.make example/CMakeFiles/customer_database_test.dir/build
make[3]: Leaving directory '/<<PKGBUILDDIR>>/obj-x86_64-linux-gnu'
make -f example/CMakeFiles/key_value_test.dir/build.make example/CMakeFiles/key_value_test.dir/build
[ 56%] Built target test_exception_handler
make[3]: Leaving directory '/<<PKGBUILDDIR>>/obj-x86_64-linux-gnu'
Scanning dependencies of target calculator_test
make[3]: Entering directory '/<<PKGBUILDDIR>>/obj-x86_64-linux-gnu'
cd /<<PKGBUILDDIR>>/obj-x86_64-linux-gnu && /usr/bin/cmake -E cmake_depends "Unix Makefiles" /<<PKGBUILDDIR>> /<<PKGBUILDDIR>>/example /<<PKGBUILDDIR>>/obj-x86_64-linux-gnu /<<PKGBUILDDIR>>/obj-x86_64-linux-gnu/example /<<PKGBUILDDIR>>/obj-x86_64-linux-gnu/example/CMakeFiles/assert_macro_test.dir/DependInfo.cmake --color=
make[3]: Entering directory '/<<PKGBUILDDIR>>/obj-x86_64-linux-gnu'
make -f example/CMakeFiles/allocate_module_test.dir/build.make example/CMakeFiles/allocate_module_test.dir/depend
make[3]: Entering directory '/<<PKGBUILDDIR>>/obj-x86_64-linux-gnu'
make[3]: Leaving directory '/<<PKGBUILDDIR>>/obj-x86_64-linux-gnu'
make -f example/CMakeFiles/calculator_test.dir/build.make example/CMakeFiles/calculator_test.dir/build
Scanning dependencies of target assert_module_test
make[3]: Entering directory '/<<PKGBUILDDIR>>/obj-x86_64-linux-gnu'
cd /<<PKGBUILDDIR>>/obj-x86_64-linux-gnu && /usr/bin/cmake -E cmake_depends "Unix Makefiles" /<<PKGBUILDDIR>> /<<PKGBUILDDIR>>/example /<<PKGBUILDDIR>>/obj-x86_64-linux-gnu /<<PKGBUILDDIR>>/obj-x86_64-linux-gnu/example /<<PKGBUILDDIR>>/obj-x86_64-linux-gnu/example/CMakeFiles/allocate_module_test.dir/DependInfo.cmake --color=
make[3]: Entering directory '/<<PKGBUILDDIR>>/obj-x86_64-linux-gnu'
make[3]: Leaving directory '/<<PKGBUILDDIR>>/obj-x86_64-linux-gnu'
make -f example/CMakeFiles/assert_module_test.dir/build.make example/CMakeFiles/assert_module_test.dir/build
[ 56%] Built target test_cmockery
[ 56%] Built target test_ordering_fail
make[3]: Entering directory '/<<PKGBUILDDIR>>/obj-x86_64-linux-gnu'
make -f example/CMakeFiles/simple_test.dir/build.make example/CMakeFiles/simple_test.dir/depend
[ 56%] Built target test_skip
make[3]: Leaving directory '/<<PKGBUILDDIR>>/obj-x86_64-linux-gnu'
[ 56%] Built target test_assert_macros_fail
make[3]: Entering directory '/<<PKGBUILDDIR>>/obj-x86_64-linux-gnu'
cd /<<PKGBUILDDIR>>/obj-x86_64-linux-gnu && /usr/bin/cmake -E cmake_depends "Unix Makefiles" /<<PKGBUILDDIR>> /<<PKGBUILDDIR>>/example /<<PKGBUILDDIR>>/obj-x86_64-linux-gnu /<<PKGBUILDDIR>>/obj-x86_64-linux-gnu/example /<<PKGBUILDDIR>>/obj-x86_64-linux-gnu/example/CMakeFiles/simple_test.dir/DependInfo.cmake --color=
make -f example/chef_wrap/CMakeFiles/waiter_test_wrap.dir/build.make example/chef_wrap/CMakeFiles/waiter_test_wrap.dir/depend
[ 57%] Building C object tests/CMakeFiles/test_returns_fail.dir/test_returns_fail.c.o
make[3]: Entering directory '/<<PKGBUILDDIR>>/obj-x86_64-linux-gnu'
cd /<<PKGBUILDDIR>>/obj-x86_64-linux-gnu && /usr/bin/cmake -E cmake_depends "Unix Makefiles" /<<PKGBUILDDIR>> /<<PKGBUILDDIR>>/example/chef_wrap /<<PKGBUILDDIR>>/obj-x86_64-linux-gnu /<<PKGBUILDDIR>>/obj-x86_64-linux-gnu/example/chef_wrap /<<PKGBUILDDIR>>/obj-x86_64-linux-gnu/example/chef_wrap/CMakeFiles/waiter_test_wrap.dir/DependInfo.cmake --color=
cd /<<PKGBUILDDIR>>/obj-x86_64-linux-gnu/tests && /usr/bin/cc  -I/<<PKGBUILDDIR>>/obj-x86_64-linux-gnu/tests -I/<<PKGBUILDDIR>>/tests -I/<<PKGBUILDDIR>>/obj-x86_64-linux-gnu -I/<<PKGBUILDDIR>>/include  -g -O2 -fdebug-prefix-map=/<<PKGBUILDDIR>>=. -fstack-protector-strong -Wformat -Werror=format-security -Wdate-time -D_FORTIFY_SOURCE=2 -std=gnu99 -pedantic -pedantic-errors -Wall -Wextra -Wshadow -Wmissing-prototypes -Wdeclaration-after-statement -Wunused -Wfloat-equal -Wpointer-arith -Wwrite-strings -Wformat-security -Wmissing-format-attribute -Wundef -Wstrict-prototypes -fPIC -fstack-protector -D_GNU_SOURCE -D_LARGEFILE64_SOURCE   -o CMakeFiles/test_returns_fail.dir/test_returns_fail.c.o   -c /<<PKGBUILDDIR>>/tests/test_returns_fail.c
Scanning dependencies of target product_database_test
[ 59%] Building C object example/CMakeFiles/customer_database_test.dir/customer_database.c.o
make[3]: Leaving directory '/<<PKGBUILDDIR>>/obj-x86_64-linux-gnu'
make -f example/CMakeFiles/product_database_test.dir/build.make example/CMakeFiles/product_database_test.dir/build
cd /<<PKGBUILDDIR>>/obj-x86_64-linux-gnu/example && /usr/bin/cc  -I/<<PKGBUILDDIR>>/obj-x86_64-linux-gnu/example -I/<<PKGBUILDDIR>>/example -I/<<PKGBUILDDIR>>/obj-x86_64-linux-gnu -I/<<PKGBUILDDIR>>/include  -g -O2 -fdebug-prefix-map=/<<PKGBUILDDIR>>=. -fstack-protector-strong -Wformat -Werror=format-security -Wdate-time -D_FORTIFY_SOURCE=2 -std=gnu99 -pedantic -pedantic-errors -Wall -Wextra -Wshadow -Wmissing-prototypes -Wdeclaration-after-statement -Wunused -Wfloat-equal -Wpointer-arith -Wwrite-strings -Wformat-security -Wmissing-format-attribute -Wundef -Wstrict-prototypes -fPIC -fstack-protector -D_GNU_SOURCE -D_LARGEFILE64_SOURCE   -o CMakeFiles/customer_database_test.dir/customer_database.c.o   -c /<<PKGBUILDDIR>>/example/customer_database.c
[ 60%] Building C object example/CMakeFiles/key_value_test.dir/key_value.c.o
make[3]: Entering directory '/<<PKGBUILDDIR>>/obj-x86_64-linux-gnu'
cd /<<PKGBUILDDIR>>/obj-x86_64-linux-gnu/example && /usr/bin/cc  -I/<<PKGBUILDDIR>>/obj-x86_64-linux-gnu/example -I/<<PKGBUILDDIR>>/example -I/<<PKGBUILDDIR>>/obj-x86_64-linux-gnu -I/<<PKGBUILDDIR>>/include  -g -O2 -fdebug-prefix-map=/<<PKGBUILDDIR>>=. -fstack-protector-strong -Wformat -Werror=format-security -Wdate-time -D_FORTIFY_SOURCE=2 -std=gnu99 -pedantic -pedantic-errors -Wall -Wextra -Wshadow -Wmissing-prototypes -Wdeclaration-after-statement -Wunused -Wfloat-equal -Wpointer-arith -Wwrite-strings -Wformat-security -Wmissing-format-attribute -Wundef -Wstrict-prototypes -fPIC -fstack-protector -D_GNU_SOURCE -D_LARGEFILE64_SOURCE   -o CMakeFiles/key_value_test.dir/key_value.c.o   -c /<<PKGBUILDDIR>>/example/key_value.c
Scanning dependencies of target assert_macro_test
[ 62%] Building C object example/CMakeFiles/calculator_test.dir/calculator.c.o
make[3]: Leaving directory '/<<PKGBUILDDIR>>/obj-x86_64-linux-gnu'
make -f example/CMakeFiles/assert_macro_test.dir/build.make example/CMakeFiles/assert_macro_test.dir/build
[ 64%] Building C object example/CMakeFiles/assert_module_test.dir/assert_module.c.o
cd /<<PKGBUILDDIR>>/obj-x86_64-linux-gnu/example && /usr/bin/cc  -DUNIT_TESTING=1 -I/<<PKGBUILDDIR>>/obj-x86_64-linux-gnu/example -I/<<PKGBUILDDIR>>/example -I/<<PKGBUILDDIR>>/obj-x86_64-linux-gnu -I/<<PKGBUILDDIR>>/include  -g -O2 -fdebug-prefix-map=/<<PKGBUILDDIR>>=. -fstack-protector-strong -Wformat -Werror=format-security -Wdate-time -D_FORTIFY_SOURCE=2 -std=gnu99 -pedantic -pedantic-errors -Wall -Wextra -Wshadow -Wmissing-prototypes -Wdeclaration-after-statement -Wunused -Wfloat-equal -Wpointer-arith -Wwrite-strings -Wformat-security -Wmissing-format-attribute -Wundef -Wstrict-prototypes -fPIC -fstack-protector -D_GNU_SOURCE -D_LARGEFILE64_SOURCE   -o CMakeFiles/calculator_test.dir/calculator.c.o   -c /<<PKGBUILDDIR>>/example/calculator.c
[ 65%] Building C object example/CMakeFiles/key_value_test.dir/key_value_test.c.o
cd /<<PKGBUILDDIR>>/obj-x86_64-linux-gnu/example && /usr/bin/cc  -DUNIT_TESTING=1 -I/<<PKGBUILDDIR>>/obj-x86_64-linux-gnu/example -I/<<PKGBUILDDIR>>/example -I/<<PKGBUILDDIR>>/obj-x86_64-linux-gnu -I/<<PKGBUILDDIR>>/include  -g -O2 -fdebug-prefix-map=/<<PKGBUILDDIR>>=. -fstack-protector-strong -Wformat -Werror=format-security -Wdate-time -D_FORTIFY_SOURCE=2 -std=gnu99 -pedantic -pedantic-errors -Wall -Wextra -Wshadow -Wmissing-prototypes -Wdeclaration-after-statement -Wunused -Wfloat-equal -Wpointer-arith -Wwrite-strings -Wformat-security -Wmissing-format-attribute -Wundef -Wstrict-prototypes -fPIC -fstack-protector -D_GNU_SOURCE -D_LARGEFILE64_SOURCE   -o CMakeFiles/assert_module_test.dir/assert_module.c.o   -c /<<PKGBUILDDIR>>/example/assert_module.c
make[3]: Entering directory '/<<PKGBUILDDIR>>/obj-x86_64-linux-gnu'
cd /<<PKGBUILDDIR>>/obj-x86_64-linux-gnu/example && /usr/bin/cc  -I/<<PKGBUILDDIR>>/obj-x86_64-linux-gnu/example -I/<<PKGBUILDDIR>>/example -I/<<PKGBUILDDIR>>/obj-x86_64-linux-gnu -I/<<PKGBUILDDIR>>/include  -g -O2 -fdebug-prefix-map=/<<PKGBUILDDIR>>=. -fstack-protector-strong -Wformat -Werror=format-security -Wdate-time -D_FORTIFY_SOURCE=2 -std=gnu99 -pedantic -pedantic-errors -Wall -Wextra -Wshadow -Wmissing-prototypes -Wdeclaration-after-statement -Wunused -Wfloat-equal -Wpointer-arith -Wwrite-strings -Wformat-security -Wmissing-format-attribute -Wundef -Wstrict-prototypes -fPIC -fstack-protector -D_GNU_SOURCE -D_LARGEFILE64_SOURCE   -o CMakeFiles/key_value_test.dir/key_value_test.c.o   -c /<<PKGBUILDDIR>>/example/key_value_test.c
[ 67%] Building C object example/CMakeFiles/customer_database_test.dir/customer_database_test.c.o
[ 67%] Built target test_fixtures
Scanning dependencies of target simple_test
cd /<<PKGBUILDDIR>>/obj-x86_64-linux-gnu/example && /usr/bin/cc  -I/<<PKGBUILDDIR>>/obj-x86_64-linux-gnu/example -I/<<PKGBUILDDIR>>/example -I/<<PKGBUILDDIR>>/obj-x86_64-linux-gnu -I/<<PKGBUILDDIR>>/include  -g -O2 -fdebug-prefix-map=/<<PKGBUILDDIR>>=. -fstack-protector-strong -Wformat -Werror=format-security -Wdate-time -D_FORTIFY_SOURCE=2 -std=gnu99 -pedantic -pedantic-errors -Wall -Wextra -Wshadow -Wmissing-prototypes -Wdeclaration-after-statement -Wunused -Wfloat-equal -Wpointer-arith -Wwrite-strings -Wformat-security -Wmissing-format-attribute -Wundef -Wstrict-prototypes -fPIC -fstack-protector -D_GNU_SOURCE -D_LARGEFILE64_SOURCE   -o CMakeFiles/customer_database_test.dir/customer_database_test.c.o   -c /<<PKGBUILDDIR>>/example/customer_database_test.c
[ 67%] Built target test_ordering
make[3]: Leaving directory '/<<PKGBUILDDIR>>/obj-x86_64-linux-gnu'
Scanning dependencies of target allocate_module_test
make -f example/CMakeFiles/simple_test.dir/build.make example/CMakeFiles/simple_test.dir/build
make[3]: Leaving directory '/<<PKGBUILDDIR>>/obj-x86_64-linux-gnu'
make -f example/CMakeFiles/allocate_module_test.dir/build.make example/CMakeFiles/allocate_module_test.dir/build
make[3]: Entering directory '/<<PKGBUILDDIR>>/obj-x86_64-linux-gnu'
[ 68%] Building C object example/CMakeFiles/product_database_test.dir/product_database.c.o
cd /<<PKGBUILDDIR>>/obj-x86_64-linux-gnu/example && /usr/bin/cc  -I/<<PKGBUILDDIR>>/obj-x86_64-linux-gnu/example -I/<<PKGBUILDDIR>>/example -I/<<PKGBUILDDIR>>/obj-x86_64-linux-gnu -I/<<PKGBUILDDIR>>/include  -g -O2 -fdebug-prefix-map=/<<PKGBUILDDIR>>=. -fstack-protector-strong -Wformat -Werror=format-security -Wdate-time -D_FORTIFY_SOURCE=2 -std=gnu99 -pedantic -pedantic-errors -Wall -Wextra -Wshadow -Wmissing-prototypes -Wdeclaration-after-statement -Wunused -Wfloat-equal -Wpointer-arith -Wwrite-strings -Wformat-security -Wmissing-format-attribute -Wundef -Wstrict-prototypes -fPIC -fstack-protector -D_GNU_SOURCE -D_LARGEFILE64_SOURCE   -o CMakeFiles/product_database_test.dir/product_database.c.o   -c /<<PKGBUILDDIR>>/example/product_database.c
make[3]: Leaving directory '/<<PKGBUILDDIR>>/obj-x86_64-linux-gnu'
[ 70%] Building C object example/CMakeFiles/assert_macro_test.dir/assert_macro.c.o
[ 71%] Building C object example/CMakeFiles/assert_macro_test.dir/assert_macro_test.c.o
make[3]: Entering directory '/<<PKGBUILDDIR>>/obj-x86_64-linux-gnu'
cd /<<PKGBUILDDIR>>/obj-x86_64-linux-gnu/example && /usr/bin/cc  -I/<<PKGBUILDDIR>>/obj-x86_64-linux-gnu/example -I/<<PKGBUILDDIR>>/example -I/<<PKGBUILDDIR>>/obj-x86_64-linux-gnu -I/<<PKGBUILDDIR>>/include  -g -O2 -fdebug-prefix-map=/<<PKGBUILDDIR>>=. -fstack-protector-strong -Wformat -Werror=format-security -Wdate-time -D_FORTIFY_SOURCE=2 -std=gnu99 -pedantic -pedantic-errors -Wall -Wextra -Wshadow -Wmissing-prototypes -Wdeclaration-after-statement -Wunused -Wfloat-equal -Wpointer-arith -Wwrite-strings -Wformat-security -Wmissing-format-attribute -Wundef -Wstrict-prototypes -fPIC -fstack-protector -D_GNU_SOURCE -D_LARGEFILE64_SOURCE   -o CMakeFiles/assert_macro_test.dir/assert_macro.c.o   -c /<<PKGBUILDDIR>>/example/assert_macro.c
cd /<<PKGBUILDDIR>>/obj-x86_64-linux-gnu/example && /usr/bin/cc  -I/<<PKGBUILDDIR>>/obj-x86_64-linux-gnu/example -I/<<PKGBUILDDIR>>/example -I/<<PKGBUILDDIR>>/obj-x86_64-linux-gnu -I/<<PKGBUILDDIR>>/include  -g -O2 -fdebug-prefix-map=/<<PKGBUILDDIR>>=. -fstack-protector-strong -Wformat -Werror=format-security -Wdate-time -D_FORTIFY_SOURCE=2 -std=gnu99 -pedantic -pedantic-errors -Wall -Wextra -Wshadow -Wmissing-prototypes -Wdeclaration-after-statement -Wunused -Wfloat-equal -Wpointer-arith -Wwrite-strings -Wformat-security -Wmissing-format-attribute -Wundef -Wstrict-prototypes -fPIC -fstack-protector -D_GNU_SOURCE -D_LARGEFILE64_SOURCE   -o CMakeFiles/assert_macro_test.dir/assert_macro_test.c.o   -c /<<PKGBUILDDIR>>/example/assert_macro_test.c
[ 73%] Building C object example/CMakeFiles/calculator_test.dir/calculator_test.c.o
Scanning dependencies of target waiter_test_wrap
cd /<<PKGBUILDDIR>>/obj-x86_64-linux-gnu/example && /usr/bin/cc  -I/<<PKGBUILDDIR>>/obj-x86_64-linux-gnu/example -I/<<PKGBUILDDIR>>/example -I/<<PKGBUILDDIR>>/obj-x86_64-linux-gnu -I/<<PKGBUILDDIR>>/include  -g -O2 -fdebug-prefix-map=/<<PKGBUILDDIR>>=. -fstack-protector-strong -Wformat -Werror=format-security -Wdate-time -D_FORTIFY_SOURCE=2 -std=gnu99 -pedantic -pedantic-errors -Wall -Wextra -Wshadow -Wmissing-prototypes -Wdeclaration-after-statement -Wunused -Wfloat-equal -Wpointer-arith -Wwrite-strings -Wformat-security -Wmissing-format-attribute -Wundef -Wstrict-prototypes -fPIC -fstack-protector -D_GNU_SOURCE -D_LARGEFILE64_SOURCE   -o CMakeFiles/calculator_test.dir/calculator_test.c.o   -c /<<PKGBUILDDIR>>/example/calculator_test.c
make[3]: Leaving directory '/<<PKGBUILDDIR>>/obj-x86_64-linux-gnu'
make -f example/chef_wrap/CMakeFiles/waiter_test_wrap.dir/build.make example/chef_wrap/CMakeFiles/waiter_test_wrap.dir/build
make[3]: Leaving directory '/<<PKGBUILDDIR>>/obj-x86_64-linux-gnu'
make[3]: Entering directory '/<<PKGBUILDDIR>>/obj-x86_64-linux-gnu'
[ 75%] Building C object example/CMakeFiles/allocate_module_test.dir/allocate_module.c.o
cd /<<PKGBUILDDIR>>/obj-x86_64-linux-gnu/example && /usr/bin/cc  -DUNIT_TESTING=1 -I/<<PKGBUILDDIR>>/obj-x86_64-linux-gnu/example -I/<<PKGBUILDDIR>>/example -I/<<PKGBUILDDIR>>/obj-x86_64-linux-gnu -I/<<PKGBUILDDIR>>/include  -g -O2 -fdebug-prefix-map=/<<PKGBUILDDIR>>=. -fstack-protector-strong -Wformat -Werror=format-security -Wdate-time -D_FORTIFY_SOURCE=2 -std=gnu99 -pedantic -pedantic-errors -Wall -Wextra -Wshadow -Wmissing-prototypes -Wdeclaration-after-statement -Wunused -Wfloat-equal -Wpointer-arith -Wwrite-strings -Wformat-security -Wmissing-format-attribute -Wundef -Wstrict-prototypes -fPIC -fstack-protector -D_GNU_SOURCE -D_LARGEFILE64_SOURCE   -o CMakeFiles/allocate_module_test.dir/allocate_module.c.o   -c /<<PKGBUILDDIR>>/example/allocate_module.c
[ 75%] Built target test_alloc
[ 78%] Building C object example/CMakeFiles/simple_test.dir/simple_test.c.o
[ 78%] Building C object example/chef_wrap/CMakeFiles/waiter_test_wrap.dir/waiter_test_wrap.c.o
cd /<<PKGBUILDDIR>>/obj-x86_64-linux-gnu/example/chef_wrap && /usr/bin/cc  -I/<<PKGBUILDDIR>>/obj-x86_64-linux-gnu/example/chef_wrap -I/<<PKGBUILDDIR>>/example/chef_wrap -I/<<PKGBUILDDIR>>/obj-x86_64-linux-gnu -I/<<PKGBUILDDIR>>/example -I/<<PKGBUILDDIR>>/include  -g -O2 -fdebug-prefix-map=/<<PKGBUILDDIR>>=. -fstack-protector-strong -Wformat -Werror=format-security -Wdate-time -D_FORTIFY_SOURCE=2 -std=gnu99 -pedantic -pedantic-errors -Wall -Wextra -Wshadow -Wmissing-prototypes -Wdeclaration-after-statement -Wunused -Wfloat-equal -Wpointer-arith -Wwrite-strings -Wformat-security -Wmissing-format-attribute -Wundef -Wstrict-prototypes -fPIC -fstack-protector -D_GNU_SOURCE -D_LARGEFILE64_SOURCE   -o CMakeFiles/waiter_test_wrap.dir/waiter_test_wrap.c.o   -c /<<PKGBUILDDIR>>/example/chef_wrap/waiter_test_wrap.c
cd /<<PKGBUILDDIR>>/obj-x86_64-linux-gnu/example && /usr/bin/cc  -I/<<PKGBUILDDIR>>/obj-x86_64-linux-gnu/example -I/<<PKGBUILDDIR>>/example -I/<<PKGBUILDDIR>>/obj-x86_64-linux-gnu -I/<<PKGBUILDDIR>>/include  -g -O2 -fdebug-prefix-map=/<<PKGBUILDDIR>>=. -fstack-protector-strong -Wformat -Werror=format-security -Wdate-time -D_FORTIFY_SOURCE=2 -std=gnu99 -pedantic -pedantic-errors -Wall -Wextra -Wshadow -Wmissing-prototypes -Wdeclaration-after-statement -Wunused -Wfloat-equal -Wpointer-arith -Wwrite-strings -Wformat-security -Wmissing-format-attribute -Wundef -Wstrict-prototypes -fPIC -fstack-protector -D_GNU_SOURCE -D_LARGEFILE64_SOURCE   -o CMakeFiles/simple_test.dir/simple_test.c.o   -c /<<PKGBUILDDIR>>/example/simple_test.c
[ 78%] Built target test_assert_macros
[ 79%] Building C object example/CMakeFiles/allocate_module_test.dir/allocate_module_test.c.o
cd /<<PKGBUILDDIR>>/obj-x86_64-linux-gnu/example && /usr/bin/cc  -I/<<PKGBUILDDIR>>/obj-x86_64-linux-gnu/example -I/<<PKGBUILDDIR>>/example -I/<<PKGBUILDDIR>>/obj-x86_64-linux-gnu -I/<<PKGBUILDDIR>>/include  -g -O2 -fdebug-prefix-map=/<<PKGBUILDDIR>>=. -fstack-protector-strong -Wformat -Werror=format-security -Wdate-time -D_FORTIFY_SOURCE=2 -std=gnu99 -pedantic -pedantic-errors -Wall -Wextra -Wshadow -Wmissing-prototypes -Wdeclaration-after-statement -Wunused -Wfloat-equal -Wpointer-arith -Wwrite-strings -Wformat-security -Wmissing-format-attribute -Wundef -Wstrict-prototypes -fPIC -fstack-protector -D_GNU_SOURCE -D_LARGEFILE64_SOURCE   -o CMakeFiles/allocate_module_test.dir/allocate_module_test.c.o   -c /<<PKGBUILDDIR>>/example/allocate_module_test.c
[ 81%] Building C object example/chef_wrap/CMakeFiles/waiter_test_wrap.dir/chef.c.o
cd /<<PKGBUILDDIR>>/obj-x86_64-linux-gnu/example/chef_wrap && /usr/bin/cc  -I/<<PKGBUILDDIR>>/obj-x86_64-linux-gnu/example/chef_wrap -I/<<PKGBUILDDIR>>/example/chef_wrap -I/<<PKGBUILDDIR>>/obj-x86_64-linux-gnu -I/<<PKGBUILDDIR>>/example -I/<<PKGBUILDDIR>>/include  -g -O2 -fdebug-prefix-map=/<<PKGBUILDDIR>>=. -fstack-protector-strong -Wformat -Werror=format-security -Wdate-time -D_FORTIFY_SOURCE=2 -std=gnu99 -pedantic -pedantic-errors -Wall -Wextra -Wshadow -Wmissing-prototypes -Wdeclaration-after-statement -Wunused -Wfloat-equal -Wpointer-arith -Wwrite-strings -Wformat-security -Wmissing-format-attribute -Wundef -Wstrict-prototypes -fPIC -fstack-protector -D_GNU_SOURCE -D_LARGEFILE64_SOURCE   -o CMakeFiles/waiter_test_wrap.dir/chef.c.o   -c /<<PKGBUILDDIR>>/example/chef_wrap/chef.c
[ 82%] Building C object example/CMakeFiles/assert_module_test.dir/assert_module_test.c.o
cd /<<PKGBUILDDIR>>/obj-x86_64-linux-gnu/example && /usr/bin/cc  -I/<<PKGBUILDDIR>>/obj-x86_64-linux-gnu/example -I/<<PKGBUILDDIR>>/example -I/<<PKGBUILDDIR>>/obj-x86_64-linux-gnu -I/<<PKGBUILDDIR>>/include  -g -O2 -fdebug-prefix-map=/<<PKGBUILDDIR>>=. -fstack-protector-strong -Wformat -Werror=format-security -Wdate-time -D_FORTIFY_SOURCE=2 -std=gnu99 -pedantic -pedantic-errors -Wall -Wextra -Wshadow -Wmissing-prototypes -Wdeclaration-after-statement -Wunused -Wfloat-equal -Wpointer-arith -Wwrite-strings -Wformat-security -Wmissing-format-attribute -Wundef -Wstrict-prototypes -fPIC -fstack-protector -D_GNU_SOURCE -D_LARGEFILE64_SOURCE   -o CMakeFiles/assert_module_test.dir/assert_module_test.c.o   -c /<<PKGBUILDDIR>>/example/assert_module_test.c
[ 84%] Linking C executable customer_database_test
cd /<<PKGBUILDDIR>>/obj-x86_64-linux-gnu/example && /usr/bin/cmake -E cmake_link_script CMakeFiles/customer_database_test.dir/link.txt --verbose=1
[ 85%] Building C object example/CMakeFiles/product_database_test.dir/product_database_test.c.o
cd /<<PKGBUILDDIR>>/obj-x86_64-linux-gnu/example && /usr/bin/cc  -I/<<PKGBUILDDIR>>/obj-x86_64-linux-gnu/example -I/<<PKGBUILDDIR>>/example -I/<<PKGBUILDDIR>>/obj-x86_64-linux-gnu -I/<<PKGBUILDDIR>>/include  -g -O2 -fdebug-prefix-map=/<<PKGBUILDDIR>>=. -fstack-protector-strong -Wformat -Werror=format-security -Wdate-time -D_FORTIFY_SOURCE=2 -std=gnu99 -pedantic -pedantic-errors -Wall -Wextra -Wshadow -Wmissing-prototypes -Wdeclaration-after-statement -Wunused -Wfloat-equal -Wpointer-arith -Wwrite-strings -Wformat-security -Wmissing-format-attribute -Wundef -Wstrict-prototypes -fPIC -fstack-protector -D_GNU_SOURCE -D_LARGEFILE64_SOURCE   -o CMakeFiles/product_database_test.dir/product_database_test.c.o   -c /<<PKGBUILDDIR>>/example/product_database_test.c
/usr/bin/cc -g -O2 -fdebug-prefix-map=/<<PKGBUILDDIR>>=. -fstack-protector-strong -Wformat -Werror=format-security -Wdate-time -D_FORTIFY_SOURCE=2 -std=gnu99 -pedantic -pedantic-errors -Wall -Wextra -Wshadow -Wmissing-prototypes -Wdeclaration-after-statement -Wunused -Wfloat-equal -Wpointer-arith -Wwrite-strings -Wformat-security -Wmissing-format-attribute -Wundef -Wstrict-prototypes -fPIC -fstack-protector -D_GNU_SOURCE -D_LARGEFILE64_SOURCE  -Wl,-z,relro -Wl,-z,now -rdynamic CMakeFiles/customer_database_test.dir/customer_database.c.o CMakeFiles/customer_database_test.dir/customer_database_test.c.o  -o customer_database_test -Wl,-rpath,/<<PKGBUILDDIR>>/obj-x86_64-linux-gnu/src ../src/libcmocka.so.0.4.1 
[ 87%] Linking C executable key_value_test
cd /<<PKGBUILDDIR>>/obj-x86_64-linux-gnu/example && /usr/bin/cmake -E cmake_link_script CMakeFiles/key_value_test.dir/link.txt --verbose=1
[ 89%] Linking C executable simple_test
[ 90%] Linking C executable test_returns_fail
cd /<<PKGBUILDDIR>>/obj-x86_64-linux-gnu/example && /usr/bin/cmake -E cmake_link_script CMakeFiles/simple_test.dir/link.txt --verbose=1
cd /<<PKGBUILDDIR>>/obj-x86_64-linux-gnu/tests && /usr/bin/cmake -E cmake_link_script CMakeFiles/test_returns_fail.dir/link.txt --verbose=1
/usr/bin/cc -g -O2 -fdebug-prefix-map=/<<PKGBUILDDIR>>=. -fstack-protector-strong -Wformat -Werror=format-security -Wdate-time -D_FORTIFY_SOURCE=2 -std=gnu99 -pedantic -pedantic-errors -Wall -Wextra -Wshadow -Wmissing-prototypes -Wdeclaration-after-statement -Wunused -Wfloat-equal -Wpointer-arith -Wwrite-strings -Wformat-security -Wmissing-format-attribute -Wundef -Wstrict-prototypes -fPIC -fstack-protector -D_GNU_SOURCE -D_LARGEFILE64_SOURCE  -Wl,-z,relro -Wl,-z,now -rdynamic CMakeFiles/key_value_test.dir/key_value.c.o CMakeFiles/key_value_test.dir/key_value_test.c.o  -o key_value_test -Wl,-rpath,/<<PKGBUILDDIR>>/obj-x86_64-linux-gnu/src ../src/libcmocka.so.0.4.1 
[ 92%] Linking C executable allocate_module_test
/usr/bin/cc -g -O2 -fdebug-prefix-map=/<<PKGBUILDDIR>>=. -fstack-protector-strong -Wformat -Werror=format-security -Wdate-time -D_FORTIFY_SOURCE=2 -std=gnu99 -pedantic -pedantic-errors -Wall -Wextra -Wshadow -Wmissing-prototypes -Wdeclaration-after-statement -Wunused -Wfloat-equal -Wpointer-arith -Wwrite-strings -Wformat-security -Wmissing-format-attribute -Wundef -Wstrict-prototypes -fPIC -fstack-protector -D_GNU_SOURCE -D_LARGEFILE64_SOURCE  -Wl,-z,relro -Wl,-z,now -rdynamic CMakeFiles/simple_test.dir/simple_test.c.o  -o simple_test -Wl,-rpath,/<<PKGBUILDDIR>>/obj-x86_64-linux-gnu/src ../src/libcmocka.so.0.4.1 
cd /<<PKGBUILDDIR>>/obj-x86_64-linux-gnu/example && /usr/bin/cmake -E cmake_link_script CMakeFiles/allocate_module_test.dir/link.txt --verbose=1
/usr/bin/cc -g -O2 -fdebug-prefix-map=/<<PKGBUILDDIR>>=. -fstack-protector-strong -Wformat -Werror=format-security -Wdate-time -D_FORTIFY_SOURCE=2 -std=gnu99 -pedantic -pedantic-errors -Wall -Wextra -Wshadow -Wmissing-prototypes -Wdeclaration-after-statement -Wunused -Wfloat-equal -Wpointer-arith -Wwrite-strings -Wformat-security -Wmissing-format-attribute -Wundef -Wstrict-prototypes -fPIC -fstack-protector -D_GNU_SOURCE -D_LARGEFILE64_SOURCE  -Wl,-z,relro -Wl,-z,now -rdynamic CMakeFiles/test_returns_fail.dir/test_returns_fail.c.o  -o test_returns_fail ../src/libcmocka.a 
/usr/bin/cc -g -O2 -fdebug-prefix-map=/<<PKGBUILDDIR>>=. -fstack-protector-strong -Wformat -Werror=format-security -Wdate-time -D_FORTIFY_SOURCE=2 -std=gnu99 -pedantic -pedantic-errors -Wall -Wextra -Wshadow -Wmissing-prototypes -Wdeclaration-after-statement -Wunused -Wfloat-equal -Wpointer-arith -Wwrite-strings -Wformat-security -Wmissing-format-attribute -Wundef -Wstrict-prototypes -fPIC -fstack-protector -D_GNU_SOURCE -D_LARGEFILE64_SOURCE  -Wl,-z,relro -Wl,-z,now -rdynamic CMakeFiles/allocate_module_test.dir/allocate_module.c.o CMakeFiles/allocate_module_test.dir/allocate_module_test.c.o  -o allocate_module_test -Wl,-rpath,/<<PKGBUILDDIR>>/obj-x86_64-linux-gnu/src ../src/libcmocka.so.0.4.1 
[ 93%] Linking C executable assert_macro_test
cd /<<PKGBUILDDIR>>/obj-x86_64-linux-gnu/example && /usr/bin/cmake -E cmake_link_script CMakeFiles/assert_macro_test.dir/link.txt --verbose=1
make[3]: Leaving directory '/<<PKGBUILDDIR>>/obj-x86_64-linux-gnu'
/usr/bin/cc -g -O2 -fdebug-prefix-map=/<<PKGBUILDDIR>>=. -fstack-protector-strong -Wformat -Werror=format-security -Wdate-time -D_FORTIFY_SOURCE=2 -std=gnu99 -pedantic -pedantic-errors -Wall -Wextra -Wshadow -Wmissing-prototypes -Wdeclaration-after-statement -Wunused -Wfloat-equal -Wpointer-arith -Wwrite-strings -Wformat-security -Wmissing-format-attribute -Wundef -Wstrict-prototypes -fPIC -fstack-protector -D_GNU_SOURCE -D_LARGEFILE64_SOURCE  -Wl,-z,relro -Wl,-z,now -rdynamic CMakeFiles/assert_macro_test.dir/assert_macro.c.o CMakeFiles/assert_macro_test.dir/assert_macro_test.c.o  -o assert_macro_test -Wl,-rpath,/<<PKGBUILDDIR>>/obj-x86_64-linux-gnu/src ../src/libcmocka.so.0.4.1 
[ 95%] Linking C executable assert_module_test
[ 96%] Linking C executable waiter_test_wrap
cd /<<PKGBUILDDIR>>/obj-x86_64-linux-gnu/example/chef_wrap && /usr/bin/cmake -E cmake_link_script CMakeFiles/waiter_test_wrap.dir/link.txt --verbose=1
cd /<<PKGBUILDDIR>>/obj-x86_64-linux-gnu/example && /usr/bin/cmake -E cmake_link_script CMakeFiles/assert_module_test.dir/link.txt --verbose=1
make[3]: Leaving directory '/<<PKGBUILDDIR>>/obj-x86_64-linux-gnu'
make[3]: Leaving directory '/<<PKGBUILDDIR>>/obj-x86_64-linux-gnu'
[ 96%] Built target customer_database_test
make[3]: Leaving directory '/<<PKGBUILDDIR>>/obj-x86_64-linux-gnu'
make[3]: Leaving directory '/<<PKGBUILDDIR>>/obj-x86_64-linux-gnu'
/usr/bin/cc -g -O2 -fdebug-prefix-map=/<<PKGBUILDDIR>>=. -fstack-protector-strong -Wformat -Werror=format-security -Wdate-time -D_FORTIFY_SOURCE=2 -std=gnu99 -pedantic -pedantic-errors -Wall -Wextra -Wshadow -Wmissing-prototypes -Wdeclaration-after-statement -Wunused -Wfloat-equal -Wpointer-arith -Wwrite-strings -Wformat-security -Wmissing-format-attribute -Wundef -Wstrict-prototypes -fPIC -fstack-protector -D_GNU_SOURCE -D_LARGEFILE64_SOURCE  -Wl,-z,relro -Wl,-z,now -rdynamic -Wl,--wrap=chef_cook CMakeFiles/waiter_test_wrap.dir/waiter_test_wrap.c.o CMakeFiles/waiter_test_wrap.dir/chef.c.o  -o waiter_test_wrap -Wl,-rpath,/<<PKGBUILDDIR>>/obj-x86_64-linux-gnu/src ../../src/libcmocka.so.0.4.1 
/usr/bin/cc -g -O2 -fdebug-prefix-map=/<<PKGBUILDDIR>>=. -fstack-protector-strong -Wformat -Werror=format-security -Wdate-time -D_FORTIFY_SOURCE=2 -std=gnu99 -pedantic -pedantic-errors -Wall -Wextra -Wshadow -Wmissing-prototypes -Wdeclaration-after-statement -Wunused -Wfloat-equal -Wpointer-arith -Wwrite-strings -Wformat-security -Wmissing-format-attribute -Wundef -Wstrict-prototypes -fPIC -fstack-protector -D_GNU_SOURCE -D_LARGEFILE64_SOURCE  -Wl,-z,relro -Wl,-z,now -rdynamic CMakeFiles/assert_module_test.dir/assert_module.c.o CMakeFiles/assert_module_test.dir/assert_module_test.c.o  -o assert_module_test -Wl,-rpath,/<<PKGBUILDDIR>>/obj-x86_64-linux-gnu/src ../src/libcmocka.so.0.4.1 
[ 96%] Built target simple_test
[ 98%] Linking C executable product_database_test
cd /<<PKGBUILDDIR>>/obj-x86_64-linux-gnu/example && /usr/bin/cmake -E cmake_link_script CMakeFiles/product_database_test.dir/link.txt --verbose=1
[ 98%] Built target key_value_test
[ 98%] Built target allocate_module_test
[ 98%] Built target test_returns_fail
make[3]: Leaving directory '/<<PKGBUILDDIR>>/obj-x86_64-linux-gnu'
[100%] Linking C executable calculator_test
/usr/bin/cc -g -O2 -fdebug-prefix-map=/<<PKGBUILDDIR>>=. -fstack-protector-strong -Wformat -Werror=format-security -Wdate-time -D_FORTIFY_SOURCE=2 -std=gnu99 -pedantic -pedantic-errors -Wall -Wextra -Wshadow -Wmissing-prototypes -Wdeclaration-after-statement -Wunused -Wfloat-equal -Wpointer-arith -Wwrite-strings -Wformat-security -Wmissing-format-attribute -Wundef -Wstrict-prototypes -fPIC -fstack-protector -D_GNU_SOURCE -D_LARGEFILE64_SOURCE  -Wl,-z,relro -Wl,-z,now -rdynamic CMakeFiles/product_database_test.dir/product_database.c.o CMakeFiles/product_database_test.dir/product_database_test.c.o  -o product_database_test -Wl,-rpath,/<<PKGBUILDDIR>>/obj-x86_64-linux-gnu/src ../src/libcmocka.so.0.4.1 
cd /<<PKGBUILDDIR>>/obj-x86_64-linux-gnu/example && /usr/bin/cmake -E cmake_link_script CMakeFiles/calculator_test.dir/link.txt --verbose=1
/usr/bin/cc -g -O2 -fdebug-prefix-map=/<<PKGBUILDDIR>>=. -fstack-protector-strong -Wformat -Werror=format-security -Wdate-time -D_FORTIFY_SOURCE=2 -std=gnu99 -pedantic -pedantic-errors -Wall -Wextra -Wshadow -Wmissing-prototypes -Wdeclaration-after-statement -Wunused -Wfloat-equal -Wpointer-arith -Wwrite-strings -Wformat-security -Wmissing-format-attribute -Wundef -Wstrict-prototypes -fPIC -fstack-protector -D_GNU_SOURCE -D_LARGEFILE64_SOURCE  -Wl,-z,relro -Wl,-z,now -rdynamic CMakeFiles/calculator_test.dir/calculator.c.o CMakeFiles/calculator_test.dir/calculator_test.c.o  -o calculator_test -Wl,-rpath,/<<PKGBUILDDIR>>/obj-x86_64-linux-gnu/src ../src/libcmocka.so.0.4.1 
[100%] Built target assert_macro_test
make[3]: Leaving directory '/<<PKGBUILDDIR>>/obj-x86_64-linux-gnu'
make[3]: Leaving directory '/<<PKGBUILDDIR>>/obj-x86_64-linux-gnu'
make[3]: Leaving directory '/<<PKGBUILDDIR>>/obj-x86_64-linux-gnu'
[100%] Built target assert_module_test
[100%] Built target waiter_test_wrap
make[3]: Leaving directory '/<<PKGBUILDDIR>>/obj-x86_64-linux-gnu'
[100%] Built target product_database_test
[100%] Built target calculator_test
make[2]: Leaving directory '/<<PKGBUILDDIR>>/obj-x86_64-linux-gnu'
/usr/bin/cmake -E cmake_progress_start /<<PKGBUILDDIR>>/obj-x86_64-linux-gnu/CMakeFiles 0
make[1]: Leaving directory '/<<PKGBUILDDIR>>/obj-x86_64-linux-gnu'
   dh_auto_test -a -O--list-missing
	make -j16 test ARGS\+=-j16
make[1]: Entering directory '/<<PKGBUILDDIR>>/obj-x86_64-linux-gnu'
Running tests...
/usr/bin/ctest --force-new-ctest-process -j16
Test project /<<PKGBUILDDIR>>/obj-x86_64-linux-gnu
      Start  1: test_alloc
      Start  2: test_group_setup_assert
      Start  3: test_group_setup_fail
      Start  4: test_fixtures
      Start  5: test_group_fixtures
      Start  6: test_groups
      Start  7: test_assert_macros
      Start  8: test_assert_macros_fail
      Start  9: test_exception_handler
      Start 10: test_basics
      Start 11: test_skip
      Start 12: test_setup_fail
      Start 13: test_ordering
      Start 14: test_ordering_fail
      Start 15: test_returns
      Start 16: test_returns_fail
 1/45 Test  #5: test_group_fixtures ...............   Passed    0.01 sec
 2/45 Test  #7: test_assert_macros ................   Passed    0.01 sec
 3/45 Test  #6: test_groups .......................   Passed    0.01 sec
 4/45 Test  #9: test_exception_handler ............***Failed  Required regular expression not found.Regex=[Test failed with exception: (Segmentation fault|Segmentation Fault|11)
]  0.01 sec
[==========] Running 3 test(s).
[ RUN      ] test_segfault_recovery
[  ERROR   ] --- Test failed with exception: Illegal instruction(4)
[  FAILED  ] test_segfault_recovery
[ RUN      ] test_segfault_recovery
[  ERROR   ] --- Test failed with exception: Illegal instruction(4)
[  FAILED  ] test_segfault_recovery
[ RUN      ] test_segfault_recovery
[  ERROR   ] --- Test failed with exception: Illegal instruction(4)
[  FAILED  ] test_segfault_recovery
[==========] 3 test(s) run.
[  PASSED  ] 0 test(s).
[  FAILED  ] 3 test(s), listed below:
[  FAILED  ] test_segfault_recovery
[  FAILED  ] test_segfault_recovery
[  FAILED  ] test_segfault_recovery

 3 FAILED TEST(S)

 5/45 Test  #1: test_alloc ........................   Passed    0.02 sec
 6/45 Test  #2: test_group_setup_assert ...........   Passed    0.02 sec
 7/45 Test  #4: test_fixtures .....................   Passed    0.01 sec
 8/45 Test  #3: test_group_setup_fail .............   Passed    0.01 sec
 9/45 Test  #8: test_assert_macros_fail ...........   Passed    0.01 sec
10/45 Test #10: test_basics .......................   Passed    0.01 sec
11/45 Test #11: test_skip .........................   Passed    0.01 sec
12/45 Test #12: test_setup_fail ...................   Passed    0.01 sec
13/45 Test #13: test_ordering .....................   Passed    0.00 sec
14/45 Test #14: test_ordering_fail ................   Passed    0.00 sec
15/45 Test #15: test_returns ......................   Passed    0.00 sec
16/45 Test #16: test_returns_fail .................   Passed    0.00 sec
      Start 17: test_cmockery
      Start 18: test_setup_fail_1_failed
      Start 19: test_setup_fail_1_passed
      Start 20: test_setup_fail_match_failed
      Start 21: test_setup_fail_match_passed
      Start 22: test_basics_tap
      Start 23: test_assert_macros_fail_tap
      Start 24: test_groups_tap
      Start 25: test_skip_tap
      Start 26: test_setup_fail_tap
      Start 27: test_basics_subunit
      Start 28: test_assert_macros_fail_subunit
      Start 29: test_groups_subunit
      Start 30: test_skip_subunit
      Start 31: test_setup_fail_subunit
      Start 32: test_basics_xml
17/45 Test #28: test_assert_macros_fail_subunit ...   Passed    0.01 sec
18/45 Test #18: test_setup_fail_1_failed ..........   Passed    0.02 sec
19/45 Test #22: test_basics_tap ...................   Passed    0.01 sec
20/45 Test #26: test_setup_fail_tap ...............   Passed    0.01 sec
21/45 Test #17: test_cmockery .....................   Passed    0.02 sec
22/45 Test #19: test_setup_fail_1_passed ..........   Passed    0.01 sec
23/45 Test #20: test_setup_fail_match_failed ......   Passed    0.01 sec
24/45 Test #21: test_setup_fail_match_passed ......   Passed    0.01 sec
25/45 Test #29: test_groups_subunit ...............   Passed    0.00 sec
26/45 Test #30: test_skip_subunit .................   Passed    0.00 sec
27/45 Test #31: test_setup_fail_subunit ...........   Passed    0.00 sec
28/45 Test #32: test_basics_xml ...................   Passed    0.00 sec
29/45 Test #27: test_basics_subunit ...............   Passed    0.01 sec
30/45 Test #23: test_assert_macros_fail_tap .......   Passed    0.01 sec
31/45 Test #25: test_skip_tap .....................   Passed    0.01 sec
32/45 Test #24: test_groups_tap ...................   Passed    0.01 sec
      Start 33: test_assert_macros_fail_xml
      Start 34: test_groups_xml
      Start 35: test_skip_xml
      Start 36: test_setup_fail_xml
      Start 37: simple_test
      Start 38: calculator_test
      Start 39: allocate_module_test
      Start 40: assert_macro_test
      Start 41: assert_module_test
      Start 42: customer_database_test
      Start 43: key_value_test
      Start 44: product_database_test
      Start 45: waiter_test_wrap
33/45 Test #42: customer_database_test ............   Passed    0.00 sec
34/45 Test #43: key_value_test ....................   Passed    0.00 sec
35/45 Test #40: assert_macro_test .................   Passed    0.01 sec
36/45 Test #41: assert_module_test ................   Passed    0.01 sec
37/45 Test #34: test_groups_xml ...................   Passed    0.01 sec
38/45 Test #33: test_assert_macros_fail_xml .......   Passed    0.01 sec
39/45 Test #35: test_skip_xml .....................   Passed    0.01 sec
40/45 Test #44: product_database_test .............   Passed    0.00 sec
41/45 Test #45: waiter_test_wrap ..................   Passed    0.00 sec
42/45 Test #39: allocate_module_test ..............   Passed    0.01 sec
43/45 Test #38: calculator_test ...................   Passed    0.01 sec
44/45 Test #36: test_setup_fail_xml ...............   Passed    0.01 sec
45/45 Test #37: simple_test .......................   Passed    0.01 sec

98% tests passed, 1 tests failed out of 45

Total Test time (real) =   0.06 sec

The following tests FAILED:
	  9 - test_exception_handler (Failed)
Errors while running CTest
Makefile:143: recipe for target 'test' failed
make[1]: *** [test] Error 8
make[1]: Leaving directory '/<<PKGBUILDDIR>>/obj-x86_64-linux-gnu'
dh_auto_test: make -j16 test ARGS\+=-j16 returned exit code 2
debian/rules:10: recipe for target 'build-arch' failed
make: *** [build-arch] Error 2
dpkg-buildpackage: error: debian/rules build-arch gave error exit status 2
--------------------------------------------------------------------------------
Build finished at 2017-08-20T19:14:55Z

Finished
--------


+------------------------------------------------------------------------------+
| Cleanup                                                                      |
+------------------------------------------------------------------------------+

Purging /<<BUILDDIR>>
Not cleaning session: cloned chroot in use
E: Build failure (dpkg-buildpackage died)

+------------------------------------------------------------------------------+
| Summary                                                                      |
+------------------------------------------------------------------------------+

Build Architecture: amd64
Build Type: any
Build-Space: 7128
Build-Time: 8
Distribution: unstable
Fail-Stage: build
Host Architecture: amd64
Install-Time: 7
Job: cmocka_1.1.1-1
Machine Architecture: amd64
Package: cmocka
Package-Time: 37
Source-Version: 1.1.1-1
Space: 7128
Status: attempted
Version: 1.1.1-1
--------------------------------------------------------------------------------
Finished at 2017-08-20T19:14:55Z
Build needed 00:00:37, 7128k disk space
E: Build failure (dpkg-buildpackage died)
DC-Status: Failed 37.71314736s
