DC-Build-Header: osm2pgsql 1.2.1+ds-1 / 2020-02-25 01:46:39 +0000
DC-Task: type:rebuild-binarch-only source:osm2pgsql version:1.2.1+ds-1 chroot:unstable esttime:123 logfile:/tmp/osm2pgsql_1.2.1+ds-1_unstable_clang10.log modes:clang10:binarch-only
DC-Sbuild-call: su user42 -c 'sbuild -n --arch-any --apt-update -d unstable -v --no-run-lintian --chroot-setup-commands=/tmp/clang10 osm2pgsql_1.2.1+ds-1'
sbuild (Debian sbuild) 0.78.1 (09 February 2019) on ip-172-31-4-34.eu-central-1.compute.internal

+==============================================================================+
| osm2pgsql 1.2.1+ds-1 (amd64)                 Tue, 25 Feb 2020 01:46:39 +0000 |
+==============================================================================+

Package: osm2pgsql
Version: 1.2.1+ds-1
Source Version: 1.2.1+ds-1
Distribution: unstable
Machine Architecture: amd64
Host Architecture: amd64
Build Architecture: amd64
Build Type: binary

I: NOTICE: Log filtering will replace 'var/run/schroot/mount/sid-amd64-sbuild-802423f4-3ee9-408d-bac8-d6932f0d3ec3' with '<<CHROOT>>'

+------------------------------------------------------------------------------+
| Chroot Setup Commands                                                        |
+------------------------------------------------------------------------------+


/tmp/clang10
------------

+ echo 'Entering customization script...'
Entering customization script...
+ CLANG_VERSION=10
+ echo 'Install of clang-10'
Install of clang-10
+ apt-get update
Get:1 http://127.0.0.1:12990/debian sid InRelease [142 kB]
Get:2 http://127.0.0.1:12990/debian sid/main Sources.diff/Index [27.9 kB]
Get:3 http://127.0.0.1:12990/debian sid/main amd64 Packages.diff/Index [27.9 kB]
Get:4 http://127.0.0.1:12990/debian sid/main Sources 2020-02-24-0823.32.pdiff [11.0 kB]
Get:5 http://127.0.0.1:12990/debian sid/main Sources 2020-02-24-1420.34.pdiff [30.2 kB]
Get:6 http://127.0.0.1:12990/debian sid/main Sources 2020-02-24-2014.03.pdiff [16.9 kB]
Get:6 http://127.0.0.1:12990/debian sid/main Sources 2020-02-24-2014.03.pdiff [16.9 kB]
Get:7 http://127.0.0.1:12990/debian sid/main amd64 Packages 2020-02-24-0823.32.pdiff [15.5 kB]
Get:8 http://127.0.0.1:12990/debian sid/main amd64 Packages 2020-02-24-1420.34.pdiff [27.5 kB]
Get:9 http://127.0.0.1:12990/debian sid/main amd64 Packages 2020-02-24-2014.03.pdiff [21.6 kB]
Get:9 http://127.0.0.1:12990/debian sid/main amd64 Packages 2020-02-24-2014.03.pdiff [21.6 kB]
Get:10 http://127.0.0.1:12990/debian sid/main Translation-en [6193 kB]
Fetched 6514 kB in 2s (2679 kB/s)
Reading package lists...
+ apt-get install --yes --no-install-recommends --force-yes clang-10 libomp-10-dev libobjc-9-dev
Reading package lists...
Building dependency tree...
The following additional packages will be installed:
  lib32gcc-s1 lib32gcc1 lib32stdc++6 libbsd0 libc6-i386 libclang-common-10-dev
  libclang-cpp10 libclang1-10 libedit2 libgc1c2 libllvm10 libobjc4 libomp5-10
  libz3-4
Suggested packages:
  clang-10-doc libomp-10-doc
Recommended packages:
  llvm-10-dev python3
The following NEW packages will be installed:
  clang-10 lib32gcc-s1 lib32gcc1 lib32stdc++6 libbsd0 libc6-i386
  libclang-common-10-dev libclang-cpp10 libclang1-10 libedit2 libgc1c2
  libllvm10 libobjc-9-dev libobjc4 libomp-10-dev libomp5-10 libz3-4
0 upgraded, 17 newly installed, 0 to remove and 1 not upgraded.
Need to get 46.4 MB of archives.
After this operation, 238 MB of additional disk space will be used.
Get:1 http://127.0.0.1:12990/debian sid/main amd64 libbsd0 amd64 0.10.0-1 [107 kB]
Get:2 http://127.0.0.1:12990/debian sid/main amd64 libedit2 amd64 3.1-20191231-1 [95.4 kB]
Get:3 http://127.0.0.1:12990/debian sid/main amd64 libz3-4 amd64 4.8.7-4 [6790 kB]
Get:4 http://127.0.0.1:12990/debian sid/main amd64 libllvm10 amd64 1:10.0.0~+rc2-1 [15.5 MB]
Get:5 http://127.0.0.1:12990/debian sid/main amd64 libclang-cpp10 amd64 1:10.0.0~+rc2-1 [9069 kB]
Get:6 http://127.0.0.1:12990/debian sid/main amd64 libgc1c2 amd64 1:7.6.4-0.4 [224 kB]
Get:7 http://127.0.0.1:12990/debian sid/main amd64 libobjc4 amd64 10-20200222-1 [41.6 kB]
Get:8 http://127.0.0.1:12990/debian sid/main amd64 libobjc-9-dev amd64 9.2.1-29 [219 kB]
Get:9 http://127.0.0.1:12990/debian sid/main amd64 libc6-i386 amd64 2.29-10 [2918 kB]
Get:10 http://127.0.0.1:12990/debian sid/main amd64 lib32gcc-s1 amd64 10-20200222-1 [49.4 kB]
Get:11 http://127.0.0.1:12990/debian sid/main amd64 lib32gcc1 amd64 1:10-20200222-1 [1104 B]
Get:12 http://127.0.0.1:12990/debian sid/main amd64 lib32stdc++6 amd64 10-20200222-1 [510 kB]
Get:13 http://127.0.0.1:12990/debian sid/main amd64 libclang-common-10-dev amd64 1:10.0.0~+rc2-1 [2782 kB]
Get:14 http://127.0.0.1:12990/debian sid/main amd64 libclang1-10 amd64 1:10.0.0~+rc2-1 [7607 kB]
Get:15 http://127.0.0.1:12990/debian sid/main amd64 clang-10 amd64 1:10.0.0~+rc2-1 [103 kB]
Get:16 http://127.0.0.1:12990/debian sid/main amd64 libomp5-10 amd64 1:10.0.0~+rc2-1 [337 kB]
Get:17 http://127.0.0.1:12990/debian sid/main amd64 libomp-10-dev amd64 1:10.0.0~+rc2-1 [84.3 kB]
debconf: delaying package configuration, since apt-utils is not installed
Fetched 46.4 MB in 1s (66.2 MB/s)
Selecting previously unselected package libbsd0:amd64.
(Reading database ... (Reading database ... 5%(Reading database ... 10%(Reading database ... 15%(Reading database ... 20%(Reading database ... 25%(Reading database ... 30%(Reading database ... 35%(Reading database ... 40%(Reading database ... 45%(Reading database ... 50%(Reading database ... 55%(Reading database ... 60%(Reading database ... 65%(Reading database ... 70%(Reading database ... 75%(Reading database ... 80%(Reading database ... 85%(Reading database ... 90%(Reading database ... 95%(Reading database ... 100%(Reading database ... 12119 files and directories currently installed.)
Preparing to unpack .../00-libbsd0_0.10.0-1_amd64.deb ...
Unpacking libbsd0:amd64 (0.10.0-1) ...
Selecting previously unselected package libedit2:amd64.
Preparing to unpack .../01-libedit2_3.1-20191231-1_amd64.deb ...
Unpacking libedit2:amd64 (3.1-20191231-1) ...
Selecting previously unselected package libz3-4:amd64.
Preparing to unpack .../02-libz3-4_4.8.7-4_amd64.deb ...
Unpacking libz3-4:amd64 (4.8.7-4) ...
Selecting previously unselected package libllvm10:amd64.
Preparing to unpack .../03-libllvm10_1%3a10.0.0~+rc2-1_amd64.deb ...
Unpacking libllvm10:amd64 (1:10.0.0~+rc2-1) ...
Selecting previously unselected package libclang-cpp10.
Preparing to unpack .../04-libclang-cpp10_1%3a10.0.0~+rc2-1_amd64.deb ...
Unpacking libclang-cpp10 (1:10.0.0~+rc2-1) ...
Selecting previously unselected package libgc1c2:amd64.
Preparing to unpack .../05-libgc1c2_1%3a7.6.4-0.4_amd64.deb ...
Unpacking libgc1c2:amd64 (1:7.6.4-0.4) ...
Selecting previously unselected package libobjc4:amd64.
Preparing to unpack .../06-libobjc4_10-20200222-1_amd64.deb ...
Unpacking libobjc4:amd64 (10-20200222-1) ...
Selecting previously unselected package libobjc-9-dev:amd64.
Preparing to unpack .../07-libobjc-9-dev_9.2.1-29_amd64.deb ...
Unpacking libobjc-9-dev:amd64 (9.2.1-29) ...
Selecting previously unselected package libc6-i386.
Preparing to unpack .../08-libc6-i386_2.29-10_amd64.deb ...
Unpacking libc6-i386 (2.29-10) ...
Selecting previously unselected package lib32gcc-s1.
Preparing to unpack .../09-lib32gcc-s1_10-20200222-1_amd64.deb ...
Unpacking lib32gcc-s1 (10-20200222-1) ...
Selecting previously unselected package lib32gcc1.
Preparing to unpack .../10-lib32gcc1_1%3a10-20200222-1_amd64.deb ...
Unpacking lib32gcc1 (1:10-20200222-1) ...
Selecting previously unselected package lib32stdc++6.
Preparing to unpack .../11-lib32stdc++6_10-20200222-1_amd64.deb ...
Unpacking lib32stdc++6 (10-20200222-1) ...
Selecting previously unselected package libclang-common-10-dev.
Preparing to unpack .../12-libclang-common-10-dev_1%3a10.0.0~+rc2-1_amd64.deb ...
Unpacking libclang-common-10-dev (1:10.0.0~+rc2-1) ...
Selecting previously unselected package libclang1-10.
Preparing to unpack .../13-libclang1-10_1%3a10.0.0~+rc2-1_amd64.deb ...
Unpacking libclang1-10 (1:10.0.0~+rc2-1) ...
Selecting previously unselected package clang-10.
Preparing to unpack .../14-clang-10_1%3a10.0.0~+rc2-1_amd64.deb ...
Unpacking clang-10 (1:10.0.0~+rc2-1) ...
Selecting previously unselected package libomp5-10:amd64.
Preparing to unpack .../15-libomp5-10_1%3a10.0.0~+rc2-1_amd64.deb ...
Unpacking libomp5-10:amd64 (1:10.0.0~+rc2-1) ...
Selecting previously unselected package libomp-10-dev.
Preparing to unpack .../16-libomp-10-dev_1%3a10.0.0~+rc2-1_amd64.deb ...
Unpacking libomp-10-dev (1:10.0.0~+rc2-1) ...
Setting up libgc1c2:amd64 (1:7.6.4-0.4) ...
Setting up libobjc4:amd64 (10-20200222-1) ...
Setting up libz3-4:amd64 (4.8.7-4) ...
Setting up libobjc-9-dev:amd64 (9.2.1-29) ...
Setting up libomp5-10:amd64 (1:10.0.0~+rc2-1) ...
Setting up libc6-i386 (2.29-10) ...
Setting up libbsd0:amd64 (0.10.0-1) ...
Setting up libomp-10-dev (1:10.0.0~+rc2-1) ...
Setting up libedit2:amd64 (3.1-20191231-1) ...
Setting up libllvm10:amd64 (1:10.0.0~+rc2-1) ...
Setting up lib32gcc-s1 (10-20200222-1) ...
Setting up libclang1-10 (1:10.0.0~+rc2-1) ...
Setting up lib32gcc1 (1:10-20200222-1) ...
Setting up libclang-cpp10 (1:10.0.0~+rc2-1) ...
Setting up lib32stdc++6 (10-20200222-1) ...
Setting up libclang-common-10-dev (1:10.0.0~+rc2-1) ...
Setting up clang-10 (1:10.0.0~+rc2-1) ...
Processing triggers for libc-bin (2.29-10) ...
W: --force-yes is deprecated, use one of the options starting with --allow instead.
+ echo 'Replace gcc, g++ & cpp by clang'
Replace gcc, g++ & cpp by clang
+ VERSIONS='4.6 4.7 4.8 4.9 5 6 7 8 9 10'
+ cd /usr/bin
+ for VERSION in $VERSIONS
+ rm -f g++-4.6 gcc-4.6 cpp-4.6 gcc
+ ln -s clang++-10 g++-4.6
+ ln -s clang-10 gcc-4.6
+ ln -s clang-10 cpp-4.6
+ ln -s clang-10 gcc
+ echo 'gcc-4.6 hold'
+ dpkg --set-selections
dpkg: warning: package not in status nor available database at line 1: gcc-4.6
dpkg: warning: found unknown packages; this might mean the available database
is outdated, and needs to be updated through a frontend method;
please see the FAQ <https://wiki.debian.org/Teams/Dpkg/FAQ>
+ echo 'g++-4.6 hold'
+ dpkg --set-selections
dpkg: warning: package not in status nor available database at line 1: g++-4.6
dpkg: warning: found unknown packages; this might mean the available database
is outdated, and needs to be updated through a frontend method;
please see the FAQ <https://wiki.debian.org/Teams/Dpkg/FAQ>
+ for VERSION in $VERSIONS
+ rm -f g++-4.7 gcc-4.7 cpp-4.7 gcc
+ ln -s clang++-10 g++-4.7
+ ln -s clang-10 gcc-4.7
+ ln -s clang-10 cpp-4.7
+ ln -s clang-10 gcc
+ echo 'gcc-4.7 hold'
+ dpkg --set-selections
dpkg: warning: package not in status nor available database at line 1: gcc-4.7
dpkg: warning: found unknown packages; this might mean the available database
is outdated, and needs to be updated through a frontend method;
please see the FAQ <https://wiki.debian.org/Teams/Dpkg/FAQ>
+ dpkg --set-selections
+ echo 'g++-4.7 hold'
dpkg: warning: package not in status nor available database at line 1: g++-4.7
dpkg: warning: found unknown packages; this might mean the available database
is outdated, and needs to be updated through a frontend method;
please see the FAQ <https://wiki.debian.org/Teams/Dpkg/FAQ>
+ for VERSION in $VERSIONS
+ rm -f g++-4.8 gcc-4.8 cpp-4.8 gcc
+ ln -s clang++-10 g++-4.8
+ ln -s clang-10 gcc-4.8
+ ln -s clang-10 cpp-4.8
+ ln -s clang-10 gcc
+ dpkg --set-selections
+ echo 'gcc-4.8 hold'
dpkg: warning: package not in status nor available database at line 1: gcc-4.8
dpkg: warning: found unknown packages; this might mean the available database
is outdated, and needs to be updated through a frontend method;
please see the FAQ <https://wiki.debian.org/Teams/Dpkg/FAQ>
+ echo 'g++-4.8 hold'
+ dpkg --set-selections
dpkg: warning: package not in status nor available database at line 1: g++-4.8
dpkg: warning: found unknown packages; this might mean the available database
is outdated, and needs to be updated through a frontend method;
please see the FAQ <https://wiki.debian.org/Teams/Dpkg/FAQ>
+ for VERSION in $VERSIONS
+ rm -f g++-4.9 gcc-4.9 cpp-4.9 gcc
+ ln -s clang++-10 g++-4.9
+ ln -s clang-10 gcc-4.9
+ ln -s clang-10 cpp-4.9
+ ln -s clang-10 gcc
+ dpkg --set-selections
+ echo 'gcc-4.9 hold'
dpkg: warning: package not in status nor available database at line 1: gcc-4.9
dpkg: warning: found unknown packages; this might mean the available database
is outdated, and needs to be updated through a frontend method;
please see the FAQ <https://wiki.debian.org/Teams/Dpkg/FAQ>
+ echo 'g++-4.9 hold'
+ dpkg --set-selections
dpkg: warning: package not in status nor available database at line 1: g++-4.9
dpkg: warning: found unknown packages; this might mean the available database
is outdated, and needs to be updated through a frontend method;
please see the FAQ <https://wiki.debian.org/Teams/Dpkg/FAQ>
+ for VERSION in $VERSIONS
+ rm -f g++-5 gcc-5 cpp-5 gcc
+ ln -s clang++-10 g++-5
+ ln -s clang-10 gcc-5
+ ln -s clang-10 cpp-5
+ ln -s clang-10 gcc
+ echo 'gcc-5 hold'
+ dpkg --set-selections
dpkg: warning: package not in status nor available database at line 1: gcc-5
dpkg: warning: found unknown packages; this might mean the available database
is outdated, and needs to be updated through a frontend method;
please see the FAQ <https://wiki.debian.org/Teams/Dpkg/FAQ>
+ dpkg --set-selections
+ echo 'g++-5 hold'
dpkg: warning: package not in status nor available database at line 1: g++-5
dpkg: warning: found unknown packages; this might mean the available database
is outdated, and needs to be updated through a frontend method;
please see the FAQ <https://wiki.debian.org/Teams/Dpkg/FAQ>
+ for VERSION in $VERSIONS
+ rm -f g++-6 gcc-6 cpp-6 gcc
+ ln -s clang++-10 g++-6
+ ln -s clang-10 gcc-6
+ ln -s clang-10 cpp-6
+ ln -s clang-10 gcc
+ echo 'gcc-6 hold'
+ dpkg --set-selections
dpkg: warning: package not in status nor available database at line 1: gcc-6
dpkg: warning: found unknown packages; this might mean the available database
is outdated, and needs to be updated through a frontend method;
please see the FAQ <https://wiki.debian.org/Teams/Dpkg/FAQ>
+ echo 'g++-6 hold'
+ dpkg --set-selections
dpkg: warning: package not in status nor available database at line 1: g++-6
dpkg: warning: found unknown packages; this might mean the available database
is outdated, and needs to be updated through a frontend method;
please see the FAQ <https://wiki.debian.org/Teams/Dpkg/FAQ>
+ for VERSION in $VERSIONS
+ rm -f g++-7 gcc-7 cpp-7 gcc
+ ln -s clang++-10 g++-7
+ ln -s clang-10 gcc-7
+ ln -s clang-10 cpp-7
+ ln -s clang-10 gcc
+ echo 'gcc-7 hold'
+ dpkg --set-selections
dpkg: warning: package not in status nor available database at line 1: gcc-7
dpkg: warning: found unknown packages; this might mean the available database
is outdated, and needs to be updated through a frontend method;
please see the FAQ <https://wiki.debian.org/Teams/Dpkg/FAQ>
+ echo 'g++-7 hold'
+ dpkg --set-selections
dpkg: warning: package not in status nor available database at line 1: g++-7
dpkg: warning: found unknown packages; this might mean the available database
is outdated, and needs to be updated through a frontend method;
please see the FAQ <https://wiki.debian.org/Teams/Dpkg/FAQ>
+ for VERSION in $VERSIONS
+ rm -f g++-8 gcc-8 cpp-8 gcc
+ ln -s clang++-10 g++-8
+ ln -s clang-10 gcc-8
+ ln -s clang-10 cpp-8
+ ln -s clang-10 gcc
+ echo 'gcc-8 hold'
+ dpkg --set-selections
dpkg: warning: package not in status nor available database at line 1: gcc-8
dpkg: warning: found unknown packages; this might mean the available database
is outdated, and needs to be updated through a frontend method;
please see the FAQ <https://wiki.debian.org/Teams/Dpkg/FAQ>
+ echo 'g++-8 hold'
+ dpkg --set-selections
dpkg: warning: package not in status nor available database at line 1: g++-8
dpkg: warning: found unknown packages; this might mean the available database
is outdated, and needs to be updated through a frontend method;
please see the FAQ <https://wiki.debian.org/Teams/Dpkg/FAQ>
+ for VERSION in $VERSIONS
+ rm -f g++-9 gcc-9 cpp-9 gcc
+ ln -s clang++-10 g++-9
+ ln -s clang-10 gcc-9
+ ln -s clang-10 cpp-9
+ ln -s clang-10 gcc
+ echo 'gcc-9 hold'
+ dpkg --set-selections
+ echo 'g++-9 hold'
+ dpkg --set-selections
+ for VERSION in $VERSIONS
+ rm -f g++-10 gcc-10 cpp-10 gcc
+ ln -s clang++-10 g++-10
+ ln -s clang-10 gcc-10
+ ln -s clang-10 cpp-10
+ ln -s clang-10 gcc
+ dpkg --set-selections
+ echo 'gcc-10 hold'
dpkg: warning: package not in status nor available database at line 1: gcc-10
dpkg: warning: found unknown packages; this might mean the available database
is outdated, and needs to be updated through a frontend method;
please see the FAQ <https://wiki.debian.org/Teams/Dpkg/FAQ>
+ echo 'g++-10 hold'
+ dpkg --set-selections
dpkg: warning: package not in status nor available database at line 1: g++-10
dpkg: warning: found unknown packages; this might mean the available database
is outdated, and needs to be updated through a frontend method;
please see the FAQ <https://wiki.debian.org/Teams/Dpkg/FAQ>
+ cd -
/build/osm2pgsql-6KVhUF
+ echo 'Check if gcc, g++ & cpp are actually clang'
Check if gcc, g++ & cpp are actually clang
+ gcc --version
+ grep clang
+ cpp --version
+ grep clang
+ g++ --version
+ grep clang

I: Finished running '/tmp/clang10'.

Finished processing commands.
--------------------------------------------------------------------------------
I: NOTICE: Log filtering will replace 'build/osm2pgsql-6KVhUF/resolver-5m8RPb' with '<<RESOLVERDIR>>'

+------------------------------------------------------------------------------+
| Update chroot                                                                |
+------------------------------------------------------------------------------+

Hit:1 http://127.0.0.1:12990/debian sid InRelease
Reading package lists...
Reading package lists...
Building dependency tree...
Reading state information...
Calculating upgrade...
The following packages will be upgraded:
  libgmp10
1 upgraded, 0 newly installed, 0 to remove and 0 not upgraded.
Need to get 253 kB of archives.
After this operation, 0 B of additional disk space will be used.
Get:1 http://127.0.0.1:12990/debian sid/main amd64 libgmp10 amd64 2:6.2.0+dfsg-4 [253 kB]
debconf: delaying package configuration, since apt-utils is not installed
Fetched 253 kB in 0s (16.8 MB/s)
(Reading database ... (Reading database ... 5%(Reading database ... 10%(Reading database ... 15%(Reading database ... 20%(Reading database ... 25%(Reading database ... 30%(Reading database ... 35%(Reading database ... 40%(Reading database ... 45%(Reading database ... 50%(Reading database ... 55%(Reading database ... 60%(Reading database ... 65%(Reading database ... 70%(Reading database ... 75%(Reading database ... 80%(Reading database ... 85%(Reading database ... 90%(Reading database ... 95%(Reading database ... 100%(Reading database ... 12960 files and directories currently installed.)
Preparing to unpack .../libgmp10_2%3a6.2.0+dfsg-4_amd64.deb ...
Unpacking libgmp10:amd64 (2:6.2.0+dfsg-4) over (2:6.2.0+dfsg-3) ...
Setting up libgmp10:amd64 (2:6.2.0+dfsg-4) ...
Processing triggers for libc-bin (2.29-10) ...

+------------------------------------------------------------------------------+
| Fetch source files                                                           |
+------------------------------------------------------------------------------+


Check APT
---------

Checking available source versions...

Download source files with APT
------------------------------

Reading package lists...
NOTICE: 'osm2pgsql' packaging is maintained in the 'Git' version control system at:
https://salsa.debian.org/debian-gis-team/osm2pgsql.git
Please use:
git clone https://salsa.debian.org/debian-gis-team/osm2pgsql.git
to retrieve the latest (possibly unreleased) updates to the package.
Need to get 925 kB of source archives.
Get:1 http://127.0.0.1:12990/debian sid/main osm2pgsql 1.2.1+ds-1 (dsc) [2278 B]
Get:2 http://127.0.0.1:12990/debian sid/main osm2pgsql 1.2.1+ds-1 (tar) [907 kB]
Get:3 http://127.0.0.1:12990/debian sid/main osm2pgsql 1.2.1+ds-1 (diff) [15.1 kB]
Fetched 925 kB in 0s (7489 kB/s)
Download complete and in download only mode
I: NOTICE: Log filtering will replace 'build/osm2pgsql-6KVhUF/osm2pgsql-1.2.1+ds' with '<<PKGBUILDDIR>>'
I: NOTICE: Log filtering will replace 'build/osm2pgsql-6KVhUF' with '<<BUILDDIR>>'

+------------------------------------------------------------------------------+
| Install package build dependencies                                           |
+------------------------------------------------------------------------------+


Setup apt archive
-----------------

Merged Build-Depends: debhelper (>= 9), cmake, libboost-dev, libboost-system-dev, libboost-filesystem-dev, libbz2-dev, libexpat1-dev, libosmium2-dev (>= 2.15.4), libpq-dev, libproj-dev, zlib1g-dev, liblua5.2-dev, lua5.2, python3, python3-psycopg2, build-essential, fakeroot
Filtered Build-Depends: debhelper (>= 9), cmake, libboost-dev, libboost-system-dev, libboost-filesystem-dev, libbz2-dev, libexpat1-dev, libosmium2-dev (>= 2.15.4), libpq-dev, libproj-dev, zlib1g-dev, liblua5.2-dev, lua5.2, python3, python3-psycopg2, build-essential, fakeroot
dpkg-deb: building package 'sbuild-build-depends-main-dummy' in '/<<RESOLVERDIR>>/apt_archive/sbuild-build-depends-main-dummy.deb'.
Ign:1 copy:/<<RESOLVERDIR>>/apt_archive ./ InRelease
Get:2 copy:/<<RESOLVERDIR>>/apt_archive ./ Release [957 B]
Ign:3 copy:/<<RESOLVERDIR>>/apt_archive ./ Release.gpg
Get:4 copy:/<<RESOLVERDIR>>/apt_archive ./ Sources [453 B]
Get:5 copy:/<<RESOLVERDIR>>/apt_archive ./ Packages [536 B]
Fetched 1946 B in 0s (178 kB/s)
Reading package lists...
Reading package lists...

Install main build dependencies (apt-based resolver)
----------------------------------------------------

Installing build dependencies
Reading package lists...
Building dependency tree...
Reading state information...
The following additional packages will be installed:
  autoconf automake autopoint autotools-dev bsdmainutils cmake cmake-data
  debhelper dh-autoreconf dh-strip-nondeterminism dwz file gettext
  gettext-base groff-base intltool-debian libarchive-zip-perl libarchive13
  libboost-dev libboost-filesystem-dev libboost-filesystem1.67-dev
  libboost-filesystem1.67.0 libboost-system-dev libboost-system1.67-dev
  libboost-system1.67.0 libboost1.67-dev libbrotli1 libbz2-dev libcroco3
  libcurl4 libdebhelper-perl libelf1 libexpat1 libexpat1-dev
  libfile-stripnondeterminism-perl libglib2.0-0 libgssapi-krb5-2 libicu63
  libjsoncpp1 libk5crypto3 libkeyutils1 libkrb5-3 libkrb5support0
  libldap-2.4-2 libldap-common liblua5.2-0 liblua5.2-dev libmagic-mgc
  libmagic1 libmpdec2 libncurses-dev libncurses6 libnghttp2-14 libosmium2-dev
  libpipeline1 libpq-dev libpq5 libprocps8 libproj-dev libproj15
  libprotozero-dev libpsl5 libpython3-stdlib libpython3.7-minimal
  libpython3.7-stdlib libreadline-dev libreadline8 librhash0 librtmp1
  libsasl2-2 libsasl2-modules-db libsigsegv2 libsqlite3-0 libsqlite3-dev
  libssh2-1 libssl1.1 libsub-override-perl libtool libuchardet0 libuv1 libxml2
  lua5.2 m4 man-db mime-support po-debconf procps proj-data python3
  python3-minimal python3-psycopg2 python3.7 python3.7-minimal readline-common
  sensible-utils zlib1g-dev
Suggested packages:
  autoconf-archive gnu-standards autoconf-doc wamerican | wordlist whois
  vacation cmake-doc ninja-build dh-make gettext-doc libasprintf-dev
  libgettextpo-dev groff lrzip libboost-doc libboost1.67-doc
  libboost-atomic1.67-dev libboost-chrono1.67-dev libboost-container1.67-dev
  libboost-context1.67-dev libboost-contract1.67-dev
  libboost-coroutine1.67-dev libboost-date-time1.67-dev
  libboost-exception1.67-dev libboost-fiber1.67-dev libboost-graph1.67-dev
  libboost-graph-parallel1.67-dev libboost-iostreams1.67-dev
  libboost-locale1.67-dev libboost-log1.67-dev libboost-math1.67-dev
  libboost-mpi1.67-dev libboost-mpi-python1.67-dev libboost-numpy1.67-dev
  libboost-program-options1.67-dev libboost-python1.67-dev
  libboost-random1.67-dev libboost-regex1.67-dev
  libboost-serialization1.67-dev libboost-signals1.67-dev
  libboost-stacktrace1.67-dev libboost-test1.67-dev libboost-thread1.67-dev
  libboost-timer1.67-dev libboost-type-erasure1.67-dev libboost-wave1.67-dev
  libboost1.67-tools-dev libmpfrc++-dev libntl-dev krb5-doc krb5-user
  ncurses-doc libosmium2-doc postgresql-doc-12 proj-bin protozero-doc
  readline-doc sqlite3-doc libtool-doc gfortran | fortran95-compiler gcj-jdk
  m4-doc apparmor less www-browser libmail-box-perl python3-doc python3-tk
  python3-venv python-psycopg2-doc python3.7-venv python3.7-doc binfmt-support
Recommended packages:
  curl | wget | lynx bzip2-doc ca-certificates libarchive-cpio-perl
  libglib2.0-data shared-mime-info xdg-user-dirs krb5-locales pkg-config
  libtool-bin libgpm2 publicsuffix libsasl2-modules libltdl-dev
  libmail-sendmail-perl psmisc
The following NEW packages will be installed:
  autoconf automake autopoint autotools-dev bsdmainutils cmake cmake-data
  debhelper dh-autoreconf dh-strip-nondeterminism dwz file gettext
  gettext-base groff-base intltool-debian libarchive-zip-perl libarchive13
  libboost-dev libboost-filesystem-dev libboost-filesystem1.67-dev
  libboost-filesystem1.67.0 libboost-system-dev libboost-system1.67-dev
  libboost-system1.67.0 libboost1.67-dev libbrotli1 libbz2-dev libcroco3
  libcurl4 libdebhelper-perl libelf1 libexpat1 libexpat1-dev
  libfile-stripnondeterminism-perl libglib2.0-0 libgssapi-krb5-2 libicu63
  libjsoncpp1 libk5crypto3 libkeyutils1 libkrb5-3 libkrb5support0
  libldap-2.4-2 libldap-common liblua5.2-0 liblua5.2-dev libmagic-mgc
  libmagic1 libmpdec2 libncurses-dev libncurses6 libnghttp2-14 libosmium2-dev
  libpipeline1 libpq-dev libpq5 libprocps8 libproj-dev libproj15
  libprotozero-dev libpsl5 libpython3-stdlib libpython3.7-minimal
  libpython3.7-stdlib libreadline-dev libreadline8 librhash0 librtmp1
  libsasl2-2 libsasl2-modules-db libsigsegv2 libsqlite3-0 libsqlite3-dev
  libssh2-1 libssl1.1 libsub-override-perl libtool libuchardet0 libuv1 libxml2
  lua5.2 m4 man-db mime-support po-debconf procps proj-data python3
  python3-minimal python3-psycopg2 python3.7 python3.7-minimal readline-common
  sbuild-build-depends-main-dummy sensible-utils zlib1g-dev
0 upgraded, 97 newly installed, 0 to remove and 0 not upgraded.
Need to get 56.9 MB of archives.
After this operation, 324 MB of additional disk space will be used.
Get:1 copy:/<<RESOLVERDIR>>/apt_archive ./ sbuild-build-depends-main-dummy 0.invalid.0 [964 B]
Get:2 http://127.0.0.1:12990/debian sid/main amd64 bsdmainutils amd64 11.1.2+b1 [191 kB]
Get:3 http://127.0.0.1:12990/debian sid/main amd64 libuchardet0 amd64 0.0.6-3 [64.9 kB]
Get:4 http://127.0.0.1:12990/debian sid/main amd64 groff-base amd64 1.22.4-4 [919 kB]
Get:5 http://127.0.0.1:12990/debian sid/main amd64 libpipeline1 amd64 1.5.2-2 [33.9 kB]
Get:6 http://127.0.0.1:12990/debian sid/main amd64 man-db amd64 2.9.0-2 [1307 kB]
Get:7 http://127.0.0.1:12990/debian sid/main amd64 libssl1.1 amd64 1.1.1d-2 [1540 kB]
Get:8 http://127.0.0.1:12990/debian sid/main amd64 libpython3.7-minimal amd64 3.7.6-1+b1 [591 kB]
Get:9 http://127.0.0.1:12990/debian sid/main amd64 libexpat1 amd64 2.2.9-1 [94.3 kB]
Get:10 http://127.0.0.1:12990/debian sid/main amd64 python3.7-minimal amd64 3.7.6-1+b1 [1813 kB]
Get:11 http://127.0.0.1:12990/debian sid/main amd64 python3-minimal amd64 3.7.5-3 [36.8 kB]
Get:12 http://127.0.0.1:12990/debian sid/main amd64 mime-support all 3.64 [37.8 kB]
Get:13 http://127.0.0.1:12990/debian sid/main amd64 libmpdec2 amd64 2.4.2-2 [87.2 kB]
Get:14 http://127.0.0.1:12990/debian sid/main amd64 readline-common all 8.0-3 [72.5 kB]
Get:15 http://127.0.0.1:12990/debian sid/main amd64 libreadline8 amd64 8.0-3 [160 kB]
Get:16 http://127.0.0.1:12990/debian sid/main amd64 libsqlite3-0 amd64 3.31.1-3 [661 kB]
Get:17 http://127.0.0.1:12990/debian sid/main amd64 libpython3.7-stdlib amd64 3.7.6-1+b1 [1735 kB]
Get:18 http://127.0.0.1:12990/debian sid/main amd64 python3.7 amd64 3.7.6-1+b1 [351 kB]
Get:19 http://127.0.0.1:12990/debian sid/main amd64 libpython3-stdlib amd64 3.7.5-3 [20.2 kB]
Get:20 http://127.0.0.1:12990/debian sid/main amd64 python3 amd64 3.7.5-3 [62.1 kB]
Get:21 http://127.0.0.1:12990/debian sid/main amd64 libncurses6 amd64 6.1+20191019-1 [102 kB]
Get:22 http://127.0.0.1:12990/debian sid/main amd64 libprocps8 amd64 2:3.3.16-1+b1 [62.8 kB]
Get:23 http://127.0.0.1:12990/debian sid/main amd64 procps amd64 2:3.3.16-1+b1 [263 kB]
Get:24 http://127.0.0.1:12990/debian sid/main amd64 sensible-utils all 0.0.12+nmu1 [16.0 kB]
Get:25 http://127.0.0.1:12990/debian sid/main amd64 libmagic-mgc amd64 1:5.38-4 [262 kB]
Get:26 http://127.0.0.1:12990/debian sid/main amd64 libmagic1 amd64 1:5.38-4 [120 kB]
Get:27 http://127.0.0.1:12990/debian sid/main amd64 file amd64 1:5.38-4 [67.9 kB]
Get:28 http://127.0.0.1:12990/debian sid/main amd64 gettext-base amd64 0.19.8.1-10 [123 kB]
Get:29 http://127.0.0.1:12990/debian sid/main amd64 libsigsegv2 amd64 2.12-2 [32.8 kB]
Get:30 http://127.0.0.1:12990/debian sid/main amd64 m4 amd64 1.4.18-4 [203 kB]
Get:31 http://127.0.0.1:12990/debian sid/main amd64 autoconf all 2.69-11.1 [341 kB]
Get:32 http://127.0.0.1:12990/debian sid/main amd64 autotools-dev all 20180224.1 [77.0 kB]
Get:33 http://127.0.0.1:12990/debian sid/main amd64 automake all 1:1.16.1-4 [771 kB]
Get:34 http://127.0.0.1:12990/debian sid/main amd64 autopoint all 0.19.8.1-10 [435 kB]
Get:35 http://127.0.0.1:12990/debian sid/main amd64 cmake-data all 3.16.3-1 [1628 kB]
Get:36 http://127.0.0.1:12990/debian sid/main amd64 libicu63 amd64 63.2-2 [8301 kB]
Get:37 http://127.0.0.1:12990/debian sid/main amd64 libxml2 amd64 2.9.10+dfsg-3 [709 kB]
Get:38 http://127.0.0.1:12990/debian sid/main amd64 libarchive13 amd64 3.4.0-1+b1 [335 kB]
Get:39 http://127.0.0.1:12990/debian sid/main amd64 libbrotli1 amd64 1.0.7-6 [266 kB]
Get:40 http://127.0.0.1:12990/debian sid/main amd64 libkeyutils1 amd64 1.6.1-2 [15.4 kB]
Get:41 http://127.0.0.1:12990/debian sid/main amd64 libkrb5support0 amd64 1.17-6 [64.6 kB]
Get:42 http://127.0.0.1:12990/debian sid/main amd64 libk5crypto3 amd64 1.17-6 [116 kB]
Get:43 http://127.0.0.1:12990/debian sid/main amd64 libkrb5-3 amd64 1.17-6 [366 kB]
Get:44 http://127.0.0.1:12990/debian sid/main amd64 libgssapi-krb5-2 amd64 1.17-6 [156 kB]
Get:45 http://127.0.0.1:12990/debian sid/main amd64 libsasl2-modules-db amd64 2.1.27+dfsg-2 [69.0 kB]
Get:46 http://127.0.0.1:12990/debian sid/main amd64 libsasl2-2 amd64 2.1.27+dfsg-2 [106 kB]
Get:47 http://127.0.0.1:12990/debian sid/main amd64 libldap-common all 2.4.49+dfsg-1 [91.9 kB]
Get:48 http://127.0.0.1:12990/debian sid/main amd64 libldap-2.4-2 amd64 2.4.49+dfsg-1 [226 kB]
Get:49 http://127.0.0.1:12990/debian sid/main amd64 libnghttp2-14 amd64 1.40.0-1 [85.0 kB]
Get:50 http://127.0.0.1:12990/debian sid/main amd64 libpsl5 amd64 0.20.2-2 [53.7 kB]
Get:51 http://127.0.0.1:12990/debian sid/main amd64 librtmp1 amd64 2.4+20151223.gitfa8646d.1-2+b1 [60.8 kB]
Get:52 http://127.0.0.1:12990/debian sid/main amd64 libssh2-1 amd64 1.8.0-2.1 [140 kB]
Get:53 http://127.0.0.1:12990/debian sid/main amd64 libcurl4 amd64 7.68.0-1 [321 kB]
Get:54 http://127.0.0.1:12990/debian sid/main amd64 libjsoncpp1 amd64 1.7.4-3.1 [77.6 kB]
Get:55 http://127.0.0.1:12990/debian sid/main amd64 librhash0 amd64 1.3.9-1 [123 kB]
Get:56 http://127.0.0.1:12990/debian sid/main amd64 libuv1 amd64 1.34.2-1 [127 kB]
Get:57 http://127.0.0.1:12990/debian sid/main amd64 cmake amd64 3.16.3-1 [3673 kB]
Get:58 http://127.0.0.1:12990/debian sid/main amd64 libtool all 2.4.6-13 [513 kB]
Get:59 http://127.0.0.1:12990/debian sid/main amd64 dh-autoreconf all 19 [16.9 kB]
Get:60 http://127.0.0.1:12990/debian sid/main amd64 libdebhelper-perl all 12.9 [183 kB]
Get:61 http://127.0.0.1:12990/debian sid/main amd64 libarchive-zip-perl all 1.67-1 [104 kB]
Get:62 http://127.0.0.1:12990/debian sid/main amd64 libsub-override-perl all 0.09-2 [10.2 kB]
Get:63 http://127.0.0.1:12990/debian sid/main amd64 libfile-stripnondeterminism-perl all 1.6.3-2 [23.7 kB]
Get:64 http://127.0.0.1:12990/debian sid/main amd64 dh-strip-nondeterminism all 1.6.3-2 [14.7 kB]
Get:65 http://127.0.0.1:12990/debian sid/main amd64 libelf1 amd64 0.176-1.1 [161 kB]
Get:66 http://127.0.0.1:12990/debian sid/main amd64 dwz amd64 0.13-5 [151 kB]
Get:67 http://127.0.0.1:12990/debian sid/main amd64 libglib2.0-0 amd64 2.62.4-2 [1319 kB]
Get:68 http://127.0.0.1:12990/debian sid/main amd64 libcroco3 amd64 0.6.13-1 [146 kB]
Get:69 http://127.0.0.1:12990/debian sid/main amd64 gettext amd64 0.19.8.1-10 [1303 kB]
Get:70 http://127.0.0.1:12990/debian sid/main amd64 intltool-debian all 0.35.0+20060710.5 [26.8 kB]
Get:71 http://127.0.0.1:12990/debian sid/main amd64 po-debconf all 1.0.21 [248 kB]
Get:72 http://127.0.0.1:12990/debian sid/main amd64 debhelper all 12.9 [994 kB]
Get:73 http://127.0.0.1:12990/debian sid/main amd64 libboost1.67-dev amd64 1.67.0-17 [8389 kB]
Get:74 http://127.0.0.1:12990/debian sid/main amd64 libboost-dev amd64 1.67.0.2+b1 [4496 B]
Get:75 http://127.0.0.1:12990/debian sid/main amd64 libboost-system1.67.0 amd64 1.67.0-17 [229 kB]
Get:76 http://127.0.0.1:12990/debian sid/main amd64 libboost-filesystem1.67.0 amd64 1.67.0-17 [260 kB]
Get:77 http://127.0.0.1:12990/debian sid/main amd64 libboost-system1.67-dev amd64 1.67.0-17 [232 kB]
Get:78 http://127.0.0.1:12990/debian sid/main amd64 libboost-filesystem1.67-dev amd64 1.67.0-17 [269 kB]
Get:79 http://127.0.0.1:12990/debian sid/main amd64 libboost-filesystem-dev amd64 1.67.0.2+b1 [4312 B]
Get:80 http://127.0.0.1:12990/debian sid/main amd64 libboost-system-dev amd64 1.67.0.2+b1 [4416 B]
Get:81 http://127.0.0.1:12990/debian sid/main amd64 libbz2-dev amd64 1.0.8-2 [30.1 kB]
Get:82 http://127.0.0.1:12990/debian sid/main amd64 libexpat1-dev amd64 2.2.9-1 [136 kB]
Get:83 http://127.0.0.1:12990/debian sid/main amd64 liblua5.2-0 amd64 5.2.4-1.1+b3 [108 kB]
Get:84 http://127.0.0.1:12990/debian sid/main amd64 libncurses-dev amd64 6.1+20191019-1 [337 kB]
Get:85 http://127.0.0.1:12990/debian sid/main amd64 libreadline-dev amd64 8.0-3 [140 kB]
Get:86 http://127.0.0.1:12990/debian sid/main amd64 liblua5.2-dev amd64 5.2.4-1.1+b3 [133 kB]
Get:87 http://127.0.0.1:12990/debian sid/main amd64 libprotozero-dev amd64 1.6.8-1 [38.9 kB]
Get:88 http://127.0.0.1:12990/debian sid/main amd64 zlib1g-dev amd64 1:1.2.11.dfsg-1.2 [209 kB]
Get:89 http://127.0.0.1:12990/debian sid/main amd64 libosmium2-dev amd64 2.15.4-1 [222 kB]
Get:90 http://127.0.0.1:12990/debian sid/main amd64 libpq5 amd64 12.2-1 [172 kB]
Get:91 http://127.0.0.1:12990/debian sid/main amd64 libpq-dev amd64 12.2-1 [137 kB]
Get:92 http://127.0.0.1:12990/debian sid/main amd64 proj-data all 6.3.1-1 [7673 kB]
Get:93 http://127.0.0.1:12990/debian sid/main amd64 libproj15 amd64 6.3.1-1 [954 kB]
Get:94 http://127.0.0.1:12990/debian sid/main amd64 libsqlite3-dev amd64 3.31.1-3 [810 kB]
Get:95 http://127.0.0.1:12990/debian sid/main amd64 libproj-dev amd64 6.3.1-1 [1138 kB]
Get:96 http://127.0.0.1:12990/debian sid/main amd64 lua5.2 amd64 5.2.4-1.1+b3 [99.5 kB]
Get:97 http://127.0.0.1:12990/debian sid/main amd64 python3-psycopg2 amd64 2.8.4-1 [150 kB]
debconf: delaying package configuration, since apt-utils is not installed
Fetched 56.9 MB in 1s (61.3 MB/s)
Selecting previously unselected package bsdmainutils.
(Reading database ... 12960 files and directories currently installed.)
Preparing to unpack .../0-bsdmainutils_11.1.2+b1_amd64.deb ...
Unpacking bsdmainutils (11.1.2+b1) ...
Selecting previously unselected package libuchardet0:amd64.
Preparing to unpack .../1-libuchardet0_0.0.6-3_amd64.deb ...
Unpacking libuchardet0:amd64 (0.0.6-3) ...
Selecting previously unselected package groff-base.
Preparing to unpack .../2-groff-base_1.22.4-4_amd64.deb ...
Unpacking groff-base (1.22.4-4) ...
Selecting previously unselected package libpipeline1:amd64.
Preparing to unpack .../3-libpipeline1_1.5.2-2_amd64.deb ...
Unpacking libpipeline1:amd64 (1.5.2-2) ...
Selecting previously unselected package man-db.
Preparing to unpack .../4-man-db_2.9.0-2_amd64.deb ...
Unpacking man-db (2.9.0-2) ...
Selecting previously unselected package libssl1.1:amd64.
Preparing to unpack .../5-libssl1.1_1.1.1d-2_amd64.deb ...
Unpacking libssl1.1:amd64 (1.1.1d-2) ...
Selecting previously unselected package libpython3.7-minimal:amd64.
Preparing to unpack .../6-libpython3.7-minimal_3.7.6-1+b1_amd64.deb ...
Unpacking libpython3.7-minimal:amd64 (3.7.6-1+b1) ...
Selecting previously unselected package libexpat1:amd64.
Preparing to unpack .../7-libexpat1_2.2.9-1_amd64.deb ...
Unpacking libexpat1:amd64 (2.2.9-1) ...
Selecting previously unselected package python3.7-minimal.
Preparing to unpack .../8-python3.7-minimal_3.7.6-1+b1_amd64.deb ...
Unpacking python3.7-minimal (3.7.6-1+b1) ...
Setting up libssl1.1:amd64 (1.1.1d-2) ...
Setting up libpython3.7-minimal:amd64 (3.7.6-1+b1) ...
Setting up libexpat1:amd64 (2.2.9-1) ...
Setting up python3.7-minimal (3.7.6-1+b1) ...
Selecting previously unselected package python3-minimal.
(Reading database ... 13869 files and directories currently installed.)
Preparing to unpack .../0-python3-minimal_3.7.5-3_amd64.deb ...
Unpacking python3-minimal (3.7.5-3) ...
Selecting previously unselected package mime-support.
Preparing to unpack .../1-mime-support_3.64_all.deb ...
Unpacking mime-support (3.64) ...
Selecting previously unselected package libmpdec2:amd64.
Preparing to unpack .../2-libmpdec2_2.4.2-2_amd64.deb ...
Unpacking libmpdec2:amd64 (2.4.2-2) ...
Selecting previously unselected package readline-common.
Preparing to unpack .../3-readline-common_8.0-3_all.deb ...
Unpacking readline-common (8.0-3) ...
Selecting previously unselected package libreadline8:amd64.
Preparing to unpack .../4-libreadline8_8.0-3_amd64.deb ...
Unpacking libreadline8:amd64 (8.0-3) ...
Selecting previously unselected package libsqlite3-0:amd64.
Preparing to unpack .../5-libsqlite3-0_3.31.1-3_amd64.deb ...
Unpacking libsqlite3-0:amd64 (3.31.1-3) ...
Selecting previously unselected package libpython3.7-stdlib:amd64.
Preparing to unpack .../6-libpython3.7-stdlib_3.7.6-1+b1_amd64.deb ...
Unpacking libpython3.7-stdlib:amd64 (3.7.6-1+b1) ...
Selecting previously unselected package python3.7.
Preparing to unpack .../7-python3.7_3.7.6-1+b1_amd64.deb ...
Unpacking python3.7 (3.7.6-1+b1) ...
Selecting previously unselected package libpython3-stdlib:amd64.
Preparing to unpack .../8-libpython3-stdlib_3.7.5-3_amd64.deb ...
Unpacking libpython3-stdlib:amd64 (3.7.5-3) ...
Setting up python3-minimal (3.7.5-3) ...
Selecting previously unselected package python3.
(Reading database ... 14340 files and directories currently installed.)
Preparing to unpack .../00-python3_3.7.5-3_amd64.deb ...
Unpacking python3 (3.7.5-3) ...
Selecting previously unselected package libncurses6:amd64.
Preparing to unpack .../01-libncurses6_6.1+20191019-1_amd64.deb ...
Unpacking libncurses6:amd64 (6.1+20191019-1) ...
Selecting previously unselected package libprocps8:amd64.
Preparing to unpack .../02-libprocps8_2%3a3.3.16-1+b1_amd64.deb ...
Unpacking libprocps8:amd64 (2:3.3.16-1+b1) ...
Selecting previously unselected package procps.
Preparing to unpack .../03-procps_2%3a3.3.16-1+b1_amd64.deb ...
Unpacking procps (2:3.3.16-1+b1) ...
Selecting previously unselected package sensible-utils.
Preparing to unpack .../04-sensible-utils_0.0.12+nmu1_all.deb ...
Unpacking sensible-utils (0.0.12+nmu1) ...
Selecting previously unselected package libmagic-mgc.
Preparing to unpack .../05-libmagic-mgc_1%3a5.38-4_amd64.deb ...
Unpacking libmagic-mgc (1:5.38-4) ...
Selecting previously unselected package libmagic1:amd64.
Preparing to unpack .../06-libmagic1_1%3a5.38-4_amd64.deb ...
Unpacking libmagic1:amd64 (1:5.38-4) ...
Selecting previously unselected package file.
Preparing to unpack .../07-file_1%3a5.38-4_amd64.deb ...
Unpacking file (1:5.38-4) ...
Selecting previously unselected package gettext-base.
Preparing to unpack .../08-gettext-base_0.19.8.1-10_amd64.deb ...
Unpacking gettext-base (0.19.8.1-10) ...
Selecting previously unselected package libsigsegv2:amd64.
Preparing to unpack .../09-libsigsegv2_2.12-2_amd64.deb ...
Unpacking libsigsegv2:amd64 (2.12-2) ...
Selecting previously unselected package m4.
Preparing to unpack .../10-m4_1.4.18-4_amd64.deb ...
Unpacking m4 (1.4.18-4) ...
Selecting previously unselected package autoconf.
Preparing to unpack .../11-autoconf_2.69-11.1_all.deb ...
Unpacking autoconf (2.69-11.1) ...
Selecting previously unselected package autotools-dev.
Preparing to unpack .../12-autotools-dev_20180224.1_all.deb ...
Unpacking autotools-dev (20180224.1) ...
Selecting previously unselected package automake.
Preparing to unpack .../13-automake_1%3a1.16.1-4_all.deb ...
Unpacking automake (1:1.16.1-4) ...
Selecting previously unselected package autopoint.
Preparing to unpack .../14-autopoint_0.19.8.1-10_all.deb ...
Unpacking autopoint (0.19.8.1-10) ...
Selecting previously unselected package cmake-data.
Preparing to unpack .../15-cmake-data_3.16.3-1_all.deb ...
Unpacking cmake-data (3.16.3-1) ...
Selecting previously unselected package libicu63:amd64.
Preparing to unpack .../16-libicu63_63.2-2_amd64.deb ...
Unpacking libicu63:amd64 (63.2-2) ...
Selecting previously unselected package libxml2:amd64.
Preparing to unpack .../17-libxml2_2.9.10+dfsg-3_amd64.deb ...
Unpacking libxml2:amd64 (2.9.10+dfsg-3) ...
Selecting previously unselected package libarchive13:amd64.
Preparing to unpack .../18-libarchive13_3.4.0-1+b1_amd64.deb ...
Unpacking libarchive13:amd64 (3.4.0-1+b1) ...
Selecting previously unselected package libbrotli1:amd64.
Preparing to unpack .../19-libbrotli1_1.0.7-6_amd64.deb ...
Unpacking libbrotli1:amd64 (1.0.7-6) ...
Selecting previously unselected package libkeyutils1:amd64.
Preparing to unpack .../20-libkeyutils1_1.6.1-2_amd64.deb ...
Unpacking libkeyutils1:amd64 (1.6.1-2) ...
Selecting previously unselected package libkrb5support0:amd64.
Preparing to unpack .../21-libkrb5support0_1.17-6_amd64.deb ...
Unpacking libkrb5support0:amd64 (1.17-6) ...
Selecting previously unselected package libk5crypto3:amd64.
Preparing to unpack .../22-libk5crypto3_1.17-6_amd64.deb ...
Unpacking libk5crypto3:amd64 (1.17-6) ...
Selecting previously unselected package libkrb5-3:amd64.
Preparing to unpack .../23-libkrb5-3_1.17-6_amd64.deb ...
Unpacking libkrb5-3:amd64 (1.17-6) ...
Selecting previously unselected package libgssapi-krb5-2:amd64.
Preparing to unpack .../24-libgssapi-krb5-2_1.17-6_amd64.deb ...
Unpacking libgssapi-krb5-2:amd64 (1.17-6) ...
Selecting previously unselected package libsasl2-modules-db:amd64.
Preparing to unpack .../25-libsasl2-modules-db_2.1.27+dfsg-2_amd64.deb ...
Unpacking libsasl2-modules-db:amd64 (2.1.27+dfsg-2) ...
Selecting previously unselected package libsasl2-2:amd64.
Preparing to unpack .../26-libsasl2-2_2.1.27+dfsg-2_amd64.deb ...
Unpacking libsasl2-2:amd64 (2.1.27+dfsg-2) ...
Selecting previously unselected package libldap-common.
Preparing to unpack .../27-libldap-common_2.4.49+dfsg-1_all.deb ...
Unpacking libldap-common (2.4.49+dfsg-1) ...
Selecting previously unselected package libldap-2.4-2:amd64.
Preparing to unpack .../28-libldap-2.4-2_2.4.49+dfsg-1_amd64.deb ...
Unpacking libldap-2.4-2:amd64 (2.4.49+dfsg-1) ...
Selecting previously unselected package libnghttp2-14:amd64.
Preparing to unpack .../29-libnghttp2-14_1.40.0-1_amd64.deb ...
Unpacking libnghttp2-14:amd64 (1.40.0-1) ...
Selecting previously unselected package libpsl5:amd64.
Preparing to unpack .../30-libpsl5_0.20.2-2_amd64.deb ...
Unpacking libpsl5:amd64 (0.20.2-2) ...
Selecting previously unselected package librtmp1:amd64.
Preparing to unpack .../31-librtmp1_2.4+20151223.gitfa8646d.1-2+b1_amd64.deb ...
Unpacking librtmp1:amd64 (2.4+20151223.gitfa8646d.1-2+b1) ...
Selecting previously unselected package libssh2-1:amd64.
Preparing to unpack .../32-libssh2-1_1.8.0-2.1_amd64.deb ...
Unpacking libssh2-1:amd64 (1.8.0-2.1) ...
Selecting previously unselected package libcurl4:amd64.
Preparing to unpack .../33-libcurl4_7.68.0-1_amd64.deb ...
Unpacking libcurl4:amd64 (7.68.0-1) ...
Selecting previously unselected package libjsoncpp1:amd64.
Preparing to unpack .../34-libjsoncpp1_1.7.4-3.1_amd64.deb ...
Unpacking libjsoncpp1:amd64 (1.7.4-3.1) ...
Selecting previously unselected package librhash0:amd64.
Preparing to unpack .../35-librhash0_1.3.9-1_amd64.deb ...
Unpacking librhash0:amd64 (1.3.9-1) ...
Selecting previously unselected package libuv1:amd64.
Preparing to unpack .../36-libuv1_1.34.2-1_amd64.deb ...
Unpacking libuv1:amd64 (1.34.2-1) ...
Selecting previously unselected package cmake.
Preparing to unpack .../37-cmake_3.16.3-1_amd64.deb ...
Unpacking cmake (3.16.3-1) ...
Selecting previously unselected package libtool.
Preparing to unpack .../38-libtool_2.4.6-13_all.deb ...
Unpacking libtool (2.4.6-13) ...
Selecting previously unselected package dh-autoreconf.
Preparing to unpack .../39-dh-autoreconf_19_all.deb ...
Unpacking dh-autoreconf (19) ...
Selecting previously unselected package libdebhelper-perl.
Preparing to unpack .../40-libdebhelper-perl_12.9_all.deb ...
Unpacking libdebhelper-perl (12.9) ...
Selecting previously unselected package libarchive-zip-perl.
Preparing to unpack .../41-libarchive-zip-perl_1.67-1_all.deb ...
Unpacking libarchive-zip-perl (1.67-1) ...
Selecting previously unselected package libsub-override-perl.
Preparing to unpack .../42-libsub-override-perl_0.09-2_all.deb ...
Unpacking libsub-override-perl (0.09-2) ...
Selecting previously unselected package libfile-stripnondeterminism-perl.
Preparing to unpack .../43-libfile-stripnondeterminism-perl_1.6.3-2_all.deb ...
Unpacking libfile-stripnondeterminism-perl (1.6.3-2) ...
Selecting previously unselected package dh-strip-nondeterminism.
Preparing to unpack .../44-dh-strip-nondeterminism_1.6.3-2_all.deb ...
Unpacking dh-strip-nondeterminism (1.6.3-2) ...
Selecting previously unselected package libelf1:amd64.
Preparing to unpack .../45-libelf1_0.176-1.1_amd64.deb ...
Unpacking libelf1:amd64 (0.176-1.1) ...
Selecting previously unselected package dwz.
Preparing to unpack .../46-dwz_0.13-5_amd64.deb ...
Unpacking dwz (0.13-5) ...
Selecting previously unselected package libglib2.0-0:amd64.
Preparing to unpack .../47-libglib2.0-0_2.62.4-2_amd64.deb ...
Unpacking libglib2.0-0:amd64 (2.62.4-2) ...
Selecting previously unselected package libcroco3:amd64.
Preparing to unpack .../48-libcroco3_0.6.13-1_amd64.deb ...
Unpacking libcroco3:amd64 (0.6.13-1) ...
Selecting previously unselected package gettext.
Preparing to unpack .../49-gettext_0.19.8.1-10_amd64.deb ...
Unpacking gettext (0.19.8.1-10) ...
Selecting previously unselected package intltool-debian.
Preparing to unpack .../50-intltool-debian_0.35.0+20060710.5_all.deb ...
Unpacking intltool-debian (0.35.0+20060710.5) ...
Selecting previously unselected package po-debconf.
Preparing to unpack .../51-po-debconf_1.0.21_all.deb ...
Unpacking po-debconf (1.0.21) ...
Selecting previously unselected package debhelper.
Preparing to unpack .../52-debhelper_12.9_all.deb ...
Unpacking debhelper (12.9) ...
Selecting previously unselected package libboost1.67-dev:amd64.
Preparing to unpack .../53-libboost1.67-dev_1.67.0-17_amd64.deb ...
Unpacking libboost1.67-dev:amd64 (1.67.0-17) ...
Selecting previously unselected package libboost-dev:amd64.
Preparing to unpack .../54-libboost-dev_1.67.0.2+b1_amd64.deb ...
Unpacking libboost-dev:amd64 (1.67.0.2+b1) ...
Selecting previously unselected package libboost-system1.67.0:amd64.
Preparing to unpack .../55-libboost-system1.67.0_1.67.0-17_amd64.deb ...
Unpacking libboost-system1.67.0:amd64 (1.67.0-17) ...
Selecting previously unselected package libboost-filesystem1.67.0:amd64.
Preparing to unpack .../56-libboost-filesystem1.67.0_1.67.0-17_amd64.deb ...
Unpacking libboost-filesystem1.67.0:amd64 (1.67.0-17) ...
Selecting previously unselected package libboost-system1.67-dev:amd64.
Preparing to unpack .../57-libboost-system1.67-dev_1.67.0-17_amd64.deb ...
Unpacking libboost-system1.67-dev:amd64 (1.67.0-17) ...
Selecting previously unselected package libboost-filesystem1.67-dev:amd64.
Preparing to unpack .../58-libboost-filesystem1.67-dev_1.67.0-17_amd64.deb ...
Unpacking libboost-filesystem1.67-dev:amd64 (1.67.0-17) ...
Selecting previously unselected package libboost-filesystem-dev:amd64.
Preparing to unpack .../59-libboost-filesystem-dev_1.67.0.2+b1_amd64.deb ...
Unpacking libboost-filesystem-dev:amd64 (1.67.0.2+b1) ...
Selecting previously unselected package libboost-system-dev:amd64.
Preparing to unpack .../60-libboost-system-dev_1.67.0.2+b1_amd64.deb ...
Unpacking libboost-system-dev:amd64 (1.67.0.2+b1) ...
Selecting previously unselected package libbz2-dev:amd64.
Preparing to unpack .../61-libbz2-dev_1.0.8-2_amd64.deb ...
Unpacking libbz2-dev:amd64 (1.0.8-2) ...
Selecting previously unselected package libexpat1-dev:amd64.
Preparing to unpack .../62-libexpat1-dev_2.2.9-1_amd64.deb ...
Unpacking libexpat1-dev:amd64 (2.2.9-1) ...
Selecting previously unselected package liblua5.2-0:amd64.
Preparing to unpack .../63-liblua5.2-0_5.2.4-1.1+b3_amd64.deb ...
Unpacking liblua5.2-0:amd64 (5.2.4-1.1+b3) ...
Selecting previously unselected package libncurses-dev:amd64.
Preparing to unpack .../64-libncurses-dev_6.1+20191019-1_amd64.deb ...
Unpacking libncurses-dev:amd64 (6.1+20191019-1) ...
Selecting previously unselected package libreadline-dev:amd64.
Preparing to unpack .../65-libreadline-dev_8.0-3_amd64.deb ...
Unpacking libreadline-dev:amd64 (8.0-3) ...
Selecting previously unselected package liblua5.2-dev:amd64.
Preparing to unpack .../66-liblua5.2-dev_5.2.4-1.1+b3_amd64.deb ...
Unpacking liblua5.2-dev:amd64 (5.2.4-1.1+b3) ...
Selecting previously unselected package libprotozero-dev.
Preparing to unpack .../67-libprotozero-dev_1.6.8-1_amd64.deb ...
Unpacking libprotozero-dev (1.6.8-1) ...
Selecting previously unselected package zlib1g-dev:amd64.
Preparing to unpack .../68-zlib1g-dev_1%3a1.2.11.dfsg-1.2_amd64.deb ...
Unpacking zlib1g-dev:amd64 (1:1.2.11.dfsg-1.2) ...
Selecting previously unselected package libosmium2-dev.
Preparing to unpack .../69-libosmium2-dev_2.15.4-1_amd64.deb ...
Unpacking libosmium2-dev (2.15.4-1) ...
Selecting previously unselected package libpq5:amd64.
Preparing to unpack .../70-libpq5_12.2-1_amd64.deb ...
Unpacking libpq5:amd64 (12.2-1) ...
Selecting previously unselected package libpq-dev.
Preparing to unpack .../71-libpq-dev_12.2-1_amd64.deb ...
Unpacking libpq-dev (12.2-1) ...
Selecting previously unselected package proj-data.
Preparing to unpack .../72-proj-data_6.3.1-1_all.deb ...
Unpacking proj-data (6.3.1-1) ...
Selecting previously unselected package libproj15:amd64.
Preparing to unpack .../73-libproj15_6.3.1-1_amd64.deb ...
Unpacking libproj15:amd64 (6.3.1-1) ...
Selecting previously unselected package libsqlite3-dev:amd64.
Preparing to unpack .../74-libsqlite3-dev_3.31.1-3_amd64.deb ...
Unpacking libsqlite3-dev:amd64 (3.31.1-3) ...
Selecting previously unselected package libproj-dev:amd64.
Preparing to unpack .../75-libproj-dev_6.3.1-1_amd64.deb ...
Unpacking libproj-dev:amd64 (6.3.1-1) ...
Selecting previously unselected package lua5.2.
Preparing to unpack .../76-lua5.2_5.2.4-1.1+b3_amd64.deb ...
Unpacking lua5.2 (5.2.4-1.1+b3) ...
Selecting previously unselected package python3-psycopg2.
Preparing to unpack .../77-python3-psycopg2_2.8.4-1_amd64.deb ...
Unpacking python3-psycopg2 (2.8.4-1) ...
Selecting previously unselected package sbuild-build-depends-main-dummy.
Preparing to unpack .../78-sbuild-build-depends-main-dummy_0.invalid.0_amd64.deb ...
Unpacking sbuild-build-depends-main-dummy (0.invalid.0) ...
Setting up libboost1.67-dev:amd64 (1.67.0-17) ...
Setting up libpipeline1:amd64 (1.5.2-2) ...
Setting up libkeyutils1:amd64 (1.6.1-2) ...
Setting up libpsl5:amd64 (0.20.2-2) ...
Setting up mime-support (3.64) ...
Setting up proj-data (6.3.1-1) ...
Setting up libmagic-mgc (1:5.38-4) ...
Setting up libarchive-zip-perl (1.67-1) ...
Setting up libglib2.0-0:amd64 (2.62.4-2) ...
No schema files found: doing nothing.
Setting up libdebhelper-perl (12.9) ...
Setting up libbrotli1:amd64 (1.0.7-6) ...
Setting up libsqlite3-0:amd64 (3.31.1-3) ...
Setting up libnghttp2-14:amd64 (1.40.0-1) ...
Setting up libmagic1:amd64 (1:5.38-4) ...
Setting up gettext-base (0.19.8.1-10) ...
Setting up file (1:5.38-4) ...
Setting up libldap-common (2.4.49+dfsg-1) ...
Setting up libprotozero-dev (1.6.8-1) ...
Setting up libicu63:amd64 (63.2-2) ...
Setting up libkrb5support0:amd64 (1.17-6) ...
Setting up libsasl2-modules-db:amd64 (2.1.27+dfsg-2) ...
Setting up autotools-dev (20180224.1) ...
Setting up libuv1:amd64 (1.34.2-1) ...
Setting up libexpat1-dev:amd64 (2.2.9-1) ...
Setting up libsqlite3-dev:amd64 (3.31.1-3) ...
Setting up librtmp1:amd64 (2.4+20151223.gitfa8646d.1-2+b1) ...
Setting up libncurses6:amd64 (6.1+20191019-1) ...
Setting up libsigsegv2:amd64 (2.12-2) ...
Setting up bsdmainutils (11.1.2+b1) ...
update-alternatives: using /usr/bin/bsd-write to provide /usr/bin/write (write) in auto mode
update-alternatives: using /usr/bin/bsd-from to provide /usr/bin/from (from) in auto mode
Setting up autopoint (0.19.8.1-10) ...
Setting up libproj15:amd64 (6.3.1-1) ...
Setting up libk5crypto3:amd64 (1.17-6) ...
Setting up libsasl2-2:amd64 (2.1.27+dfsg-2) ...
Setting up zlib1g-dev:amd64 (1:1.2.11.dfsg-1.2) ...
Setting up liblua5.2-0:amd64 (5.2.4-1.1+b3) ...
Setting up sensible-utils (0.0.12+nmu1) ...
Setting up librhash0:amd64 (1.3.9-1) ...
Setting up libuchardet0:amd64 (0.0.6-3) ...
Setting up libsub-override-perl (0.09-2) ...
Setting up libssh2-1:amd64 (1.8.0-2.1) ...
Setting up cmake-data (3.16.3-1) ...
Setting up libkrb5-3:amd64 (1.17-6) ...
Setting up libboost-dev:amd64 (1.67.0.2+b1) ...
Setting up libmpdec2:amd64 (2.4.2-2) ...
Setting up libboost-system1.67.0:amd64 (1.67.0-17) ...
Setting up libelf1:amd64 (0.176-1.1) ...
Setting up readline-common (8.0-3) ...
Setting up libxml2:amd64 (2.9.10+dfsg-3) ...
Setting up libprocps8:amd64 (2:3.3.16-1+b1) ...
Setting up libjsoncpp1:amd64 (1.7.4-3.1) ...
Setting up libbz2-dev:amd64 (1.0.8-2) ...
Setting up libfile-stripnondeterminism-perl (1.6.3-2) ...
Setting up libncurses-dev:amd64 (6.1+20191019-1) ...
Setting up libtool (2.4.6-13) ...
Setting up libarchive13:amd64 (3.4.0-1+b1) ...
Setting up libreadline8:amd64 (8.0-3) ...
Setting up libldap-2.4-2:amd64 (2.4.49+dfsg-1) ...
Setting up m4 (1.4.18-4) ...
Setting up libreadline-dev:amd64 (8.0-3) ...
Setting up liblua5.2-dev:amd64 (5.2.4-1.1+b3) ...
Setting up libosmium2-dev (2.15.4-1) ...
Setting up libproj-dev:amd64 (6.3.1-1) ...
Setting up libgssapi-krb5-2:amd64 (1.17-6) ...
Setting up libcroco3:amd64 (0.6.13-1) ...
Setting up autoconf (2.69-11.1) ...
Setting up dh-strip-nondeterminism (1.6.3-2) ...
Setting up dwz (0.13-5) ...
Setting up groff-base (1.22.4-4) ...
Setting up procps (2:3.3.16-1+b1) ...
update-alternatives: using /usr/bin/w.procps to provide /usr/bin/w (w) in auto mode
Setting up libcurl4:amd64 (7.68.0-1) ...
Setting up libboost-filesystem1.67.0:amd64 (1.67.0-17) ...
Setting up libboost-system1.67-dev:amd64 (1.67.0-17) ...
Setting up automake (1:1.16.1-4) ...
update-alternatives: using /usr/bin/automake-1.16 to provide /usr/bin/automake (automake) in auto mode
Setting up libpython3.7-stdlib:amd64 (3.7.6-1+b1) ...
Setting up gettext (0.19.8.1-10) ...
Setting up libboost-filesystem1.67-dev:amd64 (1.67.0-17) ...
Setting up lua5.2 (5.2.4-1.1+b3) ...
update-alternatives: using /usr/bin/lua5.2 to provide /usr/bin/lua (lua-interpreter) in auto mode
update-alternatives: using /usr/bin/luac5.2 to provide /usr/bin/luac (lua-compiler) in auto mode
Setting up libboost-system-dev:amd64 (1.67.0.2+b1) ...
Setting up libpq5:amd64 (12.2-1) ...
Setting up libpq-dev (12.2-1) ...
Setting up man-db (2.9.0-2) ...
Not building database; man-db/auto-update is not 'true'.
Setting up intltool-debian (0.35.0+20060710.5) ...
Setting up cmake (3.16.3-1) ...
Setting up libboost-filesystem-dev:amd64 (1.67.0.2+b1) ...
Setting up libpython3-stdlib:amd64 (3.7.5-3) ...
Setting up python3.7 (3.7.6-1+b1) ...
Setting up po-debconf (1.0.21) ...
Setting up python3 (3.7.5-3) ...
Setting up python3-psycopg2 (2.8.4-1) ...
Setting up dh-autoreconf (19) ...
Setting up debhelper (12.9) ...
Setting up sbuild-build-depends-main-dummy (0.invalid.0) ...
Processing triggers for libc-bin (2.29-10) ...

+------------------------------------------------------------------------------+
| Check architectures                                                          |
+------------------------------------------------------------------------------+

Arch check ok (amd64 included in any)

+------------------------------------------------------------------------------+
| Build environment                                                            |
+------------------------------------------------------------------------------+

Kernel: Linux 4.19.0-6-cloud-amd64 #1 SMP Debian 4.19.67-2+deb10u2 (2019-11-11) amd64 (x86_64)
Toolchain package versions: binutils_2.34-3 dpkg-dev_1.19.7 g++-9_9.2.1-29 gcc-9_9.2.1-29 libc6-dev_2.29-10 libstdc++-9-dev_9.2.1-29 libstdc++6_10-20200222-1 linux-libc-dev_5.4.19-1
Package versions: adduser_3.118 apt_1.8.4 autoconf_2.69-11.1 automake_1:1.16.1-4 autopoint_0.19.8.1-10 autotools-dev_20180224.1 base-files_11 base-passwd_3.5.47 bash_5.0-5 binutils_2.34-3 binutils-common_2.34-3 binutils-x86-64-linux-gnu_2.34-3 bsdmainutils_11.1.2+b1 bsdutils_1:2.34-0.1 build-essential_12.8 bzip2_1.0.8-2 clang-10_1:10.0.0~+rc2-1 cmake_3.16.3-1 cmake-data_3.16.3-1 coreutils_8.30-3+b1 cpp_4:9.2.1-3.1 cpp-9_9.2.1-29 dash_0.5.10.2-6 debconf_1.5.73 debhelper_12.9 debian-archive-keyring_2019.1 debianutils_4.9.1 dh-autoreconf_19 dh-strip-nondeterminism_1.6.3-2 diffutils_1:3.7-3 dpkg_1.19.7 dpkg-dev_1.19.7 dwz_0.13-5 e2fsprogs_1.45.5-2 fakeroot_1.24-1 fdisk_2.34-0.1 file_1:5.38-4 findutils_4.7.0-1 g++_4:9.2.1-3.1 g++-9_9.2.1-29 gcc_4:9.2.1-3.1 gcc-10-base_10-20200222-1 gcc-9_9.2.1-29 gcc-9-base_9.2.1-29 gettext_0.19.8.1-10 gettext-base_0.19.8.1-10 gpgv_2.2.19-1 grep_3.4-1 groff-base_1.22.4-4 gzip_1.9-3+b1 hostname_3.23 init-system-helpers_1.57 intltool-debian_0.35.0+20060710.5 lib32gcc-s1_10-20200222-1 lib32gcc1_1:10-20200222-1 lib32stdc++6_10-20200222-1 libacl1_2.2.53-5 libapt-pkg5.0_1.8.4 libarchive-zip-perl_1.67-1 libarchive13_3.4.0-1+b1 libasan5_9.2.1-29 libatomic1_10-20200222-1 libattr1_1:2.4.48-5 libaudit-common_1:2.8.5-2 libaudit1_1:2.8.5-2+b1 libbinutils_2.34-3 libblkid1_2.34-0.1 libboost-dev_1.67.0.2+b1 libboost-filesystem-dev_1.67.0.2+b1 libboost-filesystem1.67-dev_1.67.0-17 libboost-filesystem1.67.0_1.67.0-17 libboost-system-dev_1.67.0.2+b1 libboost-system1.67-dev_1.67.0-17 libboost-system1.67.0_1.67.0-17 libboost1.67-dev_1.67.0-17 libbrotli1_1.0.7-6 libbsd0_0.10.0-1 libbz2-1.0_1.0.8-2 libbz2-dev_1.0.8-2 libc-bin_2.29-10 libc-dev-bin_2.29-10 libc6_2.29-10 libc6-dev_2.29-10 libc6-i386_2.29-10 libcap-ng0_0.7.9-2.1+b1 libcc1-0_10-20200222-1 libclang-common-10-dev_1:10.0.0~+rc2-1 libclang-cpp10_1:10.0.0~+rc2-1 libclang1-10_1:10.0.0~+rc2-1 libcom-err2_1.45.5-2 libcroco3_0.6.13-1 libcrypt-dev_1:4.4.10-10 libcrypt1_1:4.4.10-10 libctf-nobfd0_2.34-3 libctf0_2.34-3 libcurl4_7.68.0-1 libdb5.3_5.3.28+dfsg1-0.6 libdebconfclient0_0.251 libdebhelper-perl_12.9 libdpkg-perl_1.19.7 libedit2_3.1-20191231-1 libelf1_0.176-1.1 libexpat1_2.2.9-1 libexpat1-dev_2.2.9-1 libext2fs2_1.45.5-2 libfakeroot_1.24-1 libfdisk1_2.34-0.1 libffi7_3.3-3 libfile-stripnondeterminism-perl_1.6.3-2 libgc1c2_1:7.6.4-0.4 libgcc-9-dev_9.2.1-29 libgcc-s1_10-20200222-1 libgcc1_1:10-20200222-1 libgcrypt20_1.8.5-5 libgdbm-compat4_1.18.1-5 libgdbm6_1.18.1-5 libglib2.0-0_2.62.4-2 libgmp10_2:6.2.0+dfsg-4 libgnutls30_3.6.12-2 libgomp1_10-20200222-1 libgpg-error0_1.37-1 libgssapi-krb5-2_1.17-6 libhogweed5_3.5.1+really3.5.1-2 libicu63_63.2-2 libidn2-0_2.2.0-2 libisl22_0.22.1-1 libitm1_10-20200222-1 libjsoncpp1_1.7.4-3.1 libk5crypto3_1.17-6 libkeyutils1_1.6.1-2 libkrb5-3_1.17-6 libkrb5support0_1.17-6 libldap-2.4-2_2.4.49+dfsg-1 libldap-common_2.4.49+dfsg-1 libllvm10_1:10.0.0~+rc2-1 liblsan0_10-20200222-1 liblua5.2-0_5.2.4-1.1+b3 liblua5.2-dev_5.2.4-1.1+b3 liblz4-1_1.9.2-2 liblzma5_5.2.4-1+b1 libmagic-mgc_1:5.38-4 libmagic1_1:5.38-4 libmount1_2.34-0.1 libmpc3_1.1.0-1 libmpdec2_2.4.2-2 libmpfr6_4.0.2-1 libncurses-dev_6.1+20191019-1 libncurses6_6.1+20191019-1 libncursesw6_6.1+20191019-1 libnettle7_3.5.1+really3.5.1-2 libnghttp2-14_1.40.0-1 libobjc-9-dev_9.2.1-29 libobjc4_10-20200222-1 libomp-10-dev_1:10.0.0~+rc2-1 libomp5-10_1:10.0.0~+rc2-1 libosmium2-dev_2.15.4-1 libp11-kit0_0.23.20-1 libpam-modules_1.3.1-5 libpam-modules-bin_1.3.1-5 libpam-runtime_1.3.1-5 libpam0g_1.3.1-5 libpcre2-8-0_10.34-7 libpcre3_2:8.39-12+b1 libperl5.30_5.30.0-9 libpipeline1_1.5.2-2 libpq-dev_12.2-1 libpq5_12.2-1 libprocps8_2:3.3.16-1+b1 libproj-dev_6.3.1-1 libproj15_6.3.1-1 libprotozero-dev_1.6.8-1 libpsl5_0.20.2-2 libpython3-stdlib_3.7.5-3 libpython3.7-minimal_3.7.6-1+b1 libpython3.7-stdlib_3.7.6-1+b1 libquadmath0_10-20200222-1 libreadline-dev_8.0-3 libreadline8_8.0-3 librhash0_1.3.9-1 librtmp1_2.4+20151223.gitfa8646d.1-2+b1 libsasl2-2_2.1.27+dfsg-2 libsasl2-modules-db_2.1.27+dfsg-2 libseccomp2_2.4.2-2 libselinux1_3.0-1+b1 libsemanage-common_3.0-1 libsemanage1_3.0-1+b1 libsepol1_3.0-1 libsigsegv2_2.12-2 libsmartcols1_2.34-0.1 libsqlite3-0_3.31.1-3 libsqlite3-dev_3.31.1-3 libss2_1.45.5-2 libssh2-1_1.8.0-2.1 libssl1.1_1.1.1d-2 libstdc++-9-dev_9.2.1-29 libstdc++6_10-20200222-1 libsub-override-perl_0.09-2 libsystemd0_244.3-1 libtasn1-6_4.16.0-2 libtinfo6_6.1+20191019-1 libtool_2.4.6-13 libtsan0_10-20200222-1 libubsan1_10-20200222-1 libuchardet0_0.0.6-3 libudev1_244.3-1 libunistring2_0.9.10-2 libuuid1_2.34-0.1 libuv1_1.34.2-1 libxml2_2.9.10+dfsg-3 libz3-4_4.8.7-4 libzstd1_1.4.4+dfsg-3 linux-libc-dev_5.4.19-1 login_1:4.8.1-1 logsave_1.45.5-2 lsb-base_11.1.0 lua5.2_5.2.4-1.1+b3 m4_1.4.18-4 make_4.2.1-1.2 man-db_2.9.0-2 mawk_1.3.4.20200120-2 mime-support_3.64 mount_2.34-0.1 ncurses-base_6.1+20191019-1 ncurses-bin_6.1+20191019-1 passwd_1:4.8.1-1 patch_2.7.6-6 perl_5.30.0-9 perl-base_5.30.0-9 perl-modules-5.30_5.30.0-9 po-debconf_1.0.21 procps_2:3.3.16-1+b1 proj-data_6.3.1-1 python3_3.7.5-3 python3-minimal_3.7.5-3 python3-psycopg2_2.8.4-1 python3.7_3.7.6-1+b1 python3.7-minimal_3.7.6-1+b1 readline-common_8.0-3 sbuild-build-depends-main-dummy_0.invalid.0 sed_4.7-1 sensible-utils_0.0.12+nmu1 sysvinit-utils_2.96-2.1 tar_1.30+dfsg-6+b1 tzdata_2019c-3 util-linux_2.34-0.1 xz-utils_5.2.4-1+b1 zlib1g_1:1.2.11.dfsg-1.2 zlib1g-dev_1:1.2.11.dfsg-1.2

+------------------------------------------------------------------------------+
| Build                                                                        |
+------------------------------------------------------------------------------+


Unpack source
-------------

-----BEGIN PGP SIGNED MESSAGE-----
Hash: SHA512

Format: 3.0 (quilt)
Source: osm2pgsql
Binary: osm2pgsql
Architecture: any
Version: 1.2.1+ds-1
Maintainer: Debian GIS Project <pkg-grass-devel@lists.alioth.debian.org>
Uploaders: Francesco Paolo Lovergine <frankie@debian.org>, David Paleino <dapal@debian.org>, Andreas Tille <tille@debian.org>, Bas Couwenberg <sebastic@debian.org>
Homepage: https://wiki.openstreetmap.org/wiki/Osm2pgsql
Standards-Version: 4.4.1
Vcs-Browser: https://salsa.debian.org/debian-gis-team/osm2pgsql
Vcs-Git: https://salsa.debian.org/debian-gis-team/osm2pgsql.git
Build-Depends: debhelper (>= 9), cmake, libboost-dev, libboost-system-dev, libboost-filesystem-dev, libbz2-dev, libexpat1-dev, libosmium2-dev (>= 2.15.4), libpq-dev, libproj-dev, zlib1g-dev, liblua5.2-dev, lua5.2, python3, python3-psycopg2
Package-List:
 osm2pgsql deb utils optional arch=any
Checksums-Sha1:
 140ca01ce735e4ad63770d1ea95287a54af828e3 907404 osm2pgsql_1.2.1+ds.orig.tar.xz
 1efdab7039e2716a3065dc952e3ffa30b53ab5ba 15128 osm2pgsql_1.2.1+ds-1.debian.tar.xz
Checksums-Sha256:
 f970c1d51d5fafc1979393c3acf5331d767c03bc87cbce2dd93f05a4b934b155 907404 osm2pgsql_1.2.1+ds.orig.tar.xz
 1137605be2b31d2940af584f405cd48409ccb9dc5050b8976278e38e911306a1 15128 osm2pgsql_1.2.1+ds-1.debian.tar.xz
Files:
 2c0c567407a2a6a422343a863b06516b 907404 osm2pgsql_1.2.1+ds.orig.tar.xz
 d7af9bd1966b1e59177a3a49920f79a5 15128 osm2pgsql_1.2.1+ds-1.debian.tar.xz

-----BEGIN PGP SIGNATURE-----

iQIzBAEBCgAdFiEEgYLeQXBWQI1hRlDRZ1DxCuiNSvEFAl3iC1QACgkQZ1DxCuiN
SvFIcRAAi/mVK5Qg9g5TaTRIAVDfeiaE9P0bWhzzWhBsIBsqPD9YCPreJrbLcQY/
BDxqWahwDHOXip3h2FSg6NfnBrjipSCzOjKNY7MsdafC1y6ytaBLbCE35AY7FyKq
1gJL8X9JvxcipvDNUkdGynsvDK0jETXLakgViwNiZBUSF4DSnRADjTyXC/VEKJvz
zs1WnmrZX0QjPPBybxafayJLp7B0Te74/+HOnhTKcXZsThcp4dv5QZYBX0kssRMc
ftewIe7RCg1UvuUURSqKCtPTm8VKRpD7+hBeJQxbiK2Hqpc2RACjuF5SMlPq7pW4
HalCcaFOG9oW3ui0dmVxmEgEFWncA8mP9nsVnLevcQFF2ktE4/X76GAZYgkbIg8a
dVxysPtw+Rx/PGblG3lKzOpLlmATslf/Nqq0OyuFr/fJGcVwHe8Q4pl7aeSodXgC
5+eF1DvsW9q6JkAITsR5nd66EV7is51vc9BEJCJ4Ay/mdaYUfUaBwOxhqOYVA3js
CHTFcYt8HWIyXb/xIZI80JtYlEwgK1k6vHKuOznjebtMZrYXb3f+Pamz7vtpmQ7a
ATGmPOAmQ7ZC8xnW+BEESd4QDFLBUQfKSmtZoyvr0jMQ62tj7rCz7NxF3VXw+M0Z
ieEmnxAwd+lv4Zre2S5FbHUqTpb1c4dl+QOzpH0RJcrj6vPcmWo=
=cjNO
-----END PGP SIGNATURE-----

gpgv: unknown type of key resource 'trustedkeys.kbx'
gpgv: keyblock resource '/sbuild-nonexistent/.gnupg/trustedkeys.kbx': General error
gpgv: Signature made Sat Nov 30 06:25:24 2019 UTC
gpgv:                using RSA key 8182DE417056408D614650D16750F10AE88D4AF1
gpgv: Can't check signature: No public key
dpkg-source: warning: failed to verify signature on ./osm2pgsql_1.2.1+ds-1.dsc
dpkg-source: info: extracting osm2pgsql in /<<PKGBUILDDIR>>
dpkg-source: info: unpacking osm2pgsql_1.2.1+ds.orig.tar.xz
dpkg-source: info: unpacking osm2pgsql_1.2.1+ds-1.debian.tar.xz

Check disk space
----------------

Sufficient free space for build

User Environment
----------------

APT_CONFIG=/var/lib/sbuild/apt.conf
HOME=/sbuild-nonexistent
LANG=C.UTF-8
LC_ALL=C.UTF-8
LOGNAME=user42
PATH=/usr/local/sbin:/usr/local/bin:/usr/sbin:/usr/bin:/sbin:/bin:/usr/games
SCHROOT_ALIAS_NAME=unstable
SCHROOT_CHROOT_NAME=sid-amd64-sbuild
SCHROOT_COMMAND=env
SCHROOT_GID=1001
SCHROOT_GROUP=user42
SCHROOT_SESSION_ID=sid-amd64-sbuild-802423f4-3ee9-408d-bac8-d6932f0d3ec3
SCHROOT_UID=1001
SCHROOT_USER=user42
SHELL=/bin/sh
USER=user42

dpkg-buildpackage
-----------------

Command: dpkg-buildpackage -us -uc -b -rfakeroot
dpkg-buildpackage: info: source package osm2pgsql
dpkg-buildpackage: info: source version 1.2.1+ds-1
dpkg-buildpackage: info: source distribution unstable
dpkg-buildpackage: info: source changed by Bas Couwenberg <sebastic@debian.org>
 dpkg-source --before-build .
dpkg-buildpackage: info: host architecture amd64
 fakeroot debian/rules clean
dh clean \
	--buildsystem cmake \
	--parallel
   dh_auto_clean -O--buildsystem=cmake -O--parallel
   dh_clean -O--buildsystem=cmake -O--parallel
 debian/rules build
dh build \
	--buildsystem cmake \
	--parallel
   dh_update_autotools_config -O--buildsystem=cmake -O--parallel
   debian/rules override_dh_auto_configure
make[1]: Entering directory '/<<PKGBUILDDIR>>'
dh_auto_configure -- -DEXTERNAL_LIBOSMIUM=ON \
                     -DEXTERNAL_PROTOZERO=ON
	cd obj-x86_64-linux-gnu && cmake -DCMAKE_INSTALL_PREFIX=/usr -DCMAKE_BUILD_TYPE=None -DCMAKE_INSTALL_SYSCONFDIR=/etc -DCMAKE_INSTALL_LOCALSTATEDIR=/var -DCMAKE_EXPORT_NO_PACKAGE_REGISTRY=ON -DCMAKE_FIND_PACKAGE_NO_PACKAGE_REGISTRY=ON "-GUnix Makefiles" -DCMAKE_VERBOSE_MAKEFILE=ON -DCMAKE_INSTALL_LIBDIR=lib/x86_64-linux-gnu -DEXTERNAL_LIBOSMIUM=ON -DEXTERNAL_PROTOZERO=ON ..
Re-run cmake no build system arguments
-- The C compiler identification is Clang 10.0.0
-- The CXX compiler identification is Clang 10.0.0
-- Check for working C compiler: /usr/bin/cc
-- Check for working C compiler: /usr/bin/cc -- works
-- Detecting C compiler ABI info
-- Detecting C compiler ABI info - done
-- Detecting C compile features
-- Detecting C compile features - done
-- Check for working CXX compiler: /usr/bin/c++
-- Check for working CXX compiler: /usr/bin/c++ -- works
-- Detecting CXX compiler ABI info
-- Detecting CXX compiler ABI info - done
-- Detecting CXX compile features
-- Detecting CXX compile features - done
-- Building osm2pgsql 1.2.1
-- Looking for include file termios.h
-- Looking for include file termios.h - found
-- Looking for include file libgen.h
-- Looking for include file libgen.h - found
-- Looking for include file unistd.h
-- Looking for include file unistd.h - found
-- Found ZLIB: /usr/lib/x86_64-linux-gnu/libz.so (found version "1.2.11") 
-- Looking for pthread.h
-- Looking for pthread.h - found
-- Performing Test CMAKE_HAVE_LIBC_PTHREAD
-- Performing Test CMAKE_HAVE_LIBC_PTHREAD - Failed
-- Looking for pthread_create in pthreads
-- Looking for pthread_create in pthreads - not found
-- Looking for pthread_create in pthread
-- Looking for pthread_create in pthread - found
-- Found Threads: TRUE  
-- Found Protozero: /usr/include (found suitable version "1.6.8", minimum required is "1.6.3") 
-- Found EXPAT: /usr/lib/x86_64-linux-gnu/libexpat.so (found version "2.2.9") 
-- Found BZip2: /usr/lib/x86_64-linux-gnu/libbz2.so (found version "1.0.8") 
-- Looking for BZ2_bzCompressInit
-- Looking for BZ2_bzCompressInit - found
-- Found Osmium: /usr/include (found suitable version "2.15.4", minimum required is "2.14") 
-- Found Lua: /usr/lib/x86_64-linux-gnu/liblua5.2.so;/usr/lib/x86_64-linux-gnu/libm.so (found version "5.2.4") 
-- Found Boost: /usr/include (found suitable version "1.67.0", minimum required is "1.50") found components: system filesystem 
-- Found PostgreSQL: /usr/lib/x86_64-linux-gnu/libpq.so (found version "12.2") 
Libraries used to build: /usr/lib/x86_64-linux-gnu/libboost_system.so/usr/lib/x86_64-linux-gnu/libboost_filesystem.so/usr/lib/x86_64-linux-gnu/libpq.so/usr/lib/x86_64-linux-gnu/libz.so-lpthread/usr/lib/x86_64-linux-gnu/libexpat.so/usr/lib/x86_64-linux-gnu/libbz2.so/usr/lib/x86_64-linux-gnu/libproj.so/usr/lib/x86_64-linux-gnu/liblua5.2.so/usr/lib/x86_64-linux-gnu/libm.so
-- Looking for clock_gettime in rt
-- Looking for clock_gettime in rt - found
Active compiler flags:-g -O2 -fdebug-prefix-map=/<<PKGBUILDDIR>>=. -fstack-protector-strong -Wformat -Werror=format-security -Wdate-time -D_FORTIFY_SOURCE=2 -DNDEBUG -Wdate-time -D_FORTIFY_SOURCE=2
-- Added test: test-expire-tiles...
-- Added test: test-hstore-match-only...
-- Added test: test-middle-flat...
-- Added test: test-middle-pgsql...
-- Added test: test-middle-ram...
-- Added test: test-options-database...
-- Added test: test-options-parse...
-- Added test: test-options-projection...
-- Added test: test-output-multi-line-storage...
-- Added test: test-output-multi-line...
-- Added test: test-output-multi-point-multi-table...
-- Added test: test-output-multi-point...
-- Added test: test-output-multi-poly-trivial...
-- Added test: test-output-multi-polygon...
-- Added test: test-output-multi-tags...
-- Added test: test-output-pgsql-area...
-- Added test: test-output-pgsql-schema...
-- Added test: test-output-pgsql-int4...
-- Added test: test-output-pgsql-tablespace...
-- Added test: test-output-pgsql-validgeom...
-- Added test: test-output-pgsql-z_order...
-- Added test: test-output-pgsql...
-- Added test: test-parse-diff...
-- Added test: test-parse-extra-args...
-- Added test: test-parse-xml2...
-- Added test: test-persistent-node-cache...
-- Added test: test-wildcard-match...
-- Added tablespace fixture...
-- Found PythonInterp: /usr/bin/python3 (found suitable version "3.7.6", minimum required is "3") 
-- Added test: regression-test-pbf (needs Python with psycopg2 module)
-- Configuring done
-- Generating done
CMake Warning:
  Manually-specified variables were not used by the project:

    CMAKE_EXPORT_NO_PACKAGE_REGISTRY
    CMAKE_INSTALL_LIBDIR
    CMAKE_INSTALL_LOCALSTATEDIR
    CMAKE_INSTALL_SYSCONFDIR


-- Build files have been written to: /<<PKGBUILDDIR>>/obj-x86_64-linux-gnu
make[1]: Leaving directory '/<<PKGBUILDDIR>>'
   dh_auto_build -O--buildsystem=cmake -O--parallel
	cd obj-x86_64-linux-gnu && make -j4
make[1]: Entering directory '/<<PKGBUILDDIR>>/obj-x86_64-linux-gnu'
/usr/bin/cmake -S/<<PKGBUILDDIR>> -B/<<PKGBUILDDIR>>/obj-x86_64-linux-gnu --check-build-system CMakeFiles/Makefile.cmake 0
/usr/bin/cmake -E cmake_progress_start /<<PKGBUILDDIR>>/obj-x86_64-linux-gnu/CMakeFiles /<<PKGBUILDDIR>>/obj-x86_64-linux-gnu/CMakeFiles/progress.marks
make -f CMakeFiles/Makefile2 all
make[2]: Entering directory '/<<PKGBUILDDIR>>/obj-x86_64-linux-gnu'
make -f CMakeFiles/osm2pgsql_lib.dir/build.make CMakeFiles/osm2pgsql_lib.dir/depend
make[3]: Entering directory '/<<PKGBUILDDIR>>/obj-x86_64-linux-gnu'
cd /<<PKGBUILDDIR>>/obj-x86_64-linux-gnu && /usr/bin/cmake -E cmake_depends "Unix Makefiles" /<<PKGBUILDDIR>> /<<PKGBUILDDIR>> /<<PKGBUILDDIR>>/obj-x86_64-linux-gnu /<<PKGBUILDDIR>>/obj-x86_64-linux-gnu /<<PKGBUILDDIR>>/obj-x86_64-linux-gnu/CMakeFiles/osm2pgsql_lib.dir/DependInfo.cmake --color=
Dependee "/<<PKGBUILDDIR>>/obj-x86_64-linux-gnu/CMakeFiles/osm2pgsql_lib.dir/DependInfo.cmake" is newer than depender "/<<PKGBUILDDIR>>/obj-x86_64-linux-gnu/CMakeFiles/osm2pgsql_lib.dir/depend.internal".
Dependee "/<<PKGBUILDDIR>>/obj-x86_64-linux-gnu/CMakeFiles/CMakeDirectoryInformation.cmake" is newer than depender "/<<PKGBUILDDIR>>/obj-x86_64-linux-gnu/CMakeFiles/osm2pgsql_lib.dir/depend.internal".
Scanning dependencies of target osm2pgsql_lib
make[3]: Leaving directory '/<<PKGBUILDDIR>>/obj-x86_64-linux-gnu'
make -f CMakeFiles/osm2pgsql_lib.dir/build.make CMakeFiles/osm2pgsql_lib.dir/build
make[3]: Entering directory '/<<PKGBUILDDIR>>/obj-x86_64-linux-gnu'
[  2%] Building CXX object CMakeFiles/osm2pgsql_lib.dir/db-copy.cpp.o
/usr/bin/c++  -DBOOST_TEST_DYN_LINK -DDEFAULT_STYLE=\"/usr/share/osm2pgsql/default.style\" -DFIXED_POINT -D_FILE_OFFSET_BITS=64 -D_LARGEFILE_SOURCE -I/<<PKGBUILDDIR>> -I/<<PKGBUILDDIR>>/obj-x86_64-linux-gnu -I/usr/include/lua5.2 -I/usr/include/postgresql  -g -O2 -fdebug-prefix-map=/<<PKGBUILDDIR>>=. -fstack-protector-strong -Wformat -Werror=format-security -Wdate-time -D_FORTIFY_SOURCE=2 -DNDEBUG -Wdate-time -D_FORTIFY_SOURCE=2   -Wall -std=c++11 -o CMakeFiles/osm2pgsql_lib.dir/db-copy.cpp.o -c /<<PKGBUILDDIR>>/db-copy.cpp
[  5%] Building CXX object CMakeFiles/osm2pgsql_lib.dir/expire-tiles.cpp.o
[  8%] Building CXX object CMakeFiles/osm2pgsql_lib.dir/geometry-processor.cpp.o
[ 11%] Building CXX object CMakeFiles/osm2pgsql_lib.dir/id-tracker.cpp.o
/usr/bin/c++  -DBOOST_TEST_DYN_LINK -DDEFAULT_STYLE=\"/usr/share/osm2pgsql/default.style\" -DFIXED_POINT -D_FILE_OFFSET_BITS=64 -D_LARGEFILE_SOURCE -I/<<PKGBUILDDIR>> -I/<<PKGBUILDDIR>>/obj-x86_64-linux-gnu -I/usr/include/lua5.2 -I/usr/include/postgresql  -g -O2 -fdebug-prefix-map=/<<PKGBUILDDIR>>=. -fstack-protector-strong -Wformat -Werror=format-security -Wdate-time -D_FORTIFY_SOURCE=2 -DNDEBUG -Wdate-time -D_FORTIFY_SOURCE=2   -Wall -std=c++11 -o CMakeFiles/osm2pgsql_lib.dir/expire-tiles.cpp.o -c /<<PKGBUILDDIR>>/expire-tiles.cpp
/usr/bin/c++  -DBOOST_TEST_DYN_LINK -DDEFAULT_STYLE=\"/usr/share/osm2pgsql/default.style\" -DFIXED_POINT -D_FILE_OFFSET_BITS=64 -D_LARGEFILE_SOURCE -I/<<PKGBUILDDIR>> -I/<<PKGBUILDDIR>>/obj-x86_64-linux-gnu -I/usr/include/lua5.2 -I/usr/include/postgresql  -g -O2 -fdebug-prefix-map=/<<PKGBUILDDIR>>=. -fstack-protector-strong -Wformat -Werror=format-security -Wdate-time -D_FORTIFY_SOURCE=2 -DNDEBUG -Wdate-time -D_FORTIFY_SOURCE=2   -Wall -std=c++11 -o CMakeFiles/osm2pgsql_lib.dir/geometry-processor.cpp.o -c /<<PKGBUILDDIR>>/geometry-processor.cpp
/usr/bin/c++  -DBOOST_TEST_DYN_LINK -DDEFAULT_STYLE=\"/usr/share/osm2pgsql/default.style\" -DFIXED_POINT -D_FILE_OFFSET_BITS=64 -D_LARGEFILE_SOURCE -I/<<PKGBUILDDIR>> -I/<<PKGBUILDDIR>>/obj-x86_64-linux-gnu -I/usr/include/lua5.2 -I/usr/include/postgresql  -g -O2 -fdebug-prefix-map=/<<PKGBUILDDIR>>=. -fstack-protector-strong -Wformat -Werror=format-security -Wdate-time -D_FORTIFY_SOURCE=2 -DNDEBUG -Wdate-time -D_FORTIFY_SOURCE=2   -Wall -std=c++11 -o CMakeFiles/osm2pgsql_lib.dir/id-tracker.cpp.o -c /<<PKGBUILDDIR>>/id-tracker.cpp
[ 14%] Building CXX object CMakeFiles/osm2pgsql_lib.dir/middle-pgsql.cpp.o
/usr/bin/c++  -DBOOST_TEST_DYN_LINK -DDEFAULT_STYLE=\"/usr/share/osm2pgsql/default.style\" -DFIXED_POINT -D_FILE_OFFSET_BITS=64 -D_LARGEFILE_SOURCE -I/<<PKGBUILDDIR>> -I/<<PKGBUILDDIR>>/obj-x86_64-linux-gnu -I/usr/include/lua5.2 -I/usr/include/postgresql  -g -O2 -fdebug-prefix-map=/<<PKGBUILDDIR>>=. -fstack-protector-strong -Wformat -Werror=format-security -Wdate-time -D_FORTIFY_SOURCE=2 -DNDEBUG -Wdate-time -D_FORTIFY_SOURCE=2   -Wall -std=c++11 -o CMakeFiles/osm2pgsql_lib.dir/middle-pgsql.cpp.o -c /<<PKGBUILDDIR>>/middle-pgsql.cpp
[ 17%] Building CXX object CMakeFiles/osm2pgsql_lib.dir/middle-ram.cpp.o
/usr/bin/c++  -DBOOST_TEST_DYN_LINK -DDEFAULT_STYLE=\"/usr/share/osm2pgsql/default.style\" -DFIXED_POINT -D_FILE_OFFSET_BITS=64 -D_LARGEFILE_SOURCE -I/<<PKGBUILDDIR>> -I/<<PKGBUILDDIR>>/obj-x86_64-linux-gnu -I/usr/include/lua5.2 -I/usr/include/postgresql  -g -O2 -fdebug-prefix-map=/<<PKGBUILDDIR>>=. -fstack-protector-strong -Wformat -Werror=format-security -Wdate-time -D_FORTIFY_SOURCE=2 -DNDEBUG -Wdate-time -D_FORTIFY_SOURCE=2   -Wall -std=c++11 -o CMakeFiles/osm2pgsql_lib.dir/middle-ram.cpp.o -c /<<PKGBUILDDIR>>/middle-ram.cpp
[ 20%] Building CXX object CMakeFiles/osm2pgsql_lib.dir/node-persistent-cache.cpp.o
/usr/bin/c++  -DBOOST_TEST_DYN_LINK -DDEFAULT_STYLE=\"/usr/share/osm2pgsql/default.style\" -DFIXED_POINT -D_FILE_OFFSET_BITS=64 -D_LARGEFILE_SOURCE -I/<<PKGBUILDDIR>> -I/<<PKGBUILDDIR>>/obj-x86_64-linux-gnu -I/usr/include/lua5.2 -I/usr/include/postgresql  -g -O2 -fdebug-prefix-map=/<<PKGBUILDDIR>>=. -fstack-protector-strong -Wformat -Werror=format-security -Wdate-time -D_FORTIFY_SOURCE=2 -DNDEBUG -Wdate-time -D_FORTIFY_SOURCE=2   -Wall -std=c++11 -o CMakeFiles/osm2pgsql_lib.dir/node-persistent-cache.cpp.o -c /<<PKGBUILDDIR>>/node-persistent-cache.cpp
[ 23%] Building CXX object CMakeFiles/osm2pgsql_lib.dir/node-ram-cache.cpp.o
/usr/bin/c++  -DBOOST_TEST_DYN_LINK -DDEFAULT_STYLE=\"/usr/share/osm2pgsql/default.style\" -DFIXED_POINT -D_FILE_OFFSET_BITS=64 -D_LARGEFILE_SOURCE -I/<<PKGBUILDDIR>> -I/<<PKGBUILDDIR>>/obj-x86_64-linux-gnu -I/usr/include/lua5.2 -I/usr/include/postgresql  -g -O2 -fdebug-prefix-map=/<<PKGBUILDDIR>>=. -fstack-protector-strong -Wformat -Werror=format-security -Wdate-time -D_FORTIFY_SOURCE=2 -DNDEBUG -Wdate-time -D_FORTIFY_SOURCE=2   -Wall -std=c++11 -o CMakeFiles/osm2pgsql_lib.dir/node-ram-cache.cpp.o -c /<<PKGBUILDDIR>>/node-ram-cache.cpp
[ 26%] Building CXX object CMakeFiles/osm2pgsql_lib.dir/options.cpp.o
/usr/bin/c++  -DBOOST_TEST_DYN_LINK -DDEFAULT_STYLE=\"/usr/share/osm2pgsql/default.style\" -DFIXED_POINT -D_FILE_OFFSET_BITS=64 -D_LARGEFILE_SOURCE -I/<<PKGBUILDDIR>> -I/<<PKGBUILDDIR>>/obj-x86_64-linux-gnu -I/usr/include/lua5.2 -I/usr/include/postgresql  -g -O2 -fdebug-prefix-map=/<<PKGBUILDDIR>>=. -fstack-protector-strong -Wformat -Werror=format-security -Wdate-time -D_FORTIFY_SOURCE=2 -DNDEBUG -Wdate-time -D_FORTIFY_SOURCE=2   -Wall -std=c++11 -o CMakeFiles/osm2pgsql_lib.dir/options.cpp.o -c /<<PKGBUILDDIR>>/options.cpp
[ 29%] Building CXX object CMakeFiles/osm2pgsql_lib.dir/osmdata.cpp.o
/usr/bin/c++  -DBOOST_TEST_DYN_LINK -DDEFAULT_STYLE=\"/usr/share/osm2pgsql/default.style\" -DFIXED_POINT -D_FILE_OFFSET_BITS=64 -D_LARGEFILE_SOURCE -I/<<PKGBUILDDIR>> -I/<<PKGBUILDDIR>>/obj-x86_64-linux-gnu -I/usr/include/lua5.2 -I/usr/include/postgresql  -g -O2 -fdebug-prefix-map=/<<PKGBUILDDIR>>=. -fstack-protector-strong -Wformat -Werror=format-security -Wdate-time -D_FORTIFY_SOURCE=2 -DNDEBUG -Wdate-time -D_FORTIFY_SOURCE=2   -Wall -std=c++11 -o CMakeFiles/osm2pgsql_lib.dir/osmdata.cpp.o -c /<<PKGBUILDDIR>>/osmdata.cpp
[ 32%] Building CXX object CMakeFiles/osm2pgsql_lib.dir/osmium-builder.cpp.o
/usr/bin/c++  -DBOOST_TEST_DYN_LINK -DDEFAULT_STYLE=\"/usr/share/osm2pgsql/default.style\" -DFIXED_POINT -D_FILE_OFFSET_BITS=64 -D_LARGEFILE_SOURCE -I/<<PKGBUILDDIR>> -I/<<PKGBUILDDIR>>/obj-x86_64-linux-gnu -I/usr/include/lua5.2 -I/usr/include/postgresql  -g -O2 -fdebug-prefix-map=/<<PKGBUILDDIR>>=. -fstack-protector-strong -Wformat -Werror=format-security -Wdate-time -D_FORTIFY_SOURCE=2 -DNDEBUG -Wdate-time -D_FORTIFY_SOURCE=2   -Wall -std=c++11 -o CMakeFiles/osm2pgsql_lib.dir/osmium-builder.cpp.o -c /<<PKGBUILDDIR>>/osmium-builder.cpp
[ 35%] Building CXX object CMakeFiles/osm2pgsql_lib.dir/gazetteer-style.cpp.o
/usr/bin/c++  -DBOOST_TEST_DYN_LINK -DDEFAULT_STYLE=\"/usr/share/osm2pgsql/default.style\" -DFIXED_POINT -D_FILE_OFFSET_BITS=64 -D_LARGEFILE_SOURCE -I/<<PKGBUILDDIR>> -I/<<PKGBUILDDIR>>/obj-x86_64-linux-gnu -I/usr/include/lua5.2 -I/usr/include/postgresql  -g -O2 -fdebug-prefix-map=/<<PKGBUILDDIR>>=. -fstack-protector-strong -Wformat -Werror=format-security -Wdate-time -D_FORTIFY_SOURCE=2 -DNDEBUG -Wdate-time -D_FORTIFY_SOURCE=2   -Wall -std=c++11 -o CMakeFiles/osm2pgsql_lib.dir/gazetteer-style.cpp.o -c /<<PKGBUILDDIR>>/gazetteer-style.cpp
[ 38%] Building CXX object CMakeFiles/osm2pgsql_lib.dir/output-gazetteer.cpp.o
/usr/bin/c++  -DBOOST_TEST_DYN_LINK -DDEFAULT_STYLE=\"/usr/share/osm2pgsql/default.style\" -DFIXED_POINT -D_FILE_OFFSET_BITS=64 -D_LARGEFILE_SOURCE -I/<<PKGBUILDDIR>> -I/<<PKGBUILDDIR>>/obj-x86_64-linux-gnu -I/usr/include/lua5.2 -I/usr/include/postgresql  -g -O2 -fdebug-prefix-map=/<<PKGBUILDDIR>>=. -fstack-protector-strong -Wformat -Werror=format-security -Wdate-time -D_FORTIFY_SOURCE=2 -DNDEBUG -Wdate-time -D_FORTIFY_SOURCE=2   -Wall -std=c++11 -o CMakeFiles/osm2pgsql_lib.dir/output-gazetteer.cpp.o -c /<<PKGBUILDDIR>>/output-gazetteer.cpp
[ 41%] Building CXX object CMakeFiles/osm2pgsql_lib.dir/output-multi.cpp.o
/usr/bin/c++  -DBOOST_TEST_DYN_LINK -DDEFAULT_STYLE=\"/usr/share/osm2pgsql/default.style\" -DFIXED_POINT -D_FILE_OFFSET_BITS=64 -D_LARGEFILE_SOURCE -I/<<PKGBUILDDIR>> -I/<<PKGBUILDDIR>>/obj-x86_64-linux-gnu -I/usr/include/lua5.2 -I/usr/include/postgresql  -g -O2 -fdebug-prefix-map=/<<PKGBUILDDIR>>=. -fstack-protector-strong -Wformat -Werror=format-security -Wdate-time -D_FORTIFY_SOURCE=2 -DNDEBUG -Wdate-time -D_FORTIFY_SOURCE=2   -Wall -std=c++11 -o CMakeFiles/osm2pgsql_lib.dir/output-multi.cpp.o -c /<<PKGBUILDDIR>>/output-multi.cpp
/<<PKGBUILDDIR>>/output-multi.cpp:388:29: warning: loop variable 'geom' of type 'const std::__cxx11::basic_string<char>' creates a copy from type 'const std::__cxx11::basic_string<char>' [-Wrange-loop-construct]
            for (const auto geom : geoms) {
                            ^
/<<PKGBUILDDIR>>/output-multi.cpp:388:18: note: use reference type 'const std::__cxx11::basic_string<char> &' to prevent copying
            for (const auto geom : geoms) {
                 ^~~~~~~~~~~~~~~~~
                            &
[ 44%] Building CXX object CMakeFiles/osm2pgsql_lib.dir/output-null.cpp.o
/usr/bin/c++  -DBOOST_TEST_DYN_LINK -DDEFAULT_STYLE=\"/usr/share/osm2pgsql/default.style\" -DFIXED_POINT -D_FILE_OFFSET_BITS=64 -D_LARGEFILE_SOURCE -I/<<PKGBUILDDIR>> -I/<<PKGBUILDDIR>>/obj-x86_64-linux-gnu -I/usr/include/lua5.2 -I/usr/include/postgresql  -g -O2 -fdebug-prefix-map=/<<PKGBUILDDIR>>=. -fstack-protector-strong -Wformat -Werror=format-security -Wdate-time -D_FORTIFY_SOURCE=2 -DNDEBUG -Wdate-time -D_FORTIFY_SOURCE=2   -Wall -std=c++11 -o CMakeFiles/osm2pgsql_lib.dir/output-null.cpp.o -c /<<PKGBUILDDIR>>/output-null.cpp
[ 47%] Building CXX object CMakeFiles/osm2pgsql_lib.dir/output-pgsql.cpp.o
/usr/bin/c++  -DBOOST_TEST_DYN_LINK -DDEFAULT_STYLE=\"/usr/share/osm2pgsql/default.style\" -DFIXED_POINT -D_FILE_OFFSET_BITS=64 -D_LARGEFILE_SOURCE -I/<<PKGBUILDDIR>> -I/<<PKGBUILDDIR>>/obj-x86_64-linux-gnu -I/usr/include/lua5.2 -I/usr/include/postgresql  -g -O2 -fdebug-prefix-map=/<<PKGBUILDDIR>>=. -fstack-protector-strong -Wformat -Werror=format-security -Wdate-time -D_FORTIFY_SOURCE=2 -DNDEBUG -Wdate-time -D_FORTIFY_SOURCE=2   -Wall -std=c++11 -o CMakeFiles/osm2pgsql_lib.dir/output-pgsql.cpp.o -c /<<PKGBUILDDIR>>/output-pgsql.cpp
1 warning generated.
[ 50%] Building CXX object CMakeFiles/osm2pgsql_lib.dir/output.cpp.o
/usr/bin/c++  -DBOOST_TEST_DYN_LINK -DDEFAULT_STYLE=\"/usr/share/osm2pgsql/default.style\" -DFIXED_POINT -D_FILE_OFFSET_BITS=64 -D_LARGEFILE_SOURCE -I/<<PKGBUILDDIR>> -I/<<PKGBUILDDIR>>/obj-x86_64-linux-gnu -I/usr/include/lua5.2 -I/usr/include/postgresql  -g -O2 -fdebug-prefix-map=/<<PKGBUILDDIR>>=. -fstack-protector-strong -Wformat -Werror=format-security -Wdate-time -D_FORTIFY_SOURCE=2 -DNDEBUG -Wdate-time -D_FORTIFY_SOURCE=2   -Wall -std=c++11 -o CMakeFiles/osm2pgsql_lib.dir/output.cpp.o -c /<<PKGBUILDDIR>>/output.cpp
[ 52%] Building CXX object CMakeFiles/osm2pgsql_lib.dir/parse-osmium.cpp.o
/usr/bin/c++  -DBOOST_TEST_DYN_LINK -DDEFAULT_STYLE=\"/usr/share/osm2pgsql/default.style\" -DFIXED_POINT -D_FILE_OFFSET_BITS=64 -D_LARGEFILE_SOURCE -I/<<PKGBUILDDIR>> -I/<<PKGBUILDDIR>>/obj-x86_64-linux-gnu -I/usr/include/lua5.2 -I/usr/include/postgresql  -g -O2 -fdebug-prefix-map=/<<PKGBUILDDIR>>=. -fstack-protector-strong -Wformat -Werror=format-security -Wdate-time -D_FORTIFY_SOURCE=2 -DNDEBUG -Wdate-time -D_FORTIFY_SOURCE=2   -Wall -std=c++11 -o CMakeFiles/osm2pgsql_lib.dir/parse-osmium.cpp.o -c /<<PKGBUILDDIR>>/parse-osmium.cpp
[ 55%] Building CXX object CMakeFiles/osm2pgsql_lib.dir/pgsql.cpp.o
/usr/bin/c++  -DBOOST_TEST_DYN_LINK -DDEFAULT_STYLE=\"/usr/share/osm2pgsql/default.style\" -DFIXED_POINT -D_FILE_OFFSET_BITS=64 -D_LARGEFILE_SOURCE -I/<<PKGBUILDDIR>> -I/<<PKGBUILDDIR>>/obj-x86_64-linux-gnu -I/usr/include/lua5.2 -I/usr/include/postgresql  -g -O2 -fdebug-prefix-map=/<<PKGBUILDDIR>>=. -fstack-protector-strong -Wformat -Werror=format-security -Wdate-time -D_FORTIFY_SOURCE=2 -DNDEBUG -Wdate-time -D_FORTIFY_SOURCE=2   -Wall -std=c++11 -o CMakeFiles/osm2pgsql_lib.dir/pgsql.cpp.o -c /<<PKGBUILDDIR>>/pgsql.cpp
[ 58%] Building CXX object CMakeFiles/osm2pgsql_lib.dir/processor-line.cpp.o
/usr/bin/c++  -DBOOST_TEST_DYN_LINK -DDEFAULT_STYLE=\"/usr/share/osm2pgsql/default.style\" -DFIXED_POINT -D_FILE_OFFSET_BITS=64 -D_LARGEFILE_SOURCE -I/<<PKGBUILDDIR>> -I/<<PKGBUILDDIR>>/obj-x86_64-linux-gnu -I/usr/include/lua5.2 -I/usr/include/postgresql  -g -O2 -fdebug-prefix-map=/<<PKGBUILDDIR>>=. -fstack-protector-strong -Wformat -Werror=format-security -Wdate-time -D_FORTIFY_SOURCE=2 -DNDEBUG -Wdate-time -D_FORTIFY_SOURCE=2   -Wall -std=c++11 -o CMakeFiles/osm2pgsql_lib.dir/processor-line.cpp.o -c /<<PKGBUILDDIR>>/processor-line.cpp
[ 61%] Building CXX object CMakeFiles/osm2pgsql_lib.dir/processor-point.cpp.o
/usr/bin/c++  -DBOOST_TEST_DYN_LINK -DDEFAULT_STYLE=\"/usr/share/osm2pgsql/default.style\" -DFIXED_POINT -D_FILE_OFFSET_BITS=64 -D_LARGEFILE_SOURCE -I/<<PKGBUILDDIR>> -I/<<PKGBUILDDIR>>/obj-x86_64-linux-gnu -I/usr/include/lua5.2 -I/usr/include/postgresql  -g -O2 -fdebug-prefix-map=/<<PKGBUILDDIR>>=. -fstack-protector-strong -Wformat -Werror=format-security -Wdate-time -D_FORTIFY_SOURCE=2 -DNDEBUG -Wdate-time -D_FORTIFY_SOURCE=2   -Wall -std=c++11 -o CMakeFiles/osm2pgsql_lib.dir/processor-point.cpp.o -c /<<PKGBUILDDIR>>/processor-point.cpp
[ 64%] Building CXX object CMakeFiles/osm2pgsql_lib.dir/processor-polygon.cpp.o
/usr/bin/c++  -DBOOST_TEST_DYN_LINK -DDEFAULT_STYLE=\"/usr/share/osm2pgsql/default.style\" -DFIXED_POINT -D_FILE_OFFSET_BITS=64 -D_LARGEFILE_SOURCE -I/<<PKGBUILDDIR>> -I/<<PKGBUILDDIR>>/obj-x86_64-linux-gnu -I/usr/include/lua5.2 -I/usr/include/postgresql  -g -O2 -fdebug-prefix-map=/<<PKGBUILDDIR>>=. -fstack-protector-strong -Wformat -Werror=format-security -Wdate-time -D_FORTIFY_SOURCE=2 -DNDEBUG -Wdate-time -D_FORTIFY_SOURCE=2   -Wall -std=c++11 -o CMakeFiles/osm2pgsql_lib.dir/processor-polygon.cpp.o -c /<<PKGBUILDDIR>>/processor-polygon.cpp
[ 67%] Building CXX object CMakeFiles/osm2pgsql_lib.dir/reprojection.cpp.o
/usr/bin/c++  -DBOOST_TEST_DYN_LINK -DDEFAULT_STYLE=\"/usr/share/osm2pgsql/default.style\" -DFIXED_POINT -D_FILE_OFFSET_BITS=64 -D_LARGEFILE_SOURCE -I/<<PKGBUILDDIR>> -I/<<PKGBUILDDIR>>/obj-x86_64-linux-gnu -I/usr/include/lua5.2 -I/usr/include/postgresql  -g -O2 -fdebug-prefix-map=/<<PKGBUILDDIR>>=. -fstack-protector-strong -Wformat -Werror=format-security -Wdate-time -D_FORTIFY_SOURCE=2 -DNDEBUG -Wdate-time -D_FORTIFY_SOURCE=2   -Wall -std=c++11 -o CMakeFiles/osm2pgsql_lib.dir/reprojection.cpp.o -c /<<PKGBUILDDIR>>/reprojection.cpp
[ 70%] Building CXX object CMakeFiles/osm2pgsql_lib.dir/sprompt.cpp.o
/usr/bin/c++  -DBOOST_TEST_DYN_LINK -DDEFAULT_STYLE=\"/usr/share/osm2pgsql/default.style\" -DFIXED_POINT -D_FILE_OFFSET_BITS=64 -D_LARGEFILE_SOURCE -I/<<PKGBUILDDIR>> -I/<<PKGBUILDDIR>>/obj-x86_64-linux-gnu -I/usr/include/lua5.2 -I/usr/include/postgresql  -g -O2 -fdebug-prefix-map=/<<PKGBUILDDIR>>=. -fstack-protector-strong -Wformat -Werror=format-security -Wdate-time -D_FORTIFY_SOURCE=2 -DNDEBUG -Wdate-time -D_FORTIFY_SOURCE=2   -Wall -std=c++11 -o CMakeFiles/osm2pgsql_lib.dir/sprompt.cpp.o -c /<<PKGBUILDDIR>>/sprompt.cpp
[ 73%] Building CXX object CMakeFiles/osm2pgsql_lib.dir/table.cpp.o
/usr/bin/c++  -DBOOST_TEST_DYN_LINK -DDEFAULT_STYLE=\"/usr/share/osm2pgsql/default.style\" -DFIXED_POINT -D_FILE_OFFSET_BITS=64 -D_LARGEFILE_SOURCE -I/<<PKGBUILDDIR>> -I/<<PKGBUILDDIR>>/obj-x86_64-linux-gnu -I/usr/include/lua5.2 -I/usr/include/postgresql  -g -O2 -fdebug-prefix-map=/<<PKGBUILDDIR>>=. -fstack-protector-strong -Wformat -Werror=format-security -Wdate-time -D_FORTIFY_SOURCE=2 -DNDEBUG -Wdate-time -D_FORTIFY_SOURCE=2   -Wall -std=c++11 -o CMakeFiles/osm2pgsql_lib.dir/table.cpp.o -c /<<PKGBUILDDIR>>/table.cpp
[ 76%] Building CXX object CMakeFiles/osm2pgsql_lib.dir/taginfo.cpp.o
/usr/bin/c++  -DBOOST_TEST_DYN_LINK -DDEFAULT_STYLE=\"/usr/share/osm2pgsql/default.style\" -DFIXED_POINT -D_FILE_OFFSET_BITS=64 -D_LARGEFILE_SOURCE -I/<<PKGBUILDDIR>> -I/<<PKGBUILDDIR>>/obj-x86_64-linux-gnu -I/usr/include/lua5.2 -I/usr/include/postgresql  -g -O2 -fdebug-prefix-map=/<<PKGBUILDDIR>>=. -fstack-protector-strong -Wformat -Werror=format-security -Wdate-time -D_FORTIFY_SOURCE=2 -DNDEBUG -Wdate-time -D_FORTIFY_SOURCE=2   -Wall -std=c++11 -o CMakeFiles/osm2pgsql_lib.dir/taginfo.cpp.o -c /<<PKGBUILDDIR>>/taginfo.cpp
[ 79%] Building CXX object CMakeFiles/osm2pgsql_lib.dir/tagtransform.cpp.o
/usr/bin/c++  -DBOOST_TEST_DYN_LINK -DDEFAULT_STYLE=\"/usr/share/osm2pgsql/default.style\" -DFIXED_POINT -D_FILE_OFFSET_BITS=64 -D_LARGEFILE_SOURCE -I/<<PKGBUILDDIR>> -I/<<PKGBUILDDIR>>/obj-x86_64-linux-gnu -I/usr/include/lua5.2 -I/usr/include/postgresql  -g -O2 -fdebug-prefix-map=/<<PKGBUILDDIR>>=. -fstack-protector-strong -Wformat -Werror=format-security -Wdate-time -D_FORTIFY_SOURCE=2 -DNDEBUG -Wdate-time -D_FORTIFY_SOURCE=2   -Wall -std=c++11 -o CMakeFiles/osm2pgsql_lib.dir/tagtransform.cpp.o -c /<<PKGBUILDDIR>>/tagtransform.cpp
[ 82%] Building CXX object CMakeFiles/osm2pgsql_lib.dir/tagtransform-c.cpp.o
/usr/bin/c++  -DBOOST_TEST_DYN_LINK -DDEFAULT_STYLE=\"/usr/share/osm2pgsql/default.style\" -DFIXED_POINT -D_FILE_OFFSET_BITS=64 -D_LARGEFILE_SOURCE -I/<<PKGBUILDDIR>> -I/<<PKGBUILDDIR>>/obj-x86_64-linux-gnu -I/usr/include/lua5.2 -I/usr/include/postgresql  -g -O2 -fdebug-prefix-map=/<<PKGBUILDDIR>>=. -fstack-protector-strong -Wformat -Werror=format-security -Wdate-time -D_FORTIFY_SOURCE=2 -DNDEBUG -Wdate-time -D_FORTIFY_SOURCE=2   -Wall -std=c++11 -o CMakeFiles/osm2pgsql_lib.dir/tagtransform-c.cpp.o -c /<<PKGBUILDDIR>>/tagtransform-c.cpp
[ 85%] Building CXX object CMakeFiles/osm2pgsql_lib.dir/util.cpp.o
/usr/bin/c++  -DBOOST_TEST_DYN_LINK -DDEFAULT_STYLE=\"/usr/share/osm2pgsql/default.style\" -DFIXED_POINT -D_FILE_OFFSET_BITS=64 -D_LARGEFILE_SOURCE -I/<<PKGBUILDDIR>> -I/<<PKGBUILDDIR>>/obj-x86_64-linux-gnu -I/usr/include/lua5.2 -I/usr/include/postgresql  -g -O2 -fdebug-prefix-map=/<<PKGBUILDDIR>>=. -fstack-protector-strong -Wformat -Werror=format-security -Wdate-time -D_FORTIFY_SOURCE=2 -DNDEBUG -Wdate-time -D_FORTIFY_SOURCE=2   -Wall -std=c++11 -o CMakeFiles/osm2pgsql_lib.dir/util.cpp.o -c /<<PKGBUILDDIR>>/util.cpp
[ 88%] Building CXX object CMakeFiles/osm2pgsql_lib.dir/wildcmp.cpp.o
/usr/bin/c++  -DBOOST_TEST_DYN_LINK -DDEFAULT_STYLE=\"/usr/share/osm2pgsql/default.style\" -DFIXED_POINT -D_FILE_OFFSET_BITS=64 -D_LARGEFILE_SOURCE -I/<<PKGBUILDDIR>> -I/<<PKGBUILDDIR>>/obj-x86_64-linux-gnu -I/usr/include/lua5.2 -I/usr/include/postgresql  -g -O2 -fdebug-prefix-map=/<<PKGBUILDDIR>>=. -fstack-protector-strong -Wformat -Werror=format-security -Wdate-time -D_FORTIFY_SOURCE=2 -DNDEBUG -Wdate-time -D_FORTIFY_SOURCE=2   -Wall -std=c++11 -o CMakeFiles/osm2pgsql_lib.dir/wildcmp.cpp.o -c /<<PKGBUILDDIR>>/wildcmp.cpp
[ 91%] Building CXX object CMakeFiles/osm2pgsql_lib.dir/tagtransform-lua.cpp.o
/usr/bin/c++  -DBOOST_TEST_DYN_LINK -DDEFAULT_STYLE=\"/usr/share/osm2pgsql/default.style\" -DFIXED_POINT -D_FILE_OFFSET_BITS=64 -D_LARGEFILE_SOURCE -I/<<PKGBUILDDIR>> -I/<<PKGBUILDDIR>>/obj-x86_64-linux-gnu -I/usr/include/lua5.2 -I/usr/include/postgresql  -g -O2 -fdebug-prefix-map=/<<PKGBUILDDIR>>=. -fstack-protector-strong -Wformat -Werror=format-security -Wdate-time -D_FORTIFY_SOURCE=2 -DNDEBUG -Wdate-time -D_FORTIFY_SOURCE=2   -Wall -std=c++11 -o CMakeFiles/osm2pgsql_lib.dir/tagtransform-lua.cpp.o -c /<<PKGBUILDDIR>>/tagtransform-lua.cpp
[ 94%] Linking CXX static library libosm2pgsql.a
/usr/bin/cmake -P CMakeFiles/osm2pgsql_lib.dir/cmake_clean_target.cmake
/usr/bin/cmake -E cmake_link_script CMakeFiles/osm2pgsql_lib.dir/link.txt --verbose=1
/usr/bin/ar qc libosm2pgsql.a  CMakeFiles/osm2pgsql_lib.dir/db-copy.cpp.o CMakeFiles/osm2pgsql_lib.dir/expire-tiles.cpp.o CMakeFiles/osm2pgsql_lib.dir/geometry-processor.cpp.o CMakeFiles/osm2pgsql_lib.dir/id-tracker.cpp.o CMakeFiles/osm2pgsql_lib.dir/middle-pgsql.cpp.o CMakeFiles/osm2pgsql_lib.dir/middle-ram.cpp.o CMakeFiles/osm2pgsql_lib.dir/node-persistent-cache.cpp.o CMakeFiles/osm2pgsql_lib.dir/node-ram-cache.cpp.o CMakeFiles/osm2pgsql_lib.dir/options.cpp.o CMakeFiles/osm2pgsql_lib.dir/osmdata.cpp.o CMakeFiles/osm2pgsql_lib.dir/osmium-builder.cpp.o CMakeFiles/osm2pgsql_lib.dir/gazetteer-style.cpp.o CMakeFiles/osm2pgsql_lib.dir/output-gazetteer.cpp.o CMakeFiles/osm2pgsql_lib.dir/output-multi.cpp.o CMakeFiles/osm2pgsql_lib.dir/output-null.cpp.o CMakeFiles/osm2pgsql_lib.dir/output-pgsql.cpp.o CMakeFiles/osm2pgsql_lib.dir/output.cpp.o CMakeFiles/osm2pgsql_lib.dir/parse-osmium.cpp.o CMakeFiles/osm2pgsql_lib.dir/pgsql.cpp.o CMakeFiles/osm2pgsql_lib.dir/processor-line.cpp.o CMakeFiles/osm2pgsql_lib.dir/processor-point.cpp.o CMakeFiles/osm2pgsql_lib.dir/processor-polygon.cpp.o CMakeFiles/osm2pgsql_lib.dir/reprojection.cpp.o CMakeFiles/osm2pgsql_lib.dir/sprompt.cpp.o CMakeFiles/osm2pgsql_lib.dir/table.cpp.o CMakeFiles/osm2pgsql_lib.dir/taginfo.cpp.o CMakeFiles/osm2pgsql_lib.dir/tagtransform.cpp.o CMakeFiles/osm2pgsql_lib.dir/tagtransform-c.cpp.o CMakeFiles/osm2pgsql_lib.dir/util.cpp.o CMakeFiles/osm2pgsql_lib.dir/wildcmp.cpp.o CMakeFiles/osm2pgsql_lib.dir/tagtransform-lua.cpp.o
/usr/bin/ranlib libosm2pgsql.a
make[3]: Leaving directory '/<<PKGBUILDDIR>>/obj-x86_64-linux-gnu'
[ 94%] Built target osm2pgsql_lib
make -f CMakeFiles/osm2pgsql.dir/build.make CMakeFiles/osm2pgsql.dir/depend
make[3]: Entering directory '/<<PKGBUILDDIR>>/obj-x86_64-linux-gnu'
cd /<<PKGBUILDDIR>>/obj-x86_64-linux-gnu && /usr/bin/cmake -E cmake_depends "Unix Makefiles" /<<PKGBUILDDIR>> /<<PKGBUILDDIR>> /<<PKGBUILDDIR>>/obj-x86_64-linux-gnu /<<PKGBUILDDIR>>/obj-x86_64-linux-gnu /<<PKGBUILDDIR>>/obj-x86_64-linux-gnu/CMakeFiles/osm2pgsql.dir/DependInfo.cmake --color=
Dependee "/<<PKGBUILDDIR>>/obj-x86_64-linux-gnu/CMakeFiles/osm2pgsql.dir/DependInfo.cmake" is newer than depender "/<<PKGBUILDDIR>>/obj-x86_64-linux-gnu/CMakeFiles/osm2pgsql.dir/depend.internal".
Dependee "/<<PKGBUILDDIR>>/obj-x86_64-linux-gnu/CMakeFiles/CMakeDirectoryInformation.cmake" is newer than depender "/<<PKGBUILDDIR>>/obj-x86_64-linux-gnu/CMakeFiles/osm2pgsql.dir/depend.internal".
Scanning dependencies of target osm2pgsql
make[3]: Leaving directory '/<<PKGBUILDDIR>>/obj-x86_64-linux-gnu'
make -f CMakeFiles/osm2pgsql.dir/build.make CMakeFiles/osm2pgsql.dir/build
make[3]: Entering directory '/<<PKGBUILDDIR>>/obj-x86_64-linux-gnu'
[ 97%] Building CXX object CMakeFiles/osm2pgsql.dir/osm2pgsql.cpp.o
/usr/bin/c++  -DBOOST_TEST_DYN_LINK -DDEFAULT_STYLE=\"/usr/share/osm2pgsql/default.style\" -DFIXED_POINT -D_FILE_OFFSET_BITS=64 -D_LARGEFILE_SOURCE -I/<<PKGBUILDDIR>> -I/<<PKGBUILDDIR>>/obj-x86_64-linux-gnu -I/usr/include/lua5.2 -I/usr/include/postgresql  -g -O2 -fdebug-prefix-map=/<<PKGBUILDDIR>>=. -fstack-protector-strong -Wformat -Werror=format-security -Wdate-time -D_FORTIFY_SOURCE=2 -DNDEBUG -Wdate-time -D_FORTIFY_SOURCE=2   -Wall -std=c++11 -o CMakeFiles/osm2pgsql.dir/osm2pgsql.cpp.o -c /<<PKGBUILDDIR>>/osm2pgsql.cpp
/<<PKGBUILDDIR>>/osm2pgsql.cpp:90:25: warning: loop variable 'filename' of type 'const std::__cxx11::basic_string<char>' creates a copy from type 'const std::__cxx11::basic_string<char>' [-Wrange-loop-construct]
        for (auto const filename : options.input_files) {
                        ^
/<<PKGBUILDDIR>>/osm2pgsql.cpp:90:14: note: use reference type 'const std::__cxx11::basic_string<char> &' to prevent copying
        for (auto const filename : options.input_files) {
             ^~~~~~~~~~~~~~~~~~~~~
                        &
1 warning generated.
[100%] Linking CXX executable osm2pgsql
/usr/bin/cmake -E cmake_link_script CMakeFiles/osm2pgsql.dir/link.txt --verbose=1
/usr/bin/c++  -g -O2 -fdebug-prefix-map=/<<PKGBUILDDIR>>=. -fstack-protector-strong -Wformat -Werror=format-security -Wdate-time -D_FORTIFY_SOURCE=2 -DNDEBUG -Wdate-time -D_FORTIFY_SOURCE=2  -Wl,-z,relro -Wl,-z,now -rdynamic CMakeFiles/osm2pgsql.dir/osm2pgsql.cpp.o  -o osm2pgsql  libosm2pgsql.a -lboost_system -lboost_filesystem -lpq -lz -lpthread -lexpat -lbz2 -lproj -llua5.2 -lm -ldl -lrt 
make[3]: Leaving directory '/<<PKGBUILDDIR>>/obj-x86_64-linux-gnu'
[100%] Built target osm2pgsql
make[2]: Leaving directory '/<<PKGBUILDDIR>>/obj-x86_64-linux-gnu'
/usr/bin/cmake -E cmake_progress_start /<<PKGBUILDDIR>>/obj-x86_64-linux-gnu/CMakeFiles 0
make[1]: Leaving directory '/<<PKGBUILDDIR>>/obj-x86_64-linux-gnu'
   debian/rules override_dh_auto_test
make[1]: Entering directory '/<<PKGBUILDDIR>>'
dh_auto_test || echo "Ignoring test failures"
	cd obj-x86_64-linux-gnu && make -j4 test ARGS\+=-j4
make[2]: Entering directory '/<<PKGBUILDDIR>>/obj-x86_64-linux-gnu'
Running tests...
/usr/bin/ctest --force-new-ctest-process -j4
Test project /<<PKGBUILDDIR>>/obj-x86_64-linux-gnu
      Start 28: FixtureTablespaceSetup
      Start  1: test-expire-tiles
Could not find executable /<<PKGBUILDDIR>>/obj-x86_64-linux-gnu/tests/test-expire-tiles
Looked in the following places:
/<<PKGBUILDDIR>>/obj-x86_64-linux-gnu/tests/test-expire-tiles
/<<PKGBUILDDIR>>/obj-x86_64-linux-gnu/tests/test-expire-tiles
/<<PKGBUILDDIR>>/obj-x86_64-linux-gnu/tests/Release/test-expire-tiles
/<<PKGBUILDDIR>>/obj-x86_64-linux-gnu/tests/Release/test-expire-tiles
/<<PKGBUILDDIR>>/obj-x86_64-linux-gnu/tests/Debug/test-expire-tiles
/<<PKGBUILDDIR>>/obj-x86_64-linux-gnu/tests/Debug/test-expire-tiles
/<<PKGBUILDDIR>>/obj-x86_64-linux-gnu/tests/MinSizeRel/test-expire-tiles
/<<PKGBUILDDIR>>/obj-x86_64-linux-gnu/tests/MinSizeRel/test-expire-tiles
/<<PKGBUILDDIR>>/obj-x86_64-linux-gnu/tests/RelWithDebInfo/test-expire-tiles
/<<PKGBUILDDIR>>/obj-x86_64-linux-gnu/tests/RelWithDebInfo/test-expire-tiles
/<<PKGBUILDDIR>>/obj-x86_64-linux-gnu/tests/Deployment/test-expire-tiles
/<<PKGBUILDDIR>>/obj-x86_64-linux-gnu/tests/Deployment/test-expire-tiles
/<<PKGBUILDDIR>>/obj-x86_64-linux-gnu/tests/Development/test-expire-tiles
/<<PKGBUILDDIR>>/obj-x86_64-linux-gnu/tests/Development/test-expire-tiles
<<PKGBUILDDIR>>/obj-x86_64-linux-gnu/tests/test-expire-tiles
<<PKGBUILDDIR>>/obj-x86_64-linux-gnu/tests/test-expire-tiles
<<PKGBUILDDIR>>/obj-x86_64-linux-gnu/tests/Release/test-expire-tiles
<<PKGBUILDDIR>>/obj-x86_64-linux-gnu/tests/Release/test-expire-tiles
<<PKGBUILDDIR>>/obj-x86_64-linux-gnu/tests/Debug/test-expire-tiles
<<PKGBUILDDIR>>/obj-x86_64-linux-gnu/tests/Debug/test-expire-tiles
<<PKGBUILDDIR>>/obj-x86_64-linux-gnu/tests/MinSizeRel/test-expire-tiles
<<PKGBUILDDIR>>/obj-x86_64-linux-gnu/tests/MinSizeRel/test-expire-tiles
<<PKGBUILDDIR>>/obj-x86_64-linux-gnu/tests/RelWithDebInfo/test-expire-tiles
<<PKGBUILDDIR>>/obj-x86_64-linux-gnu/tests/RelWithDebInfo/test-expire-tiles
<<PKGBUILDDIR>>/obj-x86_64-linux-gnu/tests/Deployment/test-expire-tiles
<<PKGBUILDDIR>>/obj-x86_64-linux-gnu/tests/Deployment/test-expire-tiles
<<PKGBUILDDIR>>/obj-x86_64-linux-gnu/tests/Development/test-expire-tiles
<<PKGBUILDDIR>>/obj-x86_64-linux-gnu/tests/Development/test-expire-tiles
Unable to find executable: /<<PKGBUILDDIR>>/obj-x86_64-linux-gnu/tests/test-expire-tiles
 1/30 Test  #1: test-expire-tiles .....................***Not Run   0.00 sec
      Start  2: test-hstore-match-only
Could not find executable /<<PKGBUILDDIR>>/obj-x86_64-linux-gnu/tests/test-hstore-match-only
Looked in the following places:
/<<PKGBUILDDIR>>/obj-x86_64-linux-gnu/tests/test-hstore-match-only
/<<PKGBUILDDIR>>/obj-x86_64-linux-gnu/tests/test-hstore-match-only
/<<PKGBUILDDIR>>/obj-x86_64-linux-gnu/tests/Release/test-hstore-match-only
/<<PKGBUILDDIR>>/obj-x86_64-linux-gnu/tests/Release/test-hstore-match-only
/<<PKGBUILDDIR>>/obj-x86_64-linux-gnu/tests/Debug/test-hstore-match-only
/<<PKGBUILDDIR>>/obj-x86_64-linux-gnu/tests/Debug/test-hstore-match-only
/<<PKGBUILDDIR>>/obj-x86_64-linux-gnu/tests/MinSizeRel/test-hstore-match-only
/<<PKGBUILDDIR>>/obj-x86_64-linux-gnu/tests/MinSizeRel/test-hstore-match-only
/<<PKGBUILDDIR>>/obj-x86_64-linux-gnu/tests/RelWithDebInfo/test-hstore-match-only
/<<PKGBUILDDIR>>/obj-x86_64-linux-gnu/tests/RelWithDebInfo/test-hstore-match-only
/<<PKGBUILDDIR>>/obj-x86_64-linux-gnu/tests/Deployment/test-hstore-match-only
/<<PKGBUILDDIR>>/obj-x86_64-linux-gnu/tests/Deployment/test-hstore-match-only
/<<PKGBUILDDIR>>/obj-x86_64-linux-gnu/tests/Development/test-hstore-match-only
/<<PKGBUILDDIR>>/obj-x86_64-linux-gnu/tests/Development/test-hstore-match-only
<<PKGBUILDDIR>>/obj-x86_64-linux-gnu/tests/test-hstore-match-only
<<PKGBUILDDIR>>/obj-x86_64-linux-gnu/tests/test-hstore-match-only
<<PKGBUILDDIR>>/obj-x86_64-linux-gnu/tests/Release/test-hstore-match-only
<<PKGBUILDDIR>>/obj-x86_64-linux-gnu/tests/Release/test-hstore-match-only
<<PKGBUILDDIR>>/obj-x86_64-linux-gnu/tests/Debug/test-hstore-match-only
<<PKGBUILDDIR>>/obj-x86_64-linux-gnu/tests/Debug/test-hstore-match-only
<<PKGBUILDDIR>>/obj-x86_64-linux-gnu/tests/MinSizeRel/test-hstore-match-only
<<PKGBUILDDIR>>/obj-x86_64-linux-gnu/tests/MinSizeRel/test-hstore-match-only
<<PKGBUILDDIR>>/obj-x86_64-linux-gnu/tests/RelWithDebInfo/test-hstore-match-only
<<PKGBUILDDIR>>/obj-x86_64-linux-gnu/tests/RelWithDebInfo/test-hstore-match-only
<<PKGBUILDDIR>>/obj-x86_64-linux-gnu/tests/Deployment/test-hstore-match-only
<<PKGBUILDDIR>>/obj-x86_64-linux-gnu/tests/Deployment/test-hstore-match-only
<<PKGBUILDDIR>>/obj-x86_64-linux-gnu/tests/Development/test-hstore-match-only
<<PKGBUILDDIR>>/obj-x86_64-linux-gnu/tests/Development/test-hstore-match-only
Unable to find executable: /<<PKGBUILDDIR>>/obj-x86_64-linux-gnu/tests/test-hstore-match-only
 2/30 Test  #2: test-hstore-match-only ................***Not Run   0.00 sec
      Start  3: test-middle-flat
Could not find executable /<<PKGBUILDDIR>>/obj-x86_64-linux-gnu/tests/test-middle-flat
Looked in the following places:
/<<PKGBUILDDIR>>/obj-x86_64-linux-gnu/tests/test-middle-flat
/<<PKGBUILDDIR>>/obj-x86_64-linux-gnu/tests/test-middle-flat
/<<PKGBUILDDIR>>/obj-x86_64-linux-gnu/tests/Release/test-middle-flat
/<<PKGBUILDDIR>>/obj-x86_64-linux-gnu/tests/Release/test-middle-flat
/<<PKGBUILDDIR>>/obj-x86_64-linux-gnu/tests/Debug/test-middle-flat
/<<PKGBUILDDIR>>/obj-x86_64-linux-gnu/tests/Debug/test-middle-flat
/<<PKGBUILDDIR>>/obj-x86_64-linux-gnu/tests/MinSizeRel/test-middle-flat
/<<PKGBUILDDIR>>/obj-x86_64-linux-gnu/tests/MinSizeRel/test-middle-flat
/<<PKGBUILDDIR>>/obj-x86_64-linux-gnu/tests/RelWithDebInfo/test-middle-flat
/<<PKGBUILDDIR>>/obj-x86_64-linux-gnu/tests/RelWithDebInfo/test-middle-flat
/<<PKGBUILDDIR>>/obj-x86_64-linux-gnu/tests/Deployment/test-middle-flat
/<<PKGBUILDDIR>>/obj-x86_64-linux-gnu/tests/Deployment/test-middle-flat
/<<PKGBUILDDIR>>/obj-x86_64-linux-gnu/tests/Development/test-middle-flat
/<<PKGBUILDDIR>>/obj-x86_64-linux-gnu/tests/Development/test-middle-flat
<<PKGBUILDDIR>>/obj-x86_64-linux-gnu/tests/test-middle-flat
<<PKGBUILDDIR>>/obj-x86_64-linux-gnu/tests/test-middle-flat
<<PKGBUILDDIR>>/obj-x86_64-linux-gnu/tests/Release/test-middle-flat
<<PKGBUILDDIR>>/obj-x86_64-linux-gnu/tests/Release/test-middle-flat
<<PKGBUILDDIR>>/obj-x86_64-linux-gnu/tests/Debug/test-middle-flat
<<PKGBUILDDIR>>/obj-x86_64-linux-gnu/tests/Debug/test-middle-flat
<<PKGBUILDDIR>>/obj-x86_64-linux-gnu/tests/MinSizeRel/test-middle-flat
<<PKGBUILDDIR>>/obj-x86_64-linux-gnu/tests/MinSizeRel/test-middle-flat
<<PKGBUILDDIR>>/obj-x86_64-linux-gnu/tests/RelWithDebInfo/test-middle-flat
<<PKGBUILDDIR>>/obj-x86_64-linux-gnu/tests/RelWithDebInfo/test-middle-flat
<<PKGBUILDDIR>>/obj-x86_64-linux-gnu/tests/Deployment/test-middle-flat
<<PKGBUILDDIR>>/obj-x86_64-linux-gnu/tests/Deployment/test-middle-flat
<<PKGBUILDDIR>>/obj-x86_64-linux-gnu/tests/Development/test-middle-flat
<<PKGBUILDDIR>>/obj-x86_64-linux-gnu/tests/Development/test-middle-flat
Unable to find executable: /<<PKGBUILDDIR>>/obj-x86_64-linux-gnu/tests/test-middle-flat
 3/30 Test  #3: test-middle-flat ......................***Not Run   0.00 sec
      Start  4: test-middle-pgsql
Could not find executable /<<PKGBUILDDIR>>/obj-x86_64-linux-gnu/tests/test-middle-pgsql
Looked in the following places:
/<<PKGBUILDDIR>>/obj-x86_64-linux-gnu/tests/test-middle-pgsql
/<<PKGBUILDDIR>>/obj-x86_64-linux-gnu/tests/test-middle-pgsql
/<<PKGBUILDDIR>>/obj-x86_64-linux-gnu/tests/Release/test-middle-pgsql
/<<PKGBUILDDIR>>/obj-x86_64-linux-gnu/tests/Release/test-middle-pgsql
/<<PKGBUILDDIR>>/obj-x86_64-linux-gnu/tests/Debug/test-middle-pgsql
/<<PKGBUILDDIR>>/obj-x86_64-linux-gnu/tests/Debug/test-middle-pgsql
/<<PKGBUILDDIR>>/obj-x86_64-linux-gnu/tests/MinSizeRel/test-middle-pgsql
/<<PKGBUILDDIR>>/obj-x86_64-linux-gnu/tests/MinSizeRel/test-middle-pgsql
/<<PKGBUILDDIR>>/obj-x86_64-linux-gnu/tests/RelWithDebInfo/test-middle-pgsql
/<<PKGBUILDDIR>>/obj-x86_64-linux-gnu/tests/RelWithDebInfo/test-middle-pgsql
/<<PKGBUILDDIR>>/obj-x86_64-linux-gnu/tests/Deployment/test-middle-pgsql
/<<PKGBUILDDIR>>/obj-x86_64-linux-gnu/tests/Deployment/test-middle-pgsql
/<<PKGBUILDDIR>>/obj-x86_64-linux-gnu/tests/Development/test-middle-pgsql
/<<PKGBUILDDIR>>/obj-x86_64-linux-gnu/tests/Development/test-middle-pgsql
<<PKGBUILDDIR>>/obj-x86_64-linux-gnu/tests/test-middle-pgsql
<<PKGBUILDDIR>>/obj-x86_64-linux-gnu/tests/test-middle-pgsql
<<PKGBUILDDIR>>/obj-x86_64-linux-gnu/tests/Release/test-middle-pgsql
<<PKGBUILDDIR>>/obj-x86_64-linux-gnu/tests/Release/test-middle-pgsql
<<PKGBUILDDIR>>/obj-x86_64-linux-gnu/tests/Debug/test-middle-pgsql
<<PKGBUILDDIR>>/obj-x86_64-linux-gnu/tests/Debug/test-middle-pgsql
<<PKGBUILDDIR>>/obj-x86_64-linux-gnu/tests/MinSizeRel/test-middle-pgsql
<<PKGBUILDDIR>>/obj-x86_64-linux-gnu/tests/MinSizeRel/test-middle-pgsql
<<PKGBUILDDIR>>/obj-x86_64-linux-gnu/tests/RelWithDebInfo/test-middle-pgsql
<<PKGBUILDDIR>>/obj-x86_64-linux-gnu/tests/RelWithDebInfo/test-middle-pgsql
<<PKGBUILDDIR>>/obj-x86_64-linux-gnu/tests/Deployment/test-middle-pgsql
<<PKGBUILDDIR>>/obj-x86_64-linux-gnu/tests/Deployment/test-middle-pgsql
<<PKGBUILDDIR>>/obj-x86_64-linux-gnu/tests/Development/test-middle-pgsql
<<PKGBUILDDIR>>/obj-x86_64-linux-gnu/tests/Development/test-middle-pgsql
Unable to find executable: /<<PKGBUILDDIR>>/obj-x86_64-linux-gnu/tests/test-middle-pgsql
 4/30 Test  #4: test-middle-pgsql .....................***Not Run   0.00 sec
      Start  5: test-middle-ram
Could not find executable /<<PKGBUILDDIR>>/obj-x86_64-linux-gnu/tests/test-middle-ram
Looked in the following places:
/<<PKGBUILDDIR>>/obj-x86_64-linux-gnu/tests/test-middle-ram
/<<PKGBUILDDIR>>/obj-x86_64-linux-gnu/tests/test-middle-ram
/<<PKGBUILDDIR>>/obj-x86_64-linux-gnu/tests/Release/test-middle-ram
/<<PKGBUILDDIR>>/obj-x86_64-linux-gnu/tests/Release/test-middle-ram
/<<PKGBUILDDIR>>/obj-x86_64-linux-gnu/tests/Debug/test-middle-ram
/<<PKGBUILDDIR>>/obj-x86_64-linux-gnu/tests/Debug/test-middle-ram
/<<PKGBUILDDIR>>/obj-x86_64-linux-gnu/tests/MinSizeRel/test-middle-ram
/<<PKGBUILDDIR>>/obj-x86_64-linux-gnu/tests/MinSizeRel/test-middle-ram
/<<PKGBUILDDIR>>/obj-x86_64-linux-gnu/tests/RelWithDebInfo/test-middle-ram
/<<PKGBUILDDIR>>/obj-x86_64-linux-gnu/tests/RelWithDebInfo/test-middle-ram
/<<PKGBUILDDIR>>/obj-x86_64-linux-gnu/tests/Deployment/test-middle-ram
/<<PKGBUILDDIR>>/obj-x86_64-linux-gnu/tests/Deployment/test-middle-ram
/<<PKGBUILDDIR>>/obj-x86_64-linux-gnu/tests/Development/test-middle-ram
/<<PKGBUILDDIR>>/obj-x86_64-linux-gnu/tests/Development/test-middle-ram
<<PKGBUILDDIR>>/obj-x86_64-linux-gnu/tests/test-middle-ram
<<PKGBUILDDIR>>/obj-x86_64-linux-gnu/tests/test-middle-ram
<<PKGBUILDDIR>>/obj-x86_64-linux-gnu/tests/Release/test-middle-ram
<<PKGBUILDDIR>>/obj-x86_64-linux-gnu/tests/Release/test-middle-ram
<<PKGBUILDDIR>>/obj-x86_64-linux-gnu/tests/Debug/test-middle-ram
<<PKGBUILDDIR>>/obj-x86_64-linux-gnu/tests/Debug/test-middle-ram
<<PKGBUILDDIR>>/obj-x86_64-linux-gnu/tests/MinSizeRel/test-middle-ram
<<PKGBUILDDIR>>/obj-x86_64-linux-gnu/tests/MinSizeRel/test-middle-ram
<<PKGBUILDDIR>>/obj-x86_64-linux-gnu/tests/RelWithDebInfo/test-middle-ram
<<PKGBUILDDIR>>/obj-x86_64-linux-gnu/tests/RelWithDebInfo/test-middle-ram
<<PKGBUILDDIR>>/obj-x86_64-linux-gnu/tests/Deployment/test-middle-ram
<<PKGBUILDDIR>>/obj-x86_64-linux-gnu/tests/Deployment/test-middle-ram
<<PKGBUILDDIR>>/obj-x86_64-linux-gnu/tests/Development/test-middle-ram
<<PKGBUILDDIR>>/obj-x86_64-linux-gnu/tests/Development/test-middle-ram
Unable to find executable: /<<PKGBUILDDIR>>/obj-x86_64-linux-gnu/tests/test-middle-ram
 5/30 Test  #5: test-middle-ram .......................***Not Run   0.00 sec
      Start  6: test-options-database
Could not find executable /<<PKGBUILDDIR>>/obj-x86_64-linux-gnu/tests/test-options-database
Looked in the following places:
/<<PKGBUILDDIR>>/obj-x86_64-linux-gnu/tests/test-options-database
/<<PKGBUILDDIR>>/obj-x86_64-linux-gnu/tests/test-options-database
/<<PKGBUILDDIR>>/obj-x86_64-linux-gnu/tests/Release/test-options-database
/<<PKGBUILDDIR>>/obj-x86_64-linux-gnu/tests/Release/test-options-database
/<<PKGBUILDDIR>>/obj-x86_64-linux-gnu/tests/Debug/test-options-database
/<<PKGBUILDDIR>>/obj-x86_64-linux-gnu/tests/Debug/test-options-database
/<<PKGBUILDDIR>>/obj-x86_64-linux-gnu/tests/MinSizeRel/test-options-database
/<<PKGBUILDDIR>>/obj-x86_64-linux-gnu/tests/MinSizeRel/test-options-database
/<<PKGBUILDDIR>>/obj-x86_64-linux-gnu/tests/RelWithDebInfo/test-options-database
/<<PKGBUILDDIR>>/obj-x86_64-linux-gnu/tests/RelWithDebInfo/test-options-database
/<<PKGBUILDDIR>>/obj-x86_64-linux-gnu/tests/Deployment/test-options-database
/<<PKGBUILDDIR>>/obj-x86_64-linux-gnu/tests/Deployment/test-options-database
/<<PKGBUILDDIR>>/obj-x86_64-linux-gnu/tests/Development/test-options-database
/<<PKGBUILDDIR>>/obj-x86_64-linux-gnu/tests/Development/test-options-database
<<PKGBUILDDIR>>/obj-x86_64-linux-gnu/tests/test-options-database
<<PKGBUILDDIR>>/obj-x86_64-linux-gnu/tests/test-options-database
<<PKGBUILDDIR>>/obj-x86_64-linux-gnu/tests/Release/test-options-database
<<PKGBUILDDIR>>/obj-x86_64-linux-gnu/tests/Release/test-options-database
<<PKGBUILDDIR>>/obj-x86_64-linux-gnu/tests/Debug/test-options-database
<<PKGBUILDDIR>>/obj-x86_64-linux-gnu/tests/Debug/test-options-database
<<PKGBUILDDIR>>/obj-x86_64-linux-gnu/tests/MinSizeRel/test-options-database
<<PKGBUILDDIR>>/obj-x86_64-linux-gnu/tests/MinSizeRel/test-options-database
<<PKGBUILDDIR>>/obj-x86_64-linux-gnu/tests/RelWithDebInfo/test-options-database
<<PKGBUILDDIR>>/obj-x86_64-linux-gnu/tests/RelWithDebInfo/test-options-database
<<PKGBUILDDIR>>/obj-x86_64-linux-gnu/tests/Deployment/test-options-database
<<PKGBUILDDIR>>/obj-x86_64-linux-gnu/tests/Deployment/test-options-database
<<PKGBUILDDIR>>/obj-x86_64-linux-gnu/tests/Development/test-options-database
<<PKGBUILDDIR>>/obj-x86_64-linux-gnu/tests/Development/test-options-database
Unable to find executable: /<<PKGBUILDDIR>>/obj-x86_64-linux-gnu/tests/test-options-database
 6/30 Test  #6: test-options-database .................***Not Run   0.00 sec
      Start  7: test-options-parse
Could not find executable /<<PKGBUILDDIR>>/obj-x86_64-linux-gnu/tests/test-options-parse
Looked in the following places:
/<<PKGBUILDDIR>>/obj-x86_64-linux-gnu/tests/test-options-parse
/<<PKGBUILDDIR>>/obj-x86_64-linux-gnu/tests/test-options-parse
/<<PKGBUILDDIR>>/obj-x86_64-linux-gnu/tests/Release/test-options-parse
/<<PKGBUILDDIR>>/obj-x86_64-linux-gnu/tests/Release/test-options-parse
/<<PKGBUILDDIR>>/obj-x86_64-linux-gnu/tests/Debug/test-options-parse
/<<PKGBUILDDIR>>/obj-x86_64-linux-gnu/tests/Debug/test-options-parse
/<<PKGBUILDDIR>>/obj-x86_64-linux-gnu/tests/MinSizeRel/test-options-parse
/<<PKGBUILDDIR>>/obj-x86_64-linux-gnu/tests/MinSizeRel/test-options-parse
/<<PKGBUILDDIR>>/obj-x86_64-linux-gnu/tests/RelWithDebInfo/test-options-parse
/<<PKGBUILDDIR>>/obj-x86_64-linux-gnu/tests/RelWithDebInfo/test-options-parse
/<<PKGBUILDDIR>>/obj-x86_64-linux-gnu/tests/Deployment/test-options-parse
/<<PKGBUILDDIR>>/obj-x86_64-linux-gnu/tests/Deployment/test-options-parse
/<<PKGBUILDDIR>>/obj-x86_64-linux-gnu/tests/Development/test-options-parse
/<<PKGBUILDDIR>>/obj-x86_64-linux-gnu/tests/Development/test-options-parse
<<PKGBUILDDIR>>/obj-x86_64-linux-gnu/tests/test-options-parse
<<PKGBUILDDIR>>/obj-x86_64-linux-gnu/tests/test-options-parse
<<PKGBUILDDIR>>/obj-x86_64-linux-gnu/tests/Release/test-options-parse
<<PKGBUILDDIR>>/obj-x86_64-linux-gnu/tests/Release/test-options-parse
<<PKGBUILDDIR>>/obj-x86_64-linux-gnu/tests/Debug/test-options-parse
<<PKGBUILDDIR>>/obj-x86_64-linux-gnu/tests/Debug/test-options-parse
<<PKGBUILDDIR>>/obj-x86_64-linux-gnu/tests/MinSizeRel/test-options-parse
<<PKGBUILDDIR>>/obj-x86_64-linux-gnu/tests/MinSizeRel/test-options-parse
<<PKGBUILDDIR>>/obj-x86_64-linux-gnu/tests/RelWithDebInfo/test-options-parse
<<PKGBUILDDIR>>/obj-x86_64-linux-gnu/tests/RelWithDebInfo/test-options-parse
<<PKGBUILDDIR>>/obj-x86_64-linux-gnu/tests/Deployment/test-options-parse
<<PKGBUILDDIR>>/obj-x86_64-linux-gnu/tests/Deployment/test-options-parse
<<PKGBUILDDIR>>/obj-x86_64-linux-gnu/tests/Development/test-options-parse
<<PKGBUILDDIR>>/obj-x86_64-linux-gnu/tests/Development/test-options-parse
Unable to find executable: /<<PKGBUILDDIR>>/obj-x86_64-linux-gnu/tests/test-options-parse
 7/30 Test  #7: test-options-parse ....................***Not Run   0.00 sec
      Start  8: test-options-projection
Could not find executable /<<PKGBUILDDIR>>/obj-x86_64-linux-gnu/tests/test-options-projection
Looked in the following places:
/<<PKGBUILDDIR>>/obj-x86_64-linux-gnu/tests/test-options-projection
/<<PKGBUILDDIR>>/obj-x86_64-linux-gnu/tests/test-options-projection
/<<PKGBUILDDIR>>/obj-x86_64-linux-gnu/tests/Release/test-options-projection
/<<PKGBUILDDIR>>/obj-x86_64-linux-gnu/tests/Release/test-options-projection
/<<PKGBUILDDIR>>/obj-x86_64-linux-gnu/tests/Debug/test-options-projection
/<<PKGBUILDDIR>>/obj-x86_64-linux-gnu/tests/Debug/test-options-projection
/<<PKGBUILDDIR>>/obj-x86_64-linux-gnu/tests/MinSizeRel/test-options-projection
/<<PKGBUILDDIR>>/obj-x86_64-linux-gnu/tests/MinSizeRel/test-options-projection
/<<PKGBUILDDIR>>/obj-x86_64-linux-gnu/tests/RelWithDebInfo/test-options-projection
/<<PKGBUILDDIR>>/obj-x86_64-linux-gnu/tests/RelWithDebInfo/test-options-projection
/<<PKGBUILDDIR>>/obj-x86_64-linux-gnu/tests/Deployment/test-options-projection
/<<PKGBUILDDIR>>/obj-x86_64-linux-gnu/tests/Deployment/test-options-projection
/<<PKGBUILDDIR>>/obj-x86_64-linux-gnu/tests/Development/test-options-projection
/<<PKGBUILDDIR>>/obj-x86_64-linux-gnu/tests/Development/test-options-projection
<<PKGBUILDDIR>>/obj-x86_64-linux-gnu/tests/test-options-projection
<<PKGBUILDDIR>>/obj-x86_64-linux-gnu/tests/test-options-projection
<<PKGBUILDDIR>>/obj-x86_64-linux-gnu/tests/Release/test-options-projection
<<PKGBUILDDIR>>/obj-x86_64-linux-gnu/tests/Release/test-options-projection
<<PKGBUILDDIR>>/obj-x86_64-linux-gnu/tests/Debug/test-options-projection
<<PKGBUILDDIR>>/obj-x86_64-linux-gnu/tests/Debug/test-options-projection
<<PKGBUILDDIR>>/obj-x86_64-linux-gnu/tests/MinSizeRel/test-options-projection
<<PKGBUILDDIR>>/obj-x86_64-linux-gnu/tests/MinSizeRel/test-options-projection
<<PKGBUILDDIR>>/obj-x86_64-linux-gnu/tests/RelWithDebInfo/test-options-projection
<<PKGBUILDDIR>>/obj-x86_64-linux-gnu/tests/RelWithDebInfo/test-options-projection
<<PKGBUILDDIR>>/obj-x86_64-linux-gnu/tests/Deployment/test-options-projection
<<PKGBUILDDIR>>/obj-x86_64-linux-gnu/tests/Deployment/test-options-projection
<<PKGBUILDDIR>>/obj-x86_64-linux-gnu/tests/Development/test-options-projection
<<PKGBUILDDIR>>/obj-x86_64-linux-gnu/tests/Development/test-options-projection
Unable to find executable: /<<PKGBUILDDIR>>/obj-x86_64-linux-gnu/tests/test-options-projection
 8/30 Test  #8: test-options-projection ...............***Not Run   0.00 sec
      Start  9: test-output-multi-line-storage
Could not find executable /<<PKGBUILDDIR>>/obj-x86_64-linux-gnu/tests/test-output-multi-line-storage
Looked in the following places:
/<<PKGBUILDDIR>>/obj-x86_64-linux-gnu/tests/test-output-multi-line-storage
/<<PKGBUILDDIR>>/obj-x86_64-linux-gnu/tests/test-output-multi-line-storage
/<<PKGBUILDDIR>>/obj-x86_64-linux-gnu/tests/Release/test-output-multi-line-storage
/<<PKGBUILDDIR>>/obj-x86_64-linux-gnu/tests/Release/test-output-multi-line-storage
/<<PKGBUILDDIR>>/obj-x86_64-linux-gnu/tests/Debug/test-output-multi-line-storage
/<<PKGBUILDDIR>>/obj-x86_64-linux-gnu/tests/Debug/test-output-multi-line-storage
/<<PKGBUILDDIR>>/obj-x86_64-linux-gnu/tests/MinSizeRel/test-output-multi-line-storage
/<<PKGBUILDDIR>>/obj-x86_64-linux-gnu/tests/MinSizeRel/test-output-multi-line-storage
/<<PKGBUILDDIR>>/obj-x86_64-linux-gnu/tests/RelWithDebInfo/test-output-multi-line-storage
/<<PKGBUILDDIR>>/obj-x86_64-linux-gnu/tests/RelWithDebInfo/test-output-multi-line-storage
/<<PKGBUILDDIR>>/obj-x86_64-linux-gnu/tests/Deployment/test-output-multi-line-storage
/<<PKGBUILDDIR>>/obj-x86_64-linux-gnu/tests/Deployment/test-output-multi-line-storage
/<<PKGBUILDDIR>>/obj-x86_64-linux-gnu/tests/Development/test-output-multi-line-storage
/<<PKGBUILDDIR>>/obj-x86_64-linux-gnu/tests/Development/test-output-multi-line-storage
<<PKGBUILDDIR>>/obj-x86_64-linux-gnu/tests/test-output-multi-line-storage
<<PKGBUILDDIR>>/obj-x86_64-linux-gnu/tests/test-output-multi-line-storage
<<PKGBUILDDIR>>/obj-x86_64-linux-gnu/tests/Release/test-output-multi-line-storage
<<PKGBUILDDIR>>/obj-x86_64-linux-gnu/tests/Release/test-output-multi-line-storage
<<PKGBUILDDIR>>/obj-x86_64-linux-gnu/tests/Debug/test-output-multi-line-storage
<<PKGBUILDDIR>>/obj-x86_64-linux-gnu/tests/Debug/test-output-multi-line-storage
<<PKGBUILDDIR>>/obj-x86_64-linux-gnu/tests/MinSizeRel/test-output-multi-line-storage
<<PKGBUILDDIR>>/obj-x86_64-linux-gnu/tests/MinSizeRel/test-output-multi-line-storage
<<PKGBUILDDIR>>/obj-x86_64-linux-gnu/tests/RelWithDebInfo/test-output-multi-line-storage
<<PKGBUILDDIR>>/obj-x86_64-linux-gnu/tests/RelWithDebInfo/test-output-multi-line-storage
<<PKGBUILDDIR>>/obj-x86_64-linux-gnu/tests/Deployment/test-output-multi-line-storage
<<PKGBUILDDIR>>/obj-x86_64-linux-gnu/tests/Deployment/test-output-multi-line-storage
<<PKGBUILDDIR>>/obj-x86_64-linux-gnu/tests/Development/test-output-multi-line-storage
<<PKGBUILDDIR>>/obj-x86_64-linux-gnu/tests/Development/test-output-multi-line-storage
Unable to find executable: /<<PKGBUILDDIR>>/obj-x86_64-linux-gnu/tests/test-output-multi-line-storage
 9/30 Test  #9: test-output-multi-line-storage ........***Not Run   0.00 sec
      Start 10: test-output-multi-line
Could not find executable /<<PKGBUILDDIR>>/obj-x86_64-linux-gnu/tests/test-output-multi-line
Looked in the following places:
/<<PKGBUILDDIR>>/obj-x86_64-linux-gnu/tests/test-output-multi-line
/<<PKGBUILDDIR>>/obj-x86_64-linux-gnu/tests/test-output-multi-line
/<<PKGBUILDDIR>>/obj-x86_64-linux-gnu/tests/Release/test-output-multi-line
/<<PKGBUILDDIR>>/obj-x86_64-linux-gnu/tests/Release/test-output-multi-line
/<<PKGBUILDDIR>>/obj-x86_64-linux-gnu/tests/Debug/test-output-multi-line
/<<PKGBUILDDIR>>/obj-x86_64-linux-gnu/tests/Debug/test-output-multi-line
/<<PKGBUILDDIR>>/obj-x86_64-linux-gnu/tests/MinSizeRel/test-output-multi-line
/<<PKGBUILDDIR>>/obj-x86_64-linux-gnu/tests/MinSizeRel/test-output-multi-line
/<<PKGBUILDDIR>>/obj-x86_64-linux-gnu/tests/RelWithDebInfo/test-output-multi-line
/<<PKGBUILDDIR>>/obj-x86_64-linux-gnu/tests/RelWithDebInfo/test-output-multi-line
/<<PKGBUILDDIR>>/obj-x86_64-linux-gnu/tests/Deployment/test-output-multi-line
/<<PKGBUILDDIR>>/obj-x86_64-linux-gnu/tests/Deployment/test-output-multi-line
/<<PKGBUILDDIR>>/obj-x86_64-linux-gnu/tests/Development/test-output-multi-line
/<<PKGBUILDDIR>>/obj-x86_64-linux-gnu/tests/Development/test-output-multi-line
<<PKGBUILDDIR>>/obj-x86_64-linux-gnu/tests/test-output-multi-line
<<PKGBUILDDIR>>/obj-x86_64-linux-gnu/tests/test-output-multi-line
<<PKGBUILDDIR>>/obj-x86_64-linux-gnu/tests/Release/test-output-multi-line
<<PKGBUILDDIR>>/obj-x86_64-linux-gnu/tests/Release/test-output-multi-line
<<PKGBUILDDIR>>/obj-x86_64-linux-gnu/tests/Debug/test-output-multi-line
<<PKGBUILDDIR>>/obj-x86_64-linux-gnu/tests/Debug/test-output-multi-line
<<PKGBUILDDIR>>/obj-x86_64-linux-gnu/tests/MinSizeRel/test-output-multi-line
<<PKGBUILDDIR>>/obj-x86_64-linux-gnu/tests/MinSizeRel/test-output-multi-line
<<PKGBUILDDIR>>/obj-x86_64-linux-gnu/tests/RelWithDebInfo/test-output-multi-line
<<PKGBUILDDIR>>/obj-x86_64-linux-gnu/tests/RelWithDebInfo/test-output-multi-line
<<PKGBUILDDIR>>/obj-x86_64-linux-gnu/tests/Deployment/test-output-multi-line
<<PKGBUILDDIR>>/obj-x86_64-linux-gnu/tests/Deployment/test-output-multi-line
<<PKGBUILDDIR>>/obj-x86_64-linux-gnu/tests/Development/test-output-multi-line
<<PKGBUILDDIR>>/obj-x86_64-linux-gnu/tests/Development/test-output-multi-line
Unable to find executable: /<<PKGBUILDDIR>>/obj-x86_64-linux-gnu/tests/test-output-multi-line
10/30 Test #10: test-output-multi-line ................***Not Run   0.00 sec
      Start 11: test-output-multi-point-multi-table
Could not find executable /<<PKGBUILDDIR>>/obj-x86_64-linux-gnu/tests/test-output-multi-point-multi-table
Looked in the following places:
/<<PKGBUILDDIR>>/obj-x86_64-linux-gnu/tests/test-output-multi-point-multi-table
/<<PKGBUILDDIR>>/obj-x86_64-linux-gnu/tests/test-output-multi-point-multi-table
/<<PKGBUILDDIR>>/obj-x86_64-linux-gnu/tests/Release/test-output-multi-point-multi-table
/<<PKGBUILDDIR>>/obj-x86_64-linux-gnu/tests/Release/test-output-multi-point-multi-table
/<<PKGBUILDDIR>>/obj-x86_64-linux-gnu/tests/Debug/test-output-multi-point-multi-table
/<<PKGBUILDDIR>>/obj-x86_64-linux-gnu/tests/Debug/test-output-multi-point-multi-table
/<<PKGBUILDDIR>>/obj-x86_64-linux-gnu/tests/MinSizeRel/test-output-multi-point-multi-table
/<<PKGBUILDDIR>>/obj-x86_64-linux-gnu/tests/MinSizeRel/test-output-multi-point-multi-table
/<<PKGBUILDDIR>>/obj-x86_64-linux-gnu/tests/RelWithDebInfo/test-output-multi-point-multi-table
/<<PKGBUILDDIR>>/obj-x86_64-linux-gnu/tests/RelWithDebInfo/test-output-multi-point-multi-table
/<<PKGBUILDDIR>>/obj-x86_64-linux-gnu/tests/Deployment/test-output-multi-point-multi-table
/<<PKGBUILDDIR>>/obj-x86_64-linux-gnu/tests/Deployment/test-output-multi-point-multi-table
/<<PKGBUILDDIR>>/obj-x86_64-linux-gnu/tests/Development/test-output-multi-point-multi-table
/<<PKGBUILDDIR>>/obj-x86_64-linux-gnu/tests/Development/test-output-multi-point-multi-table
<<PKGBUILDDIR>>/obj-x86_64-linux-gnu/tests/test-output-multi-point-multi-table
<<PKGBUILDDIR>>/obj-x86_64-linux-gnu/tests/test-output-multi-point-multi-table
<<PKGBUILDDIR>>/obj-x86_64-linux-gnu/tests/Release/test-output-multi-point-multi-table
<<PKGBUILDDIR>>/obj-x86_64-linux-gnu/tests/Release/test-output-multi-point-multi-table
<<PKGBUILDDIR>>/obj-x86_64-linux-gnu/tests/Debug/test-output-multi-point-multi-table
<<PKGBUILDDIR>>/obj-x86_64-linux-gnu/tests/Debug/test-output-multi-point-multi-table
<<PKGBUILDDIR>>/obj-x86_64-linux-gnu/tests/MinSizeRel/test-output-multi-point-multi-table
<<PKGBUILDDIR>>/obj-x86_64-linux-gnu/tests/MinSizeRel/test-output-multi-point-multi-table
<<PKGBUILDDIR>>/obj-x86_64-linux-gnu/tests/RelWithDebInfo/test-output-multi-point-multi-table
<<PKGBUILDDIR>>/obj-x86_64-linux-gnu/tests/RelWithDebInfo/test-output-multi-point-multi-table
<<PKGBUILDDIR>>/obj-x86_64-linux-gnu/tests/Deployment/test-output-multi-point-multi-table
<<PKGBUILDDIR>>/obj-x86_64-linux-gnu/tests/Deployment/test-output-multi-point-multi-table
<<PKGBUILDDIR>>/obj-x86_64-linux-gnu/tests/Development/test-output-multi-point-multi-table
<<PKGBUILDDIR>>/obj-x86_64-linux-gnu/tests/Development/test-output-multi-point-multi-table
Unable to find executable: /<<PKGBUILDDIR>>/obj-x86_64-linux-gnu/tests/test-output-multi-point-multi-table
11/30 Test #11: test-output-multi-point-multi-table ...***Not Run   0.00 sec
      Start 12: test-output-multi-point
Could not find executable /<<PKGBUILDDIR>>/obj-x86_64-linux-gnu/tests/test-output-multi-point
Looked in the following places:
/<<PKGBUILDDIR>>/obj-x86_64-linux-gnu/tests/test-output-multi-point
/<<PKGBUILDDIR>>/obj-x86_64-linux-gnu/tests/test-output-multi-point
/<<PKGBUILDDIR>>/obj-x86_64-linux-gnu/tests/Release/test-output-multi-point
/<<PKGBUILDDIR>>/obj-x86_64-linux-gnu/tests/Release/test-output-multi-point
/<<PKGBUILDDIR>>/obj-x86_64-linux-gnu/tests/Debug/test-output-multi-point
/<<PKGBUILDDIR>>/obj-x86_64-linux-gnu/tests/Debug/test-output-multi-point
/<<PKGBUILDDIR>>/obj-x86_64-linux-gnu/tests/MinSizeRel/test-output-multi-point
/<<PKGBUILDDIR>>/obj-x86_64-linux-gnu/tests/MinSizeRel/test-output-multi-point
/<<PKGBUILDDIR>>/obj-x86_64-linux-gnu/tests/RelWithDebInfo/test-output-multi-point
/<<PKGBUILDDIR>>/obj-x86_64-linux-gnu/tests/RelWithDebInfo/test-output-multi-point
/<<PKGBUILDDIR>>/obj-x86_64-linux-gnu/tests/Deployment/test-output-multi-point
/<<PKGBUILDDIR>>/obj-x86_64-linux-gnu/tests/Deployment/test-output-multi-point
/<<PKGBUILDDIR>>/obj-x86_64-linux-gnu/tests/Development/test-output-multi-point
/<<PKGBUILDDIR>>/obj-x86_64-linux-gnu/tests/Development/test-output-multi-point
<<PKGBUILDDIR>>/obj-x86_64-linux-gnu/tests/test-output-multi-point
<<PKGBUILDDIR>>/obj-x86_64-linux-gnu/tests/test-output-multi-point
<<PKGBUILDDIR>>/obj-x86_64-linux-gnu/tests/Release/test-output-multi-point
<<PKGBUILDDIR>>/obj-x86_64-linux-gnu/tests/Release/test-output-multi-point
<<PKGBUILDDIR>>/obj-x86_64-linux-gnu/tests/Debug/test-output-multi-point
<<PKGBUILDDIR>>/obj-x86_64-linux-gnu/tests/Debug/test-output-multi-point
<<PKGBUILDDIR>>/obj-x86_64-linux-gnu/tests/MinSizeRel/test-output-multi-point
<<PKGBUILDDIR>>/obj-x86_64-linux-gnu/tests/MinSizeRel/test-output-multi-point
<<PKGBUILDDIR>>/obj-x86_64-linux-gnu/tests/RelWithDebInfo/test-output-multi-point
<<PKGBUILDDIR>>/obj-x86_64-linux-gnu/tests/RelWithDebInfo/test-output-multi-point
<<PKGBUILDDIR>>/obj-x86_64-linux-gnu/tests/Deployment/test-output-multi-point
<<PKGBUILDDIR>>/obj-x86_64-linux-gnu/tests/Deployment/test-output-multi-point
<<PKGBUILDDIR>>/obj-x86_64-linux-gnu/tests/Development/test-output-multi-point
<<PKGBUILDDIR>>/obj-x86_64-linux-gnu/tests/Development/test-output-multi-point
Unable to find executable: /<<PKGBUILDDIR>>/obj-x86_64-linux-gnu/tests/test-output-multi-point
12/30 Test #12: test-output-multi-point ...............***Not Run   0.00 sec
      Start 13: test-output-multi-poly-trivial
Could not find executable /<<PKGBUILDDIR>>/obj-x86_64-linux-gnu/tests/test-output-multi-poly-trivial
Looked in the following places:
/<<PKGBUILDDIR>>/obj-x86_64-linux-gnu/tests/test-output-multi-poly-trivial
/<<PKGBUILDDIR>>/obj-x86_64-linux-gnu/tests/test-output-multi-poly-trivial
/<<PKGBUILDDIR>>/obj-x86_64-linux-gnu/tests/Release/test-output-multi-poly-trivial
/<<PKGBUILDDIR>>/obj-x86_64-linux-gnu/tests/Release/test-output-multi-poly-trivial
/<<PKGBUILDDIR>>/obj-x86_64-linux-gnu/tests/Debug/test-output-multi-poly-trivial
/<<PKGBUILDDIR>>/obj-x86_64-linux-gnu/tests/Debug/test-output-multi-poly-trivial
/<<PKGBUILDDIR>>/obj-x86_64-linux-gnu/tests/MinSizeRel/test-output-multi-poly-trivial
/<<PKGBUILDDIR>>/obj-x86_64-linux-gnu/tests/MinSizeRel/test-output-multi-poly-trivial
/<<PKGBUILDDIR>>/obj-x86_64-linux-gnu/tests/RelWithDebInfo/test-output-multi-poly-trivial
/<<PKGBUILDDIR>>/obj-x86_64-linux-gnu/tests/RelWithDebInfo/test-output-multi-poly-trivial
/<<PKGBUILDDIR>>/obj-x86_64-linux-gnu/tests/Deployment/test-output-multi-poly-trivial
/<<PKGBUILDDIR>>/obj-x86_64-linux-gnu/tests/Deployment/test-output-multi-poly-trivial
/<<PKGBUILDDIR>>/obj-x86_64-linux-gnu/tests/Development/test-output-multi-poly-trivial
/<<PKGBUILDDIR>>/obj-x86_64-linux-gnu/tests/Development/test-output-multi-poly-trivial
<<PKGBUILDDIR>>/obj-x86_64-linux-gnu/tests/test-output-multi-poly-trivial
<<PKGBUILDDIR>>/obj-x86_64-linux-gnu/tests/test-output-multi-poly-trivial
<<PKGBUILDDIR>>/obj-x86_64-linux-gnu/tests/Release/test-output-multi-poly-trivial
<<PKGBUILDDIR>>/obj-x86_64-linux-gnu/tests/Release/test-output-multi-poly-trivial
<<PKGBUILDDIR>>/obj-x86_64-linux-gnu/tests/Debug/test-output-multi-poly-trivial
<<PKGBUILDDIR>>/obj-x86_64-linux-gnu/tests/Debug/test-output-multi-poly-trivial
<<PKGBUILDDIR>>/obj-x86_64-linux-gnu/tests/MinSizeRel/test-output-multi-poly-trivial
<<PKGBUILDDIR>>/obj-x86_64-linux-gnu/tests/MinSizeRel/test-output-multi-poly-trivial
<<PKGBUILDDIR>>/obj-x86_64-linux-gnu/tests/RelWithDebInfo/test-output-multi-poly-trivial
<<PKGBUILDDIR>>/obj-x86_64-linux-gnu/tests/RelWithDebInfo/test-output-multi-poly-trivial
<<PKGBUILDDIR>>/obj-x86_64-linux-gnu/tests/Deployment/test-output-multi-poly-trivial
<<PKGBUILDDIR>>/obj-x86_64-linux-gnu/tests/Deployment/test-output-multi-poly-trivial
<<PKGBUILDDIR>>/obj-x86_64-linux-gnu/tests/Development/test-output-multi-poly-trivial
<<PKGBUILDDIR>>/obj-x86_64-linux-gnu/tests/Development/test-output-multi-poly-trivial
Unable to find executable: /<<PKGBUILDDIR>>/obj-x86_64-linux-gnu/tests/test-output-multi-poly-trivial
13/30 Test #13: test-output-multi-poly-trivial ........***Not Run   0.00 sec
      Start 14: test-output-multi-polygon
Could not find executable /<<PKGBUILDDIR>>/obj-x86_64-linux-gnu/tests/test-output-multi-polygon
Looked in the following places:
/<<PKGBUILDDIR>>/obj-x86_64-linux-gnu/tests/test-output-multi-polygon
/<<PKGBUILDDIR>>/obj-x86_64-linux-gnu/tests/test-output-multi-polygon
/<<PKGBUILDDIR>>/obj-x86_64-linux-gnu/tests/Release/test-output-multi-polygon
/<<PKGBUILDDIR>>/obj-x86_64-linux-gnu/tests/Release/test-output-multi-polygon
/<<PKGBUILDDIR>>/obj-x86_64-linux-gnu/tests/Debug/test-output-multi-polygon
/<<PKGBUILDDIR>>/obj-x86_64-linux-gnu/tests/Debug/test-output-multi-polygon
/<<PKGBUILDDIR>>/obj-x86_64-linux-gnu/tests/MinSizeRel/test-output-multi-polygon
/<<PKGBUILDDIR>>/obj-x86_64-linux-gnu/tests/MinSizeRel/test-output-multi-polygon
/<<PKGBUILDDIR>>/obj-x86_64-linux-gnu/tests/RelWithDebInfo/test-output-multi-polygon
/<<PKGBUILDDIR>>/obj-x86_64-linux-gnu/tests/RelWithDebInfo/test-output-multi-polygon
/<<PKGBUILDDIR>>/obj-x86_64-linux-gnu/tests/Deployment/test-output-multi-polygon
/<<PKGBUILDDIR>>/obj-x86_64-linux-gnu/tests/Deployment/test-output-multi-polygon
/<<PKGBUILDDIR>>/obj-x86_64-linux-gnu/tests/Development/test-output-multi-polygon
/<<PKGBUILDDIR>>/obj-x86_64-linux-gnu/tests/Development/test-output-multi-polygon
<<PKGBUILDDIR>>/obj-x86_64-linux-gnu/tests/test-output-multi-polygon
<<PKGBUILDDIR>>/obj-x86_64-linux-gnu/tests/test-output-multi-polygon
<<PKGBUILDDIR>>/obj-x86_64-linux-gnu/tests/Release/test-output-multi-polygon
<<PKGBUILDDIR>>/obj-x86_64-linux-gnu/tests/Release/test-output-multi-polygon
<<PKGBUILDDIR>>/obj-x86_64-linux-gnu/tests/Debug/test-output-multi-polygon
<<PKGBUILDDIR>>/obj-x86_64-linux-gnu/tests/Debug/test-output-multi-polygon
<<PKGBUILDDIR>>/obj-x86_64-linux-gnu/tests/MinSizeRel/test-output-multi-polygon
<<PKGBUILDDIR>>/obj-x86_64-linux-gnu/tests/MinSizeRel/test-output-multi-polygon
<<PKGBUILDDIR>>/obj-x86_64-linux-gnu/tests/RelWithDebInfo/test-output-multi-polygon
<<PKGBUILDDIR>>/obj-x86_64-linux-gnu/tests/RelWithDebInfo/test-output-multi-polygon
<<PKGBUILDDIR>>/obj-x86_64-linux-gnu/tests/Deployment/test-output-multi-polygon
<<PKGBUILDDIR>>/obj-x86_64-linux-gnu/tests/Deployment/test-output-multi-polygon
<<PKGBUILDDIR>>/obj-x86_64-linux-gnu/tests/Development/test-output-multi-polygon
<<PKGBUILDDIR>>/obj-x86_64-linux-gnu/tests/Development/test-output-multi-polygon
Unable to find executable: /<<PKGBUILDDIR>>/obj-x86_64-linux-gnu/tests/test-output-multi-polygon
14/30 Test #14: test-output-multi-polygon .............***Not Run   0.00 sec
      Start 15: test-output-multi-tags
Could not find executable /<<PKGBUILDDIR>>/obj-x86_64-linux-gnu/tests/test-output-multi-tags
Looked in the following places:
/<<PKGBUILDDIR>>/obj-x86_64-linux-gnu/tests/test-output-multi-tags
/<<PKGBUILDDIR>>/obj-x86_64-linux-gnu/tests/test-output-multi-tags
/<<PKGBUILDDIR>>/obj-x86_64-linux-gnu/tests/Release/test-output-multi-tags
/<<PKGBUILDDIR>>/obj-x86_64-linux-gnu/tests/Release/test-output-multi-tags
/<<PKGBUILDDIR>>/obj-x86_64-linux-gnu/tests/Debug/test-output-multi-tags
/<<PKGBUILDDIR>>/obj-x86_64-linux-gnu/tests/Debug/test-output-multi-tags
/<<PKGBUILDDIR>>/obj-x86_64-linux-gnu/tests/MinSizeRel/test-output-multi-tags
/<<PKGBUILDDIR>>/obj-x86_64-linux-gnu/tests/MinSizeRel/test-output-multi-tags
/<<PKGBUILDDIR>>/obj-x86_64-linux-gnu/tests/RelWithDebInfo/test-output-multi-tags
/<<PKGBUILDDIR>>/obj-x86_64-linux-gnu/tests/RelWithDebInfo/test-output-multi-tags
/<<PKGBUILDDIR>>/obj-x86_64-linux-gnu/tests/Deployment/test-output-multi-tags
/<<PKGBUILDDIR>>/obj-x86_64-linux-gnu/tests/Deployment/test-output-multi-tags
/<<PKGBUILDDIR>>/obj-x86_64-linux-gnu/tests/Development/test-output-multi-tags
/<<PKGBUILDDIR>>/obj-x86_64-linux-gnu/tests/Development/test-output-multi-tags
<<PKGBUILDDIR>>/obj-x86_64-linux-gnu/tests/test-output-multi-tags
<<PKGBUILDDIR>>/obj-x86_64-linux-gnu/tests/test-output-multi-tags
<<PKGBUILDDIR>>/obj-x86_64-linux-gnu/tests/Release/test-output-multi-tags
<<PKGBUILDDIR>>/obj-x86_64-linux-gnu/tests/Release/test-output-multi-tags
<<PKGBUILDDIR>>/obj-x86_64-linux-gnu/tests/Debug/test-output-multi-tags
<<PKGBUILDDIR>>/obj-x86_64-linux-gnu/tests/Debug/test-output-multi-tags
<<PKGBUILDDIR>>/obj-x86_64-linux-gnu/tests/MinSizeRel/test-output-multi-tags
<<PKGBUILDDIR>>/obj-x86_64-linux-gnu/tests/MinSizeRel/test-output-multi-tags
<<PKGBUILDDIR>>/obj-x86_64-linux-gnu/tests/RelWithDebInfo/test-output-multi-tags
<<PKGBUILDDIR>>/obj-x86_64-linux-gnu/tests/RelWithDebInfo/test-output-multi-tags
<<PKGBUILDDIR>>/obj-x86_64-linux-gnu/tests/Deployment/test-output-multi-tags
<<PKGBUILDDIR>>/obj-x86_64-linux-gnu/tests/Deployment/test-output-multi-tags
<<PKGBUILDDIR>>/obj-x86_64-linux-gnu/tests/Development/test-output-multi-tags
<<PKGBUILDDIR>>/obj-x86_64-linux-gnu/tests/Development/test-output-multi-tags
Unable to find executable: /<<PKGBUILDDIR>>/obj-x86_64-linux-gnu/tests/test-output-multi-tags
15/30 Test #15: test-output-multi-tags ................***Not Run   0.00 sec
      Start 16: test-output-pgsql-area
Could not find executable /<<PKGBUILDDIR>>/obj-x86_64-linux-gnu/tests/test-output-pgsql-area
Looked in the following places:
/<<PKGBUILDDIR>>/obj-x86_64-linux-gnu/tests/test-output-pgsql-area
/<<PKGBUILDDIR>>/obj-x86_64-linux-gnu/tests/test-output-pgsql-area
/<<PKGBUILDDIR>>/obj-x86_64-linux-gnu/tests/Release/test-output-pgsql-area
/<<PKGBUILDDIR>>/obj-x86_64-linux-gnu/tests/Release/test-output-pgsql-area
/<<PKGBUILDDIR>>/obj-x86_64-linux-gnu/tests/Debug/test-output-pgsql-area
/<<PKGBUILDDIR>>/obj-x86_64-linux-gnu/tests/Debug/test-output-pgsql-area
/<<PKGBUILDDIR>>/obj-x86_64-linux-gnu/tests/MinSizeRel/test-output-pgsql-area
/<<PKGBUILDDIR>>/obj-x86_64-linux-gnu/tests/MinSizeRel/test-output-pgsql-area
/<<PKGBUILDDIR>>/obj-x86_64-linux-gnu/tests/RelWithDebInfo/test-output-pgsql-area
/<<PKGBUILDDIR>>/obj-x86_64-linux-gnu/tests/RelWithDebInfo/test-output-pgsql-area
/<<PKGBUILDDIR>>/obj-x86_64-linux-gnu/tests/Deployment/test-output-pgsql-area
/<<PKGBUILDDIR>>/obj-x86_64-linux-gnu/tests/Deployment/test-output-pgsql-area
/<<PKGBUILDDIR>>/obj-x86_64-linux-gnu/tests/Development/test-output-pgsql-area
/<<PKGBUILDDIR>>/obj-x86_64-linux-gnu/tests/Development/test-output-pgsql-area
<<PKGBUILDDIR>>/obj-x86_64-linux-gnu/tests/test-output-pgsql-area
<<PKGBUILDDIR>>/obj-x86_64-linux-gnu/tests/test-output-pgsql-area
<<PKGBUILDDIR>>/obj-x86_64-linux-gnu/tests/Release/test-output-pgsql-area
<<PKGBUILDDIR>>/obj-x86_64-linux-gnu/tests/Release/test-output-pgsql-area
<<PKGBUILDDIR>>/obj-x86_64-linux-gnu/tests/Debug/test-output-pgsql-area
<<PKGBUILDDIR>>/obj-x86_64-linux-gnu/tests/Debug/test-output-pgsql-area
<<PKGBUILDDIR>>/obj-x86_64-linux-gnu/tests/MinSizeRel/test-output-pgsql-area
<<PKGBUILDDIR>>/obj-x86_64-linux-gnu/tests/MinSizeRel/test-output-pgsql-area
<<PKGBUILDDIR>>/obj-x86_64-linux-gnu/tests/RelWithDebInfo/test-output-pgsql-area
<<PKGBUILDDIR>>/obj-x86_64-linux-gnu/tests/RelWithDebInfo/test-output-pgsql-area
<<PKGBUILDDIR>>/obj-x86_64-linux-gnu/tests/Deployment/test-output-pgsql-area
<<PKGBUILDDIR>>/obj-x86_64-linux-gnu/tests/Deployment/test-output-pgsql-area
<<PKGBUILDDIR>>/obj-x86_64-linux-gnu/tests/Development/test-output-pgsql-area
<<PKGBUILDDIR>>/obj-x86_64-linux-gnu/tests/Development/test-output-pgsql-area
Unable to find executable: /<<PKGBUILDDIR>>/obj-x86_64-linux-gnu/tests/test-output-pgsql-area
16/30 Test #16: test-output-pgsql-area ................***Not Run   0.00 sec
      Start 17: test-output-pgsql-schema
Could not find executable /<<PKGBUILDDIR>>/obj-x86_64-linux-gnu/tests/test-output-pgsql-schema
Looked in the following places:
/<<PKGBUILDDIR>>/obj-x86_64-linux-gnu/tests/test-output-pgsql-schema
/<<PKGBUILDDIR>>/obj-x86_64-linux-gnu/tests/test-output-pgsql-schema
/<<PKGBUILDDIR>>/obj-x86_64-linux-gnu/tests/Release/test-output-pgsql-schema
/<<PKGBUILDDIR>>/obj-x86_64-linux-gnu/tests/Release/test-output-pgsql-schema
/<<PKGBUILDDIR>>/obj-x86_64-linux-gnu/tests/Debug/test-output-pgsql-schema
/<<PKGBUILDDIR>>/obj-x86_64-linux-gnu/tests/Debug/test-output-pgsql-schema
/<<PKGBUILDDIR>>/obj-x86_64-linux-gnu/tests/MinSizeRel/test-output-pgsql-schema
/<<PKGBUILDDIR>>/obj-x86_64-linux-gnu/tests/MinSizeRel/test-output-pgsql-schema
/<<PKGBUILDDIR>>/obj-x86_64-linux-gnu/tests/RelWithDebInfo/test-output-pgsql-schema
/<<PKGBUILDDIR>>/obj-x86_64-linux-gnu/tests/RelWithDebInfo/test-output-pgsql-schema
/<<PKGBUILDDIR>>/obj-x86_64-linux-gnu/tests/Deployment/test-output-pgsql-schema
/<<PKGBUILDDIR>>/obj-x86_64-linux-gnu/tests/Deployment/test-output-pgsql-schema
/<<PKGBUILDDIR>>/obj-x86_64-linux-gnu/tests/Development/test-output-pgsql-schema
/<<PKGBUILDDIR>>/obj-x86_64-linux-gnu/tests/Development/test-output-pgsql-schema
<<PKGBUILDDIR>>/obj-x86_64-linux-gnu/tests/test-output-pgsql-schema
<<PKGBUILDDIR>>/obj-x86_64-linux-gnu/tests/test-output-pgsql-schema
<<PKGBUILDDIR>>/obj-x86_64-linux-gnu/tests/Release/test-output-pgsql-schema
<<PKGBUILDDIR>>/obj-x86_64-linux-gnu/tests/Release/test-output-pgsql-schema
<<PKGBUILDDIR>>/obj-x86_64-linux-gnu/tests/Debug/test-output-pgsql-schema
<<PKGBUILDDIR>>/obj-x86_64-linux-gnu/tests/Debug/test-output-pgsql-schema
<<PKGBUILDDIR>>/obj-x86_64-linux-gnu/tests/MinSizeRel/test-output-pgsql-schema
<<PKGBUILDDIR>>/obj-x86_64-linux-gnu/tests/MinSizeRel/test-output-pgsql-schema
<<PKGBUILDDIR>>/obj-x86_64-linux-gnu/tests/RelWithDebInfo/test-output-pgsql-schema
<<PKGBUILDDIR>>/obj-x86_64-linux-gnu/tests/RelWithDebInfo/test-output-pgsql-schema
<<PKGBUILDDIR>>/obj-x86_64-linux-gnu/tests/Deployment/test-output-pgsql-schema
<<PKGBUILDDIR>>/obj-x86_64-linux-gnu/tests/Deployment/test-output-pgsql-schema
<<PKGBUILDDIR>>/obj-x86_64-linux-gnu/tests/Development/test-output-pgsql-schema
<<PKGBUILDDIR>>/obj-x86_64-linux-gnu/tests/Development/test-output-pgsql-schema
Unable to find executable: /<<PKGBUILDDIR>>/obj-x86_64-linux-gnu/tests/test-output-pgsql-schema
17/30 Test #17: test-output-pgsql-schema ..............***Not Run   0.00 sec
      Start 18: test-output-pgsql-int4
Could not find executable /<<PKGBUILDDIR>>/obj-x86_64-linux-gnu/tests/test-output-pgsql-int4
Looked in the following places:
/<<PKGBUILDDIR>>/obj-x86_64-linux-gnu/tests/test-output-pgsql-int4
/<<PKGBUILDDIR>>/obj-x86_64-linux-gnu/tests/test-output-pgsql-int4
/<<PKGBUILDDIR>>/obj-x86_64-linux-gnu/tests/Release/test-output-pgsql-int4
/<<PKGBUILDDIR>>/obj-x86_64-linux-gnu/tests/Release/test-output-pgsql-int4
/<<PKGBUILDDIR>>/obj-x86_64-linux-gnu/tests/Debug/test-output-pgsql-int4
/<<PKGBUILDDIR>>/obj-x86_64-linux-gnu/tests/Debug/test-output-pgsql-int4
/<<PKGBUILDDIR>>/obj-x86_64-linux-gnu/tests/MinSizeRel/test-output-pgsql-int4
/<<PKGBUILDDIR>>/obj-x86_64-linux-gnu/tests/MinSizeRel/test-output-pgsql-int4
/<<PKGBUILDDIR>>/obj-x86_64-linux-gnu/tests/RelWithDebInfo/test-output-pgsql-int4
/<<PKGBUILDDIR>>/obj-x86_64-linux-gnu/tests/RelWithDebInfo/test-output-pgsql-int4
/<<PKGBUILDDIR>>/obj-x86_64-linux-gnu/tests/Deployment/test-output-pgsql-int4
/<<PKGBUILDDIR>>/obj-x86_64-linux-gnu/tests/Deployment/test-output-pgsql-int4
/<<PKGBUILDDIR>>/obj-x86_64-linux-gnu/tests/Development/test-output-pgsql-int4
/<<PKGBUILDDIR>>/obj-x86_64-linux-gnu/tests/Development/test-output-pgsql-int4
<<PKGBUILDDIR>>/obj-x86_64-linux-gnu/tests/test-output-pgsql-int4
<<PKGBUILDDIR>>/obj-x86_64-linux-gnu/tests/test-output-pgsql-int4
<<PKGBUILDDIR>>/obj-x86_64-linux-gnu/tests/Release/test-output-pgsql-int4
<<PKGBUILDDIR>>/obj-x86_64-linux-gnu/tests/Release/test-output-pgsql-int4
<<PKGBUILDDIR>>/obj-x86_64-linux-gnu/tests/Debug/test-output-pgsql-int4
<<PKGBUILDDIR>>/obj-x86_64-linux-gnu/tests/Debug/test-output-pgsql-int4
<<PKGBUILDDIR>>/obj-x86_64-linux-gnu/tests/MinSizeRel/test-output-pgsql-int4
<<PKGBUILDDIR>>/obj-x86_64-linux-gnu/tests/MinSizeRel/test-output-pgsql-int4
<<PKGBUILDDIR>>/obj-x86_64-linux-gnu/tests/RelWithDebInfo/test-output-pgsql-int4
<<PKGBUILDDIR>>/obj-x86_64-linux-gnu/tests/RelWithDebInfo/test-output-pgsql-int4
<<PKGBUILDDIR>>/obj-x86_64-linux-gnu/tests/Deployment/test-output-pgsql-int4
<<PKGBUILDDIR>>/obj-x86_64-linux-gnu/tests/Deployment/test-output-pgsql-int4
<<PKGBUILDDIR>>/obj-x86_64-linux-gnu/tests/Development/test-output-pgsql-int4
<<PKGBUILDDIR>>/obj-x86_64-linux-gnu/tests/Development/test-output-pgsql-int4
Unable to find executable: /<<PKGBUILDDIR>>/obj-x86_64-linux-gnu/tests/test-output-pgsql-int4
18/30 Test #18: test-output-pgsql-int4 ................***Not Run   0.00 sec
      Start 20: test-output-pgsql-validgeom
Could not find executable /<<PKGBUILDDIR>>/obj-x86_64-linux-gnu/tests/test-output-pgsql-validgeom
Looked in the following places:
/<<PKGBUILDDIR>>/obj-x86_64-linux-gnu/tests/test-output-pgsql-validgeom
/<<PKGBUILDDIR>>/obj-x86_64-linux-gnu/tests/test-output-pgsql-validgeom
/<<PKGBUILDDIR>>/obj-x86_64-linux-gnu/tests/Release/test-output-pgsql-validgeom
/<<PKGBUILDDIR>>/obj-x86_64-linux-gnu/tests/Release/test-output-pgsql-validgeom
/<<PKGBUILDDIR>>/obj-x86_64-linux-gnu/tests/Debug/test-output-pgsql-validgeom
/<<PKGBUILDDIR>>/obj-x86_64-linux-gnu/tests/Debug/test-output-pgsql-validgeom
/<<PKGBUILDDIR>>/obj-x86_64-linux-gnu/tests/MinSizeRel/test-output-pgsql-validgeom
/<<PKGBUILDDIR>>/obj-x86_64-linux-gnu/tests/MinSizeRel/test-output-pgsql-validgeom
/<<PKGBUILDDIR>>/obj-x86_64-linux-gnu/tests/RelWithDebInfo/test-output-pgsql-validgeom
/<<PKGBUILDDIR>>/obj-x86_64-linux-gnu/tests/RelWithDebInfo/test-output-pgsql-validgeom
/<<PKGBUILDDIR>>/obj-x86_64-linux-gnu/tests/Deployment/test-output-pgsql-validgeom
/<<PKGBUILDDIR>>/obj-x86_64-linux-gnu/tests/Deployment/test-output-pgsql-validgeom
/<<PKGBUILDDIR>>/obj-x86_64-linux-gnu/tests/Development/test-output-pgsql-validgeom
/<<PKGBUILDDIR>>/obj-x86_64-linux-gnu/tests/Development/test-output-pgsql-validgeom
<<PKGBUILDDIR>>/obj-x86_64-linux-gnu/tests/test-output-pgsql-validgeom
<<PKGBUILDDIR>>/obj-x86_64-linux-gnu/tests/test-output-pgsql-validgeom
<<PKGBUILDDIR>>/obj-x86_64-linux-gnu/tests/Release/test-output-pgsql-validgeom
<<PKGBUILDDIR>>/obj-x86_64-linux-gnu/tests/Release/test-output-pgsql-validgeom
<<PKGBUILDDIR>>/obj-x86_64-linux-gnu/tests/Debug/test-output-pgsql-validgeom
<<PKGBUILDDIR>>/obj-x86_64-linux-gnu/tests/Debug/test-output-pgsql-validgeom
<<PKGBUILDDIR>>/obj-x86_64-linux-gnu/tests/MinSizeRel/test-output-pgsql-validgeom
<<PKGBUILDDIR>>/obj-x86_64-linux-gnu/tests/MinSizeRel/test-output-pgsql-validgeom
<<PKGBUILDDIR>>/obj-x86_64-linux-gnu/tests/RelWithDebInfo/test-output-pgsql-validgeom
<<PKGBUILDDIR>>/obj-x86_64-linux-gnu/tests/RelWithDebInfo/test-output-pgsql-validgeom
<<PKGBUILDDIR>>/obj-x86_64-linux-gnu/tests/Deployment/test-output-pgsql-validgeom
<<PKGBUILDDIR>>/obj-x86_64-linux-gnu/tests/Deployment/test-output-pgsql-validgeom
<<PKGBUILDDIR>>/obj-x86_64-linux-gnu/tests/Development/test-output-pgsql-validgeom
<<PKGBUILDDIR>>/obj-x86_64-linux-gnu/tests/Development/test-output-pgsql-validgeom
Unable to find executable: /<<PKGBUILDDIR>>/obj-x86_64-linux-gnu/tests/test-output-pgsql-validgeom
19/30 Test #20: test-output-pgsql-validgeom ...........***Not Run   0.00 sec
      Start 21: test-output-pgsql-z_order
Could not find executable /<<PKGBUILDDIR>>/obj-x86_64-linux-gnu/tests/test-output-pgsql-z_order
Looked in the following places:
/<<PKGBUILDDIR>>/obj-x86_64-linux-gnu/tests/test-output-pgsql-z_order
/<<PKGBUILDDIR>>/obj-x86_64-linux-gnu/tests/test-output-pgsql-z_order
/<<PKGBUILDDIR>>/obj-x86_64-linux-gnu/tests/Release/test-output-pgsql-z_order
/<<PKGBUILDDIR>>/obj-x86_64-linux-gnu/tests/Release/test-output-pgsql-z_order
/<<PKGBUILDDIR>>/obj-x86_64-linux-gnu/tests/Debug/test-output-pgsql-z_order
/<<PKGBUILDDIR>>/obj-x86_64-linux-gnu/tests/Debug/test-output-pgsql-z_order
/<<PKGBUILDDIR>>/obj-x86_64-linux-gnu/tests/MinSizeRel/test-output-pgsql-z_order
/<<PKGBUILDDIR>>/obj-x86_64-linux-gnu/tests/MinSizeRel/test-output-pgsql-z_order
/<<PKGBUILDDIR>>/obj-x86_64-linux-gnu/tests/RelWithDebInfo/test-output-pgsql-z_order
/<<PKGBUILDDIR>>/obj-x86_64-linux-gnu/tests/RelWithDebInfo/test-output-pgsql-z_order
/<<PKGBUILDDIR>>/obj-x86_64-linux-gnu/tests/Deployment/test-output-pgsql-z_order
/<<PKGBUILDDIR>>/obj-x86_64-linux-gnu/tests/Deployment/test-output-pgsql-z_order
/<<PKGBUILDDIR>>/obj-x86_64-linux-gnu/tests/Development/test-output-pgsql-z_order
/<<PKGBUILDDIR>>/obj-x86_64-linux-gnu/tests/Development/test-output-pgsql-z_order
<<PKGBUILDDIR>>/obj-x86_64-linux-gnu/tests/test-output-pgsql-z_order
<<PKGBUILDDIR>>/obj-x86_64-linux-gnu/tests/test-output-pgsql-z_order
<<PKGBUILDDIR>>/obj-x86_64-linux-gnu/tests/Release/test-output-pgsql-z_order
<<PKGBUILDDIR>>/obj-x86_64-linux-gnu/tests/Release/test-output-pgsql-z_order
<<PKGBUILDDIR>>/obj-x86_64-linux-gnu/tests/Debug/test-output-pgsql-z_order
<<PKGBUILDDIR>>/obj-x86_64-linux-gnu/tests/Debug/test-output-pgsql-z_order
<<PKGBUILDDIR>>/obj-x86_64-linux-gnu/tests/MinSizeRel/test-output-pgsql-z_order
<<PKGBUILDDIR>>/obj-x86_64-linux-gnu/tests/MinSizeRel/test-output-pgsql-z_order
<<PKGBUILDDIR>>/obj-x86_64-linux-gnu/tests/RelWithDebInfo/test-output-pgsql-z_order
<<PKGBUILDDIR>>/obj-x86_64-linux-gnu/tests/RelWithDebInfo/test-output-pgsql-z_order
<<PKGBUILDDIR>>/obj-x86_64-linux-gnu/tests/Deployment/test-output-pgsql-z_order
<<PKGBUILDDIR>>/obj-x86_64-linux-gnu/tests/Deployment/test-output-pgsql-z_order
<<PKGBUILDDIR>>/obj-x86_64-linux-gnu/tests/Development/test-output-pgsql-z_order
<<PKGBUILDDIR>>/obj-x86_64-linux-gnu/tests/Development/test-output-pgsql-z_order
Unable to find executable: /<<PKGBUILDDIR>>/obj-x86_64-linux-gnu/tests/test-output-pgsql-z_order
20/30 Test #21: test-output-pgsql-z_order .............***Not Run   0.00 sec
      Start 22: test-output-pgsql
Could not find executable /<<PKGBUILDDIR>>/obj-x86_64-linux-gnu/tests/test-output-pgsql
Looked in the following places:
/<<PKGBUILDDIR>>/obj-x86_64-linux-gnu/tests/test-output-pgsql
/<<PKGBUILDDIR>>/obj-x86_64-linux-gnu/tests/test-output-pgsql
/<<PKGBUILDDIR>>/obj-x86_64-linux-gnu/tests/Release/test-output-pgsql
/<<PKGBUILDDIR>>/obj-x86_64-linux-gnu/tests/Release/test-output-pgsql
/<<PKGBUILDDIR>>/obj-x86_64-linux-gnu/tests/Debug/test-output-pgsql
/<<PKGBUILDDIR>>/obj-x86_64-linux-gnu/tests/Debug/test-output-pgsql
/<<PKGBUILDDIR>>/obj-x86_64-linux-gnu/tests/MinSizeRel/test-output-pgsql
/<<PKGBUILDDIR>>/obj-x86_64-linux-gnu/tests/MinSizeRel/test-output-pgsql
/<<PKGBUILDDIR>>/obj-x86_64-linux-gnu/tests/RelWithDebInfo/test-output-pgsql
/<<PKGBUILDDIR>>/obj-x86_64-linux-gnu/tests/RelWithDebInfo/test-output-pgsql
/<<PKGBUILDDIR>>/obj-x86_64-linux-gnu/tests/Deployment/test-output-pgsql
/<<PKGBUILDDIR>>/obj-x86_64-linux-gnu/tests/Deployment/test-output-pgsql
/<<PKGBUILDDIR>>/obj-x86_64-linux-gnu/tests/Development/test-output-pgsql
/<<PKGBUILDDIR>>/obj-x86_64-linux-gnu/tests/Development/test-output-pgsql
<<PKGBUILDDIR>>/obj-x86_64-linux-gnu/tests/test-output-pgsql
<<PKGBUILDDIR>>/obj-x86_64-linux-gnu/tests/test-output-pgsql
<<PKGBUILDDIR>>/obj-x86_64-linux-gnu/tests/Release/test-output-pgsql
<<PKGBUILDDIR>>/obj-x86_64-linux-gnu/tests/Release/test-output-pgsql
<<PKGBUILDDIR>>/obj-x86_64-linux-gnu/tests/Debug/test-output-pgsql
<<PKGBUILDDIR>>/obj-x86_64-linux-gnu/tests/Debug/test-output-pgsql
<<PKGBUILDDIR>>/obj-x86_64-linux-gnu/tests/MinSizeRel/test-output-pgsql
<<PKGBUILDDIR>>/obj-x86_64-linux-gnu/tests/MinSizeRel/test-output-pgsql
<<PKGBUILDDIR>>/obj-x86_64-linux-gnu/tests/RelWithDebInfo/test-output-pgsql
<<PKGBUILDDIR>>/obj-x86_64-linux-gnu/tests/RelWithDebInfo/test-output-pgsql
<<PKGBUILDDIR>>/obj-x86_64-linux-gnu/tests/Deployment/test-output-pgsql
<<PKGBUILDDIR>>/obj-x86_64-linux-gnu/tests/Deployment/test-output-pgsql
<<PKGBUILDDIR>>/obj-x86_64-linux-gnu/tests/Development/test-output-pgsql
<<PKGBUILDDIR>>/obj-x86_64-linux-gnu/tests/Development/test-output-pgsql
Unable to find executable: /<<PKGBUILDDIR>>/obj-x86_64-linux-gnu/tests/test-output-pgsql
21/30 Test #22: test-output-pgsql .....................***Not Run   0.00 sec
      Start 23: test-parse-diff
Could not find executable /<<PKGBUILDDIR>>/obj-x86_64-linux-gnu/tests/test-parse-diff
Looked in the following places:
/<<PKGBUILDDIR>>/obj-x86_64-linux-gnu/tests/test-parse-diff
/<<PKGBUILDDIR>>/obj-x86_64-linux-gnu/tests/test-parse-diff
/<<PKGBUILDDIR>>/obj-x86_64-linux-gnu/tests/Release/test-parse-diff
/<<PKGBUILDDIR>>/obj-x86_64-linux-gnu/tests/Release/test-parse-diff
/<<PKGBUILDDIR>>/obj-x86_64-linux-gnu/tests/Debug/test-parse-diff
/<<PKGBUILDDIR>>/obj-x86_64-linux-gnu/tests/Debug/test-parse-diff
/<<PKGBUILDDIR>>/obj-x86_64-linux-gnu/tests/MinSizeRel/test-parse-diff
/<<PKGBUILDDIR>>/obj-x86_64-linux-gnu/tests/MinSizeRel/test-parse-diff
/<<PKGBUILDDIR>>/obj-x86_64-linux-gnu/tests/RelWithDebInfo/test-parse-diff
/<<PKGBUILDDIR>>/obj-x86_64-linux-gnu/tests/RelWithDebInfo/test-parse-diff
/<<PKGBUILDDIR>>/obj-x86_64-linux-gnu/tests/Deployment/test-parse-diff
/<<PKGBUILDDIR>>/obj-x86_64-linux-gnu/tests/Deployment/test-parse-diff
/<<PKGBUILDDIR>>/obj-x86_64-linux-gnu/tests/Development/test-parse-diff
/<<PKGBUILDDIR>>/obj-x86_64-linux-gnu/tests/Development/test-parse-diff
<<PKGBUILDDIR>>/obj-x86_64-linux-gnu/tests/test-parse-diff
<<PKGBUILDDIR>>/obj-x86_64-linux-gnu/tests/test-parse-diff
<<PKGBUILDDIR>>/obj-x86_64-linux-gnu/tests/Release/test-parse-diff
<<PKGBUILDDIR>>/obj-x86_64-linux-gnu/tests/Release/test-parse-diff
<<PKGBUILDDIR>>/obj-x86_64-linux-gnu/tests/Debug/test-parse-diff
<<PKGBUILDDIR>>/obj-x86_64-linux-gnu/tests/Debug/test-parse-diff
<<PKGBUILDDIR>>/obj-x86_64-linux-gnu/tests/MinSizeRel/test-parse-diff
<<PKGBUILDDIR>>/obj-x86_64-linux-gnu/tests/MinSizeRel/test-parse-diff
<<PKGBUILDDIR>>/obj-x86_64-linux-gnu/tests/RelWithDebInfo/test-parse-diff
<<PKGBUILDDIR>>/obj-x86_64-linux-gnu/tests/RelWithDebInfo/test-parse-diff
<<PKGBUILDDIR>>/obj-x86_64-linux-gnu/tests/Deployment/test-parse-diff
<<PKGBUILDDIR>>/obj-x86_64-linux-gnu/tests/Deployment/test-parse-diff
<<PKGBUILDDIR>>/obj-x86_64-linux-gnu/tests/Development/test-parse-diff
<<PKGBUILDDIR>>/obj-x86_64-linux-gnu/tests/Development/test-parse-diff
Unable to find executable: /<<PKGBUILDDIR>>/obj-x86_64-linux-gnu/tests/test-parse-diff
22/30 Test #23: test-parse-diff .......................***Not Run   0.00 sec
      Start 24: test-parse-extra-args
Could not find executable /<<PKGBUILDDIR>>/obj-x86_64-linux-gnu/tests/test-parse-extra-args
Looked in the following places:
/<<PKGBUILDDIR>>/obj-x86_64-linux-gnu/tests/test-parse-extra-args
/<<PKGBUILDDIR>>/obj-x86_64-linux-gnu/tests/test-parse-extra-args
/<<PKGBUILDDIR>>/obj-x86_64-linux-gnu/tests/Release/test-parse-extra-args
/<<PKGBUILDDIR>>/obj-x86_64-linux-gnu/tests/Release/test-parse-extra-args
/<<PKGBUILDDIR>>/obj-x86_64-linux-gnu/tests/Debug/test-parse-extra-args
/<<PKGBUILDDIR>>/obj-x86_64-linux-gnu/tests/Debug/test-parse-extra-args
/<<PKGBUILDDIR>>/obj-x86_64-linux-gnu/tests/MinSizeRel/test-parse-extra-args
/<<PKGBUILDDIR>>/obj-x86_64-linux-gnu/tests/MinSizeRel/test-parse-extra-args
/<<PKGBUILDDIR>>/obj-x86_64-linux-gnu/tests/RelWithDebInfo/test-parse-extra-args
/<<PKGBUILDDIR>>/obj-x86_64-linux-gnu/tests/RelWithDebInfo/test-parse-extra-args
/<<PKGBUILDDIR>>/obj-x86_64-linux-gnu/tests/Deployment/test-parse-extra-args
/<<PKGBUILDDIR>>/obj-x86_64-linux-gnu/tests/Deployment/test-parse-extra-args
/<<PKGBUILDDIR>>/obj-x86_64-linux-gnu/tests/Development/test-parse-extra-args
/<<PKGBUILDDIR>>/obj-x86_64-linux-gnu/tests/Development/test-parse-extra-args
<<PKGBUILDDIR>>/obj-x86_64-linux-gnu/tests/test-parse-extra-args
<<PKGBUILDDIR>>/obj-x86_64-linux-gnu/tests/test-parse-extra-args
<<PKGBUILDDIR>>/obj-x86_64-linux-gnu/tests/Release/test-parse-extra-args
<<PKGBUILDDIR>>/obj-x86_64-linux-gnu/tests/Release/test-parse-extra-args
<<PKGBUILDDIR>>/obj-x86_64-linux-gnu/tests/Debug/test-parse-extra-args
<<PKGBUILDDIR>>/obj-x86_64-linux-gnu/tests/Debug/test-parse-extra-args
<<PKGBUILDDIR>>/obj-x86_64-linux-gnu/tests/MinSizeRel/test-parse-extra-args
<<PKGBUILDDIR>>/obj-x86_64-linux-gnu/tests/MinSizeRel/test-parse-extra-args
<<PKGBUILDDIR>>/obj-x86_64-linux-gnu/tests/RelWithDebInfo/test-parse-extra-args
<<PKGBUILDDIR>>/obj-x86_64-linux-gnu/tests/RelWithDebInfo/test-parse-extra-args
<<PKGBUILDDIR>>/obj-x86_64-linux-gnu/tests/Deployment/test-parse-extra-args
<<PKGBUILDDIR>>/obj-x86_64-linux-gnu/tests/Deployment/test-parse-extra-args
<<PKGBUILDDIR>>/obj-x86_64-linux-gnu/tests/Development/test-parse-extra-args
<<PKGBUILDDIR>>/obj-x86_64-linux-gnu/tests/Development/test-parse-extra-args
Unable to find executable: /<<PKGBUILDDIR>>/obj-x86_64-linux-gnu/tests/test-parse-extra-args
23/30 Test #24: test-parse-extra-args .................***Not Run   0.00 sec
      Start 25: test-parse-xml2
Could not find executable /<<PKGBUILDDIR>>/obj-x86_64-linux-gnu/tests/test-parse-xml2
Looked in the following places:
/<<PKGBUILDDIR>>/obj-x86_64-linux-gnu/tests/test-parse-xml2
/<<PKGBUILDDIR>>/obj-x86_64-linux-gnu/tests/test-parse-xml2
/<<PKGBUILDDIR>>/obj-x86_64-linux-gnu/tests/Release/test-parse-xml2
/<<PKGBUILDDIR>>/obj-x86_64-linux-gnu/tests/Release/test-parse-xml2
/<<PKGBUILDDIR>>/obj-x86_64-linux-gnu/tests/Debug/test-parse-xml2
/<<PKGBUILDDIR>>/obj-x86_64-linux-gnu/tests/Debug/test-parse-xml2
/<<PKGBUILDDIR>>/obj-x86_64-linux-gnu/tests/MinSizeRel/test-parse-xml2
/<<PKGBUILDDIR>>/obj-x86_64-linux-gnu/tests/MinSizeRel/test-parse-xml2
/<<PKGBUILDDIR>>/obj-x86_64-linux-gnu/tests/RelWithDebInfo/test-parse-xml2
/<<PKGBUILDDIR>>/obj-x86_64-linux-gnu/tests/RelWithDebInfo/test-parse-xml2
/<<PKGBUILDDIR>>/obj-x86_64-linux-gnu/tests/Deployment/test-parse-xml2
/<<PKGBUILDDIR>>/obj-x86_64-linux-gnu/tests/Deployment/test-parse-xml2
/<<PKGBUILDDIR>>/obj-x86_64-linux-gnu/tests/Development/test-parse-xml2
/<<PKGBUILDDIR>>/obj-x86_64-linux-gnu/tests/Development/test-parse-xml2
<<PKGBUILDDIR>>/obj-x86_64-linux-gnu/tests/test-parse-xml2
<<PKGBUILDDIR>>/obj-x86_64-linux-gnu/tests/test-parse-xml2
<<PKGBUILDDIR>>/obj-x86_64-linux-gnu/tests/Release/test-parse-xml2
<<PKGBUILDDIR>>/obj-x86_64-linux-gnu/tests/Release/test-parse-xml2
<<PKGBUILDDIR>>/obj-x86_64-linux-gnu/tests/Debug/test-parse-xml2
<<PKGBUILDDIR>>/obj-x86_64-linux-gnu/tests/Debug/test-parse-xml2
<<PKGBUILDDIR>>/obj-x86_64-linux-gnu/tests/MinSizeRel/test-parse-xml2
<<PKGBUILDDIR>>/obj-x86_64-linux-gnu/tests/MinSizeRel/test-parse-xml2
<<PKGBUILDDIR>>/obj-x86_64-linux-gnu/tests/RelWithDebInfo/test-parse-xml2
<<PKGBUILDDIR>>/obj-x86_64-linux-gnu/tests/RelWithDebInfo/test-parse-xml2
<<PKGBUILDDIR>>/obj-x86_64-linux-gnu/tests/Deployment/test-parse-xml2
<<PKGBUILDDIR>>/obj-x86_64-linux-gnu/tests/Deployment/test-parse-xml2
<<PKGBUILDDIR>>/obj-x86_64-linux-gnu/tests/Development/test-parse-xml2
<<PKGBUILDDIR>>/obj-x86_64-linux-gnu/tests/Development/test-parse-xml2
Unable to find executable: /<<PKGBUILDDIR>>/obj-x86_64-linux-gnu/tests/test-parse-xml2
24/30 Test #25: test-parse-xml2 .......................***Not Run   0.00 sec
      Start 26: test-persistent-node-cache
Could not find executable /<<PKGBUILDDIR>>/obj-x86_64-linux-gnu/tests/test-persistent-node-cache
Looked in the following places:
/<<PKGBUILDDIR>>/obj-x86_64-linux-gnu/tests/test-persistent-node-cache
/<<PKGBUILDDIR>>/obj-x86_64-linux-gnu/tests/test-persistent-node-cache
/<<PKGBUILDDIR>>/obj-x86_64-linux-gnu/tests/Release/test-persistent-node-cache
/<<PKGBUILDDIR>>/obj-x86_64-linux-gnu/tests/Release/test-persistent-node-cache
/<<PKGBUILDDIR>>/obj-x86_64-linux-gnu/tests/Debug/test-persistent-node-cache
/<<PKGBUILDDIR>>/obj-x86_64-linux-gnu/tests/Debug/test-persistent-node-cache
/<<PKGBUILDDIR>>/obj-x86_64-linux-gnu/tests/MinSizeRel/test-persistent-node-cache
/<<PKGBUILDDIR>>/obj-x86_64-linux-gnu/tests/MinSizeRel/test-persistent-node-cache
/<<PKGBUILDDIR>>/obj-x86_64-linux-gnu/tests/RelWithDebInfo/test-persistent-node-cache
/<<PKGBUILDDIR>>/obj-x86_64-linux-gnu/tests/RelWithDebInfo/test-persistent-node-cache
/<<PKGBUILDDIR>>/obj-x86_64-linux-gnu/tests/Deployment/test-persistent-node-cache
/<<PKGBUILDDIR>>/obj-x86_64-linux-gnu/tests/Deployment/test-persistent-node-cache
/<<PKGBUILDDIR>>/obj-x86_64-linux-gnu/tests/Development/test-persistent-node-cache
/<<PKGBUILDDIR>>/obj-x86_64-linux-gnu/tests/Development/test-persistent-node-cache
<<PKGBUILDDIR>>/obj-x86_64-linux-gnu/tests/test-persistent-node-cache
<<PKGBUILDDIR>>/obj-x86_64-linux-gnu/tests/test-persistent-node-cache
<<PKGBUILDDIR>>/obj-x86_64-linux-gnu/tests/Release/test-persistent-node-cache
<<PKGBUILDDIR>>/obj-x86_64-linux-gnu/tests/Release/test-persistent-node-cache
<<PKGBUILDDIR>>/obj-x86_64-linux-gnu/tests/Debug/test-persistent-node-cache
<<PKGBUILDDIR>>/obj-x86_64-linux-gnu/tests/Debug/test-persistent-node-cache
<<PKGBUILDDIR>>/obj-x86_64-linux-gnu/tests/MinSizeRel/test-persistent-node-cache
<<PKGBUILDDIR>>/obj-x86_64-linux-gnu/tests/MinSizeRel/test-persistent-node-cache
<<PKGBUILDDIR>>/obj-x86_64-linux-gnu/tests/RelWithDebInfo/test-persistent-node-cache
<<PKGBUILDDIR>>/obj-x86_64-linux-gnu/tests/RelWithDebInfo/test-persistent-node-cache
<<PKGBUILDDIR>>/obj-x86_64-linux-gnu/tests/Deployment/test-persistent-node-cache
<<PKGBUILDDIR>>/obj-x86_64-linux-gnu/tests/Deployment/test-persistent-node-cache
<<PKGBUILDDIR>>/obj-x86_64-linux-gnu/tests/Development/test-persistent-node-cache
<<PKGBUILDDIR>>/obj-x86_64-linux-gnu/tests/Development/test-persistent-node-cache
Unable to find executable: /<<PKGBUILDDIR>>/obj-x86_64-linux-gnu/tests/test-persistent-node-cache
25/30 Test #26: test-persistent-node-cache ............***Not Run   0.00 sec
      Start 27: test-wildcard-match
Could not find executable /<<PKGBUILDDIR>>/obj-x86_64-linux-gnu/tests/test-wildcard-match
Looked in the following places:
/<<PKGBUILDDIR>>/obj-x86_64-linux-gnu/tests/test-wildcard-match
/<<PKGBUILDDIR>>/obj-x86_64-linux-gnu/tests/test-wildcard-match
/<<PKGBUILDDIR>>/obj-x86_64-linux-gnu/tests/Release/test-wildcard-match
/<<PKGBUILDDIR>>/obj-x86_64-linux-gnu/tests/Release/test-wildcard-match
/<<PKGBUILDDIR>>/obj-x86_64-linux-gnu/tests/Debug/test-wildcard-match
/<<PKGBUILDDIR>>/obj-x86_64-linux-gnu/tests/Debug/test-wildcard-match
/<<PKGBUILDDIR>>/obj-x86_64-linux-gnu/tests/MinSizeRel/test-wildcard-match
/<<PKGBUILDDIR>>/obj-x86_64-linux-gnu/tests/MinSizeRel/test-wildcard-match
/<<PKGBUILDDIR>>/obj-x86_64-linux-gnu/tests/RelWithDebInfo/test-wildcard-match
/<<PKGBUILDDIR>>/obj-x86_64-linux-gnu/tests/RelWithDebInfo/test-wildcard-match
/<<PKGBUILDDIR>>/obj-x86_64-linux-gnu/tests/Deployment/test-wildcard-match
/<<PKGBUILDDIR>>/obj-x86_64-linux-gnu/tests/Deployment/test-wildcard-match
/<<PKGBUILDDIR>>/obj-x86_64-linux-gnu/tests/Development/test-wildcard-match
/<<PKGBUILDDIR>>/obj-x86_64-linux-gnu/tests/Development/test-wildcard-match
<<PKGBUILDDIR>>/obj-x86_64-linux-gnu/tests/test-wildcard-match
<<PKGBUILDDIR>>/obj-x86_64-linux-gnu/tests/test-wildcard-match
<<PKGBUILDDIR>>/obj-x86_64-linux-gnu/tests/Release/test-wildcard-match
<<PKGBUILDDIR>>/obj-x86_64-linux-gnu/tests/Release/test-wildcard-match
<<PKGBUILDDIR>>/obj-x86_64-linux-gnu/tests/Debug/test-wildcard-match
<<PKGBUILDDIR>>/obj-x86_64-linux-gnu/tests/Debug/test-wildcard-match
<<PKGBUILDDIR>>/obj-x86_64-linux-gnu/tests/MinSizeRel/test-wildcard-match
<<PKGBUILDDIR>>/obj-x86_64-linux-gnu/tests/MinSizeRel/test-wildcard-match
<<PKGBUILDDIR>>/obj-x86_64-linux-gnu/tests/RelWithDebInfo/test-wildcard-match
<<PKGBUILDDIR>>/obj-x86_64-linux-gnu/tests/RelWithDebInfo/test-wildcard-match
<<PKGBUILDDIR>>/obj-x86_64-linux-gnu/tests/Deployment/test-wildcard-match
<<PKGBUILDDIR>>/obj-x86_64-linux-gnu/tests/Deployment/test-wildcard-match
<<PKGBUILDDIR>>/obj-x86_64-linux-gnu/tests/Development/test-wildcard-match
<<PKGBUILDDIR>>/obj-x86_64-linux-gnu/tests/Development/test-wildcard-match
Unable to find executable: /<<PKGBUILDDIR>>/obj-x86_64-linux-gnu/tests/test-wildcard-match
26/30 Test #27: test-wildcard-match ...................***Not Run   0.00 sec
27/30 Test #28: FixtureTablespaceSetup ................   Passed    0.01 sec
      Start 19: test-output-pgsql-tablespace
Could not find executable /<<PKGBUILDDIR>>/obj-x86_64-linux-gnu/tests/test-output-pgsql-tablespace
Looked in the following places:
/<<PKGBUILDDIR>>/obj-x86_64-linux-gnu/tests/test-output-pgsql-tablespace
/<<PKGBUILDDIR>>/obj-x86_64-linux-gnu/tests/test-output-pgsql-tablespace
/<<PKGBUILDDIR>>/obj-x86_64-linux-gnu/tests/Release/test-output-pgsql-tablespace
/<<PKGBUILDDIR>>/obj-x86_64-linux-gnu/tests/Release/test-output-pgsql-tablespace
/<<PKGBUILDDIR>>/obj-x86_64-linux-gnu/tests/Debug/test-output-pgsql-tablespace
/<<PKGBUILDDIR>>/obj-x86_64-linux-gnu/tests/Debug/test-output-pgsql-tablespace
/<<PKGBUILDDIR>>/obj-x86_64-linux-gnu/tests/MinSizeRel/test-output-pgsql-tablespace
/<<PKGBUILDDIR>>/obj-x86_64-linux-gnu/tests/MinSizeRel/test-output-pgsql-tablespace
/<<PKGBUILDDIR>>/obj-x86_64-linux-gnu/tests/RelWithDebInfo/test-output-pgsql-tablespace
/<<PKGBUILDDIR>>/obj-x86_64-linux-gnu/tests/RelWithDebInfo/test-output-pgsql-tablespace
/<<PKGBUILDDIR>>/obj-x86_64-linux-gnu/tests/Deployment/test-output-pgsql-tablespace
/<<PKGBUILDDIR>>/obj-x86_64-linux-gnu/tests/Deployment/test-output-pgsql-tablespace
/<<PKGBUILDDIR>>/obj-x86_64-linux-gnu/tests/Development/test-output-pgsql-tablespace
/<<PKGBUILDDIR>>/obj-x86_64-linux-gnu/tests/Development/test-output-pgsql-tablespace
<<PKGBUILDDIR>>/obj-x86_64-linux-gnu/tests/test-output-pgsql-tablespace
<<PKGBUILDDIR>>/obj-x86_64-linux-gnu/tests/test-output-pgsql-tablespace
<<PKGBUILDDIR>>/obj-x86_64-linux-gnu/tests/Release/test-output-pgsql-tablespace
<<PKGBUILDDIR>>/obj-x86_64-linux-gnu/tests/Release/test-output-pgsql-tablespace
<<PKGBUILDDIR>>/obj-x86_64-linux-gnu/tests/Debug/test-output-pgsql-tablespace
<<PKGBUILDDIR>>/obj-x86_64-linux-gnu/tests/Debug/test-output-pgsql-tablespace
<<PKGBUILDDIR>>/obj-x86_64-linux-gnu/tests/MinSizeRel/test-output-pgsql-tablespace
<<PKGBUILDDIR>>/obj-x86_64-linux-gnu/tests/MinSizeRel/test-output-pgsql-tablespace
<<PKGBUILDDIR>>/obj-x86_64-linux-gnu/tests/RelWithDebInfo/test-output-pgsql-tablespace
<<PKGBUILDDIR>>/obj-x86_64-linux-gnu/tests/RelWithDebInfo/test-output-pgsql-tablespace
<<PKGBUILDDIR>>/obj-x86_64-linux-gnu/tests/Deployment/test-output-pgsql-tablespace
<<PKGBUILDDIR>>/obj-x86_64-linux-gnu/tests/Deployment/test-output-pgsql-tablespace
<<PKGBUILDDIR>>/obj-x86_64-linux-gnu/tests/Development/test-output-pgsql-tablespace
<<PKGBUILDDIR>>/obj-x86_64-linux-gnu/tests/Development/test-output-pgsql-tablespace
Unable to find executable: /<<PKGBUILDDIR>>/obj-x86_64-linux-gnu/tests/test-output-pgsql-tablespace
28/30 Test #19: test-output-pgsql-tablespace ..........***Not Run   0.00 sec
      Start 30: regression-test-pbf
29/30 Test #30: regression-test-pbf ...................***Failed    0.09 sec
Setting up test database
I am unable to connect to the database.
Cleaning up test database
I am unable to connect to the database.

      Start 29: FixtureTablespaceCleanup
30/30 Test #29: FixtureTablespaceCleanup ..............   Passed    0.00 sec

7% tests passed, 28 tests failed out of 30

Label Time Summary:
FlatNodes    =   0.00 sec*proc (2 tests)
NoDB         =   0.00 sec*proc (6 tests)

Total Test time (real) =   0.11 sec

The following tests FAILED:
	  1 - test-expire-tiles (Not Run)
	  2 - test-hstore-match-only (Not Run)
	  3 - test-middle-flat (Not Run)
	  4 - test-middle-pgsql (Not Run)
	  5 - test-middle-ram (Not Run)
	  6 - test-options-database (Not Run)
	  7 - test-options-parse (Not Run)
	  8 - test-options-projection (Not Run)
	  9 - test-output-multi-line-storage (Not Run)
	 10 - test-output-multi-line (Not Run)
	 11 - test-output-multi-point-multi-table (Not Run)
	 12 - test-output-multi-point (Not Run)
	 13 - test-output-multi-poly-trivial (Not Run)
	 14 - test-output-multi-polygon (Not Run)
	 15 - test-output-multi-tags (Not Run)
	 16 - test-output-pgsql-area (Not Run)
	 17 - test-output-pgsql-schema (Not Run)
	 18 - test-output-pgsql-int4 (Not Run)
	 19 - test-output-pgsql-tablespace (Not Run)
	 20 - test-output-pgsql-validgeom (Not Run)
	 21 - test-output-pgsql-z_order (Not Run)
	 22 - test-output-pgsql (Not Run)
	 23 - test-parse-diff (Not Run)
	 24 - test-parse-extra-args (Not Run)
	 25 - test-parse-xml2 (Not Run)
	 26 - test-persistent-node-cache (Not Run)
	 27 - test-wildcard-match (Not Run)
	 30 - regression-test-pbf (Failed)
Errors while running CTest
make[2]: *** [Makefile:110: test] Error 8
make[2]: Leaving directory '/<<PKGBUILDDIR>>/obj-x86_64-linux-gnu'
dh_auto_test: error: cd obj-x86_64-linux-gnu && make -j4 test ARGS\+=-j4 returned exit code 2
Ignoring test failures
make[1]: Leaving directory '/<<PKGBUILDDIR>>'
 fakeroot debian/rules binary
dh binary \
	--buildsystem cmake \
	--parallel
   dh_testroot -O--buildsystem=cmake -O--parallel
   dh_prep -O--buildsystem=cmake -O--parallel
   dh_installdirs -O--buildsystem=cmake -O--parallel
   dh_auto_install -O--buildsystem=cmake -O--parallel
	cd obj-x86_64-linux-gnu && make -j4 install DESTDIR=/<<BUILDDIR>>/osm2pgsql-1.2.1\+ds/debian/osm2pgsql AM_UPDATE_INFO_DIR=no
make[1]: Entering directory '/<<PKGBUILDDIR>>/obj-x86_64-linux-gnu'
/usr/bin/cmake -S/<<PKGBUILDDIR>> -B/<<PKGBUILDDIR>>/obj-x86_64-linux-gnu --check-build-system CMakeFiles/Makefile.cmake 0
/usr/bin/cmake -E cmake_progress_start /<<PKGBUILDDIR>>/obj-x86_64-linux-gnu/CMakeFiles /<<PKGBUILDDIR>>/obj-x86_64-linux-gnu/CMakeFiles/progress.marks
make -f CMakeFiles/Makefile2 all
make[2]: Entering directory '/<<PKGBUILDDIR>>/obj-x86_64-linux-gnu'
make -f CMakeFiles/osm2pgsql_lib.dir/build.make CMakeFiles/osm2pgsql_lib.dir/depend
make[3]: Entering directory '/<<PKGBUILDDIR>>/obj-x86_64-linux-gnu'
cd /<<PKGBUILDDIR>>/obj-x86_64-linux-gnu && /usr/bin/cmake -E cmake_depends "Unix Makefiles" /<<PKGBUILDDIR>> /<<PKGBUILDDIR>> /<<PKGBUILDDIR>>/obj-x86_64-linux-gnu /<<PKGBUILDDIR>>/obj-x86_64-linux-gnu /<<PKGBUILDDIR>>/obj-x86_64-linux-gnu/CMakeFiles/osm2pgsql_lib.dir/DependInfo.cmake --color=
make[3]: Leaving directory '/<<PKGBUILDDIR>>/obj-x86_64-linux-gnu'
make -f CMakeFiles/osm2pgsql_lib.dir/build.make CMakeFiles/osm2pgsql_lib.dir/build
make[3]: Entering directory '/<<PKGBUILDDIR>>/obj-x86_64-linux-gnu'
make[3]: Nothing to be done for 'CMakeFiles/osm2pgsql_lib.dir/build'.
make[3]: Leaving directory '/<<PKGBUILDDIR>>/obj-x86_64-linux-gnu'
[ 94%] Built target osm2pgsql_lib
make -f CMakeFiles/osm2pgsql.dir/build.make CMakeFiles/osm2pgsql.dir/depend
make[3]: Entering directory '/<<PKGBUILDDIR>>/obj-x86_64-linux-gnu'
cd /<<PKGBUILDDIR>>/obj-x86_64-linux-gnu && /usr/bin/cmake -E cmake_depends "Unix Makefiles" /<<PKGBUILDDIR>> /<<PKGBUILDDIR>> /<<PKGBUILDDIR>>/obj-x86_64-linux-gnu /<<PKGBUILDDIR>>/obj-x86_64-linux-gnu /<<PKGBUILDDIR>>/obj-x86_64-linux-gnu/CMakeFiles/osm2pgsql.dir/DependInfo.cmake --color=
make[3]: Leaving directory '/<<PKGBUILDDIR>>/obj-x86_64-linux-gnu'
make -f CMakeFiles/osm2pgsql.dir/build.make CMakeFiles/osm2pgsql.dir/build
make[3]: Entering directory '/<<PKGBUILDDIR>>/obj-x86_64-linux-gnu'
make[3]: Nothing to be done for 'CMakeFiles/osm2pgsql.dir/build'.
make[3]: Leaving directory '/<<PKGBUILDDIR>>/obj-x86_64-linux-gnu'
[100%] Built target osm2pgsql
make[2]: Leaving directory '/<<PKGBUILDDIR>>/obj-x86_64-linux-gnu'
/usr/bin/cmake -E cmake_progress_start /<<PKGBUILDDIR>>/obj-x86_64-linux-gnu/CMakeFiles 0
make -f CMakeFiles/Makefile2 preinstall
make[2]: Entering directory '/<<PKGBUILDDIR>>/obj-x86_64-linux-gnu'
make[2]: Nothing to be done for 'preinstall'.
make[2]: Leaving directory '/<<PKGBUILDDIR>>/obj-x86_64-linux-gnu'
Install the project...
/usr/bin/cmake -P cmake_install.cmake
-- Install configuration: "None"
-- Installing: /<<PKGBUILDDIR>>/debian/osm2pgsql/usr/bin/osm2pgsql
-- Installing: /<<PKGBUILDDIR>>/debian/osm2pgsql/usr/share/man/man1/osm2pgsql.1
-- Installing: /<<PKGBUILDDIR>>/debian/osm2pgsql/usr/share/osm2pgsql/default.style
-- Installing: /<<PKGBUILDDIR>>/debian/osm2pgsql/usr/share/osm2pgsql/empty.style
make[1]: Leaving directory '/<<PKGBUILDDIR>>/obj-x86_64-linux-gnu'
   debian/rules override_dh_install
make[1]: Entering directory '/<<PKGBUILDDIR>>'
dh_install --list-missing
dh_install: warning: Please use dh_missing --list-missing/--fail-missing instead
dh_install: warning: This feature will be removed in compat 12.
make[1]: Leaving directory '/<<PKGBUILDDIR>>'
   dh_installdocs -O--buildsystem=cmake -O--parallel
   dh_installchangelogs -O--buildsystem=cmake -O--parallel
   dh_installexamples -O--buildsystem=cmake -O--parallel
   dh_installman -O--buildsystem=cmake -O--parallel
   dh_installinit -O--buildsystem=cmake -O--parallel
   dh_perl -O--buildsystem=cmake -O--parallel
   dh_link -O--buildsystem=cmake -O--parallel
   dh_strip_nondeterminism -O--buildsystem=cmake -O--parallel
   debian/rules override_dh_compress
make[1]: Entering directory '/<<PKGBUILDDIR>>'
# clean up some naive file permissions
dh_compress -X.php -X.sql -X.js -X.c -X.h
make[1]: Leaving directory '/<<PKGBUILDDIR>>'
   dh_fixperms -O--buildsystem=cmake -O--parallel
   dh_missing -O--buildsystem=cmake -O--parallel
   dh_strip -O--buildsystem=cmake -O--parallel
   dh_makeshlibs -O--buildsystem=cmake -O--parallel
   dh_shlibdeps -O--buildsystem=cmake -O--parallel
dpkg-shlibdeps: warning: package could avoid a useless dependency if debian/osm2pgsql/usr/bin/osm2pgsql was not linked against libdl.so.2 (it uses none of the library's symbols)
dpkg-shlibdeps: warning: package could avoid a useless dependency if debian/osm2pgsql/usr/bin/osm2pgsql was not linked against librt.so.1 (it uses none of the library's symbols)
dpkg-shlibdeps: warning: package could avoid a useless dependency if debian/osm2pgsql/usr/bin/osm2pgsql was not linked against libboost_filesystem.so.1.67.0 (it uses none of the library's symbols)
dpkg-shlibdeps: warning: package could avoid a useless dependency if debian/osm2pgsql/usr/bin/osm2pgsql was not linked against libboost_system.so.1.67.0 (it uses none of the library's symbols)
   dh_installdeb -O--buildsystem=cmake -O--parallel
   dh_gencontrol -O--buildsystem=cmake -O--parallel
   dh_md5sums -O--buildsystem=cmake -O--parallel
   dh_builddeb -O--buildsystem=cmake -O--parallel
dpkg-deb: building package 'osm2pgsql' in '../osm2pgsql_1.2.1+ds-1_amd64.deb'.
dpkg-deb: building package 'osm2pgsql-dbgsym' in '../osm2pgsql-dbgsym_1.2.1+ds-1_amd64.deb'.
 dpkg-genbuildinfo --build=binary
 dpkg-genchanges --build=binary >../osm2pgsql_1.2.1+ds-1_amd64.changes
dpkg-genchanges: info: binary-only upload (no source code included)
 dpkg-source --after-build .
dpkg-buildpackage: info: binary-only upload (no source included)
--------------------------------------------------------------------------------
Build finished at 2020-02-25T01:48:13Z

Finished
--------

I: Built successfully

+------------------------------------------------------------------------------+
| Changes                                                                      |
+------------------------------------------------------------------------------+


osm2pgsql_1.2.1+ds-1_amd64.changes:
-----------------------------------

Format: 1.8
Date: Sat, 30 Nov 2019 07:15:31 +0100
Source: osm2pgsql
Binary: osm2pgsql osm2pgsql-dbgsym
Architecture: amd64
Version: 1.2.1+ds-1
Distribution: unstable
Urgency: medium
Maintainer: Debian GIS Project <pkg-grass-devel@lists.alioth.debian.org>
Changed-By: Bas Couwenberg <sebastic@debian.org>
Description:
 osm2pgsql  - OpenStreetMap data to PostgreSQL converter
Changes:
 osm2pgsql (1.2.1+ds-1) unstable; urgency=medium
 .
   * New upstream release.
   * Bump minimum required libosmium2-dev to 2.15.4.
Checksums-Sha1:
 69de60b8c8282ed2c05224af79c6add2e9684586 4136036 osm2pgsql-dbgsym_1.2.1+ds-1_amd64.deb
 d5b1a76b8baace4c9587fccfaa729bd7fd38b5ac 7262 osm2pgsql_1.2.1+ds-1_amd64.buildinfo
 8093ac57e05c7f38fb6658821bfa25b93a83da57 374820 osm2pgsql_1.2.1+ds-1_amd64.deb
Checksums-Sha256:
 6de0e03598a3830d34eda580a4b269ebdb26cdff4a48750b518af06659c83f3a 4136036 osm2pgsql-dbgsym_1.2.1+ds-1_amd64.deb
 d98c4269810e0483b114a53a8a760ba2c55832dc9b6cec0cb52496237e01aace 7262 osm2pgsql_1.2.1+ds-1_amd64.buildinfo
 2460669f28b85df8b694555affdb1647d89be76423ace6d8493a2ad6fc9b1ae1 374820 osm2pgsql_1.2.1+ds-1_amd64.deb
Files:
 9ae2a7751a4d52fc6ced15eb29c3a82f 4136036 debug optional osm2pgsql-dbgsym_1.2.1+ds-1_amd64.deb
 f7f7ebf739fe01472b179213f60dddba 7262 utils optional osm2pgsql_1.2.1+ds-1_amd64.buildinfo
 932e939b318889361245f58c472c2045 374820 utils optional osm2pgsql_1.2.1+ds-1_amd64.deb

+------------------------------------------------------------------------------+
| Buildinfo                                                                    |
+------------------------------------------------------------------------------+

Format: 1.0
Source: osm2pgsql
Binary: osm2pgsql
Architecture: amd64
Version: 1.2.1+ds-1
Checksums-Md5:
 9ae2a7751a4d52fc6ced15eb29c3a82f 4136036 osm2pgsql-dbgsym_1.2.1+ds-1_amd64.deb
 932e939b318889361245f58c472c2045 374820 osm2pgsql_1.2.1+ds-1_amd64.deb
Checksums-Sha1:
 69de60b8c8282ed2c05224af79c6add2e9684586 4136036 osm2pgsql-dbgsym_1.2.1+ds-1_amd64.deb
 8093ac57e05c7f38fb6658821bfa25b93a83da57 374820 osm2pgsql_1.2.1+ds-1_amd64.deb
Checksums-Sha256:
 6de0e03598a3830d34eda580a4b269ebdb26cdff4a48750b518af06659c83f3a 4136036 osm2pgsql-dbgsym_1.2.1+ds-1_amd64.deb
 2460669f28b85df8b694555affdb1647d89be76423ace6d8493a2ad6fc9b1ae1 374820 osm2pgsql_1.2.1+ds-1_amd64.deb
Build-Origin: Debian
Build-Architecture: amd64
Build-Date: Tue, 25 Feb 2020 01:48:13 +0000
Build-Path: /<<PKGBUILDDIR>>
Installed-Build-Depends:
 autoconf (= 2.69-11.1),
 automake (= 1:1.16.1-4),
 autopoint (= 0.19.8.1-10),
 autotools-dev (= 20180224.1),
 base-files (= 11),
 base-passwd (= 3.5.47),
 bash (= 5.0-5),
 binutils (= 2.34-3),
 binutils-common (= 2.34-3),
 binutils-x86-64-linux-gnu (= 2.34-3),
 bsdmainutils (= 11.1.2+b1),
 bsdutils (= 1:2.34-0.1),
 build-essential (= 12.8),
 bzip2 (= 1.0.8-2),
 clang-10 (= 1:10.0.0~+rc2-1),
 cmake (= 3.16.3-1),
 cmake-data (= 3.16.3-1),
 coreutils (= 8.30-3+b1),
 cpp (= 4:9.2.1-3.1),
 cpp-9 (= 9.2.1-29),
 dash (= 0.5.10.2-6),
 debconf (= 1.5.73),
 debhelper (= 12.9),
 debianutils (= 4.9.1),
 dh-autoreconf (= 19),
 dh-strip-nondeterminism (= 1.6.3-2),
 diffutils (= 1:3.7-3),
 dpkg (= 1.19.7),
 dpkg-dev (= 1.19.7),
 dwz (= 0.13-5),
 fdisk (= 2.34-0.1),
 file (= 1:5.38-4),
 findutils (= 4.7.0-1),
 g++ (= 4:9.2.1-3.1),
 g++-9 (= 9.2.1-29),
 gcc (= 4:9.2.1-3.1),
 gcc-10-base (= 10-20200222-1),
 gcc-9 (= 9.2.1-29),
 gcc-9-base (= 9.2.1-29),
 gettext (= 0.19.8.1-10),
 gettext-base (= 0.19.8.1-10),
 grep (= 3.4-1),
 groff-base (= 1.22.4-4),
 gzip (= 1.9-3+b1),
 hostname (= 3.23),
 init-system-helpers (= 1.57),
 intltool-debian (= 0.35.0+20060710.5),
 lib32gcc-s1 (= 10-20200222-1),
 lib32gcc1 (= 1:10-20200222-1),
 lib32stdc++6 (= 10-20200222-1),
 libacl1 (= 2.2.53-5),
 libarchive-zip-perl (= 1.67-1),
 libarchive13 (= 3.4.0-1+b1),
 libasan5 (= 9.2.1-29),
 libatomic1 (= 10-20200222-1),
 libattr1 (= 1:2.4.48-5),
 libaudit-common (= 1:2.8.5-2),
 libaudit1 (= 1:2.8.5-2+b1),
 libbinutils (= 2.34-3),
 libblkid1 (= 2.34-0.1),
 libboost-dev (= 1.67.0.2+b1),
 libboost-filesystem-dev (= 1.67.0.2+b1),
 libboost-filesystem1.67-dev (= 1.67.0-17),
 libboost-filesystem1.67.0 (= 1.67.0-17),
 libboost-system-dev (= 1.67.0.2+b1),
 libboost-system1.67-dev (= 1.67.0-17),
 libboost-system1.67.0 (= 1.67.0-17),
 libboost1.67-dev (= 1.67.0-17),
 libbrotli1 (= 1.0.7-6),
 libbsd0 (= 0.10.0-1),
 libbz2-1.0 (= 1.0.8-2),
 libbz2-dev (= 1.0.8-2),
 libc-bin (= 2.29-10),
 libc-dev-bin (= 2.29-10),
 libc6 (= 2.29-10),
 libc6-dev (= 2.29-10),
 libc6-i386 (= 2.29-10),
 libcap-ng0 (= 0.7.9-2.1+b1),
 libcc1-0 (= 10-20200222-1),
 libclang-common-10-dev (= 1:10.0.0~+rc2-1),
 libclang-cpp10 (= 1:10.0.0~+rc2-1),
 libclang1-10 (= 1:10.0.0~+rc2-1),
 libcom-err2 (= 1.45.5-2),
 libcroco3 (= 0.6.13-1),
 libcrypt-dev (= 1:4.4.10-10),
 libcrypt1 (= 1:4.4.10-10),
 libctf-nobfd0 (= 2.34-3),
 libctf0 (= 2.34-3),
 libcurl4 (= 7.68.0-1),
 libdb5.3 (= 5.3.28+dfsg1-0.6),
 libdebconfclient0 (= 0.251),
 libdebhelper-perl (= 12.9),
 libdpkg-perl (= 1.19.7),
 libedit2 (= 3.1-20191231-1),
 libelf1 (= 0.176-1.1),
 libexpat1 (= 2.2.9-1),
 libexpat1-dev (= 2.2.9-1),
 libfdisk1 (= 2.34-0.1),
 libffi7 (= 3.3-3),
 libfile-stripnondeterminism-perl (= 1.6.3-2),
 libgc1c2 (= 1:7.6.4-0.4),
 libgcc-9-dev (= 9.2.1-29),
 libgcc-s1 (= 10-20200222-1),
 libgcc1 (= 1:10-20200222-1),
 libgcrypt20 (= 1.8.5-5),
 libgdbm-compat4 (= 1.18.1-5),
 libgdbm6 (= 1.18.1-5),
 libglib2.0-0 (= 2.62.4-2),
 libgmp10 (= 2:6.2.0+dfsg-4),
 libgnutls30 (= 3.6.12-2),
 libgomp1 (= 10-20200222-1),
 libgpg-error0 (= 1.37-1),
 libgssapi-krb5-2 (= 1.17-6),
 libhogweed5 (= 3.5.1+really3.5.1-2),
 libicu63 (= 63.2-2),
 libidn2-0 (= 2.2.0-2),
 libisl22 (= 0.22.1-1),
 libitm1 (= 10-20200222-1),
 libjsoncpp1 (= 1.7.4-3.1),
 libk5crypto3 (= 1.17-6),
 libkeyutils1 (= 1.6.1-2),
 libkrb5-3 (= 1.17-6),
 libkrb5support0 (= 1.17-6),
 libldap-2.4-2 (= 2.4.49+dfsg-1),
 libldap-common (= 2.4.49+dfsg-1),
 libllvm10 (= 1:10.0.0~+rc2-1),
 liblsan0 (= 10-20200222-1),
 liblua5.2-0 (= 5.2.4-1.1+b3),
 liblua5.2-dev (= 5.2.4-1.1+b3),
 liblz4-1 (= 1.9.2-2),
 liblzma5 (= 5.2.4-1+b1),
 libmagic-mgc (= 1:5.38-4),
 libmagic1 (= 1:5.38-4),
 libmount1 (= 2.34-0.1),
 libmpc3 (= 1.1.0-1),
 libmpdec2 (= 2.4.2-2),
 libmpfr6 (= 4.0.2-1),
 libncurses-dev (= 6.1+20191019-1),
 libncurses6 (= 6.1+20191019-1),
 libncursesw6 (= 6.1+20191019-1),
 libnettle7 (= 3.5.1+really3.5.1-2),
 libnghttp2-14 (= 1.40.0-1),
 libobjc-9-dev (= 9.2.1-29),
 libobjc4 (= 10-20200222-1),
 libosmium2-dev (= 2.15.4-1),
 libp11-kit0 (= 0.23.20-1),
 libpam-modules (= 1.3.1-5),
 libpam-modules-bin (= 1.3.1-5),
 libpam-runtime (= 1.3.1-5),
 libpam0g (= 1.3.1-5),
 libpcre2-8-0 (= 10.34-7),
 libpcre3 (= 2:8.39-12+b1),
 libperl5.30 (= 5.30.0-9),
 libpipeline1 (= 1.5.2-2),
 libpq-dev (= 12.2-1),
 libpq5 (= 12.2-1),
 libprocps8 (= 2:3.3.16-1+b1),
 libproj-dev (= 6.3.1-1),
 libproj15 (= 6.3.1-1),
 libprotozero-dev (= 1.6.8-1),
 libpsl5 (= 0.20.2-2),
 libpython3-stdlib (= 3.7.5-3),
 libpython3.7-minimal (= 3.7.6-1+b1),
 libpython3.7-stdlib (= 3.7.6-1+b1),
 libquadmath0 (= 10-20200222-1),
 libreadline-dev (= 8.0-3),
 libreadline8 (= 8.0-3),
 librhash0 (= 1.3.9-1),
 librtmp1 (= 2.4+20151223.gitfa8646d.1-2+b1),
 libsasl2-2 (= 2.1.27+dfsg-2),
 libsasl2-modules-db (= 2.1.27+dfsg-2),
 libseccomp2 (= 2.4.2-2),
 libselinux1 (= 3.0-1+b1),
 libsigsegv2 (= 2.12-2),
 libsmartcols1 (= 2.34-0.1),
 libsqlite3-0 (= 3.31.1-3),
 libsqlite3-dev (= 3.31.1-3),
 libssh2-1 (= 1.8.0-2.1),
 libssl1.1 (= 1.1.1d-2),
 libstdc++-9-dev (= 9.2.1-29),
 libstdc++6 (= 10-20200222-1),
 libsub-override-perl (= 0.09-2),
 libsystemd0 (= 244.3-1),
 libtasn1-6 (= 4.16.0-2),
 libtinfo6 (= 6.1+20191019-1),
 libtool (= 2.4.6-13),
 libtsan0 (= 10-20200222-1),
 libubsan1 (= 10-20200222-1),
 libuchardet0 (= 0.0.6-3),
 libudev1 (= 244.3-1),
 libunistring2 (= 0.9.10-2),
 libuuid1 (= 2.34-0.1),
 libuv1 (= 1.34.2-1),
 libxml2 (= 2.9.10+dfsg-3),
 libz3-4 (= 4.8.7-4),
 libzstd1 (= 1.4.4+dfsg-3),
 linux-libc-dev (= 5.4.19-1),
 login (= 1:4.8.1-1),
 lsb-base (= 11.1.0),
 lua5.2 (= 5.2.4-1.1+b3),
 m4 (= 1.4.18-4),
 make (= 4.2.1-1.2),
 man-db (= 2.9.0-2),
 mawk (= 1.3.4.20200120-2),
 mime-support (= 3.64),
 ncurses-base (= 6.1+20191019-1),
 ncurses-bin (= 6.1+20191019-1),
 patch (= 2.7.6-6),
 perl (= 5.30.0-9),
 perl-base (= 5.30.0-9),
 perl-modules-5.30 (= 5.30.0-9),
 po-debconf (= 1.0.21),
 procps (= 2:3.3.16-1+b1),
 proj-data (= 6.3.1-1),
 python3 (= 3.7.5-3),
 python3-minimal (= 3.7.5-3),
 python3-psycopg2 (= 2.8.4-1),
 python3.7 (= 3.7.6-1+b1),
 python3.7-minimal (= 3.7.6-1+b1),
 readline-common (= 8.0-3),
 sed (= 4.7-1),
 sensible-utils (= 0.0.12+nmu1),
 sysvinit-utils (= 2.96-2.1),
 tar (= 1.30+dfsg-6+b1),
 util-linux (= 2.34-0.1),
 xz-utils (= 5.2.4-1+b1),
 zlib1g (= 1:1.2.11.dfsg-1.2),
 zlib1g-dev (= 1:1.2.11.dfsg-1.2)
Environment:
 DEB_BUILD_OPTIONS="parallel=4"
 LANG="C.UTF-8"
 LC_ALL="C.UTF-8"
 SOURCE_DATE_EPOCH="1575094531"


+------------------------------------------------------------------------------+
| Package contents                                                             |
+------------------------------------------------------------------------------+


osm2pgsql-dbgsym_1.2.1+ds-1_amd64.deb
-------------------------------------

 new Debian package, version 2.0.
 size 4136036 bytes: control archive=540 bytes.
     373 bytes,    12 lines      control              
     106 bytes,     1 lines      md5sums              
 Package: osm2pgsql-dbgsym
 Source: osm2pgsql
 Version: 1.2.1+ds-1
 Auto-Built-Package: debug-symbols
 Architecture: amd64
 Maintainer: Debian GIS Project <pkg-grass-devel@lists.alioth.debian.org>
 Installed-Size: 4345
 Depends: osm2pgsql (= 1.2.1+ds-1)
 Section: debug
 Priority: optional
 Description: debug symbols for osm2pgsql
 Build-Ids: 3eacb5a6fe35939467356c03a711dc2b63fabd4c

drwxr-xr-x root/root         0 2019-11-30 06:15 ./
drwxr-xr-x root/root         0 2019-11-30 06:15 ./usr/
drwxr-xr-x root/root         0 2019-11-30 06:15 ./usr/lib/
drwxr-xr-x root/root         0 2019-11-30 06:15 ./usr/lib/debug/
drwxr-xr-x root/root         0 2019-11-30 06:15 ./usr/lib/debug/.build-id/
drwxr-xr-x root/root         0 2019-11-30 06:15 ./usr/lib/debug/.build-id/3e/
-rw-r--r-- root/root   4439032 2019-11-30 06:15 ./usr/lib/debug/.build-id/3e/acb5a6fe35939467356c03a711dc2b63fabd4c.debug
drwxr-xr-x root/root         0 2019-11-30 06:15 ./usr/share/
drwxr-xr-x root/root         0 2019-11-30 06:15 ./usr/share/doc/
lrwxrwxrwx root/root         0 2019-11-30 06:15 ./usr/share/doc/osm2pgsql-dbgsym -> osm2pgsql


osm2pgsql_1.2.1+ds-1_amd64.deb
------------------------------

 new Debian package, version 2.0.
 size 374820 bytes: control archive=1328 bytes.
     751 bytes,    15 lines      control              
    1423 bytes,    20 lines      md5sums              
 Package: osm2pgsql
 Version: 1.2.1+ds-1
 Architecture: amd64
 Maintainer: Debian GIS Project <pkg-grass-devel@lists.alioth.debian.org>
 Installed-Size: 1231
 Depends: libboost-filesystem1.67.0, libboost-system1.67.0, libbz2-1.0, libc6 (>= 2.29), libexpat1 (>= 2.0.1), libgcc-s1 (>= 3.0), liblua5.2-0, libpq5, libproj15 (>= 4.8.0), libstdc++6 (>= 9), zlib1g (>= 1:1.2.6)
 Recommends: postgis
 Section: utils
 Priority: optional
 Homepage: https://wiki.openstreetmap.org/wiki/Osm2pgsql
 Description: OpenStreetMap data to PostgreSQL converter
  Convert OSM planet snapshot data to SQL suitable for loading
  into a PostgreSQL database with PostGIS geospatial extensions. This
  database may then be used to render maps with Mapnik or for other
  geospatial analysis.

drwxr-xr-x root/root         0 2019-11-30 06:15 ./
drwxr-xr-x root/root         0 2019-11-30 06:15 ./usr/
drwxr-xr-x root/root         0 2019-11-30 06:15 ./usr/bin/
-rwxr-xr-x root/root   1136792 2019-11-30 06:15 ./usr/bin/osm2pgsql
drwxr-xr-x root/root         0 2019-11-30 06:15 ./usr/share/
drwxr-xr-x root/root         0 2019-11-30 06:15 ./usr/share/doc/
drwxr-xr-x root/root         0 2019-11-30 06:15 ./usr/share/doc/osm2pgsql/
-rw-r--r-- root/root       216 2019-11-29 18:27 ./usr/share/doc/osm2pgsql/AUTHORS
-rw-r--r-- root/root      2168 2019-11-29 18:27 ./usr/share/doc/osm2pgsql/CONTRIBUTING.md.gz
-rw-r--r-- root/root      3152 2019-11-29 18:27 ./usr/share/doc/osm2pgsql/README.md.gz
-rw-r--r-- root/root      3316 2019-11-29 18:27 ./usr/share/doc/osm2pgsql/analysis.md
-rw-r--r-- root/root      5320 2019-11-30 06:15 ./usr/share/doc/osm2pgsql/changelog.Debian.gz
-rw-r--r-- root/root     19166 2019-11-29 18:27 ./usr/share/doc/osm2pgsql/changelog.gz
-rw-r--r-- root/root     29192 2019-08-19 03:58 ./usr/share/doc/osm2pgsql/copyright
drwxr-xr-x root/root         0 2019-11-30 06:15 ./usr/share/doc/osm2pgsql/examples/
-rwxr-xr-x root/root      2956 2019-11-29 18:27 ./usr/share/doc/osm2pgsql/examples/install-postgis-osm-db.sh
-rwxr-xr-x root/root      1283 2019-11-29 18:27 ./usr/share/doc/osm2pgsql/examples/install-postgis-osm-user.sh
-rw-r--r-- root/root       599 2019-11-29 18:27 ./usr/share/doc/osm2pgsql/export.md
-rw-r--r-- root/root       231 2019-11-29 18:27 ./usr/share/doc/osm2pgsql/gazetteer.md
-rw-r--r-- root/root      3510 2019-11-29 18:27 ./usr/share/doc/osm2pgsql/lua.md
-rw-r--r-- root/root      2159 2019-11-29 18:27 ./usr/share/doc/osm2pgsql/migrations.md
-rw-r--r-- root/root      3362 2019-11-29 18:27 ./usr/share/doc/osm2pgsql/multi.md
-rw-r--r-- root/root      2451 2019-11-29 18:27 ./usr/share/doc/osm2pgsql/pgsql.md
-rw-r--r-- root/root      2930 2019-11-29 18:27 ./usr/share/doc/osm2pgsql/usage.md.gz
drwxr-xr-x root/root         0 2019-11-30 06:15 ./usr/share/man/
drwxr-xr-x root/root         0 2019-11-30 06:15 ./usr/share/man/man1/
-rw-r--r-- root/root      4453 2019-11-30 06:15 ./usr/share/man/man1/osm2pgsql.1.gz
drwxr-xr-x root/root         0 2019-11-30 06:15 ./usr/share/osm2pgsql/
-rw-r--r-- root/root      9072 2019-11-29 18:27 ./usr/share/osm2pgsql/default.style
-rw-r--r-- root/root      4570 2019-11-29 18:27 ./usr/share/osm2pgsql/empty.style


+------------------------------------------------------------------------------+
| Post Build                                                                   |
+------------------------------------------------------------------------------+


+------------------------------------------------------------------------------+
| Cleanup                                                                      |
+------------------------------------------------------------------------------+

Purging /<<BUILDDIR>>
Not cleaning session: cloned chroot in use

+------------------------------------------------------------------------------+
| Summary                                                                      |
+------------------------------------------------------------------------------+

Build Architecture: amd64
Build Type: binary
Build-Space: 116148
Build-Time: 59
Distribution: unstable
Host Architecture: amd64
Install-Time: 16
Job: osm2pgsql_1.2.1+ds-1
Machine Architecture: amd64
Package: osm2pgsql
Package-Time: 94
Source-Version: 1.2.1+ds-1
Space: 116148
Status: successful
Version: 1.2.1+ds-1
--------------------------------------------------------------------------------
Finished at 2020-02-25T01:48:13Z
Build needed 00:01:34, 116148k disk space
DC-Status: OK 96.3758461s
