DC-Build-Header: cmocka 0.4.1-2 / 2014-06-17 15:16:51 +0000
DC-Task: source:cmocka version:0.4.1-2 architecture:any chroot:unstable esttime:143 logfile:/tmp/cmocka_0.4.1-2_unstable_clang.log modes:binary-only:parallel:clang
DC-Sbuild-call: su user -c 'sbuild -n --apt-update -d unstable -v  --chroot-setup-commands=/tmp/switch-to-clang --append-to-version "clang1" --maintainer "Lucas Nussbaum <lucas@debian.org>" --uploader "Lucas Nussbaum <lucas@debian.org>" cmocka_0.4.1-2'
sbuild (Debian sbuild) 0.63.2 (18 Aug 2012) on ip-172-31-15-75.us-west-2.compute.internal

╔══════════════════════════════════════════════════════════════════════════════╗
║ cmocka 0.4.1-2clang1 (amd64)                               17 Jun 2014 15:16 ║
╚══════════════════════════════════════════════════════════════════════════════╝

Package: cmocka
Version: 0.4.1-2clang1
Source Version: 0.4.1-2
Distribution: unstable
Machine Architecture: amd64
Host Architecture: amd64
Build Architecture: amd64

I: NOTICE: Log filtering will replace 'build/cmocka-O9h2ud/cmocka-0.4.1' with '«PKGBUILDDIR»'
I: NOTICE: Log filtering will replace 'build/cmocka-O9h2ud' with '«BUILDDIR»'
I: NOTICE: Log filtering will replace 'var/lib/schroot/mount/unstable-amd64-sbuild-da555fcb-bebb-4599-8918-42acfaf78d5d' with '«CHROOT»'

┌──────────────────────────────────────────────────────────────────────────────┐
│ Update chroot                                                                │
└──────────────────────────────────────────────────────────────────────────────┘

Get:1 http://localhost:9999 unstable InRelease [206 kB]
Get:2 http://localhost:9999 unstable/main Sources/DiffIndex [7876 B]
Get:3 http://localhost:9999 unstable/main amd64 Packages/DiffIndex [7876 B]
Get:4 http://localhost:9999 unstable/main Translation-en/DiffIndex [7876 B]
Get:5 http://localhost:9999 unstable/main 2014-06-16-2054.31.pdiff [15.4 kB]
Get:6 http://localhost:9999 unstable/main 2014-06-17-0253.05.pdiff [7983 B]
Get:7 http://localhost:9999 unstable/main 2014-06-17-0856.27.pdiff [7757 B]
Get:8 http://localhost:9999 unstable/main amd64 2014-06-16-2054.31.pdiff [20.7 kB]
Get:9 http://localhost:9999 unstable/main amd64 2014-06-17-0253.05.pdiff [38.6 kB]
Get:10 http://localhost:9999 unstable/main 2014-06-17-0856.27.pdiff [7757 B]
Get:11 http://localhost:9999 unstable/main amd64 2014-06-17-0856.27.pdiff [9018 B]
Get:12 http://localhost:9999 unstable/main 2014-06-16-2054.31.pdiff [699 B]
Get:13 http://localhost:9999 unstable/main 2014-06-17-0856.27.pdiff [442 B]
Get:14 http://localhost:9999 unstable/main amd64 2014-06-17-0856.27.pdiff [9018 B]
Get:15 http://localhost:9999 unstable/main 2014-06-17-0856.27.pdiff [442 B]
Fetched 330 kB in 4s (68.3 kB/s)
Reading package lists...
Reading package lists...
Building dependency tree...
Reading state information...
The following packages will be upgraded:
  libc-bin libc-dev-bin libc6 libc6-dev linux-libc-dev multiarch-support
6 upgraded, 0 newly installed, 0 to remove and 0 not upgraded.
Need to get 9447 kB of archives.
After this operation, 10.2 kB of additional disk space will be used.
Get:1 http://localhost:9999/debian/ unstable/main libc6-dev amd64 2.19-2 [2000 kB]
Get:2 http://localhost:9999/debian/ unstable/main libc-dev-bin amd64 2.19-2 [235 kB]
Get:3 http://localhost:9999/debian/ unstable/main linux-libc-dev amd64 3.14.7-1 [937 kB]
Get:4 http://localhost:9999/debian/ unstable/main libc-bin amd64 2.19-2 [1288 kB]
Get:5 http://localhost:9999/debian/ unstable/main libc6 amd64 2.19-2 [4816 kB]
Get:6 http://localhost:9999/debian/ unstable/main multiarch-support amd64 2.19-2 [171 kB]
debconf: delaying package configuration, since apt-utils is not installed
Fetched 9447 kB in 0s (34.3 MB/s)
(Reading database ... 14215 files and directories currently installed.)
Preparing to unpack .../libc6-dev_2.19-2_amd64.deb ...
Unpacking libc6-dev:amd64 (2.19-2) over (2.19-1) ...
Preparing to unpack .../libc-dev-bin_2.19-2_amd64.deb ...
Unpacking libc-dev-bin (2.19-2) over (2.19-1) ...
Preparing to unpack .../linux-libc-dev_3.14.7-1_amd64.deb ...
Unpacking linux-libc-dev:amd64 (3.14.7-1) over (3.14.5-1) ...
Preparing to unpack .../libc-bin_2.19-2_amd64.deb ...
Unpacking libc-bin (2.19-2) over (2.19-1) ...
Preparing to unpack .../libc6_2.19-2_amd64.deb ...
Unpacking libc6:amd64 (2.19-2) over (2.19-1) ...
Setting up libc6:amd64 (2.19-2) ...
Setting up libc-bin (2.19-2) ...
(Reading database ... 14216 files and directories currently installed.)
Preparing to unpack .../multiarch-support_2.19-2_amd64.deb ...
Unpacking multiarch-support (2.19-2) over (2.19-1) ...
Setting up multiarch-support (2.19-2) ...
Setting up libc-dev-bin (2.19-2) ...
Setting up linux-libc-dev:amd64 (3.14.7-1) ...
Setting up libc6-dev:amd64 (2.19-2) ...

┌──────────────────────────────────────────────────────────────────────────────┐
│ Fetch source files                                                           │
└──────────────────────────────────────────────────────────────────────────────┘


Check APT
─────────

Checking available source versions...

Download source files with APT
──────────────────────────────

Reading package lists...
Building dependency tree...
Reading state information...
NOTICE: 'cmocka' packaging is maintained in the 'Git' version control system at:
git://anonscm.debian.org/collab-maint/cmocka.git
Need to get 77.1 kB of source archives.
Get:1 http://localhost:9999/debian/ unstable/main cmocka 0.4.1-2 (dsc) [1988 B]
Get:2 http://localhost:9999/debian/ unstable/main cmocka 0.4.1-2 (tar) [68.7 kB]
Get:3 http://localhost:9999/debian/ unstable/main cmocka 0.4.1-2 (diff) [6412 B]
Fetched 77.1 kB in 1s (71.4 kB/s)
Download complete and in download only mode

Check arch
──────────


┌──────────────────────────────────────────────────────────────────────────────┐
│ Chroot Setup Commands                                                        │
└──────────────────────────────────────────────────────────────────────────────┘


/tmp/switch-to-clang
────────────────────

+ echo 'Entering customization script...'
Entering customization script...
+ echo 'Install of clang-3.4'
Install of clang-3.4
+ apt-get update
Hit http://localhost:9999 unstable InRelease
Hit http://localhost:9999 unstable/main Sources/DiffIndex
Hit http://localhost:9999 unstable/main amd64 Packages/DiffIndex
Hit http://localhost:9999 unstable/main Translation-en/DiffIndex
Reading package lists...
+ apt-get install --yes --no-install-recommends --force-yes clang-3.4
Reading package lists...
Building dependency tree...
Reading state information...
The following extra packages will be installed:
  libclang-common-3.4-dev libclang1-3.4 libffi6 libllvm3.4 libobjc-4.9-dev
  libobjc4
Suggested packages:
  gnustep gnustep-devel
Recommended packages:
  llvm-3.4-dev python
The following NEW packages will be installed:
  clang-3.4 libclang-common-3.4-dev libclang1-3.4 libffi6 libllvm3.4
  libobjc-4.9-dev libobjc4
0 upgraded, 7 newly installed, 0 to remove and 0 not upgraded.
Need to get 30.6 MB of archives.
After this operation, 118 MB of additional disk space will be used.
Get:1 http://localhost:9999/debian/ unstable/main libffi6 amd64 3.1-2 [19.8 kB]
Get:2 http://localhost:9999/debian/ unstable/main libllvm3.4 amd64 1:3.4.2-2 [6721 kB]
Get:3 http://localhost:9999/debian/ unstable/main libobjc4 amd64 4.9.0-6 [112 kB]
Get:4 http://localhost:9999/debian/ unstable/main libobjc-4.9-dev amd64 4.9.0-6 [372 kB]
Get:5 http://localhost:9999/debian/ unstable/main libclang1-3.4 amd64 1:3.4.2-2 [3619 kB]
Get:6 http://localhost:9999/debian/ unstable/main libclang-common-3.4-dev amd64 1:3.4.2-2 [543 kB]
Get:7 http://localhost:9999/debian/ unstable/main clang-3.4 amd64 1:3.4.2-2 [19.2 MB]
debconf: delaying package configuration, since apt-utils is not installed
Fetched 30.6 MB in 0s (38.4 MB/s)
Selecting previously unselected package libffi6:amd64.
(Reading database ... 14216 files and directories currently installed.)
Preparing to unpack .../libffi6_3.1-2_amd64.deb ...
Unpacking libffi6:amd64 (3.1-2) ...
Selecting previously unselected package libllvm3.4:amd64.
Preparing to unpack .../libllvm3.4_1%3a3.4.2-2_amd64.deb ...
Unpacking libllvm3.4:amd64 (1:3.4.2-2) ...
Selecting previously unselected package libobjc4:amd64.
Preparing to unpack .../libobjc4_4.9.0-6_amd64.deb ...
Unpacking libobjc4:amd64 (4.9.0-6) ...
Selecting previously unselected package libobjc-4.9-dev:amd64.
Preparing to unpack .../libobjc-4.9-dev_4.9.0-6_amd64.deb ...
Unpacking libobjc-4.9-dev:amd64 (4.9.0-6) ...
Selecting previously unselected package libclang1-3.4:amd64.
Preparing to unpack .../libclang1-3.4_1%3a3.4.2-2_amd64.deb ...
Unpacking libclang1-3.4:amd64 (1:3.4.2-2) ...
Selecting previously unselected package libclang-common-3.4-dev.
Preparing to unpack .../libclang-common-3.4-dev_1%3a3.4.2-2_amd64.deb ...
Unpacking libclang-common-3.4-dev (1:3.4.2-2) ...
Selecting previously unselected package clang-3.4.
Preparing to unpack .../clang-3.4_1%3a3.4.2-2_amd64.deb ...
Unpacking clang-3.4 (1:3.4.2-2) ...
Setting up libffi6:amd64 (3.1-2) ...
Setting up libllvm3.4:amd64 (1:3.4.2-2) ...
Setting up libobjc4:amd64 (4.9.0-6) ...
Setting up libobjc-4.9-dev:amd64 (4.9.0-6) ...
Setting up libclang1-3.4:amd64 (1:3.4.2-2) ...
Setting up libclang-common-3.4-dev (1:3.4.2-2) ...
Setting up clang-3.4 (1:3.4.2-2) ...
Processing triggers for libc-bin (2.19-2) ...
+ echo 'Replace gcc, g++ & cpp by clang'
Replace gcc, g++ & cpp by clang
+ VERSIONS='4.6 4.7 4.8 4.9'
+ cd /usr/bin
+ for VERSION in '$VERSIONS'
+ rm -f g++-4.6 gcc-4.6 cpp-4.6
+ ln -s clang++ g++-4.6
+ ln -s clang gcc-4.6
+ ln -s clang cpp-4.6
+ echo 'gcc-4.6 hold'
+ dpkg --set-selections
+ echo 'g++-4.6 hold'
+ dpkg --set-selections
+ for VERSION in '$VERSIONS'
+ rm -f g++-4.7 gcc-4.7 cpp-4.7
+ ln -s clang++ g++-4.7
+ ln -s clang gcc-4.7
+ ln -s clang cpp-4.7
+ echo 'gcc-4.7 hold'
+ dpkg --set-selections
+ echo 'g++-4.7 hold'
+ dpkg --set-selections
+ for VERSION in '$VERSIONS'
+ rm -f g++-4.8 gcc-4.8 cpp-4.8
+ ln -s clang++ g++-4.8
+ ln -s clang gcc-4.8
+ ln -s clang cpp-4.8
+ echo 'gcc-4.8 hold'
+ dpkg --set-selections
dpkg: warning: package not in database at line 1: gcc-4.8
dpkg: warning: found unknown packages; this might mean the available database
is outdated, and needs to be updated through a frontend method
+ echo 'g++-4.8 hold'
+ dpkg --set-selections
dpkg: warning: package not in database at line 1: g++-4.8
dpkg: warning: found unknown packages; this might mean the available database
is outdated, and needs to be updated through a frontend method
+ for VERSION in '$VERSIONS'
+ rm -f g++-4.9 gcc-4.9 cpp-4.9
+ ln -s clang++ g++-4.9
+ ln -s clang gcc-4.9
+ ln -s clang cpp-4.9
+ echo 'gcc-4.9 hold'
+ dpkg --set-selections
+ echo 'g++-4.9 hold'
+ dpkg --set-selections
+ cd -
/«BUILDDIR»
+ echo 'Check if gcc, g++ & cpp are actually clang'
Check if gcc, g++ & cpp are actually clang
+ gcc --version
+ grep clang
+ cpp --version
+ grep clang
+ g++ --version
+ grep clang

I: Finished running '/tmp/switch-to-clang'.

Finished processing commands.
────────────────────────────────────────────────────────────────────────────────
Merged Build-Depends: build-essential, fakeroot
Filtered Build-Depends: build-essential, fakeroot
dpkg-deb: building package `sbuild-build-depends-core-dummy' in `/«BUILDDIR»/resolver-H5XLdN/apt_archive/sbuild-build-depends-core-dummy.deb'.
OK
Reading package lists...

┌──────────────────────────────────────────────────────────────────────────────┐
│ Install core build dependencies (apt-based resolver)                         │
└──────────────────────────────────────────────────────────────────────────────┘

Installing build dependencies
Reading package lists...
Building dependency tree...
Reading state information...
The following NEW packages will be installed:
  sbuild-build-depends-core-dummy
debconf: delaying package configuration, since apt-utils is not installed
0 upgraded, 1 newly installed, 0 to remove and 0 not upgraded.
Need to get 0 B/816 B of archives.
After this operation, 0 B of additional disk space will be used.
Selecting previously unselected package sbuild-build-depends-core-dummy.
(Reading database ... 14431 files and directories currently installed.)
Preparing to unpack .../sbuild-build-depends-core-dummy.deb ...
Unpacking sbuild-build-depends-core-dummy (0.invalid.0) ...
Setting up sbuild-build-depends-core-dummy (0.invalid.0) ...
Merged Build-Depends: base-files, base-passwd, bash, bsdutils, coreutils, dash, debianutils, diffutils, dpkg, e2fsprogs, findutils, grep, gzip, hostname, libc-bin, login, mount, ncurses-base, ncurses-bin, perl-base, sed, sysvinit, sysvinit-utils, tar, util-linux, libc6-dev | libc-dev, gcc (>= 4:4.4.3), g++ (>= 4:4.4.3), make, dpkg-dev (>= 1.13.5), cmake, debhelper (>= 9)
Filtered Build-Depends: base-files, base-passwd, bash, bsdutils, coreutils, dash, debianutils, diffutils, dpkg, e2fsprogs, findutils, grep, gzip, hostname, libc-bin, login, mount, ncurses-base, ncurses-bin, perl-base, sed, sysvinit, sysvinit-utils, tar, util-linux, libc6-dev, gcc (>= 4:4.4.3), g++ (>= 4:4.4.3), make, dpkg-dev (>= 1.13.5), cmake, debhelper (>= 9)
dpkg-deb: building package `sbuild-build-depends-cmocka-dummy' in `/«BUILDDIR»/resolver-H8c1wO/apt_archive/sbuild-build-depends-cmocka-dummy.deb'.
OK
Reading package lists...

┌──────────────────────────────────────────────────────────────────────────────┐
│ Install cmocka build dependencies (apt-based resolver)                       │
└──────────────────────────────────────────────────────────────────────────────┘

Installing build dependencies
Reading package lists...
Building dependency tree...
Reading state information...
The following extra packages will be installed:
  bsdmainutils cmake cmake-data debhelper file gettext gettext-base groff-base
  intltool-debian libarchive13 libasprintf0c2 libcroco3 libcurl3 libexpat1
  libgcrypt11 libgcrypt20 libglib2.0-0 libgnutls26 libgpg-error0
  libgssapi-krb5-2 libidn11 libk5crypto3 libkeyutils1 libkrb5-3
  libkrb5support0 libldap-2.4-2 liblzo2-2 libmagic1 libncursesw5 libnettle4
  libp11-kit0 libpipeline1 libprocps3 libsasl2-2 libsasl2-modules-db libssh2-1
  libssl1.0.0 libtasn1-6 libunistring0 libxml2 man-db po-debconf procps
Suggested packages:
  wamerican wordlist whois vacation codeblocks eclipse dh-make gettext-doc
  groff lrzip rng-tools krb5-doc krb5-user less www-browser libmail-box-perl
Recommended packages:
  curl wget lynx-cur autopoint libasprintf-dev libgettextpo-dev
  ca-certificates libglib2.0-data shared-mime-info krb5-locales
  libsasl2-modules xml-core libmail-sendmail-perl psmisc
The following NEW packages will be installed:
  bsdmainutils cmake cmake-data debhelper file gettext gettext-base groff-base
  intltool-debian libarchive13 libasprintf0c2 libcroco3 libcurl3 libexpat1
  libgcrypt11 libgcrypt20 libglib2.0-0 libgnutls26 libgpg-error0
  libgssapi-krb5-2 libidn11 libk5crypto3 libkeyutils1 libkrb5-3
  libkrb5support0 libldap-2.4-2 liblzo2-2 libmagic1 libncursesw5 libnettle4
  libp11-kit0 libpipeline1 libprocps3 libsasl2-2 libsasl2-modules-db libssh2-1
  libssl1.0.0 libtasn1-6 libunistring0 libxml2 man-db po-debconf procps
  sbuild-build-depends-cmocka-dummy
0 upgraded, 44 newly installed, 0 to remove and 0 not upgraded.
Need to get 17.4 MB/17.4 MB of archives.
After this operation, 56.8 MB of additional disk space will be used.
Get:1 http://localhost:9999/debian/ unstable/main libncursesw5 amd64 5.9+20140118-1 [120 kB]
Get:2 http://localhost:9999/debian/ unstable/main libpipeline1 amd64 1.3.0-1 [25.8 kB]
Get:3 http://localhost:9999/debian/ unstable/main libprocps3 amd64 1:3.3.9-5 [55.6 kB]
Get:4 http://localhost:9999/debian/ unstable/main libssl1.0.0 amd64 1.0.1h-3 [1011 kB]
Get:5 http://localhost:9999/debian/ unstable/main groff-base amd64 1.22.2-5 [1043 kB]
Get:6 http://localhost:9999/debian/ unstable/main bsdmainutils amd64 9.0.5 [211 kB]
Get:7 http://localhost:9999/debian/ unstable/main man-db amd64 2.6.7.1-1 [990 kB]
Get:8 http://localhost:9999/debian/ unstable/main libasprintf0c2 amd64 0.18.3.2-2 [29.4 kB]
Get:9 http://localhost:9999/debian/ unstable/main libgpg-error0 amd64 1.12-0.2 [56.5 kB]
Get:10 http://localhost:9999/debian/ unstable/main libgcrypt11 amd64 1.5.3-4 [250 kB]
Get:11 http://localhost:9999/debian/ unstable/main libgcrypt20 amd64 1.6.1-2 [381 kB]
Get:12 http://localhost:9999/debian/ unstable/main libp11-kit0 amd64 0.20.2-5 [81.1 kB]
Get:13 http://localhost:9999/debian/ unstable/main libtasn1-6 amd64 3.6-3 [50.2 kB]
Get:14 http://localhost:9999/debian/ unstable/main libgnutls26 amd64 2.12.23-16 [530 kB]
Get:15 http://localhost:9999/debian/ unstable/main libkeyutils1 amd64 1.5.9-4 [11.6 kB]
Get:16 http://localhost:9999/debian/ unstable/main libkrb5support0 amd64 1.12.1+dfsg-3 [56.9 kB]
Get:17 http://localhost:9999/debian/ unstable/main libk5crypto3 amd64 1.12.1+dfsg-3 [111 kB]
Get:18 http://localhost:9999/debian/ unstable/main libkrb5-3 amd64 1.12.1+dfsg-3 [297 kB]
Get:19 http://localhost:9999/debian/ unstable/main libgssapi-krb5-2 amd64 1.12.1+dfsg-3 [147 kB]
Get:20 http://localhost:9999/debian/ unstable/main libidn11 amd64 1.28-2 [158 kB]
Get:21 http://localhost:9999/debian/ unstable/main libsasl2-modules-db amd64 2.1.26.dfsg1-9 [66.4 kB]
Get:22 http://localhost:9999/debian/ unstable/main libsasl2-2 amd64 2.1.26.dfsg1-9 [103 kB]
Get:23 http://localhost:9999/debian/ unstable/main libldap-2.4-2 amd64 2.4.39-1 [212 kB]
Get:24 http://localhost:9999/debian/ unstable/main libmagic1 amd64 1:5.19-1 [237 kB]
Get:25 http://localhost:9999/debian/ unstable/main libxml2 amd64 2.9.1+dfsg1-3 [791 kB]
Get:26 http://localhost:9999/debian/ unstable/main liblzo2-2 amd64 2.06-1.2 [51.2 kB]
Get:27 http://localhost:9999/debian/ unstable/main libnettle4 amd64 2.7.1-2+b1 [172 kB]
Get:28 http://localhost:9999/debian/ unstable/main libarchive13 amd64 3.1.2-8 [265 kB]
Get:29 http://localhost:9999/debian/ unstable/main libglib2.0-0 amd64 2.40.0-3 [2405 kB]
Get:30 http://localhost:9999/debian/ unstable/main libcroco3 amd64 0.6.8-2 [133 kB]
Get:31 http://localhost:9999/debian/ unstable/main libssh2-1 amd64 1.4.3-3 [125 kB]
Get:32 http://localhost:9999/debian/ unstable/main libcurl3 amd64 7.37.0-1+b1 [252 kB]
Get:33 http://localhost:9999/debian/ unstable/main libexpat1 amd64 2.1.0-6 [80.6 kB]
Get:34 http://localhost:9999/debian/ unstable/main libunistring0 amd64 0.9.3-5 [434 kB]
Get:35 http://localhost:9999/debian/ unstable/main procps amd64 1:3.3.9-5 [233 kB]
Get:36 http://localhost:9999/debian/ unstable/main file amd64 1:5.19-1 [58.0 kB]
Get:37 http://localhost:9999/debian/ unstable/main gettext-base amd64 0.18.3.2-2 [116 kB]
Get:38 http://localhost:9999/debian/ unstable/main cmake-data all 2.8.12.1-1.4 [1286 kB]
Get:39 http://localhost:9999/debian/ unstable/main cmake amd64 2.8.12.1-1.4 [2612 kB]
Get:40 http://localhost:9999/debian/ unstable/main gettext amd64 0.18.3.2-2 [1202 kB]
Get:41 http://localhost:9999/debian/ unstable/main intltool-debian all 0.35.0+20060710.1 [30.8 kB]
Get:42 http://localhost:9999/debian/ unstable/main po-debconf all 1.0.16+nmu2 [224 kB]
Get:43 http://localhost:9999/debian/ unstable/main debhelper all 9.20140613 [692 kB]
debconf: delaying package configuration, since apt-utils is not installed
Fetched 17.4 MB in 0s (27.6 MB/s)
Selecting previously unselected package libncursesw5:amd64.
(Reading database ... 14431 files and directories currently installed.)
Preparing to unpack .../libncursesw5_5.9+20140118-1_amd64.deb ...
Unpacking libncursesw5:amd64 (5.9+20140118-1) ...
Selecting previously unselected package libpipeline1:amd64.
Preparing to unpack .../libpipeline1_1.3.0-1_amd64.deb ...
Unpacking libpipeline1:amd64 (1.3.0-1) ...
Selecting previously unselected package libprocps3:amd64.
Preparing to unpack .../libprocps3_1%3a3.3.9-5_amd64.deb ...
Unpacking libprocps3:amd64 (1:3.3.9-5) ...
Selecting previously unselected package libssl1.0.0:amd64.
Preparing to unpack .../libssl1.0.0_1.0.1h-3_amd64.deb ...
Unpacking libssl1.0.0:amd64 (1.0.1h-3) ...
Selecting previously unselected package groff-base.
Preparing to unpack .../groff-base_1.22.2-5_amd64.deb ...
Unpacking groff-base (1.22.2-5) ...
Selecting previously unselected package bsdmainutils.
Preparing to unpack .../bsdmainutils_9.0.5_amd64.deb ...
Unpacking bsdmainutils (9.0.5) ...
Selecting previously unselected package man-db.
Preparing to unpack .../man-db_2.6.7.1-1_amd64.deb ...
Unpacking man-db (2.6.7.1-1) ...
Selecting previously unselected package libasprintf0c2:amd64.
Preparing to unpack .../libasprintf0c2_0.18.3.2-2_amd64.deb ...
Unpacking libasprintf0c2:amd64 (0.18.3.2-2) ...
Selecting previously unselected package libgpg-error0:amd64.
Preparing to unpack .../libgpg-error0_1.12-0.2_amd64.deb ...
Unpacking libgpg-error0:amd64 (1.12-0.2) ...
Selecting previously unselected package libgcrypt11:amd64.
Preparing to unpack .../libgcrypt11_1.5.3-4_amd64.deb ...
Unpacking libgcrypt11:amd64 (1.5.3-4) ...
Selecting previously unselected package libgcrypt20:amd64.
Preparing to unpack .../libgcrypt20_1.6.1-2_amd64.deb ...
Unpacking libgcrypt20:amd64 (1.6.1-2) ...
Selecting previously unselected package libp11-kit0:amd64.
Preparing to unpack .../libp11-kit0_0.20.2-5_amd64.deb ...
Unpacking libp11-kit0:amd64 (0.20.2-5) ...
Selecting previously unselected package libtasn1-6:amd64.
Preparing to unpack .../libtasn1-6_3.6-3_amd64.deb ...
Unpacking libtasn1-6:amd64 (3.6-3) ...
Selecting previously unselected package libgnutls26:amd64.
Preparing to unpack .../libgnutls26_2.12.23-16_amd64.deb ...
Unpacking libgnutls26:amd64 (2.12.23-16) ...
Selecting previously unselected package libkeyutils1:amd64.
Preparing to unpack .../libkeyutils1_1.5.9-4_amd64.deb ...
Unpacking libkeyutils1:amd64 (1.5.9-4) ...
Selecting previously unselected package libkrb5support0:amd64.
Preparing to unpack .../libkrb5support0_1.12.1+dfsg-3_amd64.deb ...
Unpacking libkrb5support0:amd64 (1.12.1+dfsg-3) ...
Selecting previously unselected package libk5crypto3:amd64.
Preparing to unpack .../libk5crypto3_1.12.1+dfsg-3_amd64.deb ...
Unpacking libk5crypto3:amd64 (1.12.1+dfsg-3) ...
Selecting previously unselected package libkrb5-3:amd64.
Preparing to unpack .../libkrb5-3_1.12.1+dfsg-3_amd64.deb ...
Unpacking libkrb5-3:amd64 (1.12.1+dfsg-3) ...
Selecting previously unselected package libgssapi-krb5-2:amd64.
Preparing to unpack .../libgssapi-krb5-2_1.12.1+dfsg-3_amd64.deb ...
Unpacking libgssapi-krb5-2:amd64 (1.12.1+dfsg-3) ...
Selecting previously unselected package libidn11:amd64.
Preparing to unpack .../libidn11_1.28-2_amd64.deb ...
Unpacking libidn11:amd64 (1.28-2) ...
Selecting previously unselected package libsasl2-modules-db:amd64.
Preparing to unpack .../libsasl2-modules-db_2.1.26.dfsg1-9_amd64.deb ...
Unpacking libsasl2-modules-db:amd64 (2.1.26.dfsg1-9) ...
Selecting previously unselected package libsasl2-2:amd64.
Preparing to unpack .../libsasl2-2_2.1.26.dfsg1-9_amd64.deb ...
Unpacking libsasl2-2:amd64 (2.1.26.dfsg1-9) ...
Selecting previously unselected package libldap-2.4-2:amd64.
Preparing to unpack .../libldap-2.4-2_2.4.39-1_amd64.deb ...
Unpacking libldap-2.4-2:amd64 (2.4.39-1) ...
Selecting previously unselected package libmagic1:amd64.
Preparing to unpack .../libmagic1_1%3a5.19-1_amd64.deb ...
Unpacking libmagic1:amd64 (1:5.19-1) ...
Selecting previously unselected package libxml2:amd64.
Preparing to unpack .../libxml2_2.9.1+dfsg1-3_amd64.deb ...
Unpacking libxml2:amd64 (2.9.1+dfsg1-3) ...
Selecting previously unselected package liblzo2-2:amd64.
Preparing to unpack .../liblzo2-2_2.06-1.2_amd64.deb ...
Unpacking liblzo2-2:amd64 (2.06-1.2) ...
Selecting previously unselected package libnettle4:amd64.
Preparing to unpack .../libnettle4_2.7.1-2+b1_amd64.deb ...
Unpacking libnettle4:amd64 (2.7.1-2+b1) ...
Selecting previously unselected package libarchive13:amd64.
Preparing to unpack .../libarchive13_3.1.2-8_amd64.deb ...
Unpacking libarchive13:amd64 (3.1.2-8) ...
Selecting previously unselected package libglib2.0-0:amd64.
Preparing to unpack .../libglib2.0-0_2.40.0-3_amd64.deb ...
Unpacking libglib2.0-0:amd64 (2.40.0-3) ...
Selecting previously unselected package libcroco3:amd64.
Preparing to unpack .../libcroco3_0.6.8-2_amd64.deb ...
Unpacking libcroco3:amd64 (0.6.8-2) ...
Selecting previously unselected package libssh2-1:amd64.
Preparing to unpack .../libssh2-1_1.4.3-3_amd64.deb ...
Unpacking libssh2-1:amd64 (1.4.3-3) ...
Selecting previously unselected package libcurl3:amd64.
Preparing to unpack .../libcurl3_7.37.0-1+b1_amd64.deb ...
Unpacking libcurl3:amd64 (7.37.0-1+b1) ...
Selecting previously unselected package libexpat1:amd64.
Preparing to unpack .../libexpat1_2.1.0-6_amd64.deb ...
Unpacking libexpat1:amd64 (2.1.0-6) ...
Selecting previously unselected package libunistring0:amd64.
Preparing to unpack .../libunistring0_0.9.3-5_amd64.deb ...
Unpacking libunistring0:amd64 (0.9.3-5) ...
Selecting previously unselected package procps.
Preparing to unpack .../procps_1%3a3.3.9-5_amd64.deb ...
Unpacking procps (1:3.3.9-5) ...
Selecting previously unselected package file.
Preparing to unpack .../file_1%3a5.19-1_amd64.deb ...
Unpacking file (1:5.19-1) ...
Selecting previously unselected package gettext-base.
Preparing to unpack .../gettext-base_0.18.3.2-2_amd64.deb ...
Unpacking gettext-base (0.18.3.2-2) ...
Selecting previously unselected package cmake-data.
Preparing to unpack .../cmake-data_2.8.12.1-1.4_all.deb ...
Unpacking cmake-data (2.8.12.1-1.4) ...
Selecting previously unselected package cmake.
Preparing to unpack .../cmake_2.8.12.1-1.4_amd64.deb ...
Unpacking cmake (2.8.12.1-1.4) ...
Selecting previously unselected package gettext.
Preparing to unpack .../gettext_0.18.3.2-2_amd64.deb ...
Unpacking gettext (0.18.3.2-2) ...
Selecting previously unselected package intltool-debian.
Preparing to unpack .../intltool-debian_0.35.0+20060710.1_all.deb ...
Unpacking intltool-debian (0.35.0+20060710.1) ...
Selecting previously unselected package po-debconf.
Preparing to unpack .../po-debconf_1.0.16+nmu2_all.deb ...
Unpacking po-debconf (1.0.16+nmu2) ...
Selecting previously unselected package debhelper.
Preparing to unpack .../debhelper_9.20140613_all.deb ...
Unpacking debhelper (9.20140613) ...
Selecting previously unselected package sbuild-build-depends-cmocka-dummy.
Preparing to unpack .../sbuild-build-depends-cmocka-dummy.deb ...
Unpacking sbuild-build-depends-cmocka-dummy (0.invalid.0) ...
Setting up libncursesw5:amd64 (5.9+20140118-1) ...
Setting up libpipeline1:amd64 (1.3.0-1) ...
Setting up libprocps3:amd64 (1:3.3.9-5) ...
Setting up libssl1.0.0:amd64 (1.0.1h-3) ...
Setting up groff-base (1.22.2-5) ...
Setting up bsdmainutils (9.0.5) ...
update-alternatives: using /usr/bin/bsd-write to provide /usr/bin/write (write) in auto mode
update-alternatives: using /usr/bin/bsd-from to provide /usr/bin/from (from) in auto mode
Setting up man-db (2.6.7.1-1) ...
Not building database; man-db/auto-update is not 'true'.
Setting up libasprintf0c2:amd64 (0.18.3.2-2) ...
Setting up libgpg-error0:amd64 (1.12-0.2) ...
Setting up libgcrypt11:amd64 (1.5.3-4) ...
Setting up libgcrypt20:amd64 (1.6.1-2) ...
Setting up libp11-kit0:amd64 (0.20.2-5) ...
Setting up libtasn1-6:amd64 (3.6-3) ...
Setting up libgnutls26:amd64 (2.12.23-16) ...
Setting up libkeyutils1:amd64 (1.5.9-4) ...
Setting up libkrb5support0:amd64 (1.12.1+dfsg-3) ...
Setting up libk5crypto3:amd64 (1.12.1+dfsg-3) ...
Setting up libkrb5-3:amd64 (1.12.1+dfsg-3) ...
Setting up libgssapi-krb5-2:amd64 (1.12.1+dfsg-3) ...
Setting up libidn11:amd64 (1.28-2) ...
Setting up libsasl2-modules-db:amd64 (2.1.26.dfsg1-9) ...
Setting up libsasl2-2:amd64 (2.1.26.dfsg1-9) ...
Setting up libldap-2.4-2:amd64 (2.4.39-1) ...
Setting up libmagic1:amd64 (1:5.19-1) ...
Setting up libxml2:amd64 (2.9.1+dfsg1-3) ...
Setting up liblzo2-2:amd64 (2.06-1.2) ...
Setting up libnettle4:amd64 (2.7.1-2+b1) ...
Setting up libarchive13:amd64 (3.1.2-8) ...
Setting up libglib2.0-0:amd64 (2.40.0-3) ...
No schema files found: doing nothing.
Setting up libcroco3:amd64 (0.6.8-2) ...
Setting up libssh2-1:amd64 (1.4.3-3) ...
Setting up libcurl3:amd64 (7.37.0-1+b1) ...
Setting up libexpat1:amd64 (2.1.0-6) ...
Setting up libunistring0:amd64 (0.9.3-5) ...
Setting up procps (1:3.3.9-5) ...
update-alternatives: using /usr/bin/w.procps to provide /usr/bin/w (w) in auto mode
All runlevel operations denied by policy
invoke-rc.d: policy-rc.d denied execution of start.
Setting up file (1:5.19-1) ...
Setting up gettext-base (0.18.3.2-2) ...
Setting up cmake-data (2.8.12.1-1.4) ...
Setting up cmake (2.8.12.1-1.4) ...
Setting up gettext (0.18.3.2-2) ...
Setting up intltool-debian (0.35.0+20060710.1) ...
Setting up po-debconf (1.0.16+nmu2) ...
Setting up debhelper (9.20140613) ...
Setting up sbuild-build-depends-cmocka-dummy (0.invalid.0) ...
Processing triggers for libc-bin (2.19-2) ...

┌──────────────────────────────────────────────────────────────────────────────┐
│ Build environment                                                            │
└──────────────────────────────────────────────────────────────────────────────┘

Kernel: Linux 2.6.32-5-xen-amd64 amd64 (x86_64)
Toolchain package versions: binutils_2.24.51.20140604-3 dpkg-dev_1.17.10 g++-4.6_4.6.4-7 g++-4.9_4.9.0-6 gcc-4.6_4.6.4-7 gcc-4.7_4.7.4-1 gcc-4.9_4.9.0-6 libc6-dev_2.19-2 libstdc++-4.9-dev_4.9.0-6 libstdc++6_4.9.0-6 libstdc++6-4.6-dev_4.6.4-7 linux-libc-dev_3.14.7-1
Package versions: apt_1.0.4 base-files_7.3 base-passwd_3.5.33 bash_4.3-7 binutils_2.24.51.20140604-3 bsdmainutils_9.0.5 bsdutils_1:2.20.1-5.8 build-essential_11.6 bzip2_1.0.6-5 clang-3.4_1:3.4.2-2 cmake_2.8.12.1-1.4 cmake-data_2.8.12.1-1.4 coreutils_8.21-1.2 cpp_4:4.9.0-3 cpp-4.6_4.6.4-7 cpp-4.7_4.7.4-1 cpp-4.9_4.9.0-6 dash_0.5.7-4 debconf_1.5.53 debconf-i18n_1.5.53 debfoster_2.7-1.2 debhelper_9.20140613 debian-archive-keyring_2012.4 debianutils_4.4 diffutils_1:3.3-1 dpkg_1.17.10 dpkg-dev_1.17.10 e2fslibs_1.42.10-1 e2fsprogs_1.42.10-1 fakeroot_1.20-3 file_1:5.19-1 findutils_4.4.2-8 g++_4:4.9.0-3 g++-4.6_4.6.4-7 g++-4.9_4.9.0-6 gcc_4:4.9.0-3 gcc-4.4-base_4.4.7-8 gcc-4.5-base_4.5.4-1 gcc-4.6_4.6.4-7 gcc-4.6-base_4.6.4-7 gcc-4.7_4.7.4-1 gcc-4.7-base_4.7.4-1 gcc-4.8-base_4.8.3-3 gcc-4.9_4.9.0-6 gcc-4.9-base_4.9.0-6 gettext_0.18.3.2-2 gettext-base_0.18.3.2-2 gnupg_1.4.16-1.1 gpgv_1.4.16-1.1 grep_2.18-2 groff-base_1.22.2-5 gzip_1.6-3 hostname_3.15 initscripts_2.88dsf-53.2 insserv_1.14.0-5 intltool-debian_0.35.0+20060710.1 libacl1_2.2.52-1 libapt-pkg4.12_1.0.4 libarchive-extract-perl_0.72-1 libarchive13_3.1.2-8 libasan1_4.9.0-6 libasprintf0c2_0.18.3.2-2 libatomic1_4.9.0-6 libattr1_1:2.4.47-1 libaudit-common_1:2.3.7-1 libaudit1_1:2.3.7-1 libblkid1_2.20.1-5.8 libbz2-1.0_1.0.6-5 libc-bin_2.19-2 libc-dev-bin_2.19-2 libc6_2.19-2 libc6-dev_2.19-2 libcap2_1:2.22-1.2 libcilkrts5_4.9.0-6 libclang-common-3.4-dev_1:3.4.2-2 libclang1-3.4_1:3.4.2-2 libclass-isa-perl_0.36-5 libcloog-isl4_0.18.2-1 libcloog-ppl1_0.16.1-5 libcomerr2_1.42.10-1 libcroco3_0.6.8-2 libcurl3_7.37.0-1+b1 libdb5.1_5.1.29-5 libdb5.3_5.3.28-3 libdebconfclient0_0.191 libdpkg-perl_1.17.10 libexpat1_2.1.0-6 libfakeroot_1.20-3 libffi6_3.1-2 libfile-fcntllock-perl_0.20-1 libgc1c2_1:7.2d-6 libgcc-4.7-dev_4.7.4-1 libgcc-4.9-dev_4.9.0-6 libgcc1_1:4.9.0-6 libgcrypt11_1.5.3-4 libgcrypt20_1.6.1-2 libgdbm3_1.8.3-12 libglib2.0-0_2.40.0-3 libgmp10_2:6.0.0+dfsg-4 libgmpxx4ldbl_2:6.0.0+dfsg-4 libgnutls26_2.12.23-16 libgomp1_4.9.0-6 libgpg-error0_1.12-0.2 libgpm2_1.20.4-6.1 libgssapi-krb5-2_1.12.1+dfsg-3 libidn11_1.28-2 libisl10_0.12.2-1 libitm1_4.9.0-6 libk5crypto3_1.12.1+dfsg-3 libkeyutils1_1.5.9-4 libkrb5-3_1.12.1+dfsg-3 libkrb5support0_1.12.1+dfsg-3 libldap-2.4-2_2.4.39-1 libllvm3.4_1:3.4.2-2 liblocale-gettext-perl_1.05-8 liblog-message-simple-perl_0.10-1 liblsan0_4.9.0-6 liblzma5_5.1.1alpha+20120614-2 liblzo2-2_2.06-1.2 libmagic1_1:5.19-1 libmodule-pluggable-perl_5.1-1 libmount1_2.20.1-5.8 libmpc2_0.9-4 libmpc3_1.0.1-1 libmpfr4_3.1.2-1 libncurses5_5.9+20140118-1 libncursesw5_5.9+20140118-1 libnettle4_2.7.1-2+b1 libobjc-4.9-dev_4.9.0-6 libobjc4_4.9.0-6 libp11-kit0_0.20.2-5 libpam-modules_1.1.8-3 libpam-modules-bin_1.1.8-3 libpam-runtime_1.1.8-3 libpam0g_1.1.8-3 libpcre3_1:8.31-5 libpipeline1_1.3.0-1 libpod-latex-perl_0.61-1 libppl-c4_1:1.1-2+b1 libppl13_1:1.1-2+b1 libprocps3_1:3.3.9-5 libquadmath0_4.9.0-6 libreadline6_6.3-6 libsasl2-2_2.1.26.dfsg1-9 libsasl2-modules-db_2.1.26.dfsg1-9 libselinux1_2.3-1 libsemanage-common_2.3-1 libsemanage1_2.3-1 libsepol1_2.3-1 libslang2_2.2.4-16 libss2_1.42.10-1 libssh2-1_1.4.3-3 libssl1.0.0_1.0.1h-3 libstdc++-4.9-dev_4.9.0-6 libstdc++6_4.9.0-6 libstdc++6-4.6-dev_4.6.4-7 libswitch-perl_2.17-1 libtasn1-6_3.6-3 libterm-ui-perl_0.42-1 libtext-charwidth-perl_0.04-7+b2 libtext-iconv-perl_1.7-5+b1 libtext-soundex-perl_3.4-1+b1 libtext-wrapi18n-perl_0.06-7 libtimedate-perl_2.3000-2 libtinfo5_5.9+20140118-1 libtsan0_4.9.0-6 libubsan0_4.9.0-6 libunistring0_0.9.3-5 libusb-0.1-4_2:0.1.12-23.3 libustr-1.0-1_1.0.4-3 libuuid1_2.20.1-5.8 libvtv0_4.9.0-6 libxml2_2.9.1+dfsg1-3 linux-libc-dev_3.14.7-1 login_1:4.2-2 lsb-base_4.1+Debian13 make_4.0-8 man-db_2.6.7.1-1 mawk_1.3.3-17 mount_2.20.1-5.8 multiarch-support_2.19-2 ncurses-base_5.9+20140118-1 ncurses-bin_5.9+20140118-1 passwd_1:4.2-2 patch_2.7.1-5 perl_5.18.2-4 perl-base_5.18.2-4 perl-modules_5.18.2-4 po-debconf_1.0.16+nmu2 procps_1:3.3.9-5 readline-common_6.3-6 rename_0.20-3 sbuild-build-depends-cmocka-dummy_0.invalid.0 sbuild-build-depends-core-dummy_0.invalid.0 sed_4.2.2-4 sensible-utils_0.0.9 startpar_0.59-3 sudo_1.8.9p5-1 sysv-rc_2.88dsf-53.2 sysvinit_2.88dsf-53.2 sysvinit-core_2.88dsf-53.2 sysvinit-utils_2.88dsf-53.2 tar_1.27.1-2 tzdata_2014e-1 ucf_3.0030 util-linux_2.20.1-5.8 vim_2:7.4.273-2+b1 vim-common_2:7.4.273-2+b1 vim-runtime_2:7.4.273-2 xz-utils_5.1.1alpha+20120614-2 zlib1g_1:1.2.8.dfsg-1

┌──────────────────────────────────────────────────────────────────────────────┐
│ Build                                                                        │
└──────────────────────────────────────────────────────────────────────────────┘


Unpack source
─────────────

gpgv: keyblock resource `/sbuild-nonexistent/.gnupg/trustedkeys.gpg': file open error
gpgv: Signature made Fri May 30 21:50:07 2014 UTC using RSA key ID FDFE09F2
gpgv: Can't check signature: public key not found
dpkg-source: warning: failed to verify signature on ./cmocka_0.4.1-2.dsc
dpkg-source: info: extracting cmocka in cmocka-0.4.1
dpkg-source: info: unpacking cmocka_0.4.1.orig.tar.xz
dpkg-source: info: unpacking cmocka_0.4.1-2.debian.tar.xz

Check disc space
────────────────

Sufficient free space for build

Hack binNMU version
───────────────────

Created changelog entry for binNMU version 0.4.1-2clang1

User Environment
────────────────

DEB_BUILD_OPTIONS=parallel=10
HOME=/sbuild-nonexistent
LOGNAME=user
PATH=/usr/local/sbin:/usr/local/bin:/usr/sbin:/usr/bin:/sbin:/bin:/usr/games
SCHROOT_ALIAS_NAME=unstable-amd64-sbuild
SCHROOT_CHROOT_NAME=unstable-amd64-sbuild
SCHROOT_COMMAND=env
SCHROOT_GID=1000
SCHROOT_GROUP=user
SCHROOT_SESSION_ID=unstable-amd64-sbuild-da555fcb-bebb-4599-8918-42acfaf78d5d
SCHROOT_UID=1000
SCHROOT_USER=user
SHELL=/bin/sh
USER=user

dpkg-buildpackage
─────────────────

dpkg-buildpackage: source package cmocka
dpkg-buildpackage: source version 0.4.1-2clang1
dpkg-buildpackage: source distribution unstable
 dpkg-source --before-build cmocka-0.4.1
dpkg-buildpackage: host architecture amd64
 fakeroot debian/rules clean
dh clean --list-missing
   dh_testdir -O--list-missing
   dh_auto_clean -O--list-missing
   dh_clean -O--list-missing
 debian/rules build-arch
dh build-arch --list-missing
   dh_testdir -a -O--list-missing
   debian/rules override_dh_auto_configure
make[1]: Entering directory '/«PKGBUILDDIR»'
dh_auto_configure -- -DLIB_SUFFIX=/x86_64-linux-gnu \
	-DUNIT_TESTING=ON
-- The C compiler identification is Clang 3.4.2
-- Check for working C compiler: /usr/bin/cc
-- Check for working C compiler: /usr/bin/cc -- works
-- Detecting C compiler ABI info
-- Detecting C compiler ABI info - done
-- Performing Test WITH_FPIC
-- Performing Test WITH_FPIC - Success
-- Performing Test WITH_STACK_PROTECTOR
-- Performing Test WITH_STACK_PROTECTOR - Success
-- Performing Test WITH_GNU_SOURCE
-- Performing Test WITH_GNU_SOURCE - Success
-- Looking for assert.h
-- Looking for assert.h - found
-- Looking for inttypes.h
-- Looking for inttypes.h - found
-- Looking for malloc.h
-- Looking for malloc.h - found
-- Looking for memory.h
-- Looking for memory.h - found
-- Looking for setjmp.h
-- Looking for setjmp.h - found
-- Looking for signal.h
-- Looking for signal.h - found
-- Looking for stdarg.h
-- Looking for stdarg.h - found
-- Looking for stddef.h
-- Looking for stddef.h - found
-- Looking for stdint.h
-- Looking for stdint.h - found
-- Looking for stdio.h
-- Looking for stdio.h - found
-- Looking for stdlib.h
-- Looking for stdlib.h - found
-- Looking for string.h
-- Looking for string.h - found
-- Looking for strings.h
-- Looking for strings.h - found
-- Looking for sys/stat.h
-- Looking for sys/stat.h - found
-- Looking for sys/types.h
-- Looking for sys/types.h - found
-- Looking for unistd.h
-- Looking for unistd.h - found
-- Looking for calloc
-- Looking for calloc - found
-- Looking for exit
-- Looking for exit - found
-- Looking for fprintf
-- Looking for fprintf - found
-- Looking for free
-- Looking for free - found
-- Looking for longjmp
-- Looking for longjmp - found
-- Looking for malloc
-- Looking for malloc - found
-- Looking for memcpy
-- Looking for memcpy - found
-- Looking for memset
-- Looking for memset - found
-- Looking for printf
-- Looking for printf - found
-- Looking for setjmp
-- Looking for setjmp - found
-- Looking for signal
-- Looking for signal - found
-- Looking for strsignal
-- Looking for strsignal - found
-- Looking for sprintf
-- Looking for sprintf - found
-- Looking for strcmp
-- Looking for strcmp - found
-- Looking for vsnprintf
-- Looking for vsnprintf - found
-- Check if the system is big endian
-- Searching 16 bit integer
-- Check size of unsigned short
-- Check size of unsigned short - done
-- Using unsigned short
-- Check if the system is big endian - little endian
-- Could NOT find Doxygen (missing:  DOXYGEN_EXECUTABLE) 
-- Configuring done
-- Generating done
-- Build files have been written to: /«PKGBUILDDIR»/obj-x86_64-linux-gnu
make[1]: Leaving directory '/«PKGBUILDDIR»'
   dh_auto_build -a -O--list-missing
make[1]: Entering directory '/«PKGBUILDDIR»/obj-x86_64-linux-gnu'
/usr/bin/cmake -H/«PKGBUILDDIR» -B/«PKGBUILDDIR»/obj-x86_64-linux-gnu --check-build-system CMakeFiles/Makefile.cmake 0
/usr/bin/cmake -E cmake_progress_start /«PKGBUILDDIR»/obj-x86_64-linux-gnu/CMakeFiles /«PKGBUILDDIR»/obj-x86_64-linux-gnu/CMakeFiles/progress.marks
make -f CMakeFiles/Makefile2 all
make[2]: Entering directory '/«PKGBUILDDIR»/obj-x86_64-linux-gnu'
make -f src/CMakeFiles/cmocka_shared.dir/build.make src/CMakeFiles/cmocka_shared.dir/depend
make[3]: Entering directory '/«PKGBUILDDIR»/obj-x86_64-linux-gnu'
cd /«PKGBUILDDIR»/obj-x86_64-linux-gnu && /usr/bin/cmake -E cmake_depends "Unix Makefiles" /«PKGBUILDDIR» /«PKGBUILDDIR»/src /«PKGBUILDDIR»/obj-x86_64-linux-gnu /«PKGBUILDDIR»/obj-x86_64-linux-gnu/src /«PKGBUILDDIR»/obj-x86_64-linux-gnu/src/CMakeFiles/cmocka_shared.dir/DependInfo.cmake --color=
Scanning dependencies of target cmocka_shared
make[3]: Leaving directory '/«PKGBUILDDIR»/obj-x86_64-linux-gnu'
make -f src/CMakeFiles/cmocka_shared.dir/build.make src/CMakeFiles/cmocka_shared.dir/build
make[3]: Entering directory '/«PKGBUILDDIR»/obj-x86_64-linux-gnu'
/usr/bin/cmake -E cmake_progress_report /«PKGBUILDDIR»/obj-x86_64-linux-gnu/CMakeFiles 9
[  4%] Building C object src/CMakeFiles/cmocka_shared.dir/cmocka.c.o
cd /«PKGBUILDDIR»/obj-x86_64-linux-gnu/src && /usr/bin/cc  -DCMOCKA_EXPORTS -DHAVE_CONFIG_H=1 -g -O2 -fstack-protector --param=ssp-buffer-size=4 -Wformat -Werror=format-security -D_FORTIFY_SOURCE=2  -std=gnu99 -pedantic -pedantic-errors -Wall -Wextra -Wshadow -Wmissing-prototypes -Wdeclaration-after-statement -Wunused -Wfloat-equal -Wpointer-arith -Wwrite-strings -Wformat-security -Wmissing-format-attribute -Wundef -fPIC -fstack-protector -D_GNU_SOURCE -D_LARGEFILE64_SOURCE -fPIC -I/«PKGBUILDDIR»/obj-x86_64-linux-gnu/src -I/«PKGBUILDDIR»/src -I/«PKGBUILDDIR»/include -I/«PKGBUILDDIR»/obj-x86_64-linux-gnu    -o CMakeFiles/cmocka_shared.dir/cmocka.c.o   -c /«PKGBUILDDIR»/src/cmocka.c
Linking C shared library libcmocka.so
cd /«PKGBUILDDIR»/obj-x86_64-linux-gnu/src && /usr/bin/cmake -E cmake_link_script CMakeFiles/cmocka_shared.dir/link.txt --verbose=1
/usr/bin/cc  -fPIC -g -O2 -fstack-protector --param=ssp-buffer-size=4 -Wformat -Werror=format-security -D_FORTIFY_SOURCE=2  -std=gnu99 -pedantic -pedantic-errors -Wall -Wextra -Wshadow -Wmissing-prototypes -Wdeclaration-after-statement -Wunused -Wfloat-equal -Wpointer-arith -Wwrite-strings -Wformat-security -Wmissing-format-attribute -Wundef -fPIC -fstack-protector -D_GNU_SOURCE -D_LARGEFILE64_SOURCE  -Wl,-z,relro -shared -Wl,-soname,libcmocka.so.0 -o libcmocka.so.0.2.1 CMakeFiles/cmocka_shared.dir/cmocka.c.o 
cd /«PKGBUILDDIR»/obj-x86_64-linux-gnu/src && /usr/bin/cmake -E cmake_symlink_library libcmocka.so.0.2.1 libcmocka.so.0 libcmocka.so
make[3]: Leaving directory '/«PKGBUILDDIR»/obj-x86_64-linux-gnu'
/usr/bin/cmake -E cmake_progress_report /«PKGBUILDDIR»/obj-x86_64-linux-gnu/CMakeFiles  9
[  4%] Built target cmocka_shared
make -f tests/CMakeFiles/test_assert_macros.dir/build.make tests/CMakeFiles/test_assert_macros.dir/depend
make[3]: Entering directory '/«PKGBUILDDIR»/obj-x86_64-linux-gnu'
cd /«PKGBUILDDIR»/obj-x86_64-linux-gnu && /usr/bin/cmake -E cmake_depends "Unix Makefiles" /«PKGBUILDDIR» /«PKGBUILDDIR»/tests /«PKGBUILDDIR»/obj-x86_64-linux-gnu /«PKGBUILDDIR»/obj-x86_64-linux-gnu/tests /«PKGBUILDDIR»/obj-x86_64-linux-gnu/tests/CMakeFiles/test_assert_macros.dir/DependInfo.cmake --color=
Scanning dependencies of target test_assert_macros
make[3]: Leaving directory '/«PKGBUILDDIR»/obj-x86_64-linux-gnu'
make -f tests/CMakeFiles/test_assert_macros.dir/build.make tests/CMakeFiles/test_assert_macros.dir/build
make[3]: Entering directory '/«PKGBUILDDIR»/obj-x86_64-linux-gnu'
/usr/bin/cmake -E cmake_progress_report /«PKGBUILDDIR»/obj-x86_64-linux-gnu/CMakeFiles 17
[  8%] Building C object tests/CMakeFiles/test_assert_macros.dir/test_assert_macros.c.o
cd /«PKGBUILDDIR»/obj-x86_64-linux-gnu/tests && /usr/bin/cc   -g -O2 -fstack-protector --param=ssp-buffer-size=4 -Wformat -Werror=format-security -D_FORTIFY_SOURCE=2  -std=gnu99 -pedantic -pedantic-errors -Wall -Wextra -Wshadow -Wmissing-prototypes -Wdeclaration-after-statement -Wunused -Wfloat-equal -Wpointer-arith -Wwrite-strings -Wformat-security -Wmissing-format-attribute -Wundef -fPIC -fstack-protector -D_GNU_SOURCE -D_LARGEFILE64_SOURCE -I/«PKGBUILDDIR»/obj-x86_64-linux-gnu/tests -I/«PKGBUILDDIR»/tests -I/«PKGBUILDDIR»/obj-x86_64-linux-gnu -I/«PKGBUILDDIR»/include    -o CMakeFiles/test_assert_macros.dir/test_assert_macros.c.o   -c /«PKGBUILDDIR»/tests/test_assert_macros.c
Linking C executable test_assert_macros
cd /«PKGBUILDDIR»/obj-x86_64-linux-gnu/tests && /usr/bin/cmake -E cmake_link_script CMakeFiles/test_assert_macros.dir/link.txt --verbose=1
/usr/bin/cc  -g -O2 -fstack-protector --param=ssp-buffer-size=4 -Wformat -Werror=format-security -D_FORTIFY_SOURCE=2  -std=gnu99 -pedantic -pedantic-errors -Wall -Wextra -Wshadow -Wmissing-prototypes -Wdeclaration-after-statement -Wunused -Wfloat-equal -Wpointer-arith -Wwrite-strings -Wformat-security -Wmissing-format-attribute -Wundef -fPIC -fstack-protector -D_GNU_SOURCE -D_LARGEFILE64_SOURCE   -Wl,-z,relro CMakeFiles/test_assert_macros.dir/test_assert_macros.c.o  -o test_assert_macros -rdynamic ../src/libcmocka.so.0.2.1 -Wl,-rpath,/«PKGBUILDDIR»/obj-x86_64-linux-gnu/src 
make[3]: Leaving directory '/«PKGBUILDDIR»/obj-x86_64-linux-gnu'
/usr/bin/cmake -E cmake_progress_report /«PKGBUILDDIR»/obj-x86_64-linux-gnu/CMakeFiles  17
[  8%] Built target test_assert_macros
make -f tests/CMakeFiles/test_assert_macros_fail.dir/build.make tests/CMakeFiles/test_assert_macros_fail.dir/depend
make[3]: Entering directory '/«PKGBUILDDIR»/obj-x86_64-linux-gnu'
cd /«PKGBUILDDIR»/obj-x86_64-linux-gnu && /usr/bin/cmake -E cmake_depends "Unix Makefiles" /«PKGBUILDDIR» /«PKGBUILDDIR»/tests /«PKGBUILDDIR»/obj-x86_64-linux-gnu /«PKGBUILDDIR»/obj-x86_64-linux-gnu/tests /«PKGBUILDDIR»/obj-x86_64-linux-gnu/tests/CMakeFiles/test_assert_macros_fail.dir/DependInfo.cmake --color=
Scanning dependencies of target test_assert_macros_fail
make[3]: Leaving directory '/«PKGBUILDDIR»/obj-x86_64-linux-gnu'
make -f tests/CMakeFiles/test_assert_macros_fail.dir/build.make tests/CMakeFiles/test_assert_macros_fail.dir/build
make[3]: Entering directory '/«PKGBUILDDIR»/obj-x86_64-linux-gnu'
/usr/bin/cmake -E cmake_progress_report /«PKGBUILDDIR»/obj-x86_64-linux-gnu/CMakeFiles 18
[ 12%] Building C object tests/CMakeFiles/test_assert_macros_fail.dir/test_assert_macros_fail.c.o
cd /«PKGBUILDDIR»/obj-x86_64-linux-gnu/tests && /usr/bin/cc   -g -O2 -fstack-protector --param=ssp-buffer-size=4 -Wformat -Werror=format-security -D_FORTIFY_SOURCE=2  -std=gnu99 -pedantic -pedantic-errors -Wall -Wextra -Wshadow -Wmissing-prototypes -Wdeclaration-after-statement -Wunused -Wfloat-equal -Wpointer-arith -Wwrite-strings -Wformat-security -Wmissing-format-attribute -Wundef -fPIC -fstack-protector -D_GNU_SOURCE -D_LARGEFILE64_SOURCE -I/«PKGBUILDDIR»/obj-x86_64-linux-gnu/tests -I/«PKGBUILDDIR»/tests -I/«PKGBUILDDIR»/obj-x86_64-linux-gnu -I/«PKGBUILDDIR»/include    -o CMakeFiles/test_assert_macros_fail.dir/test_assert_macros_fail.c.o   -c /«PKGBUILDDIR»/tests/test_assert_macros_fail.c
Linking C executable test_assert_macros_fail
cd /«PKGBUILDDIR»/obj-x86_64-linux-gnu/tests && /usr/bin/cmake -E cmake_link_script CMakeFiles/test_assert_macros_fail.dir/link.txt --verbose=1
/usr/bin/cc  -g -O2 -fstack-protector --param=ssp-buffer-size=4 -Wformat -Werror=format-security -D_FORTIFY_SOURCE=2  -std=gnu99 -pedantic -pedantic-errors -Wall -Wextra -Wshadow -Wmissing-prototypes -Wdeclaration-after-statement -Wunused -Wfloat-equal -Wpointer-arith -Wwrite-strings -Wformat-security -Wmissing-format-attribute -Wundef -fPIC -fstack-protector -D_GNU_SOURCE -D_LARGEFILE64_SOURCE   -Wl,-z,relro CMakeFiles/test_assert_macros_fail.dir/test_assert_macros_fail.c.o  -o test_assert_macros_fail -rdynamic ../src/libcmocka.so.0.2.1 -Wl,-rpath,/«PKGBUILDDIR»/obj-x86_64-linux-gnu/src 
make[3]: Leaving directory '/«PKGBUILDDIR»/obj-x86_64-linux-gnu'
/usr/bin/cmake -E cmake_progress_report /«PKGBUILDDIR»/obj-x86_64-linux-gnu/CMakeFiles  18
[ 12%] Built target test_assert_macros_fail
make -f tests/CMakeFiles/test_basics.dir/build.make tests/CMakeFiles/test_basics.dir/depend
make[3]: Entering directory '/«PKGBUILDDIR»/obj-x86_64-linux-gnu'
cd /«PKGBUILDDIR»/obj-x86_64-linux-gnu && /usr/bin/cmake -E cmake_depends "Unix Makefiles" /«PKGBUILDDIR» /«PKGBUILDDIR»/tests /«PKGBUILDDIR»/obj-x86_64-linux-gnu /«PKGBUILDDIR»/obj-x86_64-linux-gnu/tests /«PKGBUILDDIR»/obj-x86_64-linux-gnu/tests/CMakeFiles/test_basics.dir/DependInfo.cmake --color=
Scanning dependencies of target test_basics
make[3]: Leaving directory '/«PKGBUILDDIR»/obj-x86_64-linux-gnu'
make -f tests/CMakeFiles/test_basics.dir/build.make tests/CMakeFiles/test_basics.dir/build
make[3]: Entering directory '/«PKGBUILDDIR»/obj-x86_64-linux-gnu'
/usr/bin/cmake -E cmake_progress_report /«PKGBUILDDIR»/obj-x86_64-linux-gnu/CMakeFiles 19
[ 16%] Building C object tests/CMakeFiles/test_basics.dir/test_basics.c.o
cd /«PKGBUILDDIR»/obj-x86_64-linux-gnu/tests && /usr/bin/cc   -g -O2 -fstack-protector --param=ssp-buffer-size=4 -Wformat -Werror=format-security -D_FORTIFY_SOURCE=2  -std=gnu99 -pedantic -pedantic-errors -Wall -Wextra -Wshadow -Wmissing-prototypes -Wdeclaration-after-statement -Wunused -Wfloat-equal -Wpointer-arith -Wwrite-strings -Wformat-security -Wmissing-format-attribute -Wundef -fPIC -fstack-protector -D_GNU_SOURCE -D_LARGEFILE64_SOURCE -I/«PKGBUILDDIR»/obj-x86_64-linux-gnu/tests -I/«PKGBUILDDIR»/tests -I/«PKGBUILDDIR»/obj-x86_64-linux-gnu -I/«PKGBUILDDIR»/include    -o CMakeFiles/test_basics.dir/test_basics.c.o   -c /«PKGBUILDDIR»/tests/test_basics.c
Linking C executable test_basics
cd /«PKGBUILDDIR»/obj-x86_64-linux-gnu/tests && /usr/bin/cmake -E cmake_link_script CMakeFiles/test_basics.dir/link.txt --verbose=1
/usr/bin/cc  -g -O2 -fstack-protector --param=ssp-buffer-size=4 -Wformat -Werror=format-security -D_FORTIFY_SOURCE=2  -std=gnu99 -pedantic -pedantic-errors -Wall -Wextra -Wshadow -Wmissing-prototypes -Wdeclaration-after-statement -Wunused -Wfloat-equal -Wpointer-arith -Wwrite-strings -Wformat-security -Wmissing-format-attribute -Wundef -fPIC -fstack-protector -D_GNU_SOURCE -D_LARGEFILE64_SOURCE   -Wl,-z,relro CMakeFiles/test_basics.dir/test_basics.c.o  -o test_basics -rdynamic ../src/libcmocka.so.0.2.1 -Wl,-rpath,/«PKGBUILDDIR»/obj-x86_64-linux-gnu/src 
make[3]: Leaving directory '/«PKGBUILDDIR»/obj-x86_64-linux-gnu'
/usr/bin/cmake -E cmake_progress_report /«PKGBUILDDIR»/obj-x86_64-linux-gnu/CMakeFiles  19
[ 16%] Built target test_basics
make -f tests/CMakeFiles/test_exception_handler.dir/build.make tests/CMakeFiles/test_exception_handler.dir/depend
make[3]: Entering directory '/«PKGBUILDDIR»/obj-x86_64-linux-gnu'
cd /«PKGBUILDDIR»/obj-x86_64-linux-gnu && /usr/bin/cmake -E cmake_depends "Unix Makefiles" /«PKGBUILDDIR» /«PKGBUILDDIR»/tests /«PKGBUILDDIR»/obj-x86_64-linux-gnu /«PKGBUILDDIR»/obj-x86_64-linux-gnu/tests /«PKGBUILDDIR»/obj-x86_64-linux-gnu/tests/CMakeFiles/test_exception_handler.dir/DependInfo.cmake --color=
Scanning dependencies of target test_exception_handler
make[3]: Leaving directory '/«PKGBUILDDIR»/obj-x86_64-linux-gnu'
make -f tests/CMakeFiles/test_exception_handler.dir/build.make tests/CMakeFiles/test_exception_handler.dir/build
make[3]: Entering directory '/«PKGBUILDDIR»/obj-x86_64-linux-gnu'
/usr/bin/cmake -E cmake_progress_report /«PKGBUILDDIR»/obj-x86_64-linux-gnu/CMakeFiles 20
[ 20%] Building C object tests/CMakeFiles/test_exception_handler.dir/test_exception_handler.c.o
cd /«PKGBUILDDIR»/obj-x86_64-linux-gnu/tests && /usr/bin/cc   -g -O2 -fstack-protector --param=ssp-buffer-size=4 -Wformat -Werror=format-security -D_FORTIFY_SOURCE=2  -std=gnu99 -pedantic -pedantic-errors -Wall -Wextra -Wshadow -Wmissing-prototypes -Wdeclaration-after-statement -Wunused -Wfloat-equal -Wpointer-arith -Wwrite-strings -Wformat-security -Wmissing-format-attribute -Wundef -fPIC -fstack-protector -D_GNU_SOURCE -D_LARGEFILE64_SOURCE -I/«PKGBUILDDIR»/obj-x86_64-linux-gnu/tests -I/«PKGBUILDDIR»/tests -I/«PKGBUILDDIR»/obj-x86_64-linux-gnu -I/«PKGBUILDDIR»/include    -o CMakeFiles/test_exception_handler.dir/test_exception_handler.c.o   -c /«PKGBUILDDIR»/tests/test_exception_handler.c
Linking C executable test_exception_handler
cd /«PKGBUILDDIR»/obj-x86_64-linux-gnu/tests && /usr/bin/cmake -E cmake_link_script CMakeFiles/test_exception_handler.dir/link.txt --verbose=1
/usr/bin/cc  -g -O2 -fstack-protector --param=ssp-buffer-size=4 -Wformat -Werror=format-security -D_FORTIFY_SOURCE=2  -std=gnu99 -pedantic -pedantic-errors -Wall -Wextra -Wshadow -Wmissing-prototypes -Wdeclaration-after-statement -Wunused -Wfloat-equal -Wpointer-arith -Wwrite-strings -Wformat-security -Wmissing-format-attribute -Wundef -fPIC -fstack-protector -D_GNU_SOURCE -D_LARGEFILE64_SOURCE   -Wl,-z,relro CMakeFiles/test_exception_handler.dir/test_exception_handler.c.o  -o test_exception_handler -rdynamic ../src/libcmocka.so.0.2.1 -Wl,-rpath,/«PKGBUILDDIR»/obj-x86_64-linux-gnu/src 
make[3]: Leaving directory '/«PKGBUILDDIR»/obj-x86_64-linux-gnu'
/usr/bin/cmake -E cmake_progress_report /«PKGBUILDDIR»/obj-x86_64-linux-gnu/CMakeFiles  20
[ 20%] Built target test_exception_handler
make -f tests/CMakeFiles/test_fixtures.dir/build.make tests/CMakeFiles/test_fixtures.dir/depend
make[3]: Entering directory '/«PKGBUILDDIR»/obj-x86_64-linux-gnu'
cd /«PKGBUILDDIR»/obj-x86_64-linux-gnu && /usr/bin/cmake -E cmake_depends "Unix Makefiles" /«PKGBUILDDIR» /«PKGBUILDDIR»/tests /«PKGBUILDDIR»/obj-x86_64-linux-gnu /«PKGBUILDDIR»/obj-x86_64-linux-gnu/tests /«PKGBUILDDIR»/obj-x86_64-linux-gnu/tests/CMakeFiles/test_fixtures.dir/DependInfo.cmake --color=
Scanning dependencies of target test_fixtures
make[3]: Leaving directory '/«PKGBUILDDIR»/obj-x86_64-linux-gnu'
make -f tests/CMakeFiles/test_fixtures.dir/build.make tests/CMakeFiles/test_fixtures.dir/build
make[3]: Entering directory '/«PKGBUILDDIR»/obj-x86_64-linux-gnu'
/usr/bin/cmake -E cmake_progress_report /«PKGBUILDDIR»/obj-x86_64-linux-gnu/CMakeFiles 21
[ 24%] Building C object tests/CMakeFiles/test_fixtures.dir/test_fixtures.c.o
cd /«PKGBUILDDIR»/obj-x86_64-linux-gnu/tests && /usr/bin/cc   -g -O2 -fstack-protector --param=ssp-buffer-size=4 -Wformat -Werror=format-security -D_FORTIFY_SOURCE=2  -std=gnu99 -pedantic -pedantic-errors -Wall -Wextra -Wshadow -Wmissing-prototypes -Wdeclaration-after-statement -Wunused -Wfloat-equal -Wpointer-arith -Wwrite-strings -Wformat-security -Wmissing-format-attribute -Wundef -fPIC -fstack-protector -D_GNU_SOURCE -D_LARGEFILE64_SOURCE -I/«PKGBUILDDIR»/obj-x86_64-linux-gnu/tests -I/«PKGBUILDDIR»/tests -I/«PKGBUILDDIR»/obj-x86_64-linux-gnu -I/«PKGBUILDDIR»/include    -o CMakeFiles/test_fixtures.dir/test_fixtures.c.o   -c /«PKGBUILDDIR»/tests/test_fixtures.c
Linking C executable test_fixtures
cd /«PKGBUILDDIR»/obj-x86_64-linux-gnu/tests && /usr/bin/cmake -E cmake_link_script CMakeFiles/test_fixtures.dir/link.txt --verbose=1
/usr/bin/cc  -g -O2 -fstack-protector --param=ssp-buffer-size=4 -Wformat -Werror=format-security -D_FORTIFY_SOURCE=2  -std=gnu99 -pedantic -pedantic-errors -Wall -Wextra -Wshadow -Wmissing-prototypes -Wdeclaration-after-statement -Wunused -Wfloat-equal -Wpointer-arith -Wwrite-strings -Wformat-security -Wmissing-format-attribute -Wundef -fPIC -fstack-protector -D_GNU_SOURCE -D_LARGEFILE64_SOURCE   -Wl,-z,relro CMakeFiles/test_fixtures.dir/test_fixtures.c.o  -o test_fixtures -rdynamic ../src/libcmocka.so.0.2.1 -Wl,-rpath,/«PKGBUILDDIR»/obj-x86_64-linux-gnu/src 
make[3]: Leaving directory '/«PKGBUILDDIR»/obj-x86_64-linux-gnu'
/usr/bin/cmake -E cmake_progress_report /«PKGBUILDDIR»/obj-x86_64-linux-gnu/CMakeFiles  21
[ 24%] Built target test_fixtures
make -f tests/CMakeFiles/test_group_fixtures.dir/build.make tests/CMakeFiles/test_group_fixtures.dir/depend
make[3]: Entering directory '/«PKGBUILDDIR»/obj-x86_64-linux-gnu'
cd /«PKGBUILDDIR»/obj-x86_64-linux-gnu && /usr/bin/cmake -E cmake_depends "Unix Makefiles" /«PKGBUILDDIR» /«PKGBUILDDIR»/tests /«PKGBUILDDIR»/obj-x86_64-linux-gnu /«PKGBUILDDIR»/obj-x86_64-linux-gnu/tests /«PKGBUILDDIR»/obj-x86_64-linux-gnu/tests/CMakeFiles/test_group_fixtures.dir/DependInfo.cmake --color=
Scanning dependencies of target test_group_fixtures
make[3]: Leaving directory '/«PKGBUILDDIR»/obj-x86_64-linux-gnu'
make -f tests/CMakeFiles/test_group_fixtures.dir/build.make tests/CMakeFiles/test_group_fixtures.dir/build
make[3]: Entering directory '/«PKGBUILDDIR»/obj-x86_64-linux-gnu'
/usr/bin/cmake -E cmake_progress_report /«PKGBUILDDIR»/obj-x86_64-linux-gnu/CMakeFiles 22
[ 28%] Building C object tests/CMakeFiles/test_group_fixtures.dir/test_group_fixtures.c.o
cd /«PKGBUILDDIR»/obj-x86_64-linux-gnu/tests && /usr/bin/cc   -g -O2 -fstack-protector --param=ssp-buffer-size=4 -Wformat -Werror=format-security -D_FORTIFY_SOURCE=2  -std=gnu99 -pedantic -pedantic-errors -Wall -Wextra -Wshadow -Wmissing-prototypes -Wdeclaration-after-statement -Wunused -Wfloat-equal -Wpointer-arith -Wwrite-strings -Wformat-security -Wmissing-format-attribute -Wundef -fPIC -fstack-protector -D_GNU_SOURCE -D_LARGEFILE64_SOURCE -I/«PKGBUILDDIR»/obj-x86_64-linux-gnu/tests -I/«PKGBUILDDIR»/tests -I/«PKGBUILDDIR»/obj-x86_64-linux-gnu -I/«PKGBUILDDIR»/include    -o CMakeFiles/test_group_fixtures.dir/test_group_fixtures.c.o   -c /«PKGBUILDDIR»/tests/test_group_fixtures.c
Linking C executable test_group_fixtures
cd /«PKGBUILDDIR»/obj-x86_64-linux-gnu/tests && /usr/bin/cmake -E cmake_link_script CMakeFiles/test_group_fixtures.dir/link.txt --verbose=1
/usr/bin/cc  -g -O2 -fstack-protector --param=ssp-buffer-size=4 -Wformat -Werror=format-security -D_FORTIFY_SOURCE=2  -std=gnu99 -pedantic -pedantic-errors -Wall -Wextra -Wshadow -Wmissing-prototypes -Wdeclaration-after-statement -Wunused -Wfloat-equal -Wpointer-arith -Wwrite-strings -Wformat-security -Wmissing-format-attribute -Wundef -fPIC -fstack-protector -D_GNU_SOURCE -D_LARGEFILE64_SOURCE   -Wl,-z,relro CMakeFiles/test_group_fixtures.dir/test_group_fixtures.c.o  -o test_group_fixtures -rdynamic ../src/libcmocka.so.0.2.1 -Wl,-rpath,/«PKGBUILDDIR»/obj-x86_64-linux-gnu/src 
make[3]: Leaving directory '/«PKGBUILDDIR»/obj-x86_64-linux-gnu'
/usr/bin/cmake -E cmake_progress_report /«PKGBUILDDIR»/obj-x86_64-linux-gnu/CMakeFiles  22
[ 28%] Built target test_group_fixtures
make -f tests/CMakeFiles/test_setup_fail.dir/build.make tests/CMakeFiles/test_setup_fail.dir/depend
make[3]: Entering directory '/«PKGBUILDDIR»/obj-x86_64-linux-gnu'
cd /«PKGBUILDDIR»/obj-x86_64-linux-gnu && /usr/bin/cmake -E cmake_depends "Unix Makefiles" /«PKGBUILDDIR» /«PKGBUILDDIR»/tests /«PKGBUILDDIR»/obj-x86_64-linux-gnu /«PKGBUILDDIR»/obj-x86_64-linux-gnu/tests /«PKGBUILDDIR»/obj-x86_64-linux-gnu/tests/CMakeFiles/test_setup_fail.dir/DependInfo.cmake --color=
Scanning dependencies of target test_setup_fail
make[3]: Leaving directory '/«PKGBUILDDIR»/obj-x86_64-linux-gnu'
make -f tests/CMakeFiles/test_setup_fail.dir/build.make tests/CMakeFiles/test_setup_fail.dir/build
make[3]: Entering directory '/«PKGBUILDDIR»/obj-x86_64-linux-gnu'
/usr/bin/cmake -E cmake_progress_report /«PKGBUILDDIR»/obj-x86_64-linux-gnu/CMakeFiles 23
[ 32%] Building C object tests/CMakeFiles/test_setup_fail.dir/test_setup_fail.c.o
cd /«PKGBUILDDIR»/obj-x86_64-linux-gnu/tests && /usr/bin/cc   -g -O2 -fstack-protector --param=ssp-buffer-size=4 -Wformat -Werror=format-security -D_FORTIFY_SOURCE=2  -std=gnu99 -pedantic -pedantic-errors -Wall -Wextra -Wshadow -Wmissing-prototypes -Wdeclaration-after-statement -Wunused -Wfloat-equal -Wpointer-arith -Wwrite-strings -Wformat-security -Wmissing-format-attribute -Wundef -fPIC -fstack-protector -D_GNU_SOURCE -D_LARGEFILE64_SOURCE -I/«PKGBUILDDIR»/obj-x86_64-linux-gnu/tests -I/«PKGBUILDDIR»/tests -I/«PKGBUILDDIR»/obj-x86_64-linux-gnu -I/«PKGBUILDDIR»/include    -o CMakeFiles/test_setup_fail.dir/test_setup_fail.c.o   -c /«PKGBUILDDIR»/tests/test_setup_fail.c
Linking C executable test_setup_fail
cd /«PKGBUILDDIR»/obj-x86_64-linux-gnu/tests && /usr/bin/cmake -E cmake_link_script CMakeFiles/test_setup_fail.dir/link.txt --verbose=1
/usr/bin/cc  -g -O2 -fstack-protector --param=ssp-buffer-size=4 -Wformat -Werror=format-security -D_FORTIFY_SOURCE=2  -std=gnu99 -pedantic -pedantic-errors -Wall -Wextra -Wshadow -Wmissing-prototypes -Wdeclaration-after-statement -Wunused -Wfloat-equal -Wpointer-arith -Wwrite-strings -Wformat-security -Wmissing-format-attribute -Wundef -fPIC -fstack-protector -D_GNU_SOURCE -D_LARGEFILE64_SOURCE   -Wl,-z,relro CMakeFiles/test_setup_fail.dir/test_setup_fail.c.o  -o test_setup_fail -rdynamic ../src/libcmocka.so.0.2.1 -Wl,-rpath,/«PKGBUILDDIR»/obj-x86_64-linux-gnu/src 
make[3]: Leaving directory '/«PKGBUILDDIR»/obj-x86_64-linux-gnu'
/usr/bin/cmake -E cmake_progress_report /«PKGBUILDDIR»/obj-x86_64-linux-gnu/CMakeFiles  23
[ 32%] Built target test_setup_fail
make -f example/CMakeFiles/allocate_module_test.dir/build.make example/CMakeFiles/allocate_module_test.dir/depend
make[3]: Entering directory '/«PKGBUILDDIR»/obj-x86_64-linux-gnu'
cd /«PKGBUILDDIR»/obj-x86_64-linux-gnu && /usr/bin/cmake -E cmake_depends "Unix Makefiles" /«PKGBUILDDIR» /«PKGBUILDDIR»/example /«PKGBUILDDIR»/obj-x86_64-linux-gnu /«PKGBUILDDIR»/obj-x86_64-linux-gnu/example /«PKGBUILDDIR»/obj-x86_64-linux-gnu/example/CMakeFiles/allocate_module_test.dir/DependInfo.cmake --color=
Scanning dependencies of target allocate_module_test
make[3]: Leaving directory '/«PKGBUILDDIR»/obj-x86_64-linux-gnu'
make -f example/CMakeFiles/allocate_module_test.dir/build.make example/CMakeFiles/allocate_module_test.dir/build
make[3]: Entering directory '/«PKGBUILDDIR»/obj-x86_64-linux-gnu'
/usr/bin/cmake -E cmake_progress_report /«PKGBUILDDIR»/obj-x86_64-linux-gnu/CMakeFiles 1
[ 36%] Building C object example/CMakeFiles/allocate_module_test.dir/allocate_module.c.o
cd /«PKGBUILDDIR»/obj-x86_64-linux-gnu/example && /usr/bin/cc   -DUNIT_TESTING=1 -g -O2 -fstack-protector --param=ssp-buffer-size=4 -Wformat -Werror=format-security -D_FORTIFY_SOURCE=2  -std=gnu99 -pedantic -pedantic-errors -Wall -Wextra -Wshadow -Wmissing-prototypes -Wdeclaration-after-statement -Wunused -Wfloat-equal -Wpointer-arith -Wwrite-strings -Wformat-security -Wmissing-format-attribute -Wundef -fPIC -fstack-protector -D_GNU_SOURCE -D_LARGEFILE64_SOURCE -I/«PKGBUILDDIR»/obj-x86_64-linux-gnu/example -I/«PKGBUILDDIR»/example -I/«PKGBUILDDIR»/obj-x86_64-linux-gnu -I/«PKGBUILDDIR»/include    -o CMakeFiles/allocate_module_test.dir/allocate_module.c.o   -c /«PKGBUILDDIR»/example/allocate_module.c
/usr/bin/cmake -E cmake_progress_report /«PKGBUILDDIR»/obj-x86_64-linux-gnu/CMakeFiles 2
[ 40%] Building C object example/CMakeFiles/allocate_module_test.dir/allocate_module_test.c.o
cd /«PKGBUILDDIR»/obj-x86_64-linux-gnu/example && /usr/bin/cc   -g -O2 -fstack-protector --param=ssp-buffer-size=4 -Wformat -Werror=format-security -D_FORTIFY_SOURCE=2  -std=gnu99 -pedantic -pedantic-errors -Wall -Wextra -Wshadow -Wmissing-prototypes -Wdeclaration-after-statement -Wunused -Wfloat-equal -Wpointer-arith -Wwrite-strings -Wformat-security -Wmissing-format-attribute -Wundef -fPIC -fstack-protector -D_GNU_SOURCE -D_LARGEFILE64_SOURCE -I/«PKGBUILDDIR»/obj-x86_64-linux-gnu/example -I/«PKGBUILDDIR»/example -I/«PKGBUILDDIR»/obj-x86_64-linux-gnu -I/«PKGBUILDDIR»/include    -o CMakeFiles/allocate_module_test.dir/allocate_module_test.c.o   -c /«PKGBUILDDIR»/example/allocate_module_test.c
Linking C executable allocate_module_test
cd /«PKGBUILDDIR»/obj-x86_64-linux-gnu/example && /usr/bin/cmake -E cmake_link_script CMakeFiles/allocate_module_test.dir/link.txt --verbose=1
/usr/bin/cc  -g -O2 -fstack-protector --param=ssp-buffer-size=4 -Wformat -Werror=format-security -D_FORTIFY_SOURCE=2  -std=gnu99 -pedantic -pedantic-errors -Wall -Wextra -Wshadow -Wmissing-prototypes -Wdeclaration-after-statement -Wunused -Wfloat-equal -Wpointer-arith -Wwrite-strings -Wformat-security -Wmissing-format-attribute -Wundef -fPIC -fstack-protector -D_GNU_SOURCE -D_LARGEFILE64_SOURCE   -Wl,-z,relro CMakeFiles/allocate_module_test.dir/allocate_module.c.o CMakeFiles/allocate_module_test.dir/allocate_module_test.c.o  -o allocate_module_test -rdynamic ../src/libcmocka.so.0.2.1 -Wl,-rpath,/«PKGBUILDDIR»/obj-x86_64-linux-gnu/src 
make[3]: Leaving directory '/«PKGBUILDDIR»/obj-x86_64-linux-gnu'
/usr/bin/cmake -E cmake_progress_report /«PKGBUILDDIR»/obj-x86_64-linux-gnu/CMakeFiles  1 2
[ 40%] Built target allocate_module_test
make -f example/CMakeFiles/assert_macro_test.dir/build.make example/CMakeFiles/assert_macro_test.dir/depend
make[3]: Entering directory '/«PKGBUILDDIR»/obj-x86_64-linux-gnu'
cd /«PKGBUILDDIR»/obj-x86_64-linux-gnu && /usr/bin/cmake -E cmake_depends "Unix Makefiles" /«PKGBUILDDIR» /«PKGBUILDDIR»/example /«PKGBUILDDIR»/obj-x86_64-linux-gnu /«PKGBUILDDIR»/obj-x86_64-linux-gnu/example /«PKGBUILDDIR»/obj-x86_64-linux-gnu/example/CMakeFiles/assert_macro_test.dir/DependInfo.cmake --color=
Scanning dependencies of target assert_macro_test
make[3]: Leaving directory '/«PKGBUILDDIR»/obj-x86_64-linux-gnu'
make -f example/CMakeFiles/assert_macro_test.dir/build.make example/CMakeFiles/assert_macro_test.dir/build
make[3]: Entering directory '/«PKGBUILDDIR»/obj-x86_64-linux-gnu'
/usr/bin/cmake -E cmake_progress_report /«PKGBUILDDIR»/obj-x86_64-linux-gnu/CMakeFiles 3
[ 44%] Building C object example/CMakeFiles/assert_macro_test.dir/assert_macro.c.o
cd /«PKGBUILDDIR»/obj-x86_64-linux-gnu/example && /usr/bin/cc   -g -O2 -fstack-protector --param=ssp-buffer-size=4 -Wformat -Werror=format-security -D_FORTIFY_SOURCE=2  -std=gnu99 -pedantic -pedantic-errors -Wall -Wextra -Wshadow -Wmissing-prototypes -Wdeclaration-after-statement -Wunused -Wfloat-equal -Wpointer-arith -Wwrite-strings -Wformat-security -Wmissing-format-attribute -Wundef -fPIC -fstack-protector -D_GNU_SOURCE -D_LARGEFILE64_SOURCE -I/«PKGBUILDDIR»/obj-x86_64-linux-gnu/example -I/«PKGBUILDDIR»/example -I/«PKGBUILDDIR»/obj-x86_64-linux-gnu -I/«PKGBUILDDIR»/include    -o CMakeFiles/assert_macro_test.dir/assert_macro.c.o   -c /«PKGBUILDDIR»/example/assert_macro.c
/usr/bin/cmake -E cmake_progress_report /«PKGBUILDDIR»/obj-x86_64-linux-gnu/CMakeFiles 4
[ 48%] Building C object example/CMakeFiles/assert_macro_test.dir/assert_macro_test.c.o
cd /«PKGBUILDDIR»/obj-x86_64-linux-gnu/example && /usr/bin/cc   -g -O2 -fstack-protector --param=ssp-buffer-size=4 -Wformat -Werror=format-security -D_FORTIFY_SOURCE=2  -std=gnu99 -pedantic -pedantic-errors -Wall -Wextra -Wshadow -Wmissing-prototypes -Wdeclaration-after-statement -Wunused -Wfloat-equal -Wpointer-arith -Wwrite-strings -Wformat-security -Wmissing-format-attribute -Wundef -fPIC -fstack-protector -D_GNU_SOURCE -D_LARGEFILE64_SOURCE -I/«PKGBUILDDIR»/obj-x86_64-linux-gnu/example -I/«PKGBUILDDIR»/example -I/«PKGBUILDDIR»/obj-x86_64-linux-gnu -I/«PKGBUILDDIR»/include    -o CMakeFiles/assert_macro_test.dir/assert_macro_test.c.o   -c /«PKGBUILDDIR»/example/assert_macro_test.c
Linking C executable assert_macro_test
cd /«PKGBUILDDIR»/obj-x86_64-linux-gnu/example && /usr/bin/cmake -E cmake_link_script CMakeFiles/assert_macro_test.dir/link.txt --verbose=1
/usr/bin/cc  -g -O2 -fstack-protector --param=ssp-buffer-size=4 -Wformat -Werror=format-security -D_FORTIFY_SOURCE=2  -std=gnu99 -pedantic -pedantic-errors -Wall -Wextra -Wshadow -Wmissing-prototypes -Wdeclaration-after-statement -Wunused -Wfloat-equal -Wpointer-arith -Wwrite-strings -Wformat-security -Wmissing-format-attribute -Wundef -fPIC -fstack-protector -D_GNU_SOURCE -D_LARGEFILE64_SOURCE   -Wl,-z,relro CMakeFiles/assert_macro_test.dir/assert_macro.c.o CMakeFiles/assert_macro_test.dir/assert_macro_test.c.o  -o assert_macro_test -rdynamic ../src/libcmocka.so.0.2.1 -Wl,-rpath,/«PKGBUILDDIR»/obj-x86_64-linux-gnu/src 
make[3]: Leaving directory '/«PKGBUILDDIR»/obj-x86_64-linux-gnu'
/usr/bin/cmake -E cmake_progress_report /«PKGBUILDDIR»/obj-x86_64-linux-gnu/CMakeFiles  3 4
[ 48%] Built target assert_macro_test
make -f example/CMakeFiles/assert_module_test.dir/build.make example/CMakeFiles/assert_module_test.dir/depend
make[3]: Entering directory '/«PKGBUILDDIR»/obj-x86_64-linux-gnu'
cd /«PKGBUILDDIR»/obj-x86_64-linux-gnu && /usr/bin/cmake -E cmake_depends "Unix Makefiles" /«PKGBUILDDIR» /«PKGBUILDDIR»/example /«PKGBUILDDIR»/obj-x86_64-linux-gnu /«PKGBUILDDIR»/obj-x86_64-linux-gnu/example /«PKGBUILDDIR»/obj-x86_64-linux-gnu/example/CMakeFiles/assert_module_test.dir/DependInfo.cmake --color=
Scanning dependencies of target assert_module_test
make[3]: Leaving directory '/«PKGBUILDDIR»/obj-x86_64-linux-gnu'
make -f example/CMakeFiles/assert_module_test.dir/build.make example/CMakeFiles/assert_module_test.dir/build
make[3]: Entering directory '/«PKGBUILDDIR»/obj-x86_64-linux-gnu'
/usr/bin/cmake -E cmake_progress_report /«PKGBUILDDIR»/obj-x86_64-linux-gnu/CMakeFiles 5
[ 52%] Building C object example/CMakeFiles/assert_module_test.dir/assert_module.c.o
cd /«PKGBUILDDIR»/obj-x86_64-linux-gnu/example && /usr/bin/cc   -DUNIT_TESTING=1 -g -O2 -fstack-protector --param=ssp-buffer-size=4 -Wformat -Werror=format-security -D_FORTIFY_SOURCE=2  -std=gnu99 -pedantic -pedantic-errors -Wall -Wextra -Wshadow -Wmissing-prototypes -Wdeclaration-after-statement -Wunused -Wfloat-equal -Wpointer-arith -Wwrite-strings -Wformat-security -Wmissing-format-attribute -Wundef -fPIC -fstack-protector -D_GNU_SOURCE -D_LARGEFILE64_SOURCE -I/«PKGBUILDDIR»/obj-x86_64-linux-gnu/example -I/«PKGBUILDDIR»/example -I/«PKGBUILDDIR»/obj-x86_64-linux-gnu -I/«PKGBUILDDIR»/include    -o CMakeFiles/assert_module_test.dir/assert_module.c.o   -c /«PKGBUILDDIR»/example/assert_module.c
/usr/bin/cmake -E cmake_progress_report /«PKGBUILDDIR»/obj-x86_64-linux-gnu/CMakeFiles 6
[ 56%] Building C object example/CMakeFiles/assert_module_test.dir/assert_module_test.c.o
cd /«PKGBUILDDIR»/obj-x86_64-linux-gnu/example && /usr/bin/cc   -g -O2 -fstack-protector --param=ssp-buffer-size=4 -Wformat -Werror=format-security -D_FORTIFY_SOURCE=2  -std=gnu99 -pedantic -pedantic-errors -Wall -Wextra -Wshadow -Wmissing-prototypes -Wdeclaration-after-statement -Wunused -Wfloat-equal -Wpointer-arith -Wwrite-strings -Wformat-security -Wmissing-format-attribute -Wundef -fPIC -fstack-protector -D_GNU_SOURCE -D_LARGEFILE64_SOURCE -I/«PKGBUILDDIR»/obj-x86_64-linux-gnu/example -I/«PKGBUILDDIR»/example -I/«PKGBUILDDIR»/obj-x86_64-linux-gnu -I/«PKGBUILDDIR»/include    -o CMakeFiles/assert_module_test.dir/assert_module_test.c.o   -c /«PKGBUILDDIR»/example/assert_module_test.c
Linking C executable assert_module_test
cd /«PKGBUILDDIR»/obj-x86_64-linux-gnu/example && /usr/bin/cmake -E cmake_link_script CMakeFiles/assert_module_test.dir/link.txt --verbose=1
/usr/bin/cc  -g -O2 -fstack-protector --param=ssp-buffer-size=4 -Wformat -Werror=format-security -D_FORTIFY_SOURCE=2  -std=gnu99 -pedantic -pedantic-errors -Wall -Wextra -Wshadow -Wmissing-prototypes -Wdeclaration-after-statement -Wunused -Wfloat-equal -Wpointer-arith -Wwrite-strings -Wformat-security -Wmissing-format-attribute -Wundef -fPIC -fstack-protector -D_GNU_SOURCE -D_LARGEFILE64_SOURCE   -Wl,-z,relro CMakeFiles/assert_module_test.dir/assert_module.c.o CMakeFiles/assert_module_test.dir/assert_module_test.c.o  -o assert_module_test -rdynamic ../src/libcmocka.so.0.2.1 -Wl,-rpath,/«PKGBUILDDIR»/obj-x86_64-linux-gnu/src 
make[3]: Leaving directory '/«PKGBUILDDIR»/obj-x86_64-linux-gnu'
/usr/bin/cmake -E cmake_progress_report /«PKGBUILDDIR»/obj-x86_64-linux-gnu/CMakeFiles  5 6
[ 56%] Built target assert_module_test
make -f example/CMakeFiles/calculator_test.dir/build.make example/CMakeFiles/calculator_test.dir/depend
make[3]: Entering directory '/«PKGBUILDDIR»/obj-x86_64-linux-gnu'
cd /«PKGBUILDDIR»/obj-x86_64-linux-gnu && /usr/bin/cmake -E cmake_depends "Unix Makefiles" /«PKGBUILDDIR» /«PKGBUILDDIR»/example /«PKGBUILDDIR»/obj-x86_64-linux-gnu /«PKGBUILDDIR»/obj-x86_64-linux-gnu/example /«PKGBUILDDIR»/obj-x86_64-linux-gnu/example/CMakeFiles/calculator_test.dir/DependInfo.cmake --color=
Scanning dependencies of target calculator_test
make[3]: Leaving directory '/«PKGBUILDDIR»/obj-x86_64-linux-gnu'
make -f example/CMakeFiles/calculator_test.dir/build.make example/CMakeFiles/calculator_test.dir/build
make[3]: Entering directory '/«PKGBUILDDIR»/obj-x86_64-linux-gnu'
/usr/bin/cmake -E cmake_progress_report /«PKGBUILDDIR»/obj-x86_64-linux-gnu/CMakeFiles 7
[ 60%] Building C object example/CMakeFiles/calculator_test.dir/calculator.c.o
cd /«PKGBUILDDIR»/obj-x86_64-linux-gnu/example && /usr/bin/cc   -DUNIT_TESTING=1 -g -O2 -fstack-protector --param=ssp-buffer-size=4 -Wformat -Werror=format-security -D_FORTIFY_SOURCE=2  -std=gnu99 -pedantic -pedantic-errors -Wall -Wextra -Wshadow -Wmissing-prototypes -Wdeclaration-after-statement -Wunused -Wfloat-equal -Wpointer-arith -Wwrite-strings -Wformat-security -Wmissing-format-attribute -Wundef -fPIC -fstack-protector -D_GNU_SOURCE -D_LARGEFILE64_SOURCE -I/«PKGBUILDDIR»/obj-x86_64-linux-gnu/example -I/«PKGBUILDDIR»/example -I/«PKGBUILDDIR»/obj-x86_64-linux-gnu -I/«PKGBUILDDIR»/include    -o CMakeFiles/calculator_test.dir/calculator.c.o   -c /«PKGBUILDDIR»/example/calculator.c
/usr/bin/cmake -E cmake_progress_report /«PKGBUILDDIR»/obj-x86_64-linux-gnu/CMakeFiles 8
[ 64%] Building C object example/CMakeFiles/calculator_test.dir/calculator_test.c.o
cd /«PKGBUILDDIR»/obj-x86_64-linux-gnu/example && /usr/bin/cc   -g -O2 -fstack-protector --param=ssp-buffer-size=4 -Wformat -Werror=format-security -D_FORTIFY_SOURCE=2  -std=gnu99 -pedantic -pedantic-errors -Wall -Wextra -Wshadow -Wmissing-prototypes -Wdeclaration-after-statement -Wunused -Wfloat-equal -Wpointer-arith -Wwrite-strings -Wformat-security -Wmissing-format-attribute -Wundef -fPIC -fstack-protector -D_GNU_SOURCE -D_LARGEFILE64_SOURCE -I/«PKGBUILDDIR»/obj-x86_64-linux-gnu/example -I/«PKGBUILDDIR»/example -I/«PKGBUILDDIR»/obj-x86_64-linux-gnu -I/«PKGBUILDDIR»/include    -o CMakeFiles/calculator_test.dir/calculator_test.c.o   -c /«PKGBUILDDIR»/example/calculator_test.c
Linking C executable calculator_test
cd /«PKGBUILDDIR»/obj-x86_64-linux-gnu/example && /usr/bin/cmake -E cmake_link_script CMakeFiles/calculator_test.dir/link.txt --verbose=1
/usr/bin/cc  -g -O2 -fstack-protector --param=ssp-buffer-size=4 -Wformat -Werror=format-security -D_FORTIFY_SOURCE=2  -std=gnu99 -pedantic -pedantic-errors -Wall -Wextra -Wshadow -Wmissing-prototypes -Wdeclaration-after-statement -Wunused -Wfloat-equal -Wpointer-arith -Wwrite-strings -Wformat-security -Wmissing-format-attribute -Wundef -fPIC -fstack-protector -D_GNU_SOURCE -D_LARGEFILE64_SOURCE   -Wl,-z,relro CMakeFiles/calculator_test.dir/calculator.c.o CMakeFiles/calculator_test.dir/calculator_test.c.o  -o calculator_test -rdynamic ../src/libcmocka.so.0.2.1 -Wl,-rpath,/«PKGBUILDDIR»/obj-x86_64-linux-gnu/src 
make[3]: Leaving directory '/«PKGBUILDDIR»/obj-x86_64-linux-gnu'
/usr/bin/cmake -E cmake_progress_report /«PKGBUILDDIR»/obj-x86_64-linux-gnu/CMakeFiles  7 8
[ 64%] Built target calculator_test
make -f example/CMakeFiles/customer_database_test.dir/build.make example/CMakeFiles/customer_database_test.dir/depend
make[3]: Entering directory '/«PKGBUILDDIR»/obj-x86_64-linux-gnu'
cd /«PKGBUILDDIR»/obj-x86_64-linux-gnu && /usr/bin/cmake -E cmake_depends "Unix Makefiles" /«PKGBUILDDIR» /«PKGBUILDDIR»/example /«PKGBUILDDIR»/obj-x86_64-linux-gnu /«PKGBUILDDIR»/obj-x86_64-linux-gnu/example /«PKGBUILDDIR»/obj-x86_64-linux-gnu/example/CMakeFiles/customer_database_test.dir/DependInfo.cmake --color=
Scanning dependencies of target customer_database_test
make[3]: Leaving directory '/«PKGBUILDDIR»/obj-x86_64-linux-gnu'
make -f example/CMakeFiles/customer_database_test.dir/build.make example/CMakeFiles/customer_database_test.dir/build
make[3]: Entering directory '/«PKGBUILDDIR»/obj-x86_64-linux-gnu'
/usr/bin/cmake -E cmake_progress_report /«PKGBUILDDIR»/obj-x86_64-linux-gnu/CMakeFiles 10
[ 68%] Building C object example/CMakeFiles/customer_database_test.dir/customer_database.c.o
cd /«PKGBUILDDIR»/obj-x86_64-linux-gnu/example && /usr/bin/cc   -g -O2 -fstack-protector --param=ssp-buffer-size=4 -Wformat -Werror=format-security -D_FORTIFY_SOURCE=2  -std=gnu99 -pedantic -pedantic-errors -Wall -Wextra -Wshadow -Wmissing-prototypes -Wdeclaration-after-statement -Wunused -Wfloat-equal -Wpointer-arith -Wwrite-strings -Wformat-security -Wmissing-format-attribute -Wundef -fPIC -fstack-protector -D_GNU_SOURCE -D_LARGEFILE64_SOURCE -I/«PKGBUILDDIR»/obj-x86_64-linux-gnu/example -I/«PKGBUILDDIR»/example -I/«PKGBUILDDIR»/obj-x86_64-linux-gnu -I/«PKGBUILDDIR»/include    -o CMakeFiles/customer_database_test.dir/customer_database.c.o   -c /«PKGBUILDDIR»/example/customer_database.c
/usr/bin/cmake -E cmake_progress_report /«PKGBUILDDIR»/obj-x86_64-linux-gnu/CMakeFiles 11
[ 72%] Building C object example/CMakeFiles/customer_database_test.dir/customer_database_test.c.o
cd /«PKGBUILDDIR»/obj-x86_64-linux-gnu/example && /usr/bin/cc   -g -O2 -fstack-protector --param=ssp-buffer-size=4 -Wformat -Werror=format-security -D_FORTIFY_SOURCE=2  -std=gnu99 -pedantic -pedantic-errors -Wall -Wextra -Wshadow -Wmissing-prototypes -Wdeclaration-after-statement -Wunused -Wfloat-equal -Wpointer-arith -Wwrite-strings -Wformat-security -Wmissing-format-attribute -Wundef -fPIC -fstack-protector -D_GNU_SOURCE -D_LARGEFILE64_SOURCE -I/«PKGBUILDDIR»/obj-x86_64-linux-gnu/example -I/«PKGBUILDDIR»/example -I/«PKGBUILDDIR»/obj-x86_64-linux-gnu -I/«PKGBUILDDIR»/include    -o CMakeFiles/customer_database_test.dir/customer_database_test.c.o   -c /«PKGBUILDDIR»/example/customer_database_test.c
Linking C executable customer_database_test
cd /«PKGBUILDDIR»/obj-x86_64-linux-gnu/example && /usr/bin/cmake -E cmake_link_script CMakeFiles/customer_database_test.dir/link.txt --verbose=1
/usr/bin/cc  -g -O2 -fstack-protector --param=ssp-buffer-size=4 -Wformat -Werror=format-security -D_FORTIFY_SOURCE=2  -std=gnu99 -pedantic -pedantic-errors -Wall -Wextra -Wshadow -Wmissing-prototypes -Wdeclaration-after-statement -Wunused -Wfloat-equal -Wpointer-arith -Wwrite-strings -Wformat-security -Wmissing-format-attribute -Wundef -fPIC -fstack-protector -D_GNU_SOURCE -D_LARGEFILE64_SOURCE   -Wl,-z,relro CMakeFiles/customer_database_test.dir/customer_database.c.o CMakeFiles/customer_database_test.dir/customer_database_test.c.o  -o customer_database_test -rdynamic ../src/libcmocka.so.0.2.1 -Wl,-rpath,/«PKGBUILDDIR»/obj-x86_64-linux-gnu/src 
make[3]: Leaving directory '/«PKGBUILDDIR»/obj-x86_64-linux-gnu'
/usr/bin/cmake -E cmake_progress_report /«PKGBUILDDIR»/obj-x86_64-linux-gnu/CMakeFiles  10 11
[ 72%] Built target customer_database_test
make -f example/CMakeFiles/key_value_test.dir/build.make example/CMakeFiles/key_value_test.dir/depend
make[3]: Entering directory '/«PKGBUILDDIR»/obj-x86_64-linux-gnu'
cd /«PKGBUILDDIR»/obj-x86_64-linux-gnu && /usr/bin/cmake -E cmake_depends "Unix Makefiles" /«PKGBUILDDIR» /«PKGBUILDDIR»/example /«PKGBUILDDIR»/obj-x86_64-linux-gnu /«PKGBUILDDIR»/obj-x86_64-linux-gnu/example /«PKGBUILDDIR»/obj-x86_64-linux-gnu/example/CMakeFiles/key_value_test.dir/DependInfo.cmake --color=
Scanning dependencies of target key_value_test
make[3]: Leaving directory '/«PKGBUILDDIR»/obj-x86_64-linux-gnu'
make -f example/CMakeFiles/key_value_test.dir/build.make example/CMakeFiles/key_value_test.dir/build
make[3]: Entering directory '/«PKGBUILDDIR»/obj-x86_64-linux-gnu'
/usr/bin/cmake -E cmake_progress_report /«PKGBUILDDIR»/obj-x86_64-linux-gnu/CMakeFiles 12
[ 76%] Building C object example/CMakeFiles/key_value_test.dir/key_value.c.o
cd /«PKGBUILDDIR»/obj-x86_64-linux-gnu/example && /usr/bin/cc   -g -O2 -fstack-protector --param=ssp-buffer-size=4 -Wformat -Werror=format-security -D_FORTIFY_SOURCE=2  -std=gnu99 -pedantic -pedantic-errors -Wall -Wextra -Wshadow -Wmissing-prototypes -Wdeclaration-after-statement -Wunused -Wfloat-equal -Wpointer-arith -Wwrite-strings -Wformat-security -Wmissing-format-attribute -Wundef -fPIC -fstack-protector -D_GNU_SOURCE -D_LARGEFILE64_SOURCE -I/«PKGBUILDDIR»/obj-x86_64-linux-gnu/example -I/«PKGBUILDDIR»/example -I/«PKGBUILDDIR»/obj-x86_64-linux-gnu -I/«PKGBUILDDIR»/include    -o CMakeFiles/key_value_test.dir/key_value.c.o   -c /«PKGBUILDDIR»/example/key_value.c
/usr/bin/cmake -E cmake_progress_report /«PKGBUILDDIR»/obj-x86_64-linux-gnu/CMakeFiles 13
[ 80%] Building C object example/CMakeFiles/key_value_test.dir/key_value_test.c.o
cd /«PKGBUILDDIR»/obj-x86_64-linux-gnu/example && /usr/bin/cc   -g -O2 -fstack-protector --param=ssp-buffer-size=4 -Wformat -Werror=format-security -D_FORTIFY_SOURCE=2  -std=gnu99 -pedantic -pedantic-errors -Wall -Wextra -Wshadow -Wmissing-prototypes -Wdeclaration-after-statement -Wunused -Wfloat-equal -Wpointer-arith -Wwrite-strings -Wformat-security -Wmissing-format-attribute -Wundef -fPIC -fstack-protector -D_GNU_SOURCE -D_LARGEFILE64_SOURCE -I/«PKGBUILDDIR»/obj-x86_64-linux-gnu/example -I/«PKGBUILDDIR»/example -I/«PKGBUILDDIR»/obj-x86_64-linux-gnu -I/«PKGBUILDDIR»/include    -o CMakeFiles/key_value_test.dir/key_value_test.c.o   -c /«PKGBUILDDIR»/example/key_value_test.c
Linking C executable key_value_test
cd /«PKGBUILDDIR»/obj-x86_64-linux-gnu/example && /usr/bin/cmake -E cmake_link_script CMakeFiles/key_value_test.dir/link.txt --verbose=1
/usr/bin/cc  -g -O2 -fstack-protector --param=ssp-buffer-size=4 -Wformat -Werror=format-security -D_FORTIFY_SOURCE=2  -std=gnu99 -pedantic -pedantic-errors -Wall -Wextra -Wshadow -Wmissing-prototypes -Wdeclaration-after-statement -Wunused -Wfloat-equal -Wpointer-arith -Wwrite-strings -Wformat-security -Wmissing-format-attribute -Wundef -fPIC -fstack-protector -D_GNU_SOURCE -D_LARGEFILE64_SOURCE   -Wl,-z,relro CMakeFiles/key_value_test.dir/key_value.c.o CMakeFiles/key_value_test.dir/key_value_test.c.o  -o key_value_test -rdynamic ../src/libcmocka.so.0.2.1 -Wl,-rpath,/«PKGBUILDDIR»/obj-x86_64-linux-gnu/src 
make[3]: Leaving directory '/«PKGBUILDDIR»/obj-x86_64-linux-gnu'
/usr/bin/cmake -E cmake_progress_report /«PKGBUILDDIR»/obj-x86_64-linux-gnu/CMakeFiles  12 13
[ 80%] Built target key_value_test
make -f example/CMakeFiles/product_database_test.dir/build.make example/CMakeFiles/product_database_test.dir/depend
make[3]: Entering directory '/«PKGBUILDDIR»/obj-x86_64-linux-gnu'
cd /«PKGBUILDDIR»/obj-x86_64-linux-gnu && /usr/bin/cmake -E cmake_depends "Unix Makefiles" /«PKGBUILDDIR» /«PKGBUILDDIR»/example /«PKGBUILDDIR»/obj-x86_64-linux-gnu /«PKGBUILDDIR»/obj-x86_64-linux-gnu/example /«PKGBUILDDIR»/obj-x86_64-linux-gnu/example/CMakeFiles/product_database_test.dir/DependInfo.cmake --color=
Scanning dependencies of target product_database_test
make[3]: Leaving directory '/«PKGBUILDDIR»/obj-x86_64-linux-gnu'
make -f example/CMakeFiles/product_database_test.dir/build.make example/CMakeFiles/product_database_test.dir/build
make[3]: Entering directory '/«PKGBUILDDIR»/obj-x86_64-linux-gnu'
/usr/bin/cmake -E cmake_progress_report /«PKGBUILDDIR»/obj-x86_64-linux-gnu/CMakeFiles 14
[ 84%] Building C object example/CMakeFiles/product_database_test.dir/product_database.c.o
cd /«PKGBUILDDIR»/obj-x86_64-linux-gnu/example && /usr/bin/cc   -g -O2 -fstack-protector --param=ssp-buffer-size=4 -Wformat -Werror=format-security -D_FORTIFY_SOURCE=2  -std=gnu99 -pedantic -pedantic-errors -Wall -Wextra -Wshadow -Wmissing-prototypes -Wdeclaration-after-statement -Wunused -Wfloat-equal -Wpointer-arith -Wwrite-strings -Wformat-security -Wmissing-format-attribute -Wundef -fPIC -fstack-protector -D_GNU_SOURCE -D_LARGEFILE64_SOURCE -I/«PKGBUILDDIR»/obj-x86_64-linux-gnu/example -I/«PKGBUILDDIR»/example -I/«PKGBUILDDIR»/obj-x86_64-linux-gnu -I/«PKGBUILDDIR»/include    -o CMakeFiles/product_database_test.dir/product_database.c.o   -c /«PKGBUILDDIR»/example/product_database.c
/usr/bin/cmake -E cmake_progress_report /«PKGBUILDDIR»/obj-x86_64-linux-gnu/CMakeFiles 15
[ 88%] Building C object example/CMakeFiles/product_database_test.dir/product_database_test.c.o
cd /«PKGBUILDDIR»/obj-x86_64-linux-gnu/example && /usr/bin/cc   -g -O2 -fstack-protector --param=ssp-buffer-size=4 -Wformat -Werror=format-security -D_FORTIFY_SOURCE=2  -std=gnu99 -pedantic -pedantic-errors -Wall -Wextra -Wshadow -Wmissing-prototypes -Wdeclaration-after-statement -Wunused -Wfloat-equal -Wpointer-arith -Wwrite-strings -Wformat-security -Wmissing-format-attribute -Wundef -fPIC -fstack-protector -D_GNU_SOURCE -D_LARGEFILE64_SOURCE -I/«PKGBUILDDIR»/obj-x86_64-linux-gnu/example -I/«PKGBUILDDIR»/example -I/«PKGBUILDDIR»/obj-x86_64-linux-gnu -I/«PKGBUILDDIR»/include    -o CMakeFiles/product_database_test.dir/product_database_test.c.o   -c /«PKGBUILDDIR»/example/product_database_test.c
Linking C executable product_database_test
cd /«PKGBUILDDIR»/obj-x86_64-linux-gnu/example && /usr/bin/cmake -E cmake_link_script CMakeFiles/product_database_test.dir/link.txt --verbose=1
/usr/bin/cc  -g -O2 -fstack-protector --param=ssp-buffer-size=4 -Wformat -Werror=format-security -D_FORTIFY_SOURCE=2  -std=gnu99 -pedantic -pedantic-errors -Wall -Wextra -Wshadow -Wmissing-prototypes -Wdeclaration-after-statement -Wunused -Wfloat-equal -Wpointer-arith -Wwrite-strings -Wformat-security -Wmissing-format-attribute -Wundef -fPIC -fstack-protector -D_GNU_SOURCE -D_LARGEFILE64_SOURCE   -Wl,-z,relro CMakeFiles/product_database_test.dir/product_database.c.o CMakeFiles/product_database_test.dir/product_database_test.c.o  -o product_database_test -rdynamic ../src/libcmocka.so.0.2.1 -Wl,-rpath,/«PKGBUILDDIR»/obj-x86_64-linux-gnu/src 
make[3]: Leaving directory '/«PKGBUILDDIR»/obj-x86_64-linux-gnu'
/usr/bin/cmake -E cmake_progress_report /«PKGBUILDDIR»/obj-x86_64-linux-gnu/CMakeFiles  14 15
[ 88%] Built target product_database_test
make -f example/CMakeFiles/simple_test.dir/build.make example/CMakeFiles/simple_test.dir/depend
make[3]: Entering directory '/«PKGBUILDDIR»/obj-x86_64-linux-gnu'
cd /«PKGBUILDDIR»/obj-x86_64-linux-gnu && /usr/bin/cmake -E cmake_depends "Unix Makefiles" /«PKGBUILDDIR» /«PKGBUILDDIR»/example /«PKGBUILDDIR»/obj-x86_64-linux-gnu /«PKGBUILDDIR»/obj-x86_64-linux-gnu/example /«PKGBUILDDIR»/obj-x86_64-linux-gnu/example/CMakeFiles/simple_test.dir/DependInfo.cmake --color=
Scanning dependencies of target simple_test
make[3]: Leaving directory '/«PKGBUILDDIR»/obj-x86_64-linux-gnu'
make -f example/CMakeFiles/simple_test.dir/build.make example/CMakeFiles/simple_test.dir/build
make[3]: Entering directory '/«PKGBUILDDIR»/obj-x86_64-linux-gnu'
/usr/bin/cmake -E cmake_progress_report /«PKGBUILDDIR»/obj-x86_64-linux-gnu/CMakeFiles 16
[ 92%] Building C object example/CMakeFiles/simple_test.dir/simple_test.c.o
cd /«PKGBUILDDIR»/obj-x86_64-linux-gnu/example && /usr/bin/cc   -g -O2 -fstack-protector --param=ssp-buffer-size=4 -Wformat -Werror=format-security -D_FORTIFY_SOURCE=2  -std=gnu99 -pedantic -pedantic-errors -Wall -Wextra -Wshadow -Wmissing-prototypes -Wdeclaration-after-statement -Wunused -Wfloat-equal -Wpointer-arith -Wwrite-strings -Wformat-security -Wmissing-format-attribute -Wundef -fPIC -fstack-protector -D_GNU_SOURCE -D_LARGEFILE64_SOURCE -I/«PKGBUILDDIR»/obj-x86_64-linux-gnu/example -I/«PKGBUILDDIR»/example -I/«PKGBUILDDIR»/obj-x86_64-linux-gnu -I/«PKGBUILDDIR»/include    -o CMakeFiles/simple_test.dir/simple_test.c.o   -c /«PKGBUILDDIR»/example/simple_test.c
Linking C executable simple_test
cd /«PKGBUILDDIR»/obj-x86_64-linux-gnu/example && /usr/bin/cmake -E cmake_link_script CMakeFiles/simple_test.dir/link.txt --verbose=1
/usr/bin/cc  -g -O2 -fstack-protector --param=ssp-buffer-size=4 -Wformat -Werror=format-security -D_FORTIFY_SOURCE=2  -std=gnu99 -pedantic -pedantic-errors -Wall -Wextra -Wshadow -Wmissing-prototypes -Wdeclaration-after-statement -Wunused -Wfloat-equal -Wpointer-arith -Wwrite-strings -Wformat-security -Wmissing-format-attribute -Wundef -fPIC -fstack-protector -D_GNU_SOURCE -D_LARGEFILE64_SOURCE   -Wl,-z,relro CMakeFiles/simple_test.dir/simple_test.c.o  -o simple_test -rdynamic ../src/libcmocka.so.0.2.1 -Wl,-rpath,/«PKGBUILDDIR»/obj-x86_64-linux-gnu/src 
make[3]: Leaving directory '/«PKGBUILDDIR»/obj-x86_64-linux-gnu'
/usr/bin/cmake -E cmake_progress_report /«PKGBUILDDIR»/obj-x86_64-linux-gnu/CMakeFiles  16
[ 92%] Built target simple_test
make -f example/chef_wrap/CMakeFiles/waiter_test_wrap.dir/build.make example/chef_wrap/CMakeFiles/waiter_test_wrap.dir/depend
make[3]: Entering directory '/«PKGBUILDDIR»/obj-x86_64-linux-gnu'
cd /«PKGBUILDDIR»/obj-x86_64-linux-gnu && /usr/bin/cmake -E cmake_depends "Unix Makefiles" /«PKGBUILDDIR» /«PKGBUILDDIR»/example/chef_wrap /«PKGBUILDDIR»/obj-x86_64-linux-gnu /«PKGBUILDDIR»/obj-x86_64-linux-gnu/example/chef_wrap /«PKGBUILDDIR»/obj-x86_64-linux-gnu/example/chef_wrap/CMakeFiles/waiter_test_wrap.dir/DependInfo.cmake --color=
Scanning dependencies of target waiter_test_wrap
make[3]: Leaving directory '/«PKGBUILDDIR»/obj-x86_64-linux-gnu'
make -f example/chef_wrap/CMakeFiles/waiter_test_wrap.dir/build.make example/chef_wrap/CMakeFiles/waiter_test_wrap.dir/build
make[3]: Entering directory '/«PKGBUILDDIR»/obj-x86_64-linux-gnu'
/usr/bin/cmake -E cmake_progress_report /«PKGBUILDDIR»/obj-x86_64-linux-gnu/CMakeFiles 24
[ 96%] Building C object example/chef_wrap/CMakeFiles/waiter_test_wrap.dir/waiter_test_wrap.c.o
cd /«PKGBUILDDIR»/obj-x86_64-linux-gnu/example/chef_wrap && /usr/bin/cc   -g -O2 -fstack-protector --param=ssp-buffer-size=4 -Wformat -Werror=format-security -D_FORTIFY_SOURCE=2  -std=gnu99 -pedantic -pedantic-errors -Wall -Wextra -Wshadow -Wmissing-prototypes -Wdeclaration-after-statement -Wunused -Wfloat-equal -Wpointer-arith -Wwrite-strings -Wformat-security -Wmissing-format-attribute -Wundef -fPIC -fstack-protector -D_GNU_SOURCE -D_LARGEFILE64_SOURCE -I/«PKGBUILDDIR»/obj-x86_64-linux-gnu/example/chef_wrap -I/«PKGBUILDDIR»/example/chef_wrap -I/«PKGBUILDDIR»/obj-x86_64-linux-gnu -I/«PKGBUILDDIR»/example -I/«PKGBUILDDIR»/include    -o CMakeFiles/waiter_test_wrap.dir/waiter_test_wrap.c.o   -c /«PKGBUILDDIR»/example/chef_wrap/waiter_test_wrap.c
/usr/bin/cmake -E cmake_progress_report /«PKGBUILDDIR»/obj-x86_64-linux-gnu/CMakeFiles 25
[100%] Building C object example/chef_wrap/CMakeFiles/waiter_test_wrap.dir/chef.c.o
cd /«PKGBUILDDIR»/obj-x86_64-linux-gnu/example/chef_wrap && /usr/bin/cc   -g -O2 -fstack-protector --param=ssp-buffer-size=4 -Wformat -Werror=format-security -D_FORTIFY_SOURCE=2  -std=gnu99 -pedantic -pedantic-errors -Wall -Wextra -Wshadow -Wmissing-prototypes -Wdeclaration-after-statement -Wunused -Wfloat-equal -Wpointer-arith -Wwrite-strings -Wformat-security -Wmissing-format-attribute -Wundef -fPIC -fstack-protector -D_GNU_SOURCE -D_LARGEFILE64_SOURCE -I/«PKGBUILDDIR»/obj-x86_64-linux-gnu/example/chef_wrap -I/«PKGBUILDDIR»/example/chef_wrap -I/«PKGBUILDDIR»/obj-x86_64-linux-gnu -I/«PKGBUILDDIR»/example -I/«PKGBUILDDIR»/include    -o CMakeFiles/waiter_test_wrap.dir/chef.c.o   -c /«PKGBUILDDIR»/example/chef_wrap/chef.c
Linking C executable waiter_test_wrap
cd /«PKGBUILDDIR»/obj-x86_64-linux-gnu/example/chef_wrap && /usr/bin/cmake -E cmake_link_script CMakeFiles/waiter_test_wrap.dir/link.txt --verbose=1
/usr/bin/cc  -g -O2 -fstack-protector --param=ssp-buffer-size=4 -Wformat -Werror=format-security -D_FORTIFY_SOURCE=2  -std=gnu99 -pedantic -pedantic-errors -Wall -Wextra -Wshadow -Wmissing-prototypes -Wdeclaration-after-statement -Wunused -Wfloat-equal -Wpointer-arith -Wwrite-strings -Wformat-security -Wmissing-format-attribute -Wundef -fPIC -fstack-protector -D_GNU_SOURCE -D_LARGEFILE64_SOURCE   -Wl,-z,relro -Wl,--wrap=chef_cook CMakeFiles/waiter_test_wrap.dir/waiter_test_wrap.c.o CMakeFiles/waiter_test_wrap.dir/chef.c.o  -o waiter_test_wrap -rdynamic ../../src/libcmocka.so.0.2.1 -Wl,-rpath,/«PKGBUILDDIR»/obj-x86_64-linux-gnu/src 
make[3]: Leaving directory '/«PKGBUILDDIR»/obj-x86_64-linux-gnu'
/usr/bin/cmake -E cmake_progress_report /«PKGBUILDDIR»/obj-x86_64-linux-gnu/CMakeFiles  24 25
[100%] Built target waiter_test_wrap
make[2]: Leaving directory '/«PKGBUILDDIR»/obj-x86_64-linux-gnu'
/usr/bin/cmake -E cmake_progress_start /«PKGBUILDDIR»/obj-x86_64-linux-gnu/CMakeFiles 0
make[1]: Leaving directory '/«PKGBUILDDIR»/obj-x86_64-linux-gnu'
   dh_auto_test -a -O--list-missing
make[1]: Entering directory '/«PKGBUILDDIR»/obj-x86_64-linux-gnu'
Running tests...
/usr/bin/ctest --force-new-ctest-process -j1
Test project /«PKGBUILDDIR»/obj-x86_64-linux-gnu
      Start  1: test_fixtures
 1/20 Test  #1: test_fixtures ....................   Passed    0.00 sec
      Start  2: test_group_fixtures
 2/20 Test  #2: test_group_fixtures ..............   Passed    0.00 sec
      Start  3: test_assert_macros
 3/20 Test  #3: test_assert_macros ...............   Passed    0.00 sec
      Start  4: test_assert_macros_fail
 4/20 Test  #4: test_assert_macros_fail ..........   Passed    0.00 sec
      Start  5: test_exception_handler
 5/20 Test  #5: test_exception_handler ...........***Failed  Required regular expression not found.Regex=[Test failed with exception: (Segmentation fault|Segmentation Fault|11)
]  0.00 sec
[==========] Running 1 test(s).
[ RUN      ] test_segfault_recovery
[  FAILED  ] test_segfault_recovery
[==========] 1 test(s) run.
Test failed with exception: Illegal instruction
[  PASSED  ] 0 test(s).
[  FAILED  ] 1 test(s), listed below:
[  FAILED  ] test_segfault_recovery

      Start  6: test_basics
 6/20 Test  #6: test_basics ......................   Passed    0.00 sec
      Start  7: test_setup_fail
 7/20 Test  #7: test_setup_fail ..................   Passed    0.00 sec
      Start  8: test_setup_fail_1_failed
 8/20 Test  #8: test_setup_fail_1_failed .........   Passed    0.00 sec
      Start  9: test_setup_fail_1_passed
 9/20 Test  #9: test_setup_fail_1_passed .........   Passed    0.00 sec
      Start 10: test_setup_fail_match_failed
10/20 Test #10: test_setup_fail_match_failed .....   Passed    0.00 sec
      Start 11: test_setup_fail_match_passed
11/20 Test #11: test_setup_fail_match_passed .....   Passed    0.00 sec
      Start 12: simple_test
12/20 Test #12: simple_test ......................   Passed    0.00 sec
      Start 13: calculator_test
13/20 Test #13: calculator_test ..................   Passed    0.00 sec
      Start 14: allocate_module_test
14/20 Test #14: allocate_module_test .............   Passed    0.00 sec
      Start 15: assert_macro_test
15/20 Test #15: assert_macro_test ................   Passed    0.00 sec
      Start 16: assert_module_test
16/20 Test #16: assert_module_test ...............   Passed    0.00 sec
      Start 17: customer_database_test
17/20 Test #17: customer_database_test ...........   Passed    0.00 sec
      Start 18: key_value_test
18/20 Test #18: key_value_test ...................   Passed    0.00 sec
      Start 19: product_database_test
19/20 Test #19: product_database_test ............   Passed    0.00 sec
      Start 20: waiter_test_wrap
20/20 Test #20: waiter_test_wrap .................   Passed    0.00 sec

95% tests passed, 1 tests failed out of 20

Total Test time (real) =   0.08 sec

The following tests FAILED:
	  5 - test_exception_handler (Failed)
Errors while running CTest
make[1]: *** [test] Error 8
Makefile:136: recipe for target 'test' failed
make[1]: Leaving directory '/«PKGBUILDDIR»/obj-x86_64-linux-gnu'
dh_auto_test: make -j1 test ARGS+=-j1 returned exit code 2
make: *** [build-arch] Error 2
debian/rules:6: recipe for target 'build-arch' failed
dpkg-buildpackage: error: debian/rules build-arch gave error exit status 2
────────────────────────────────────────────────────────────────────────────────
Build finished at 20140617-1517

Finished
────────

E: Build failure (dpkg-buildpackage died)

┌──────────────────────────────────────────────────────────────────────────────┐
│ Cleanup                                                                      │
└──────────────────────────────────────────────────────────────────────────────┘

Purging /«BUILDDIR»
Not cleaning session: cloned chroot in use

┌──────────────────────────────────────────────────────────────────────────────┐
│ Summary                                                                      │
└──────────────────────────────────────────────────────────────────────────────┘

Build Architecture: amd64
Build-Space: 3312
Build-Time: 12
Distribution: unstable
Fail-Stage: build
Host Architecture: amd64
Install-Time: 11
Job: cmocka_0.4.1-2
Machine Architecture: amd64
Package: cmocka
Package-Time: 51
Source-Version: 0.4.1-2
Space: 3312
Status: attempted
Version: 0.4.1-2clang1
────────────────────────────────────────────────────────────────────────────────
Finished at 20140617-1517
Build needed 00:00:51, 3312k disc space
DC-Status: Failed 52.129430891s
DC-Time-Estimation: 52.129430891 versus expected 143 (r/m: 1.743172092152814 ; m: 52.129430891)
